2025-03-09 20:33:30,321 - __main__ - INFO - Logging to output/logs/ogbn-arxiv_20250309_203330.log
2025-03-09 20:33:30,321 - __main__ - INFO - Arguments: Namespace(dataset='ogbn-arxiv', model='GCN', data_loading='zero_hop', num_clients=5, beta=None, hop=1, config_path='conf/base.yaml', output_dir='output', rounds=None, eval_every=1, full_training=False, cpu=False, memory_efficient=True, mixed_precision=False, ray_memory=None, redis_memory=None)
2025-03-09 20:33:30,321 - __main__ - INFO - NOTE: For OGBN-Arxiv dataset, GCN_Arxiv model will be used regardless of model type specified
2025-03-09 20:33:30,366 - __main__ - INFO - Using GPU: NVIDIA L40-48Q
2025-03-09 20:33:30,366 - __main__ - INFO - Enabling memory-efficient PyTorch settings
2025-03-09 20:33:30,367 - __main__ - INFO - CPU Memory Usage: 0.65 GB
2025-03-09 20:33:30,367 - __main__ - INFO - GPU 0 Memory: 0.00 GB allocated, 0.00 GB reserved
2025-03-09 20:33:30,367 - __main__ - INFO - Dataset: ogbn-arxiv, Type: arxiv
2025-03-09 20:33:30,367 - __main__ - INFO - Using GCN_Arxiv model for OGBN-Arxiv dataset
2025-03-09 20:33:30,367 - __main__ - INFO - Loading data with method: zero_hop
2025-03-09 20:33:30,367 - __main__ - INFO - Loading dataset: ogbn-arxiv
2025-03-09 20:33:30,497 - __main__ - INFO - Cleared memory before loading large dataset
2025-03-09 20:33:31,312 - __main__ - INFO - Test data type: <class 'list'>
2025-03-09 20:33:31,312 - __main__ - INFO - Test data is a list with 5 items
2025-03-09 20:33:31,312 - __main__ - INFO - CPU Memory Usage: 0.90 GB
2025-03-09 20:33:31,312 - __main__ - INFO - GPU 0 Memory: 0.21 GB allocated, 0.24 GB reserved
2025-03-09 20:33:33,069 - __main__ - INFO - Creating model for ogbn-arxiv
2025-03-09 20:33:33,070 - __main__ - INFO - Using GCN_Arxiv for OGBN-Arxiv dataset
2025-03-09 20:33:33,106 - __main__ - INFO - Initializing 5 clients
2025-03-09 20:33:33,106 - __main__ - INFO - Initializing 5 clients
2025-03-09 20:33:34,189 - __main__ - INFO - Initializing server
2025-03-09 20:33:34,207 - __main__ - INFO - Starting federated training for 10 rounds
2025-03-09 20:33:34,208 - __main__ - INFO - Round 1/10
2025-03-09 20:33:34,365 - root - INFO - Starting client training for global round 0
2025-03-09 20:33:38,398 - root - INFO - Collecting client parameters for aggregation
2025-03-09 20:33:38,448 - root - INFO - Completed global round 0
2025-03-09 20:33:38,706 - root - INFO - Global model - Validation Loss: 25.4101, Accuracy: 0.1507
2025-03-09 20:33:38,897 - root - INFO - Global model - Test Accuracy: 0.1980
2025-03-09 20:33:38,897 - root - INFO - Average client - Test Accuracy: 0.1933
2025-03-09 20:33:38,897 - __main__ - INFO - Round 1 - Avg Train Loss: 28.5641, Avg Train Acc: 0.1528, Avg Test Acc: 0.1933
2025-03-09 20:33:38,898 - __main__ - INFO - CPU Memory Usage: 1.91 GB
2025-03-09 20:33:38,898 - __main__ - INFO - GPU 0 Memory: 0.22 GB allocated, 0.24 GB reserved
2025-03-09 20:33:38,898 - __main__ - INFO - Round 2/10
2025-03-09 20:33:39,018 - root - INFO - Starting client training for global round 1
2025-03-09 20:33:39,252 - root - INFO - Collecting client parameters for aggregation
2025-03-09 20:33:39,307 - root - INFO - Completed global round 1
2025-03-09 20:33:39,370 - root - INFO - Global model - Validation Loss: 85.6254, Accuracy: 0.0375
2025-03-09 20:33:39,536 - root - INFO - Global model - Test Accuracy: 0.0389
2025-03-09 20:33:39,536 - root - INFO - Average client - Test Accuracy: 0.0482
2025-03-09 20:33:39,536 - __main__ - INFO - Round 2 - Avg Train Loss: 89.0282, Avg Train Acc: 0.1432, Avg Test Acc: 0.0482
2025-03-09 20:33:39,536 - __main__ - INFO - CPU Memory Usage: 1.94 GB
2025-03-09 20:33:39,537 - __main__ - INFO - GPU 0 Memory: 0.22 GB allocated, 0.24 GB reserved
2025-03-09 20:33:39,537 - __main__ - INFO - Round 3/10
2025-03-09 20:33:39,654 - root - INFO - Starting client training for global round 2
2025-03-09 20:33:39,888 - root - INFO - Collecting client parameters for aggregation
2025-03-09 20:33:39,950 - root - INFO - Completed global round 2
2025-03-09 20:33:40,013 - root - INFO - Global model - Validation Loss: 107.4689, Accuracy: 0.0176
2025-03-09 20:33:40,193 - root - INFO - Global model - Test Accuracy: 0.0179
2025-03-09 20:33:40,193 - root - INFO - Average client - Test Accuracy: 0.0164
2025-03-09 20:33:40,194 - __main__ - INFO - Round 3 - Avg Train Loss: 112.3943, Avg Train Acc: 0.0148, Avg Test Acc: 0.0164
2025-03-09 20:33:40,194 - __main__ - INFO - CPU Memory Usage: 1.96 GB
2025-03-09 20:33:40,194 - __main__ - INFO - GPU 0 Memory: 0.22 GB allocated, 0.24 GB reserved
2025-03-09 20:33:40,194 - __main__ - INFO - Round 4/10
2025-03-09 20:33:40,317 - root - INFO - Starting client training for global round 3
2025-03-09 20:33:40,550 - root - INFO - Collecting client parameters for aggregation
2025-03-09 20:33:40,606 - root - INFO - Completed global round 3
2025-03-09 20:33:40,671 - root - INFO - Global model - Validation Loss: 138.9910, Accuracy: 0.0188
2025-03-09 20:33:40,839 - root - INFO - Global model - Test Accuracy: 0.0179
2025-03-09 20:33:40,839 - root - INFO - Average client - Test Accuracy: 0.0790
2025-03-09 20:33:40,839 - __main__ - INFO - Round 4 - Avg Train Loss: 134.0919, Avg Train Acc: 0.1632, Avg Test Acc: 0.0790
2025-03-09 20:33:40,839 - __main__ - INFO - CPU Memory Usage: 1.93 GB
2025-03-09 20:33:40,840 - __main__ - INFO - GPU 0 Memory: 0.22 GB allocated, 0.24 GB reserved
2025-03-09 20:33:40,840 - __main__ - INFO - Round 5/10
2025-03-09 20:33:40,959 - root - INFO - Starting client training for global round 4
2025-03-09 20:33:41,193 - root - INFO - Collecting client parameters for aggregation
2025-03-09 20:33:41,247 - root - INFO - Completed global round 4
2025-03-09 20:33:41,310 - root - INFO - Global model - Validation Loss: 114.8062, Accuracy: 0.2090
2025-03-09 20:33:41,476 - root - INFO - Global model - Test Accuracy: 0.1843
2025-03-09 20:33:41,476 - root - INFO - Average client - Test Accuracy: 0.2574
2025-03-09 20:33:41,476 - __main__ - INFO - Round 5 - Avg Train Loss: 68.2118, Avg Train Acc: 0.2794, Avg Test Acc: 0.2574
2025-03-09 20:33:41,476 - __main__ - INFO - CPU Memory Usage: 1.93 GB
2025-03-09 20:33:41,476 - __main__ - INFO - GPU 0 Memory: 0.22 GB allocated, 0.24 GB reserved
2025-03-09 20:33:41,477 - __main__ - INFO - Round 6/10
2025-03-09 20:33:41,599 - root - INFO - Starting client training for global round 5
2025-03-09 20:33:41,833 - root - INFO - Collecting client parameters for aggregation
2025-03-09 20:33:41,896 - root - INFO - Completed global round 5
2025-03-09 20:33:41,958 - root - INFO - Global model - Validation Loss: 79.0918, Accuracy: 0.2889
2025-03-09 20:33:42,116 - root - INFO - Global model - Test Accuracy: 0.2600
2025-03-09 20:33:42,117 - root - INFO - Average client - Test Accuracy: 0.3234
2025-03-09 20:33:42,117 - __main__ - INFO - Round 6 - Avg Train Loss: 50.7844, Avg Train Acc: 0.3355, Avg Test Acc: 0.3234
2025-03-09 20:33:42,117 - __main__ - INFO - CPU Memory Usage: 1.94 GB
2025-03-09 20:33:42,117 - __main__ - INFO - GPU 0 Memory: 0.22 GB allocated, 0.24 GB reserved
2025-03-09 20:33:42,117 - __main__ - INFO - Round 7/10
2025-03-09 20:33:42,243 - root - INFO - Starting client training for global round 6
2025-03-09 20:33:42,478 - root - INFO - Collecting client parameters for aggregation
2025-03-09 20:33:42,531 - root - INFO - Completed global round 6
2025-03-09 20:33:42,594 - root - INFO - Global model - Validation Loss: 68.6664, Accuracy: 0.2861
2025-03-09 20:33:42,770 - root - INFO - Global model - Test Accuracy: 0.2555
2025-03-09 20:33:42,770 - root - INFO - Average client - Test Accuracy: 0.2822
2025-03-09 20:33:42,770 - __main__ - INFO - Round 7 - Avg Train Loss: 42.8885, Avg Train Acc: 0.3060, Avg Test Acc: 0.2822
2025-03-09 20:33:42,770 - __main__ - INFO - CPU Memory Usage: 1.94 GB
2025-03-09 20:33:42,771 - __main__ - INFO - GPU 0 Memory: 0.22 GB allocated, 0.24 GB reserved
2025-03-09 20:33:42,771 - __main__ - INFO - Round 8/10
2025-03-09 20:33:42,899 - root - INFO - Starting client training for global round 7
2025-03-09 20:33:43,135 - root - INFO - Collecting client parameters for aggregation
2025-03-09 20:33:43,191 - root - INFO - Completed global round 7
2025-03-09 20:33:43,256 - root - INFO - Global model - Validation Loss: 54.4319, Accuracy: 0.2196
2025-03-09 20:33:43,431 - root - INFO - Global model - Test Accuracy: 0.1989
2025-03-09 20:33:43,431 - root - INFO - Average client - Test Accuracy: 0.2291
2025-03-09 20:33:43,431 - __main__ - INFO - Round 8 - Avg Train Loss: 45.0229, Avg Train Acc: 0.2167, Avg Test Acc: 0.2291
2025-03-09 20:33:43,432 - __main__ - INFO - CPU Memory Usage: 1.94 GB
2025-03-09 20:33:43,432 - __main__ - INFO - GPU 0 Memory: 0.22 GB allocated, 0.24 GB reserved
2025-03-09 20:33:43,432 - __main__ - INFO - Round 9/10
2025-03-09 20:33:43,553 - root - INFO - Starting client training for global round 8
2025-03-09 20:33:43,786 - root - INFO - Collecting client parameters for aggregation
2025-03-09 20:33:43,841 - root - INFO - Completed global round 8
2025-03-09 20:33:43,905 - root - INFO - Global model - Validation Loss: 26.3657, Accuracy: 0.2293
2025-03-09 20:33:44,042 - root - INFO - Global model - Test Accuracy: 0.2123
2025-03-09 20:33:44,042 - root - INFO - Average client - Test Accuracy: 0.2295
2025-03-09 20:33:44,043 - __main__ - INFO - Round 9 - Avg Train Loss: 43.4053, Avg Train Acc: 0.1696, Avg Test Acc: 0.2295
2025-03-09 20:33:44,043 - __main__ - INFO - CPU Memory Usage: 1.96 GB
2025-03-09 20:33:44,043 - __main__ - INFO - GPU 0 Memory: 0.22 GB allocated, 0.24 GB reserved
2025-03-09 20:33:44,043 - __main__ - INFO - Round 10/10
2025-03-09 20:33:44,165 - root - INFO - Starting client training for global round 9
2025-03-09 20:33:44,401 - root - INFO - Collecting client parameters for aggregation
2025-03-09 20:33:44,458 - root - INFO - Completed global round 9
2025-03-09 20:33:44,520 - root - INFO - Global model - Validation Loss: 37.3091, Accuracy: 0.2595
2025-03-09 20:33:44,698 - root - INFO - Global model - Test Accuracy: 0.2350
2025-03-09 20:33:44,699 - root - INFO - Average client - Test Accuracy: 0.1435
2025-03-09 20:33:44,699 - __main__ - INFO - Round 10 - Avg Train Loss: 29.3723, Avg Train Acc: 0.1652, Avg Test Acc: 0.1435
2025-03-09 20:33:44,699 - __main__ - INFO - CPU Memory Usage: 1.93 GB
2025-03-09 20:33:44,699 - __main__ - INFO - GPU 0 Memory: 0.22 GB allocated, 0.24 GB reserved
2025-03-09 20:33:44,701 - __main__ - INFO - Results saved to output/results/ogbn-arxiv_zero_hop_20250309_203344.csv
2025-03-09 20:33:44,706 - __main__ - INFO - Experiment completed. Results saved to output/results/ogbn-arxiv_zero_hop_20250309_203344.csv
2025-03-09 20:33:44,706 - __main__ - INFO - Final results - ogbn-arxiv:
2025-03-09 20:33:44,706 - __main__ - INFO -   Average Test Accuracy: 0.1435
2025-03-09 20:33:44,706 - __main__ - INFO -   Average Train Accuracy: 0.1652
2025-03-09 20:33:44,706 - __main__ - INFO -   Average Train Loss: 29.3723
