Command: python src/run_enhanced.py --dataset Citeseer --data_loading full --num_clients 10 --beta 0.1 --rounds 50 --batch_size 256 --results_dir results/experiments_20250309_234045 --config results/experiments_20250309_234045/configs/citeseer_config.yaml --hop 1 --memory_efficient

Exit code: 1

Stdout:


Stderr:
2025-03-09 23:41:59,853 - INFO - Starting enhanced federated learning with Citeseer dataset
2025-03-09 23:41:59,854 - INFO - Random seed set to 42
2025-03-09 23:41:59,854 - INFO - Using memory-efficient models
2025-03-09 23:42:01,089	INFO worker.py:1816 -- Started a local Ray instance.
2025-03-09 23:42:01,730 - INFO - Ray initialized successfully
2025-03-09 23:42:01,730 - INFO - Using CPU
2025-03-09 23:42:01,872 - INFO - CPU Memory Usage: 0.67 GB
2025-03-09 23:42:01,918 - INFO - GPU 0 Memory: 0.00 GB allocated, 0.00 GB reserved
2025-03-09 23:42:01,918 - INFO - Loading dataset: Citeseer
2025-03-09 23:42:02,015 - INFO - Dataset: Citeseer
2025-03-09 23:42:02,015 - INFO - Number of nodes: 3327
2025-03-09 23:42:02,016 - INFO - Number of features: 3703
2025-03-09 23:42:02,023 - INFO - Number of classes: 6
2025-03-09 23:42:02,023 - INFO - Number of edges: 9104
2025-03-09 23:42:02,023 - INFO - CPU Memory Usage: 0.94 GB
2025-03-09 23:42:02,024 - INFO - GPU 0 Memory: 0.00 GB allocated, 0.00 GB reserved
2025-03-09 23:42:02,030 - INFO - Using standard GCN model for citeseer
2025-03-09 23:42:02,062 - INFO - Global model type: EnhancedGCN
2025-03-09 23:42:02,062 - INFO - Total model parameters: 59398
2025-03-09 23:42:02,062 - INFO - Training for 50 rounds with 3 local epochs per round
Traceback (most recent call last):
  File "/home/brian_bosho/FP/FP/src/run_enhanced.py", line 862, in <module>
    results, results_file = run_federated_learning(args)
                            ^^^^^^^^^^^^^^^^^^^^^^^^^^^^
  File "/home/brian_bosho/FP/FP/src/run_enhanced.py", line 471, in run_federated_learning
    clients = initialize_clients(
              ^^^^^^^^^^^^^^^^^^^
  File "/home/brian_bosho/FP/FP/src/run_enhanced.py", line 246, in initialize_clients
    epochs_per_round = cfg.get("epochs", cfg.get("local_step", 1))
                       ^^^^^^^
AttributeError: 'tuple' object has no attribute 'get'


