Command: python src/run_enhanced.py --dataset Cora --data_loading random_walk --num_clients 10 --beta 0.1 --rounds 50 --batch_size 256 --results_dir results/experiments_20250309_234045 --config results/experiments_20250309_234045/configs/cora_config.yaml --hop 1 --memory_efficient

Exit code: 1

Stdout:


Stderr:
2025-03-09 23:41:33,272 - INFO - Starting enhanced federated learning with Cora dataset
2025-03-09 23:41:33,273 - INFO - Random seed set to 42
2025-03-09 23:41:33,273 - INFO - Using memory-efficient models
2025-03-09 23:41:34,507	INFO worker.py:1816 -- Started a local Ray instance.
2025-03-09 23:41:35,154 - INFO - Ray initialized successfully
2025-03-09 23:41:35,154 - INFO - Using CPU
2025-03-09 23:41:35,299 - INFO - CPU Memory Usage: 0.66 GB
2025-03-09 23:41:35,345 - INFO - GPU 0 Memory: 0.00 GB allocated, 0.00 GB reserved
2025-03-09 23:41:35,345 - INFO - Loading dataset: Cora
2025-03-09 23:41:36,761 - INFO - Dataset: Cora
2025-03-09 23:41:36,761 - INFO - Number of nodes: 2708
2025-03-09 23:41:36,761 - INFO - Number of features: 1433
2025-03-09 23:41:36,762 - INFO - Number of classes: 7
2025-03-09 23:41:36,762 - INFO - Number of edges: 10556
2025-03-09 23:41:36,763 - INFO - CPU Memory Usage: 0.84 GB
2025-03-09 23:41:36,763 - INFO - GPU 0 Memory: 0.00 GB allocated, 0.00 GB reserved
2025-03-09 23:41:36,763 - INFO - Using standard GCN model for cora
2025-03-09 23:41:36,794 - INFO - Global model type: EnhancedGCN
2025-03-09 23:41:36,795 - INFO - Total model parameters: 23095
Traceback (most recent call last):
  File "/home/brian_bosho/FP/FP/src/run_enhanced.py", line 862, in <module>
    results, results_file = run_federated_learning(args)
                            ^^^^^^^^^^^^^^^^^^^^^^^^^^^^
  File "/home/brian_bosho/FP/FP/src/run_enhanced.py", line 447, in run_federated_learning
    epochs_per_round = cfg.get("epochs", cfg["local_step"])
                       ^^^^^^^
AttributeError: 'tuple' object has no attribute 'get'


