2025-03-10 00:00:00,551 - __main__ - INFO - Starting enhanced federated learning with Citeseer dataset
2025-03-10 00:00:00,552 - __main__ - INFO - Random seed set to 42
2025-03-10 00:00:00,552 - __main__ - INFO - Using memory-efficient models
2025-03-10 00:00:02,425 - __main__ - INFO - Ray initialized successfully
2025-03-10 00:00:02,426 - __main__ - INFO - Using CPU
2025-03-10 00:00:02,582 - __main__ - INFO - CPU Memory Usage: 0.67 GB
2025-03-10 00:00:02,629 - __main__ - INFO - GPU 0 Memory: 0.00 GB allocated, 0.00 GB reserved
2025-03-10 00:00:02,629 - __main__ - INFO - Loading dataset: Citeseer
2025-03-10 00:00:06,908 - __main__ - INFO - Dataset: Citeseer
2025-03-10 00:00:06,908 - __main__ - INFO - Number of nodes: 3327
2025-03-10 00:00:06,909 - __main__ - INFO - Number of features: 3703
2025-03-10 00:00:06,914 - __main__ - INFO - Number of classes: 6
2025-03-10 00:00:06,915 - __main__ - INFO - Number of edges: 9104
2025-03-10 00:00:06,915 - __main__ - INFO - CPU Memory Usage: 1.09 GB
2025-03-10 00:00:06,915 - __main__ - INFO - GPU 0 Memory: 0.00 GB allocated, 0.00 GB reserved
2025-03-10 00:00:06,918 - __main__ - INFO - Using standard GCN model for citeseer
2025-03-10 00:00:06,951 - __main__ - INFO - Global model type: EnhancedGCN
2025-03-10 00:00:06,951 - __main__ - INFO - Total model parameters: 59398
2025-03-10 00:00:06,952 - __main__ - INFO - Training for 50 rounds with 3 local epochs per round
2025-03-10 00:00:06,959 - __main__ - INFO - Initializing 10 clients with 2 epochs per round
2025-03-10 00:00:07,127 - __main__ - INFO - Initialized 10 clients
2025-03-10 00:00:07,130 - __main__ - INFO - Starting federated training for 50 rounds
2025-03-10 00:00:07,130 - __main__ - INFO - Round 1/50
2025-03-10 00:00:07,130 - __main__ - INFO - CPU Memory Usage: 1.20 GB
2025-03-10 00:00:07,130 - __main__ - INFO - GPU 0 Memory: 0.00 GB allocated, 0.00 GB reserved
2025-03-10 00:00:07,311 - __main__ - INFO - Starting client training for global round 0
2025-03-10 00:00:10,390 - __main__ - INFO - Average metrics - Train Loss: 1.7571, Train Acc: 0.7447, Val Acc: 0.7447, Test Acc: 0.7298
2025-03-10 00:00:10,391 - __main__ - INFO - Collecting client parameters for aggregation
2025-03-10 00:00:10,450 - __main__ - INFO - Completed global round 0
2025-03-10 00:00:10,454 - __main__ - INFO - Global model - Test Accuracy: 0.0000
2025-03-10 00:00:10,454 - __main__ - INFO - Round 1 - Avg Train Loss: 1.7571, Avg Train Acc: 0.7447, Avg Val Acc: 0.7447, Avg Test Acc: 0.7298, Global Test Acc: 0.0000
2025-03-10 00:00:10,583 - __main__ - INFO - Round 2/50
2025-03-10 00:00:10,583 - __main__ - INFO - CPU Memory Usage: 1.20 GB
2025-03-10 00:00:10,583 - __main__ - INFO - GPU 0 Memory: 0.00 GB allocated, 0.00 GB reserved
2025-03-10 00:00:10,706 - __main__ - INFO - Starting client training for global round 1
2025-03-10 00:00:10,902 - __main__ - INFO - Average metrics - Train Loss: 1.7653, Train Acc: 0.7167, Val Acc: 0.7167, Test Acc: 0.7023
2025-03-10 00:00:10,902 - __main__ - INFO - Collecting client parameters for aggregation
2025-03-10 00:00:10,945 - __main__ - INFO - Completed global round 1
2025-03-10 00:00:10,947 - __main__ - INFO - Global model - Test Accuracy: 0.0000
2025-03-10 00:00:10,948 - __main__ - INFO - Round 2 - Avg Train Loss: 1.7653, Avg Train Acc: 0.7167, Avg Val Acc: 0.7167, Avg Test Acc: 0.7023, Global Test Acc: 0.0000
2025-03-10 00:00:11,072 - __main__ - INFO - Round 3/50
2025-03-10 00:00:11,072 - __main__ - INFO - CPU Memory Usage: 1.20 GB
2025-03-10 00:00:11,073 - __main__ - INFO - GPU 0 Memory: 0.00 GB allocated, 0.00 GB reserved
2025-03-10 00:00:11,183 - __main__ - INFO - Starting client training for global round 2
2025-03-10 00:00:11,382 - __main__ - INFO - Average metrics - Train Loss: 1.7641, Train Acc: 0.7522, Val Acc: 0.7522, Test Acc: 0.7274
2025-03-10 00:00:11,383 - __main__ - INFO - Collecting client parameters for aggregation
2025-03-10 00:00:11,434 - __main__ - INFO - Completed global round 2
2025-03-10 00:00:11,443 - __main__ - INFO - Global model - Test Accuracy: 0.0000
2025-03-10 00:00:11,443 - __main__ - INFO - Round 3 - Avg Train Loss: 1.7641, Avg Train Acc: 0.7522, Avg Val Acc: 0.7522, Avg Test Acc: 0.7274, Global Test Acc: 0.0000
2025-03-10 00:00:11,570 - __main__ - INFO - Round 4/50
2025-03-10 00:00:11,571 - __main__ - INFO - CPU Memory Usage: 1.21 GB
2025-03-10 00:00:11,571 - __main__ - INFO - GPU 0 Memory: 0.00 GB allocated, 0.00 GB reserved
2025-03-10 00:00:11,676 - __main__ - INFO - Starting client training for global round 3
2025-03-10 00:00:11,878 - __main__ - INFO - Average metrics - Train Loss: 1.7636, Train Acc: 0.7446, Val Acc: 0.7446, Test Acc: 0.7065
2025-03-10 00:00:11,878 - __main__ - INFO - Collecting client parameters for aggregation
2025-03-10 00:00:11,927 - __main__ - INFO - Completed global round 3
2025-03-10 00:00:11,929 - __main__ - INFO - Global model - Test Accuracy: 0.0000
2025-03-10 00:00:11,929 - __main__ - INFO - Round 4 - Avg Train Loss: 1.7636, Avg Train Acc: 0.7446, Avg Val Acc: 0.7446, Avg Test Acc: 0.7065, Global Test Acc: 0.0000
2025-03-10 00:00:12,054 - __main__ - INFO - Round 5/50
2025-03-10 00:00:12,054 - __main__ - INFO - CPU Memory Usage: 1.21 GB
2025-03-10 00:00:12,054 - __main__ - INFO - GPU 0 Memory: 0.00 GB allocated, 0.00 GB reserved
2025-03-10 00:00:12,194 - __main__ - INFO - Starting client training for global round 4
2025-03-10 00:00:12,401 - __main__ - INFO - Average metrics - Train Loss: 1.7625, Train Acc: 0.7207, Val Acc: 0.7207, Test Acc: 0.6736
2025-03-10 00:00:12,401 - __main__ - INFO - Collecting client parameters for aggregation
2025-03-10 00:00:12,447 - __main__ - INFO - Completed global round 4
2025-03-10 00:00:12,475 - __main__ - INFO - Global model - Test Accuracy: 0.0000
2025-03-10 00:00:12,475 - __main__ - INFO - Round 5 - Avg Train Loss: 1.7625, Avg Train Acc: 0.7207, Avg Val Acc: 0.7207, Avg Test Acc: 0.6736, Global Test Acc: 0.0000
2025-03-10 00:00:12,607 - __main__ - INFO - Round 6/50
2025-03-10 00:00:12,608 - __main__ - INFO - CPU Memory Usage: 1.21 GB
2025-03-10 00:00:12,608 - __main__ - INFO - GPU 0 Memory: 0.00 GB allocated, 0.00 GB reserved
2025-03-10 00:00:12,733 - __main__ - INFO - Starting client training for global round 5
2025-03-10 00:00:12,936 - __main__ - INFO - Average metrics - Train Loss: 1.7614, Train Acc: 0.6823, Val Acc: 0.6823, Test Acc: 0.6437
2025-03-10 00:00:12,936 - __main__ - INFO - Collecting client parameters for aggregation
2025-03-10 00:00:12,975 - __main__ - INFO - Completed global round 5
2025-03-10 00:00:12,977 - __main__ - INFO - Global model - Test Accuracy: 0.0000
2025-03-10 00:00:12,977 - __main__ - INFO - Round 6 - Avg Train Loss: 1.7614, Avg Train Acc: 0.6823, Avg Val Acc: 0.6823, Avg Test Acc: 0.6437, Global Test Acc: 0.0000
2025-03-10 00:00:13,106 - __main__ - INFO - Round 7/50
2025-03-10 00:00:13,106 - __main__ - INFO - CPU Memory Usage: 1.21 GB
2025-03-10 00:00:13,106 - __main__ - INFO - GPU 0 Memory: 0.00 GB allocated, 0.00 GB reserved
2025-03-10 00:00:13,220 - __main__ - INFO - Starting client training for global round 6
2025-03-10 00:00:13,429 - __main__ - INFO - Average metrics - Train Loss: 1.7601, Train Acc: 0.6806, Val Acc: 0.6806, Test Acc: 0.6317
2025-03-10 00:00:13,429 - __main__ - INFO - Collecting client parameters for aggregation
2025-03-10 00:00:13,473 - __main__ - INFO - Completed global round 6
2025-03-10 00:00:13,488 - __main__ - INFO - Global model - Test Accuracy: 0.0000
2025-03-10 00:00:13,489 - __main__ - INFO - Round 7 - Avg Train Loss: 1.7601, Avg Train Acc: 0.6806, Avg Val Acc: 0.6806, Avg Test Acc: 0.6317, Global Test Acc: 0.0000
2025-03-10 00:00:13,613 - __main__ - INFO - Round 8/50
2025-03-10 00:00:13,613 - __main__ - INFO - CPU Memory Usage: 1.21 GB
2025-03-10 00:00:13,613 - __main__ - INFO - GPU 0 Memory: 0.00 GB allocated, 0.00 GB reserved
2025-03-10 00:00:13,727 - __main__ - INFO - Starting client training for global round 7
2025-03-10 00:00:13,929 - __main__ - INFO - Average metrics - Train Loss: 1.7589, Train Acc: 0.6995, Val Acc: 0.6995, Test Acc: 0.6484
2025-03-10 00:00:13,929 - __main__ - INFO - Collecting client parameters for aggregation
2025-03-10 00:00:13,972 - __main__ - INFO - Completed global round 7
2025-03-10 00:00:13,977 - __main__ - INFO - Global model - Test Accuracy: 0.0000
2025-03-10 00:00:13,977 - __main__ - INFO - Round 8 - Avg Train Loss: 1.7589, Avg Train Acc: 0.6995, Avg Val Acc: 0.6995, Avg Test Acc: 0.6484, Global Test Acc: 0.0000
2025-03-10 00:00:14,101 - __main__ - INFO - Round 9/50
2025-03-10 00:00:14,102 - __main__ - INFO - CPU Memory Usage: 1.21 GB
2025-03-10 00:00:14,102 - __main__ - INFO - GPU 0 Memory: 0.00 GB allocated, 0.00 GB reserved
2025-03-10 00:00:14,209 - __main__ - INFO - Starting client training for global round 8
2025-03-10 00:00:14,423 - __main__ - INFO - Average metrics - Train Loss: 1.7583, Train Acc: 0.7156, Val Acc: 0.7156, Test Acc: 0.6563
2025-03-10 00:00:14,423 - __main__ - INFO - Collecting client parameters for aggregation
2025-03-10 00:00:14,468 - __main__ - INFO - Completed global round 8
2025-03-10 00:00:14,470 - __main__ - INFO - Global model - Test Accuracy: 0.0000
2025-03-10 00:00:14,470 - __main__ - INFO - Round 9 - Avg Train Loss: 1.7583, Avg Train Acc: 0.7156, Avg Val Acc: 0.7156, Avg Test Acc: 0.6563, Global Test Acc: 0.0000
2025-03-10 00:00:14,602 - __main__ - INFO - Round 10/50
2025-03-10 00:00:14,602 - __main__ - INFO - CPU Memory Usage: 1.21 GB
2025-03-10 00:00:14,602 - __main__ - INFO - GPU 0 Memory: 0.00 GB allocated, 0.00 GB reserved
2025-03-10 00:00:14,718 - __main__ - INFO - Starting client training for global round 9
2025-03-10 00:00:14,918 - __main__ - INFO - Average metrics - Train Loss: 1.7556, Train Acc: 0.7085, Val Acc: 0.7085, Test Acc: 0.6490
2025-03-10 00:00:14,918 - __main__ - INFO - Collecting client parameters for aggregation
2025-03-10 00:00:14,971 - __main__ - INFO - Completed global round 9
2025-03-10 00:00:14,986 - __main__ - INFO - Global model - Test Accuracy: 0.0000
2025-03-10 00:00:14,986 - __main__ - INFO - Round 10 - Avg Train Loss: 1.7556, Avg Train Acc: 0.7085, Avg Val Acc: 0.7085, Avg Test Acc: 0.6490, Global Test Acc: 0.0000
2025-03-10 00:00:15,116 - __main__ - INFO - Round 11/50
2025-03-10 00:00:15,116 - __main__ - INFO - CPU Memory Usage: 1.21 GB
2025-03-10 00:00:15,117 - __main__ - INFO - GPU 0 Memory: 0.00 GB allocated, 0.00 GB reserved
2025-03-10 00:00:15,253 - __main__ - INFO - Starting client training for global round 10
2025-03-10 00:00:15,454 - __main__ - INFO - Average metrics - Train Loss: 1.7537, Train Acc: 0.6892, Val Acc: 0.6892, Test Acc: 0.6179
2025-03-10 00:00:15,454 - __main__ - INFO - Collecting client parameters for aggregation
2025-03-10 00:00:15,506 - __main__ - INFO - Completed global round 10
2025-03-10 00:00:15,522 - __main__ - INFO - Global model - Test Accuracy: 0.0000
2025-03-10 00:00:15,522 - __main__ - INFO - Round 11 - Avg Train Loss: 1.7537, Avg Train Acc: 0.6892, Avg Val Acc: 0.6892, Avg Test Acc: 0.6179, Global Test Acc: 0.0000
2025-03-10 00:00:15,652 - __main__ - INFO - Round 12/50
2025-03-10 00:00:15,653 - __main__ - INFO - CPU Memory Usage: 1.21 GB
2025-03-10 00:00:15,653 - __main__ - INFO - GPU 0 Memory: 0.00 GB allocated, 0.00 GB reserved
2025-03-10 00:00:15,769 - __main__ - INFO - Starting client training for global round 11
2025-03-10 00:00:15,967 - __main__ - INFO - Average metrics - Train Loss: 1.7537, Train Acc: 0.6063, Val Acc: 0.6063, Test Acc: 0.5641
2025-03-10 00:00:15,967 - __main__ - INFO - Collecting client parameters for aggregation
2025-03-10 00:00:16,021 - __main__ - INFO - Completed global round 11
2025-03-10 00:00:16,035 - __main__ - INFO - Global model - Test Accuracy: 0.0000
2025-03-10 00:00:16,035 - __main__ - INFO - Round 12 - Avg Train Loss: 1.7537, Avg Train Acc: 0.6063, Avg Val Acc: 0.6063, Avg Test Acc: 0.5641, Global Test Acc: 0.0000
2025-03-10 00:00:16,160 - __main__ - INFO - Round 13/50
2025-03-10 00:00:16,160 - __main__ - INFO - CPU Memory Usage: 1.21 GB
2025-03-10 00:00:16,161 - __main__ - INFO - GPU 0 Memory: 0.00 GB allocated, 0.00 GB reserved
2025-03-10 00:00:16,272 - __main__ - INFO - Starting client training for global round 12
2025-03-10 00:00:16,472 - __main__ - INFO - Average metrics - Train Loss: 1.7533, Train Acc: 0.5300, Val Acc: 0.5300, Test Acc: 0.4843
2025-03-10 00:00:16,472 - __main__ - INFO - Collecting client parameters for aggregation
2025-03-10 00:00:16,521 - __main__ - INFO - Completed global round 12
2025-03-10 00:00:16,528 - __main__ - INFO - Global model - Test Accuracy: 0.0000
2025-03-10 00:00:16,528 - __main__ - INFO - Round 13 - Avg Train Loss: 1.7533, Avg Train Acc: 0.5300, Avg Val Acc: 0.5300, Avg Test Acc: 0.4843, Global Test Acc: 0.0000
2025-03-10 00:00:16,653 - __main__ - INFO - Round 14/50
2025-03-10 00:00:16,654 - __main__ - INFO - CPU Memory Usage: 1.21 GB
2025-03-10 00:00:16,654 - __main__ - INFO - GPU 0 Memory: 0.00 GB allocated, 0.00 GB reserved
2025-03-10 00:00:16,772 - __main__ - INFO - Starting client training for global round 13
2025-03-10 00:00:16,970 - __main__ - INFO - Average metrics - Train Loss: 1.7539, Train Acc: 0.4737, Val Acc: 0.4737, Test Acc: 0.4364
2025-03-10 00:00:16,970 - __main__ - INFO - Collecting client parameters for aggregation
2025-03-10 00:00:17,034 - __main__ - INFO - Completed global round 13
2025-03-10 00:00:17,044 - __main__ - INFO - Global model - Test Accuracy: 0.0000
2025-03-10 00:00:17,045 - __main__ - INFO - Round 14 - Avg Train Loss: 1.7539, Avg Train Acc: 0.4737, Avg Val Acc: 0.4737, Avg Test Acc: 0.4364, Global Test Acc: 0.0000
2025-03-10 00:00:17,169 - __main__ - INFO - Round 15/50
2025-03-10 00:00:17,170 - __main__ - INFO - CPU Memory Usage: 1.21 GB
2025-03-10 00:00:17,170 - __main__ - INFO - GPU 0 Memory: 0.00 GB allocated, 0.00 GB reserved
2025-03-10 00:00:17,293 - __main__ - INFO - Starting client training for global round 14
2025-03-10 00:00:17,492 - __main__ - INFO - Average metrics - Train Loss: 1.7512, Train Acc: 0.4553, Val Acc: 0.4553, Test Acc: 0.4352
2025-03-10 00:00:17,492 - __main__ - INFO - Collecting client parameters for aggregation
2025-03-10 00:00:17,536 - __main__ - INFO - Completed global round 14
2025-03-10 00:00:17,544 - __main__ - INFO - Global model - Test Accuracy: 0.0000
2025-03-10 00:00:17,545 - __main__ - INFO - Round 15 - Avg Train Loss: 1.7512, Avg Train Acc: 0.4553, Avg Val Acc: 0.4553, Avg Test Acc: 0.4352, Global Test Acc: 0.0000
2025-03-10 00:00:17,673 - __main__ - INFO - Round 16/50
2025-03-10 00:00:17,673 - __main__ - INFO - CPU Memory Usage: 1.21 GB
2025-03-10 00:00:17,673 - __main__ - INFO - GPU 0 Memory: 0.00 GB allocated, 0.00 GB reserved
2025-03-10 00:00:17,781 - __main__ - INFO - Starting client training for global round 15
2025-03-10 00:00:17,978 - __main__ - INFO - Average metrics - Train Loss: 1.7493, Train Acc: 0.4321, Val Acc: 0.4321, Test Acc: 0.4107
2025-03-10 00:00:17,978 - __main__ - INFO - Collecting client parameters for aggregation
2025-03-10 00:00:18,021 - __main__ - INFO - Completed global round 15
2025-03-10 00:00:18,023 - __main__ - INFO - Global model - Test Accuracy: 0.0000
2025-03-10 00:00:18,023 - __main__ - INFO - Round 16 - Avg Train Loss: 1.7493, Avg Train Acc: 0.4321, Avg Val Acc: 0.4321, Avg Test Acc: 0.4107, Global Test Acc: 0.0000
2025-03-10 00:00:18,147 - __main__ - INFO - Round 17/50
2025-03-10 00:00:18,147 - __main__ - INFO - CPU Memory Usage: 1.21 GB
2025-03-10 00:00:18,148 - __main__ - INFO - GPU 0 Memory: 0.00 GB allocated, 0.00 GB reserved
2025-03-10 00:00:18,265 - __main__ - INFO - Starting client training for global round 16
2025-03-10 00:00:18,462 - __main__ - INFO - Average metrics - Train Loss: 1.7468, Train Acc: 0.4280, Val Acc: 0.4280, Test Acc: 0.3993
2025-03-10 00:00:18,462 - __main__ - INFO - Collecting client parameters for aggregation
2025-03-10 00:00:18,537 - __main__ - INFO - Completed global round 16
2025-03-10 00:00:18,545 - __main__ - INFO - Global model - Test Accuracy: 0.0000
2025-03-10 00:00:18,546 - __main__ - INFO - Round 17 - Avg Train Loss: 1.7468, Avg Train Acc: 0.4280, Avg Val Acc: 0.4280, Avg Test Acc: 0.3993, Global Test Acc: 0.0000
2025-03-10 00:00:18,677 - __main__ - INFO - Round 18/50
2025-03-10 00:00:18,678 - __main__ - INFO - CPU Memory Usage: 1.21 GB
2025-03-10 00:00:18,678 - __main__ - INFO - GPU 0 Memory: 0.00 GB allocated, 0.00 GB reserved
2025-03-10 00:00:18,786 - __main__ - INFO - Starting client training for global round 17
2025-03-10 00:00:18,984 - __main__ - INFO - Average metrics - Train Loss: 1.7481, Train Acc: 0.4161, Val Acc: 0.4161, Test Acc: 0.3726
2025-03-10 00:00:18,985 - __main__ - INFO - Collecting client parameters for aggregation
2025-03-10 00:00:19,029 - __main__ - INFO - Completed global round 17
2025-03-10 00:00:19,031 - __main__ - INFO - Global model - Test Accuracy: 0.0000
2025-03-10 00:00:19,032 - __main__ - INFO - Round 18 - Avg Train Loss: 1.7481, Avg Train Acc: 0.4161, Avg Val Acc: 0.4161, Avg Test Acc: 0.3726, Global Test Acc: 0.0000
2025-03-10 00:00:19,159 - __main__ - INFO - Round 19/50
2025-03-10 00:00:19,159 - __main__ - INFO - CPU Memory Usage: 1.21 GB
2025-03-10 00:00:19,160 - __main__ - INFO - GPU 0 Memory: 0.00 GB allocated, 0.00 GB reserved
2025-03-10 00:00:19,272 - __main__ - INFO - Starting client training for global round 18
2025-03-10 00:00:19,472 - __main__ - INFO - Average metrics - Train Loss: 1.7516, Train Acc: 0.3814, Val Acc: 0.3814, Test Acc: 0.3467
2025-03-10 00:00:19,472 - __main__ - INFO - Collecting client parameters for aggregation
2025-03-10 00:00:19,516 - __main__ - INFO - Completed global round 18
2025-03-10 00:00:19,518 - __main__ - INFO - Global model - Test Accuracy: 0.0000
2025-03-10 00:00:19,518 - __main__ - INFO - Round 19 - Avg Train Loss: 1.7516, Avg Train Acc: 0.3814, Avg Val Acc: 0.3814, Avg Test Acc: 0.3467, Global Test Acc: 0.0000
2025-03-10 00:00:19,642 - __main__ - INFO - Round 20/50
2025-03-10 00:00:19,643 - __main__ - INFO - CPU Memory Usage: 1.21 GB
2025-03-10 00:00:19,643 - __main__ - INFO - GPU 0 Memory: 0.00 GB allocated, 0.00 GB reserved
2025-03-10 00:00:19,758 - __main__ - INFO - Starting client training for global round 19
2025-03-10 00:00:19,972 - __main__ - INFO - Average metrics - Train Loss: 1.7544, Train Acc: 0.3403, Val Acc: 0.3403, Test Acc: 0.3142
2025-03-10 00:00:19,972 - __main__ - INFO - Collecting client parameters for aggregation
2025-03-10 00:00:20,015 - __main__ - INFO - Completed global round 19
2025-03-10 00:00:20,017 - __main__ - INFO - Global model - Test Accuracy: 0.0000
2025-03-10 00:00:20,017 - __main__ - INFO - Round 20 - Avg Train Loss: 1.7544, Avg Train Acc: 0.3403, Avg Val Acc: 0.3403, Avg Test Acc: 0.3142, Global Test Acc: 0.0000
2025-03-10 00:00:20,142 - __main__ - INFO - Round 21/50
2025-03-10 00:00:20,142 - __main__ - INFO - CPU Memory Usage: 1.21 GB
2025-03-10 00:00:20,142 - __main__ - INFO - GPU 0 Memory: 0.00 GB allocated, 0.00 GB reserved
2025-03-10 00:00:20,250 - __main__ - INFO - Starting client training for global round 20
2025-03-10 00:00:20,449 - __main__ - INFO - Average metrics - Train Loss: 1.7526, Train Acc: 0.3472, Val Acc: 0.3472, Test Acc: 0.3017
2025-03-10 00:00:20,449 - __main__ - INFO - Collecting client parameters for aggregation
2025-03-10 00:00:20,493 - __main__ - INFO - Completed global round 20
2025-03-10 00:00:20,495 - __main__ - INFO - Global model - Test Accuracy: 0.0182
2025-03-10 00:00:20,495 - __main__ - INFO - Round 21 - Avg Train Loss: 1.7526, Avg Train Acc: 0.3472, Avg Val Acc: 0.3472, Avg Test Acc: 0.3017, Global Test Acc: 0.0182
2025-03-10 00:00:20,621 - __main__ - INFO - Round 22/50
2025-03-10 00:00:20,622 - __main__ - INFO - CPU Memory Usage: 1.21 GB
2025-03-10 00:00:20,622 - __main__ - INFO - GPU 0 Memory: 0.00 GB allocated, 0.00 GB reserved
2025-03-10 00:00:20,735 - __main__ - INFO - Starting client training for global round 21
2025-03-10 00:00:20,932 - __main__ - INFO - Average metrics - Train Loss: 1.7545, Train Acc: 0.3425, Val Acc: 0.3425, Test Acc: 0.3001
2025-03-10 00:00:20,933 - __main__ - INFO - Collecting client parameters for aggregation
2025-03-10 00:00:20,976 - __main__ - INFO - Completed global round 21
2025-03-10 00:00:20,978 - __main__ - INFO - Global model - Test Accuracy: 0.0545
2025-03-10 00:00:20,979 - __main__ - INFO - Round 22 - Avg Train Loss: 1.7545, Avg Train Acc: 0.3425, Avg Val Acc: 0.3425, Avg Test Acc: 0.3001, Global Test Acc: 0.0545
2025-03-10 00:00:21,100 - __main__ - INFO - Round 23/50
2025-03-10 00:00:21,100 - __main__ - INFO - CPU Memory Usage: 1.21 GB
2025-03-10 00:00:21,101 - __main__ - INFO - GPU 0 Memory: 0.00 GB allocated, 0.00 GB reserved
2025-03-10 00:00:21,207 - __main__ - INFO - Starting client training for global round 22
2025-03-10 00:00:21,407 - __main__ - INFO - Average metrics - Train Loss: 1.7613, Train Acc: 0.3486, Val Acc: 0.3486, Test Acc: 0.2991
2025-03-10 00:00:21,407 - __main__ - INFO - Collecting client parameters for aggregation
2025-03-10 00:00:21,453 - __main__ - INFO - Completed global round 22
2025-03-10 00:00:21,465 - __main__ - INFO - Global model - Test Accuracy: 0.0727
2025-03-10 00:00:21,466 - __main__ - INFO - Round 23 - Avg Train Loss: 1.7613, Avg Train Acc: 0.3486, Avg Val Acc: 0.3486, Avg Test Acc: 0.2991, Global Test Acc: 0.0727
2025-03-10 00:00:21,596 - __main__ - INFO - Round 24/50
2025-03-10 00:00:21,597 - __main__ - INFO - CPU Memory Usage: 1.21 GB
2025-03-10 00:00:21,597 - __main__ - INFO - GPU 0 Memory: 0.00 GB allocated, 0.00 GB reserved
2025-03-10 00:00:21,708 - __main__ - INFO - Starting client training for global round 23
2025-03-10 00:00:21,907 - __main__ - INFO - Average metrics - Train Loss: 1.7662, Train Acc: 0.3291, Val Acc: 0.3291, Test Acc: 0.2866
2025-03-10 00:00:21,907 - __main__ - INFO - Collecting client parameters for aggregation
2025-03-10 00:00:21,957 - __main__ - INFO - Completed global round 23
2025-03-10 00:00:21,965 - __main__ - INFO - Global model - Test Accuracy: 0.0727
2025-03-10 00:00:21,966 - __main__ - INFO - Round 24 - Avg Train Loss: 1.7662, Avg Train Acc: 0.3291, Avg Val Acc: 0.3291, Avg Test Acc: 0.2866, Global Test Acc: 0.0727
2025-03-10 00:00:22,088 - __main__ - INFO - Round 25/50
2025-03-10 00:00:22,089 - __main__ - INFO - CPU Memory Usage: 1.21 GB
2025-03-10 00:00:22,089 - __main__ - INFO - GPU 0 Memory: 0.00 GB allocated, 0.00 GB reserved
2025-03-10 00:00:22,202 - __main__ - INFO - Starting client training for global round 24
2025-03-10 00:00:22,405 - __main__ - INFO - Average metrics - Train Loss: 1.7696, Train Acc: 0.2999, Val Acc: 0.2999, Test Acc: 0.2730
2025-03-10 00:00:22,405 - __main__ - INFO - Collecting client parameters for aggregation
2025-03-10 00:00:22,450 - __main__ - INFO - Completed global round 24
2025-03-10 00:00:22,510 - __main__ - INFO - Global model - Test Accuracy: 0.0545
2025-03-10 00:00:22,510 - __main__ - INFO - Round 25 - Avg Train Loss: 1.7696, Avg Train Acc: 0.2999, Avg Val Acc: 0.2999, Avg Test Acc: 0.2730, Global Test Acc: 0.0545
2025-03-10 00:00:22,641 - __main__ - INFO - Round 26/50
2025-03-10 00:00:22,642 - __main__ - INFO - CPU Memory Usage: 1.21 GB
2025-03-10 00:00:22,642 - __main__ - INFO - GPU 0 Memory: 0.00 GB allocated, 0.00 GB reserved
2025-03-10 00:00:22,761 - __main__ - INFO - Starting client training for global round 25
2025-03-10 00:00:22,966 - __main__ - INFO - Average metrics - Train Loss: 1.7693, Train Acc: 0.2866, Val Acc: 0.2866, Test Acc: 0.2611
2025-03-10 00:00:22,967 - __main__ - INFO - Collecting client parameters for aggregation
2025-03-10 00:00:23,007 - __main__ - INFO - Completed global round 25
2025-03-10 00:00:23,017 - __main__ - INFO - Global model - Test Accuracy: 0.0727
2025-03-10 00:00:23,017 - __main__ - INFO - Round 26 - Avg Train Loss: 1.7693, Avg Train Acc: 0.2866, Avg Val Acc: 0.2866, Avg Test Acc: 0.2611, Global Test Acc: 0.0727
2025-03-10 00:00:23,141 - __main__ - INFO - Round 27/50
2025-03-10 00:00:23,142 - __main__ - INFO - CPU Memory Usage: 1.21 GB
2025-03-10 00:00:23,142 - __main__ - INFO - GPU 0 Memory: 0.00 GB allocated, 0.00 GB reserved
2025-03-10 00:00:23,260 - __main__ - INFO - Starting client training for global round 26
2025-03-10 00:00:23,460 - __main__ - INFO - Average metrics - Train Loss: 1.7741, Train Acc: 0.2900, Val Acc: 0.2900, Test Acc: 0.2661
2025-03-10 00:00:23,460 - __main__ - INFO - Collecting client parameters for aggregation
2025-03-10 00:00:23,505 - __main__ - INFO - Completed global round 26
2025-03-10 00:00:23,510 - __main__ - INFO - Global model - Test Accuracy: 0.1818
2025-03-10 00:00:23,510 - __main__ - INFO - Round 27 - Avg Train Loss: 1.7741, Avg Train Acc: 0.2900, Avg Val Acc: 0.2900, Avg Test Acc: 0.2661, Global Test Acc: 0.1818
2025-03-10 00:00:23,641 - __main__ - INFO - Round 28/50
2025-03-10 00:00:23,641 - __main__ - INFO - CPU Memory Usage: 1.21 GB
2025-03-10 00:00:23,642 - __main__ - INFO - GPU 0 Memory: 0.00 GB allocated, 0.00 GB reserved
2025-03-10 00:00:23,759 - __main__ - INFO - Starting client training for global round 27
2025-03-10 00:00:23,960 - __main__ - INFO - Average metrics - Train Loss: 1.7867, Train Acc: 0.2649, Val Acc: 0.2649, Test Acc: 0.2471
2025-03-10 00:00:23,960 - __main__ - INFO - Collecting client parameters for aggregation
2025-03-10 00:00:24,014 - __main__ - INFO - Completed global round 27
2025-03-10 00:00:24,016 - __main__ - INFO - Global model - Test Accuracy: 0.2364
2025-03-10 00:00:24,017 - __main__ - INFO - Round 28 - Avg Train Loss: 1.7867, Avg Train Acc: 0.2649, Avg Val Acc: 0.2649, Avg Test Acc: 0.2471, Global Test Acc: 0.2364
2025-03-10 00:00:24,140 - __main__ - INFO - Round 29/50
2025-03-10 00:00:24,140 - __main__ - INFO - CPU Memory Usage: 1.21 GB
2025-03-10 00:00:24,140 - __main__ - INFO - GPU 0 Memory: 0.00 GB allocated, 0.00 GB reserved
2025-03-10 00:00:24,256 - __main__ - INFO - Starting client training for global round 28
2025-03-10 00:00:24,466 - __main__ - INFO - Average metrics - Train Loss: 1.8038, Train Acc: 0.2296, Val Acc: 0.2296, Test Acc: 0.2190
2025-03-10 00:00:24,467 - __main__ - INFO - Collecting client parameters for aggregation
2025-03-10 00:00:24,513 - __main__ - INFO - Completed global round 28
2025-03-10 00:00:24,522 - __main__ - INFO - Global model - Test Accuracy: 0.2000
2025-03-10 00:00:24,523 - __main__ - INFO - Round 29 - Avg Train Loss: 1.8038, Avg Train Acc: 0.2296, Avg Val Acc: 0.2296, Avg Test Acc: 0.2190, Global Test Acc: 0.2000
2025-03-10 00:00:24,649 - __main__ - INFO - Round 30/50
2025-03-10 00:00:24,650 - __main__ - INFO - CPU Memory Usage: 1.21 GB
2025-03-10 00:00:24,650 - __main__ - INFO - GPU 0 Memory: 0.00 GB allocated, 0.00 GB reserved
2025-03-10 00:00:24,762 - __main__ - INFO - Starting client training for global round 29
2025-03-10 00:00:24,959 - __main__ - INFO - Average metrics - Train Loss: 1.8141, Train Acc: 0.2269, Val Acc: 0.2269, Test Acc: 0.2322
2025-03-10 00:00:24,959 - __main__ - INFO - Collecting client parameters for aggregation
2025-03-10 00:00:25,008 - __main__ - INFO - Completed global round 29
2025-03-10 00:00:25,010 - __main__ - INFO - Global model - Test Accuracy: 0.1636
2025-03-10 00:00:25,010 - __main__ - INFO - Round 30 - Avg Train Loss: 1.8141, Avg Train Acc: 0.2269, Avg Val Acc: 0.2269, Avg Test Acc: 0.2322, Global Test Acc: 0.1636
2025-03-10 00:00:25,134 - __main__ - INFO - Round 31/50
2025-03-10 00:00:25,134 - __main__ - INFO - CPU Memory Usage: 1.21 GB
2025-03-10 00:00:25,134 - __main__ - INFO - GPU 0 Memory: 0.00 GB allocated, 0.00 GB reserved
2025-03-10 00:00:25,253 - __main__ - INFO - Starting client training for global round 30
2025-03-10 00:00:25,455 - __main__ - INFO - Average metrics - Train Loss: 1.8123, Train Acc: 0.2372, Val Acc: 0.2372, Test Acc: 0.2164
2025-03-10 00:00:25,455 - __main__ - INFO - Collecting client parameters for aggregation
2025-03-10 00:00:25,508 - __main__ - INFO - Completed global round 30
2025-03-10 00:00:25,514 - __main__ - INFO - Global model - Test Accuracy: 0.1818
2025-03-10 00:00:25,514 - __main__ - INFO - Round 31 - Avg Train Loss: 1.8123, Avg Train Acc: 0.2372, Avg Val Acc: 0.2372, Avg Test Acc: 0.2164, Global Test Acc: 0.1818
2025-03-10 00:00:25,642 - __main__ - INFO - Round 32/50
2025-03-10 00:00:25,643 - __main__ - INFO - CPU Memory Usage: 1.21 GB
2025-03-10 00:00:25,643 - __main__ - INFO - GPU 0 Memory: 0.00 GB allocated, 0.00 GB reserved
2025-03-10 00:00:25,757 - __main__ - INFO - Starting client training for global round 31
2025-03-10 00:00:25,956 - __main__ - INFO - Average metrics - Train Loss: 1.8142, Train Acc: 0.2396, Val Acc: 0.2396, Test Acc: 0.2107
2025-03-10 00:00:25,956 - __main__ - INFO - Collecting client parameters for aggregation
2025-03-10 00:00:26,012 - __main__ - INFO - Completed global round 31
2025-03-10 00:00:26,020 - __main__ - INFO - Global model - Test Accuracy: 0.2000
2025-03-10 00:00:26,021 - __main__ - INFO - Round 32 - Avg Train Loss: 1.8142, Avg Train Acc: 0.2396, Avg Val Acc: 0.2396, Avg Test Acc: 0.2107, Global Test Acc: 0.2000
2025-03-10 00:00:26,150 - __main__ - INFO - Round 33/50
2025-03-10 00:00:26,150 - __main__ - INFO - CPU Memory Usage: 1.21 GB
2025-03-10 00:00:26,151 - __main__ - INFO - GPU 0 Memory: 0.00 GB allocated, 0.00 GB reserved
2025-03-10 00:00:26,266 - __main__ - INFO - Starting client training for global round 32
2025-03-10 00:00:26,465 - __main__ - INFO - Average metrics - Train Loss: 1.8440, Train Acc: 0.2236, Val Acc: 0.2236, Test Acc: 0.1999
2025-03-10 00:00:26,465 - __main__ - INFO - Collecting client parameters for aggregation
2025-03-10 00:00:26,506 - __main__ - INFO - Completed global round 32
2025-03-10 00:00:26,508 - __main__ - INFO - Global model - Test Accuracy: 0.2182
2025-03-10 00:00:26,508 - __main__ - INFO - Round 33 - Avg Train Loss: 1.8440, Avg Train Acc: 0.2236, Avg Val Acc: 0.2236, Avg Test Acc: 0.1999, Global Test Acc: 0.2182
2025-03-10 00:00:26,635 - __main__ - INFO - Round 34/50
2025-03-10 00:00:26,636 - __main__ - INFO - CPU Memory Usage: 1.21 GB
2025-03-10 00:00:26,636 - __main__ - INFO - GPU 0 Memory: 0.00 GB allocated, 0.00 GB reserved
2025-03-10 00:00:26,754 - __main__ - INFO - Starting client training for global round 33
2025-03-10 00:00:26,956 - __main__ - INFO - Average metrics - Train Loss: 1.8685, Train Acc: 0.1778, Val Acc: 0.1778, Test Acc: 0.1613
2025-03-10 00:00:26,956 - __main__ - INFO - Collecting client parameters for aggregation
2025-03-10 00:00:27,009 - __main__ - INFO - Completed global round 33
2025-03-10 00:00:27,020 - __main__ - INFO - Global model - Test Accuracy: 0.2000
2025-03-10 00:00:27,020 - __main__ - INFO - Round 34 - Avg Train Loss: 1.8685, Avg Train Acc: 0.1778, Avg Val Acc: 0.1778, Avg Test Acc: 0.1613, Global Test Acc: 0.2000
2025-03-10 00:00:27,145 - __main__ - INFO - Round 35/50
2025-03-10 00:00:27,145 - __main__ - INFO - CPU Memory Usage: 1.21 GB
2025-03-10 00:00:27,146 - __main__ - INFO - GPU 0 Memory: 0.00 GB allocated, 0.00 GB reserved
2025-03-10 00:00:27,257 - __main__ - INFO - Starting client training for global round 34
2025-03-10 00:00:27,461 - __main__ - INFO - Average metrics - Train Loss: 1.9040, Train Acc: 0.1864, Val Acc: 0.1864, Test Acc: 0.1708
2025-03-10 00:00:27,461 - __main__ - INFO - Collecting client parameters for aggregation
2025-03-10 00:00:27,505 - __main__ - INFO - Completed global round 34
2025-03-10 00:00:27,516 - __main__ - INFO - Global model - Test Accuracy: 0.2000
2025-03-10 00:00:27,516 - __main__ - INFO - Round 35 - Avg Train Loss: 1.9040, Avg Train Acc: 0.1864, Avg Val Acc: 0.1864, Avg Test Acc: 0.1708, Global Test Acc: 0.2000
2025-03-10 00:00:27,646 - __main__ - INFO - Round 36/50
2025-03-10 00:00:27,646 - __main__ - INFO - CPU Memory Usage: 1.21 GB
2025-03-10 00:00:27,647 - __main__ - INFO - GPU 0 Memory: 0.00 GB allocated, 0.00 GB reserved
2025-03-10 00:00:27,771 - __main__ - INFO - Starting client training for global round 35
2025-03-10 00:00:27,970 - __main__ - INFO - Average metrics - Train Loss: 1.9281, Train Acc: 0.2087, Val Acc: 0.2087, Test Acc: 0.1827
2025-03-10 00:00:27,970 - __main__ - INFO - Collecting client parameters for aggregation
2025-03-10 00:00:28,021 - __main__ - INFO - Completed global round 35
2025-03-10 00:00:28,031 - __main__ - INFO - Global model - Test Accuracy: 0.3091
2025-03-10 00:00:28,031 - __main__ - INFO - Round 36 - Avg Train Loss: 1.9281, Avg Train Acc: 0.2087, Avg Val Acc: 0.2087, Avg Test Acc: 0.1827, Global Test Acc: 0.3091
2025-03-10 00:00:28,158 - __main__ - INFO - Round 37/50
2025-03-10 00:00:28,158 - __main__ - INFO - CPU Memory Usage: 1.21 GB
2025-03-10 00:00:28,158 - __main__ - INFO - GPU 0 Memory: 0.00 GB allocated, 0.00 GB reserved
2025-03-10 00:00:28,275 - __main__ - INFO - Starting client training for global round 36
2025-03-10 00:00:28,476 - __main__ - INFO - Average metrics - Train Loss: 1.9290, Train Acc: 0.2073, Val Acc: 0.2073, Test Acc: 0.1891
2025-03-10 00:00:28,476 - __main__ - INFO - Collecting client parameters for aggregation
2025-03-10 00:00:28,519 - __main__ - INFO - Completed global round 36
2025-03-10 00:00:28,521 - __main__ - INFO - Global model - Test Accuracy: 0.3273
2025-03-10 00:00:28,522 - __main__ - INFO - Round 37 - Avg Train Loss: 1.9290, Avg Train Acc: 0.2073, Avg Val Acc: 0.2073, Avg Test Acc: 0.1891, Global Test Acc: 0.3273
2025-03-10 00:00:28,648 - __main__ - INFO - Round 38/50
2025-03-10 00:00:28,648 - __main__ - INFO - CPU Memory Usage: 1.21 GB
2025-03-10 00:00:28,648 - __main__ - INFO - GPU 0 Memory: 0.00 GB allocated, 0.00 GB reserved
2025-03-10 00:00:28,759 - __main__ - INFO - Starting client training for global round 37
2025-03-10 00:00:28,958 - __main__ - INFO - Average metrics - Train Loss: 1.9349, Train Acc: 0.1743, Val Acc: 0.1743, Test Acc: 0.1703
2025-03-10 00:00:28,958 - __main__ - INFO - Collecting client parameters for aggregation
2025-03-10 00:00:29,017 - __main__ - INFO - Completed global round 37
2025-03-10 00:00:29,018 - __main__ - INFO - Global model - Test Accuracy: 0.3091
2025-03-10 00:00:29,019 - __main__ - INFO - Round 38 - Avg Train Loss: 1.9349, Avg Train Acc: 0.1743, Avg Val Acc: 0.1743, Avg Test Acc: 0.1703, Global Test Acc: 0.3091
2025-03-10 00:00:29,146 - __main__ - INFO - Round 39/50
2025-03-10 00:00:29,147 - __main__ - INFO - CPU Memory Usage: 1.21 GB
2025-03-10 00:00:29,147 - __main__ - INFO - GPU 0 Memory: 0.00 GB allocated, 0.00 GB reserved
2025-03-10 00:00:29,259 - __main__ - INFO - Starting client training for global round 38
2025-03-10 00:00:29,461 - __main__ - INFO - Average metrics - Train Loss: 1.9470, Train Acc: 0.1821, Val Acc: 0.1821, Test Acc: 0.1676
2025-03-10 00:00:29,461 - __main__ - INFO - Collecting client parameters for aggregation
2025-03-10 00:00:29,501 - __main__ - INFO - Completed global round 38
2025-03-10 00:00:29,503 - __main__ - INFO - Global model - Test Accuracy: 0.2364
2025-03-10 00:00:29,503 - __main__ - INFO - Round 39 - Avg Train Loss: 1.9470, Avg Train Acc: 0.1821, Avg Val Acc: 0.1821, Avg Test Acc: 0.1676, Global Test Acc: 0.2364
2025-03-10 00:00:29,627 - __main__ - INFO - Round 40/50
2025-03-10 00:00:29,628 - __main__ - INFO - CPU Memory Usage: 1.21 GB
2025-03-10 00:00:29,628 - __main__ - INFO - GPU 0 Memory: 0.00 GB allocated, 0.00 GB reserved
2025-03-10 00:00:29,742 - __main__ - INFO - Starting client training for global round 39
2025-03-10 00:00:29,946 - __main__ - INFO - Average metrics - Train Loss: 1.9697, Train Acc: 0.1567, Val Acc: 0.1567, Test Acc: 0.1524
2025-03-10 00:00:29,946 - __main__ - INFO - Collecting client parameters for aggregation
2025-03-10 00:00:29,998 - __main__ - INFO - Completed global round 39
2025-03-10 00:00:30,000 - __main__ - INFO - Global model - Test Accuracy: 0.2727
2025-03-10 00:00:30,000 - __main__ - INFO - Round 40 - Avg Train Loss: 1.9697, Avg Train Acc: 0.1567, Avg Val Acc: 0.1567, Avg Test Acc: 0.1524, Global Test Acc: 0.2727
2025-03-10 00:00:30,123 - __main__ - INFO - Round 41/50
2025-03-10 00:00:30,123 - __main__ - INFO - CPU Memory Usage: 1.21 GB
2025-03-10 00:00:30,124 - __main__ - INFO - GPU 0 Memory: 0.00 GB allocated, 0.00 GB reserved
2025-03-10 00:00:30,229 - __main__ - INFO - Starting client training for global round 40
2025-03-10 00:00:30,427 - __main__ - INFO - Average metrics - Train Loss: 2.0106, Train Acc: 0.1603, Val Acc: 0.1603, Test Acc: 0.1396
2025-03-10 00:00:30,428 - __main__ - INFO - Collecting client parameters for aggregation
2025-03-10 00:00:30,468 - __main__ - INFO - Completed global round 40
2025-03-10 00:00:30,470 - __main__ - INFO - Global model - Test Accuracy: 0.3091
2025-03-10 00:00:30,470 - __main__ - INFO - Round 41 - Avg Train Loss: 2.0106, Avg Train Acc: 0.1603, Avg Val Acc: 0.1603, Avg Test Acc: 0.1396, Global Test Acc: 0.3091
2025-03-10 00:00:30,595 - __main__ - INFO - Round 42/50
2025-03-10 00:00:30,596 - __main__ - INFO - CPU Memory Usage: 1.21 GB
2025-03-10 00:00:30,596 - __main__ - INFO - GPU 0 Memory: 0.00 GB allocated, 0.00 GB reserved
2025-03-10 00:00:30,709 - __main__ - INFO - Starting client training for global round 41
2025-03-10 00:00:30,907 - __main__ - INFO - Average metrics - Train Loss: 2.0918, Train Acc: 0.1764, Val Acc: 0.1764, Test Acc: 0.1328
2025-03-10 00:00:30,907 - __main__ - INFO - Collecting client parameters for aggregation
2025-03-10 00:00:30,951 - __main__ - INFO - Completed global round 41
2025-03-10 00:00:30,953 - __main__ - INFO - Global model - Test Accuracy: 0.3455
2025-03-10 00:00:30,953 - __main__ - INFO - Round 42 - Avg Train Loss: 2.0918, Avg Train Acc: 0.1764, Avg Val Acc: 0.1764, Avg Test Acc: 0.1328, Global Test Acc: 0.3455
2025-03-10 00:00:31,076 - __main__ - INFO - Round 43/50
2025-03-10 00:00:31,076 - __main__ - INFO - CPU Memory Usage: 1.21 GB
2025-03-10 00:00:31,076 - __main__ - INFO - GPU 0 Memory: 0.00 GB allocated, 0.00 GB reserved
2025-03-10 00:00:31,180 - __main__ - INFO - Starting client training for global round 42
2025-03-10 00:00:31,378 - __main__ - INFO - Average metrics - Train Loss: 2.1194, Train Acc: 0.1670, Val Acc: 0.1670, Test Acc: 0.1307
2025-03-10 00:00:31,378 - __main__ - INFO - Collecting client parameters for aggregation
2025-03-10 00:00:31,422 - __main__ - INFO - Completed global round 42
2025-03-10 00:00:31,424 - __main__ - INFO - Global model - Test Accuracy: 0.2727
2025-03-10 00:00:31,425 - __main__ - INFO - Round 43 - Avg Train Loss: 2.1194, Avg Train Acc: 0.1670, Avg Val Acc: 0.1670, Avg Test Acc: 0.1307, Global Test Acc: 0.2727
2025-03-10 00:00:31,555 - __main__ - INFO - Round 44/50
2025-03-10 00:00:31,555 - __main__ - INFO - CPU Memory Usage: 1.21 GB
2025-03-10 00:00:31,556 - __main__ - INFO - GPU 0 Memory: 0.00 GB allocated, 0.00 GB reserved
2025-03-10 00:00:31,662 - __main__ - INFO - Starting client training for global round 43
2025-03-10 00:00:31,859 - __main__ - INFO - Average metrics - Train Loss: 2.1220, Train Acc: 0.1853, Val Acc: 0.1853, Test Acc: 0.1443
2025-03-10 00:00:31,859 - __main__ - INFO - Collecting client parameters for aggregation
2025-03-10 00:00:31,913 - __main__ - INFO - Completed global round 43
2025-03-10 00:00:31,915 - __main__ - INFO - Global model - Test Accuracy: 0.2545
2025-03-10 00:00:31,916 - __main__ - INFO - Round 44 - Avg Train Loss: 2.1220, Avg Train Acc: 0.1853, Avg Val Acc: 0.1853, Avg Test Acc: 0.1443, Global Test Acc: 0.2545
2025-03-10 00:00:32,040 - __main__ - INFO - Round 45/50
2025-03-10 00:00:32,041 - __main__ - INFO - CPU Memory Usage: 1.21 GB
2025-03-10 00:00:32,041 - __main__ - INFO - GPU 0 Memory: 0.00 GB allocated, 0.00 GB reserved
2025-03-10 00:00:32,154 - __main__ - INFO - Starting client training for global round 44
2025-03-10 00:00:32,353 - __main__ - INFO - Average metrics - Train Loss: 2.1491, Train Acc: 0.1687, Val Acc: 0.1687, Test Acc: 0.1481
2025-03-10 00:00:32,353 - __main__ - INFO - Collecting client parameters for aggregation
2025-03-10 00:00:32,397 - __main__ - INFO - Completed global round 44
2025-03-10 00:00:32,399 - __main__ - INFO - Global model - Test Accuracy: 0.2909
2025-03-10 00:00:32,400 - __main__ - INFO - Round 45 - Avg Train Loss: 2.1491, Avg Train Acc: 0.1687, Avg Val Acc: 0.1687, Avg Test Acc: 0.1481, Global Test Acc: 0.2909
2025-03-10 00:00:32,525 - __main__ - INFO - Round 46/50
2025-03-10 00:00:32,526 - __main__ - INFO - CPU Memory Usage: 1.21 GB
2025-03-10 00:00:32,526 - __main__ - INFO - GPU 0 Memory: 0.00 GB allocated, 0.00 GB reserved
2025-03-10 00:00:32,629 - __main__ - INFO - Starting client training for global round 45
2025-03-10 00:00:32,826 - __main__ - INFO - Average metrics - Train Loss: 2.2394, Train Acc: 0.1726, Val Acc: 0.1726, Test Acc: 0.1449
2025-03-10 00:00:32,826 - __main__ - INFO - Collecting client parameters for aggregation
2025-03-10 00:00:32,870 - __main__ - INFO - Completed global round 45
2025-03-10 00:00:32,872 - __main__ - INFO - Global model - Test Accuracy: 0.2909
2025-03-10 00:00:32,873 - __main__ - INFO - Round 46 - Avg Train Loss: 2.2394, Avg Train Acc: 0.1726, Avg Val Acc: 0.1726, Avg Test Acc: 0.1449, Global Test Acc: 0.2909
2025-03-10 00:00:33,006 - __main__ - INFO - Round 47/50
2025-03-10 00:00:33,006 - __main__ - INFO - CPU Memory Usage: 1.21 GB
2025-03-10 00:00:33,006 - __main__ - INFO - GPU 0 Memory: 0.00 GB allocated, 0.00 GB reserved
2025-03-10 00:00:33,121 - __main__ - INFO - Starting client training for global round 46
2025-03-10 00:00:33,320 - __main__ - INFO - Average metrics - Train Loss: 2.3279, Train Acc: 0.2044, Val Acc: 0.2044, Test Acc: 0.1765
2025-03-10 00:00:33,320 - __main__ - INFO - Collecting client parameters for aggregation
2025-03-10 00:00:33,363 - __main__ - INFO - Completed global round 46
2025-03-10 00:00:33,372 - __main__ - INFO - Global model - Test Accuracy: 0.4182
2025-03-10 00:00:33,372 - __main__ - INFO - Round 47 - Avg Train Loss: 2.3279, Avg Train Acc: 0.2044, Avg Val Acc: 0.2044, Avg Test Acc: 0.1765, Global Test Acc: 0.4182
2025-03-10 00:00:33,495 - __main__ - INFO - Round 48/50
2025-03-10 00:00:33,495 - __main__ - INFO - CPU Memory Usage: 1.21 GB
2025-03-10 00:00:33,495 - __main__ - INFO - GPU 0 Memory: 0.00 GB allocated, 0.00 GB reserved
2025-03-10 00:00:33,597 - __main__ - INFO - Starting client training for global round 47
2025-03-10 00:00:33,797 - __main__ - INFO - Average metrics - Train Loss: 2.3629, Train Acc: 0.2448, Val Acc: 0.2448, Test Acc: 0.1973
2025-03-10 00:00:33,797 - __main__ - INFO - Collecting client parameters for aggregation
2025-03-10 00:00:33,844 - __main__ - INFO - Completed global round 47
2025-03-10 00:00:33,846 - __main__ - INFO - Global model - Test Accuracy: 0.3273
2025-03-10 00:00:33,846 - __main__ - INFO - Round 48 - Avg Train Loss: 2.3629, Avg Train Acc: 0.2448, Avg Val Acc: 0.2448, Avg Test Acc: 0.1973, Global Test Acc: 0.3273
2025-03-10 00:00:33,974 - __main__ - INFO - Round 49/50
2025-03-10 00:00:33,974 - __main__ - INFO - CPU Memory Usage: 1.21 GB
2025-03-10 00:00:33,975 - __main__ - INFO - GPU 0 Memory: 0.00 GB allocated, 0.00 GB reserved
2025-03-10 00:00:34,080 - __main__ - INFO - Starting client training for global round 48
2025-03-10 00:00:34,278 - __main__ - INFO - Average metrics - Train Loss: 2.4223, Train Acc: 0.2261, Val Acc: 0.2261, Test Acc: 0.2049
2025-03-10 00:00:34,278 - __main__ - INFO - Collecting client parameters for aggregation
2025-03-10 00:00:34,327 - __main__ - INFO - Completed global round 48
2025-03-10 00:00:34,329 - __main__ - INFO - Global model - Test Accuracy: 0.4000
2025-03-10 00:00:34,329 - __main__ - INFO - Round 49 - Avg Train Loss: 2.4223, Avg Train Acc: 0.2261, Avg Val Acc: 0.2261, Avg Test Acc: 0.2049, Global Test Acc: 0.4000
2025-03-10 00:00:34,451 - __main__ - INFO - Round 50/50
2025-03-10 00:00:34,451 - __main__ - INFO - CPU Memory Usage: 1.21 GB
2025-03-10 00:00:34,451 - __main__ - INFO - GPU 0 Memory: 0.00 GB allocated, 0.00 GB reserved
2025-03-10 00:00:34,561 - __main__ - INFO - Starting client training for global round 49
2025-03-10 00:00:34,759 - __main__ - INFO - Average metrics - Train Loss: 2.4522, Train Acc: 0.1766, Val Acc: 0.1766, Test Acc: 0.1681
2025-03-10 00:00:34,759 - __main__ - INFO - Collecting client parameters for aggregation
2025-03-10 00:00:34,808 - __main__ - INFO - Completed global round 49
2025-03-10 00:00:34,810 - __main__ - INFO - Global model - Test Accuracy: 0.4364
2025-03-10 00:00:34,810 - __main__ - INFO - Round 50 - Avg Train Loss: 2.4522, Avg Train Acc: 0.1766, Avg Val Acc: 0.1766, Avg Test Acc: 0.1681, Global Test Acc: 0.4364
2025-03-10 00:00:34,955 - __main__ - INFO - Results saved to JSON: results/results_20250309_235324/Citeseer_random_walk_auto/results_Citeseer_random_walk_auto_20250310_000034.json
2025-03-10 00:00:34,956 - __main__ - INFO - Text results saved to: results/results_20250309_235324/Citeseer_random_walk_auto/results_Citeseer_random_walk_auto_20250310_000034.txt
2025-03-10 00:00:34,959 - __main__ - INFO - Rounds data saved to: results/results_20250309_235324/Citeseer_random_walk_auto/rounds_Citeseer_random_walk_auto_20250310_000034.csv
2025-03-10 00:00:34,961 - __main__ - INFO - Summary data saved to: results/results_20250309_235324/Citeseer_random_walk_auto/summary_Citeseer_random_walk_auto_20250310_000034.csv
2025-03-10 00:00:34,961 - __main__ - INFO - Results arrays saved to: results/results_20250309_235324/Citeseer_random_walk_auto/results_arrays_Citeseer_random_walk_auto_20250310_000034.csv
2025-03-10 00:00:34,961 - __main__ - INFO - Training completed successfully
