2025-03-09 23:59:19,529 - __main__ - INFO - Starting enhanced federated learning with Citeseer dataset
2025-03-09 23:59:19,530 - __main__ - INFO - Random seed set to 42
2025-03-09 23:59:19,530 - __main__ - INFO - Using memory-efficient models
2025-03-09 23:59:21,370 - __main__ - INFO - Ray initialized successfully
2025-03-09 23:59:21,370 - __main__ - INFO - Using CPU
2025-03-09 23:59:21,527 - __main__ - INFO - CPU Memory Usage: 0.66 GB
2025-03-09 23:59:21,573 - __main__ - INFO - GPU 0 Memory: 0.00 GB allocated, 0.00 GB reserved
2025-03-09 23:59:21,574 - __main__ - INFO - Loading dataset: Citeseer
2025-03-09 23:59:25,023 - __main__ - INFO - Dataset: Citeseer
2025-03-09 23:59:25,024 - __main__ - INFO - Number of nodes: 3327
2025-03-09 23:59:25,024 - __main__ - INFO - Number of features: 3703
2025-03-09 23:59:25,032 - __main__ - INFO - Number of classes: 6
2025-03-09 23:59:25,032 - __main__ - INFO - Number of edges: 9104
2025-03-09 23:59:25,032 - __main__ - INFO - CPU Memory Usage: 1.08 GB
2025-03-09 23:59:25,033 - __main__ - INFO - GPU 0 Memory: 0.00 GB allocated, 0.00 GB reserved
2025-03-09 23:59:25,039 - __main__ - INFO - Using standard GCN model for citeseer
2025-03-09 23:59:25,071 - __main__ - INFO - Global model type: EnhancedGCN
2025-03-09 23:59:25,071 - __main__ - INFO - Total model parameters: 59398
2025-03-09 23:59:25,071 - __main__ - INFO - Training for 50 rounds with 3 local epochs per round
2025-03-09 23:59:25,078 - __main__ - INFO - Initializing 10 clients with 2 epochs per round
2025-03-09 23:59:25,244 - __main__ - INFO - Initialized 10 clients
2025-03-09 23:59:25,247 - __main__ - INFO - Starting federated training for 50 rounds
2025-03-09 23:59:25,247 - __main__ - INFO - Round 1/50
2025-03-09 23:59:25,247 - __main__ - INFO - CPU Memory Usage: 1.18 GB
2025-03-09 23:59:25,248 - __main__ - INFO - GPU 0 Memory: 0.00 GB allocated, 0.00 GB reserved
2025-03-09 23:59:25,427 - __main__ - INFO - Starting client training for global round 0
2025-03-09 23:59:28,586 - __main__ - INFO - Average metrics - Train Loss: 1.7497, Train Acc: 0.7347, Val Acc: 0.7347, Test Acc: 0.7150
2025-03-09 23:59:28,586 - __main__ - INFO - Collecting client parameters for aggregation
2025-03-09 23:59:28,637 - __main__ - INFO - Completed global round 0
2025-03-09 23:59:28,641 - __main__ - INFO - Global model - Test Accuracy: 0.0000
2025-03-09 23:59:28,641 - __main__ - INFO - Round 1 - Avg Train Loss: 1.7497, Avg Train Acc: 0.7347, Avg Val Acc: 0.7347, Avg Test Acc: 0.7150, Global Test Acc: 0.0000
2025-03-09 23:59:28,770 - __main__ - INFO - Round 2/50
2025-03-09 23:59:28,770 - __main__ - INFO - CPU Memory Usage: 1.19 GB
2025-03-09 23:59:28,771 - __main__ - INFO - GPU 0 Memory: 0.00 GB allocated, 0.00 GB reserved
2025-03-09 23:59:28,881 - __main__ - INFO - Starting client training for global round 1
2025-03-09 23:59:29,079 - __main__ - INFO - Average metrics - Train Loss: 1.7650, Train Acc: 0.7444, Val Acc: 0.7444, Test Acc: 0.7097
2025-03-09 23:59:29,079 - __main__ - INFO - Collecting client parameters for aggregation
2025-03-09 23:59:29,120 - __main__ - INFO - Completed global round 1
2025-03-09 23:59:29,123 - __main__ - INFO - Global model - Test Accuracy: 0.0000
2025-03-09 23:59:29,123 - __main__ - INFO - Round 2 - Avg Train Loss: 1.7650, Avg Train Acc: 0.7444, Avg Val Acc: 0.7444, Avg Test Acc: 0.7097, Global Test Acc: 0.0000
2025-03-09 23:59:29,248 - __main__ - INFO - Round 3/50
2025-03-09 23:59:29,248 - __main__ - INFO - CPU Memory Usage: 1.19 GB
2025-03-09 23:59:29,249 - __main__ - INFO - GPU 0 Memory: 0.00 GB allocated, 0.00 GB reserved
2025-03-09 23:59:29,354 - __main__ - INFO - Starting client training for global round 2
2025-03-09 23:59:29,551 - __main__ - INFO - Average metrics - Train Loss: 1.7631, Train Acc: 0.7152, Val Acc: 0.7152, Test Acc: 0.6905
2025-03-09 23:59:29,551 - __main__ - INFO - Collecting client parameters for aggregation
2025-03-09 23:59:29,607 - __main__ - INFO - Completed global round 2
2025-03-09 23:59:29,609 - __main__ - INFO - Global model - Test Accuracy: 0.0000
2025-03-09 23:59:29,609 - __main__ - INFO - Round 3 - Avg Train Loss: 1.7631, Avg Train Acc: 0.7152, Avg Val Acc: 0.7152, Avg Test Acc: 0.6905, Global Test Acc: 0.0000
2025-03-09 23:59:29,736 - __main__ - INFO - Round 4/50
2025-03-09 23:59:29,737 - __main__ - INFO - CPU Memory Usage: 1.19 GB
2025-03-09 23:59:29,737 - __main__ - INFO - GPU 0 Memory: 0.00 GB allocated, 0.00 GB reserved
2025-03-09 23:59:29,838 - __main__ - INFO - Starting client training for global round 3
2025-03-09 23:59:30,047 - __main__ - INFO - Average metrics - Train Loss: 1.7621, Train Acc: 0.7152, Val Acc: 0.7152, Test Acc: 0.6920
2025-03-09 23:59:30,047 - __main__ - INFO - Collecting client parameters for aggregation
2025-03-09 23:59:30,092 - __main__ - INFO - Completed global round 3
2025-03-09 23:59:30,098 - __main__ - INFO - Global model - Test Accuracy: 0.0000
2025-03-09 23:59:30,098 - __main__ - INFO - Round 4 - Avg Train Loss: 1.7621, Avg Train Acc: 0.7152, Avg Val Acc: 0.7152, Avg Test Acc: 0.6920, Global Test Acc: 0.0000
2025-03-09 23:59:30,223 - __main__ - INFO - Round 5/50
2025-03-09 23:59:30,224 - __main__ - INFO - CPU Memory Usage: 1.19 GB
2025-03-09 23:59:30,224 - __main__ - INFO - GPU 0 Memory: 0.00 GB allocated, 0.00 GB reserved
2025-03-09 23:59:30,338 - __main__ - INFO - Starting client training for global round 4
2025-03-09 23:59:30,539 - __main__ - INFO - Average metrics - Train Loss: 1.7613, Train Acc: 0.7092, Val Acc: 0.7092, Test Acc: 0.6951
2025-03-09 23:59:30,539 - __main__ - INFO - Collecting client parameters for aggregation
2025-03-09 23:59:30,686 - __main__ - INFO - Completed global round 4
2025-03-09 23:59:30,709 - __main__ - INFO - Global model - Test Accuracy: 0.0000
2025-03-09 23:59:30,709 - __main__ - INFO - Round 5 - Avg Train Loss: 1.7613, Avg Train Acc: 0.7092, Avg Val Acc: 0.7092, Avg Test Acc: 0.6951, Global Test Acc: 0.0000
2025-03-09 23:59:30,831 - __main__ - INFO - Round 6/50
2025-03-09 23:59:30,831 - __main__ - INFO - CPU Memory Usage: 1.19 GB
2025-03-09 23:59:30,832 - __main__ - INFO - GPU 0 Memory: 0.00 GB allocated, 0.00 GB reserved
2025-03-09 23:59:30,944 - __main__ - INFO - Starting client training for global round 5
2025-03-09 23:59:31,143 - __main__ - INFO - Average metrics - Train Loss: 1.7605, Train Acc: 0.7038, Val Acc: 0.7038, Test Acc: 0.6761
2025-03-09 23:59:31,143 - __main__ - INFO - Collecting client parameters for aggregation
2025-03-09 23:59:31,196 - __main__ - INFO - Completed global round 5
2025-03-09 23:59:31,206 - __main__ - INFO - Global model - Test Accuracy: 0.0000
2025-03-09 23:59:31,206 - __main__ - INFO - Round 6 - Avg Train Loss: 1.7605, Avg Train Acc: 0.7038, Avg Val Acc: 0.7038, Avg Test Acc: 0.6761, Global Test Acc: 0.0000
2025-03-09 23:59:31,335 - __main__ - INFO - Round 7/50
2025-03-09 23:59:31,336 - __main__ - INFO - CPU Memory Usage: 1.19 GB
2025-03-09 23:59:31,336 - __main__ - INFO - GPU 0 Memory: 0.00 GB allocated, 0.00 GB reserved
2025-03-09 23:59:31,442 - __main__ - INFO - Starting client training for global round 6
2025-03-09 23:59:31,639 - __main__ - INFO - Average metrics - Train Loss: 1.7595, Train Acc: 0.7015, Val Acc: 0.7015, Test Acc: 0.6804
2025-03-09 23:59:31,639 - __main__ - INFO - Collecting client parameters for aggregation
2025-03-09 23:59:31,682 - __main__ - INFO - Completed global round 6
2025-03-09 23:59:31,684 - __main__ - INFO - Global model - Test Accuracy: 0.0000
2025-03-09 23:59:31,684 - __main__ - INFO - Round 7 - Avg Train Loss: 1.7595, Avg Train Acc: 0.7015, Avg Val Acc: 0.7015, Avg Test Acc: 0.6804, Global Test Acc: 0.0000
2025-03-09 23:59:31,809 - __main__ - INFO - Round 8/50
2025-03-09 23:59:31,810 - __main__ - INFO - CPU Memory Usage: 1.19 GB
2025-03-09 23:59:31,810 - __main__ - INFO - GPU 0 Memory: 0.00 GB allocated, 0.00 GB reserved
2025-03-09 23:59:31,915 - __main__ - INFO - Starting client training for global round 7
2025-03-09 23:59:32,113 - __main__ - INFO - Average metrics - Train Loss: 1.7587, Train Acc: 0.6868, Val Acc: 0.6868, Test Acc: 0.6596
2025-03-09 23:59:32,113 - __main__ - INFO - Collecting client parameters for aggregation
2025-03-09 23:59:32,163 - __main__ - INFO - Completed global round 7
2025-03-09 23:59:32,170 - __main__ - INFO - Global model - Test Accuracy: 0.0000
2025-03-09 23:59:32,170 - __main__ - INFO - Round 8 - Avg Train Loss: 1.7587, Avg Train Acc: 0.6868, Avg Val Acc: 0.6868, Avg Test Acc: 0.6596, Global Test Acc: 0.0000
2025-03-09 23:59:32,297 - __main__ - INFO - Round 9/50
2025-03-09 23:59:32,298 - __main__ - INFO - CPU Memory Usage: 1.19 GB
2025-03-09 23:59:32,298 - __main__ - INFO - GPU 0 Memory: 0.00 GB allocated, 0.00 GB reserved
2025-03-09 23:59:32,411 - __main__ - INFO - Starting client training for global round 8
2025-03-09 23:59:32,606 - __main__ - INFO - Average metrics - Train Loss: 1.7570, Train Acc: 0.6727, Val Acc: 0.6727, Test Acc: 0.6414
2025-03-09 23:59:32,606 - __main__ - INFO - Collecting client parameters for aggregation
2025-03-09 23:59:32,647 - __main__ - INFO - Completed global round 8
2025-03-09 23:59:32,649 - __main__ - INFO - Global model - Test Accuracy: 0.0000
2025-03-09 23:59:32,649 - __main__ - INFO - Round 9 - Avg Train Loss: 1.7570, Avg Train Acc: 0.6727, Avg Val Acc: 0.6727, Avg Test Acc: 0.6414, Global Test Acc: 0.0000
2025-03-09 23:59:32,774 - __main__ - INFO - Round 10/50
2025-03-09 23:59:32,774 - __main__ - INFO - CPU Memory Usage: 1.19 GB
2025-03-09 23:59:32,775 - __main__ - INFO - GPU 0 Memory: 0.00 GB allocated, 0.00 GB reserved
2025-03-09 23:59:32,879 - __main__ - INFO - Starting client training for global round 9
2025-03-09 23:59:33,076 - __main__ - INFO - Average metrics - Train Loss: 1.7550, Train Acc: 0.6631, Val Acc: 0.6631, Test Acc: 0.6326
2025-03-09 23:59:33,076 - __main__ - INFO - Collecting client parameters for aggregation
2025-03-09 23:59:33,117 - __main__ - INFO - Completed global round 9
2025-03-09 23:59:33,140 - __main__ - INFO - Global model - Test Accuracy: 0.0000
2025-03-09 23:59:33,141 - __main__ - INFO - Round 10 - Avg Train Loss: 1.7550, Avg Train Acc: 0.6631, Avg Val Acc: 0.6631, Avg Test Acc: 0.6326, Global Test Acc: 0.0000
2025-03-09 23:59:33,267 - __main__ - INFO - Round 11/50
2025-03-09 23:59:33,267 - __main__ - INFO - CPU Memory Usage: 1.19 GB
2025-03-09 23:59:33,267 - __main__ - INFO - GPU 0 Memory: 0.00 GB allocated, 0.00 GB reserved
2025-03-09 23:59:33,381 - __main__ - INFO - Starting client training for global round 10
2025-03-09 23:59:33,577 - __main__ - INFO - Average metrics - Train Loss: 1.7554, Train Acc: 0.5973, Val Acc: 0.5973, Test Acc: 0.5861
2025-03-09 23:59:33,577 - __main__ - INFO - Collecting client parameters for aggregation
2025-03-09 23:59:33,633 - __main__ - INFO - Completed global round 10
2025-03-09 23:59:33,635 - __main__ - INFO - Global model - Test Accuracy: 0.0000
2025-03-09 23:59:33,635 - __main__ - INFO - Round 11 - Avg Train Loss: 1.7554, Avg Train Acc: 0.5973, Avg Val Acc: 0.5973, Avg Test Acc: 0.5861, Global Test Acc: 0.0000
2025-03-09 23:59:33,762 - __main__ - INFO - Round 12/50
2025-03-09 23:59:33,762 - __main__ - INFO - CPU Memory Usage: 1.19 GB
2025-03-09 23:59:33,763 - __main__ - INFO - GPU 0 Memory: 0.00 GB allocated, 0.00 GB reserved
2025-03-09 23:59:33,868 - __main__ - INFO - Starting client training for global round 11
2025-03-09 23:59:34,064 - __main__ - INFO - Average metrics - Train Loss: 1.7542, Train Acc: 0.5678, Val Acc: 0.5678, Test Acc: 0.5681
2025-03-09 23:59:34,065 - __main__ - INFO - Collecting client parameters for aggregation
2025-03-09 23:59:34,111 - __main__ - INFO - Completed global round 11
2025-03-09 23:59:34,121 - __main__ - INFO - Global model - Test Accuracy: 0.0000
2025-03-09 23:59:34,121 - __main__ - INFO - Round 12 - Avg Train Loss: 1.7542, Avg Train Acc: 0.5678, Avg Val Acc: 0.5678, Avg Test Acc: 0.5681, Global Test Acc: 0.0000
2025-03-09 23:59:34,250 - __main__ - INFO - Round 13/50
2025-03-09 23:59:34,251 - __main__ - INFO - CPU Memory Usage: 1.19 GB
2025-03-09 23:59:34,251 - __main__ - INFO - GPU 0 Memory: 0.00 GB allocated, 0.00 GB reserved
2025-03-09 23:59:34,362 - __main__ - INFO - Starting client training for global round 12
2025-03-09 23:59:34,560 - __main__ - INFO - Average metrics - Train Loss: 1.7545, Train Acc: 0.5423, Val Acc: 0.5423, Test Acc: 0.5366
2025-03-09 23:59:34,560 - __main__ - INFO - Collecting client parameters for aggregation
2025-03-09 23:59:34,609 - __main__ - INFO - Completed global round 12
2025-03-09 23:59:34,613 - __main__ - INFO - Global model - Test Accuracy: 0.0000
2025-03-09 23:59:34,613 - __main__ - INFO - Round 13 - Avg Train Loss: 1.7545, Avg Train Acc: 0.5423, Avg Val Acc: 0.5423, Avg Test Acc: 0.5366, Global Test Acc: 0.0000
2025-03-09 23:59:34,735 - __main__ - INFO - Round 14/50
2025-03-09 23:59:34,736 - __main__ - INFO - CPU Memory Usage: 1.19 GB
2025-03-09 23:59:34,736 - __main__ - INFO - GPU 0 Memory: 0.00 GB allocated, 0.00 GB reserved
2025-03-09 23:59:34,843 - __main__ - INFO - Starting client training for global round 13
2025-03-09 23:59:35,039 - __main__ - INFO - Average metrics - Train Loss: 1.7545, Train Acc: 0.5120, Val Acc: 0.5120, Test Acc: 0.5186
2025-03-09 23:59:35,040 - __main__ - INFO - Collecting client parameters for aggregation
2025-03-09 23:59:35,098 - __main__ - INFO - Completed global round 13
2025-03-09 23:59:35,102 - __main__ - INFO - Global model - Test Accuracy: 0.0000
2025-03-09 23:59:35,102 - __main__ - INFO - Round 14 - Avg Train Loss: 1.7545, Avg Train Acc: 0.5120, Avg Val Acc: 0.5120, Avg Test Acc: 0.5186, Global Test Acc: 0.0000
2025-03-09 23:59:35,226 - __main__ - INFO - Round 15/50
2025-03-09 23:59:35,227 - __main__ - INFO - CPU Memory Usage: 1.19 GB
2025-03-09 23:59:35,227 - __main__ - INFO - GPU 0 Memory: 0.00 GB allocated, 0.00 GB reserved
2025-03-09 23:59:35,331 - __main__ - INFO - Starting client training for global round 14
2025-03-09 23:59:35,534 - __main__ - INFO - Average metrics - Train Loss: 1.7548, Train Acc: 0.4529, Val Acc: 0.4529, Test Acc: 0.4831
2025-03-09 23:59:35,534 - __main__ - INFO - Collecting client parameters for aggregation
2025-03-09 23:59:35,584 - __main__ - INFO - Completed global round 14
2025-03-09 23:59:35,586 - __main__ - INFO - Global model - Test Accuracy: 0.0000
2025-03-09 23:59:35,586 - __main__ - INFO - Round 15 - Avg Train Loss: 1.7548, Avg Train Acc: 0.4529, Avg Val Acc: 0.4529, Avg Test Acc: 0.4831, Global Test Acc: 0.0000
2025-03-09 23:59:35,708 - __main__ - INFO - Round 16/50
2025-03-09 23:59:35,709 - __main__ - INFO - CPU Memory Usage: 1.19 GB
2025-03-09 23:59:35,709 - __main__ - INFO - GPU 0 Memory: 0.00 GB allocated, 0.00 GB reserved
2025-03-09 23:59:35,831 - __main__ - INFO - Starting client training for global round 15
2025-03-09 23:59:36,029 - __main__ - INFO - Average metrics - Train Loss: 1.7538, Train Acc: 0.4420, Val Acc: 0.4420, Test Acc: 0.4809
2025-03-09 23:59:36,029 - __main__ - INFO - Collecting client parameters for aggregation
2025-03-09 23:59:36,086 - __main__ - INFO - Completed global round 15
2025-03-09 23:59:36,133 - __main__ - INFO - Global model - Test Accuracy: 0.0000
2025-03-09 23:59:36,133 - __main__ - INFO - Round 16 - Avg Train Loss: 1.7538, Avg Train Acc: 0.4420, Avg Val Acc: 0.4420, Avg Test Acc: 0.4809, Global Test Acc: 0.0000
2025-03-09 23:59:36,259 - __main__ - INFO - Round 17/50
2025-03-09 23:59:36,259 - __main__ - INFO - CPU Memory Usage: 1.19 GB
2025-03-09 23:59:36,260 - __main__ - INFO - GPU 0 Memory: 0.00 GB allocated, 0.00 GB reserved
2025-03-09 23:59:36,373 - __main__ - INFO - Starting client training for global round 16
2025-03-09 23:59:36,573 - __main__ - INFO - Average metrics - Train Loss: 1.7533, Train Acc: 0.4326, Val Acc: 0.4326, Test Acc: 0.4548
2025-03-09 23:59:36,573 - __main__ - INFO - Collecting client parameters for aggregation
2025-03-09 23:59:36,612 - __main__ - INFO - Completed global round 16
2025-03-09 23:59:36,614 - __main__ - INFO - Global model - Test Accuracy: 0.0182
2025-03-09 23:59:36,614 - __main__ - INFO - Round 17 - Avg Train Loss: 1.7533, Avg Train Acc: 0.4326, Avg Val Acc: 0.4326, Avg Test Acc: 0.4548, Global Test Acc: 0.0182
2025-03-09 23:59:36,744 - __main__ - INFO - Round 18/50
2025-03-09 23:59:36,744 - __main__ - INFO - CPU Memory Usage: 1.19 GB
2025-03-09 23:59:36,744 - __main__ - INFO - GPU 0 Memory: 0.00 GB allocated, 0.00 GB reserved
2025-03-09 23:59:36,852 - __main__ - INFO - Starting client training for global round 17
2025-03-09 23:59:37,050 - __main__ - INFO - Average metrics - Train Loss: 1.7547, Train Acc: 0.4335, Val Acc: 0.4335, Test Acc: 0.4552
2025-03-09 23:59:37,050 - __main__ - INFO - Collecting client parameters for aggregation
2025-03-09 23:59:37,096 - __main__ - INFO - Completed global round 17
2025-03-09 23:59:37,098 - __main__ - INFO - Global model - Test Accuracy: 0.0364
2025-03-09 23:59:37,098 - __main__ - INFO - Round 18 - Avg Train Loss: 1.7547, Avg Train Acc: 0.4335, Avg Val Acc: 0.4335, Avg Test Acc: 0.4552, Global Test Acc: 0.0364
2025-03-09 23:59:37,226 - __main__ - INFO - Round 19/50
2025-03-09 23:59:37,227 - __main__ - INFO - CPU Memory Usage: 1.19 GB
2025-03-09 23:59:37,227 - __main__ - INFO - GPU 0 Memory: 0.00 GB allocated, 0.00 GB reserved
2025-03-09 23:59:37,341 - __main__ - INFO - Starting client training for global round 18
2025-03-09 23:59:37,537 - __main__ - INFO - Average metrics - Train Loss: 1.7570, Train Acc: 0.4448, Val Acc: 0.4448, Test Acc: 0.4612
2025-03-09 23:59:37,538 - __main__ - INFO - Collecting client parameters for aggregation
2025-03-09 23:59:37,588 - __main__ - INFO - Completed global round 18
2025-03-09 23:59:37,590 - __main__ - INFO - Global model - Test Accuracy: 0.0727
2025-03-09 23:59:37,590 - __main__ - INFO - Round 19 - Avg Train Loss: 1.7570, Avg Train Acc: 0.4448, Avg Val Acc: 0.4448, Avg Test Acc: 0.4612, Global Test Acc: 0.0727
2025-03-09 23:59:37,716 - __main__ - INFO - Round 20/50
2025-03-09 23:59:37,716 - __main__ - INFO - CPU Memory Usage: 1.19 GB
2025-03-09 23:59:37,717 - __main__ - INFO - GPU 0 Memory: 0.00 GB allocated, 0.00 GB reserved
2025-03-09 23:59:37,823 - __main__ - INFO - Starting client training for global round 19
2025-03-09 23:59:38,020 - __main__ - INFO - Average metrics - Train Loss: 1.7580, Train Acc: 0.3957, Val Acc: 0.3957, Test Acc: 0.4208
2025-03-09 23:59:38,021 - __main__ - INFO - Collecting client parameters for aggregation
2025-03-09 23:59:38,069 - __main__ - INFO - Completed global round 19
2025-03-09 23:59:38,080 - __main__ - INFO - Global model - Test Accuracy: 0.0727
2025-03-09 23:59:38,080 - __main__ - INFO - Round 20 - Avg Train Loss: 1.7580, Avg Train Acc: 0.3957, Avg Val Acc: 0.3957, Avg Test Acc: 0.4208, Global Test Acc: 0.0727
2025-03-09 23:59:38,208 - __main__ - INFO - Round 21/50
2025-03-09 23:59:38,208 - __main__ - INFO - CPU Memory Usage: 1.19 GB
2025-03-09 23:59:38,209 - __main__ - INFO - GPU 0 Memory: 0.00 GB allocated, 0.00 GB reserved
2025-03-09 23:59:38,315 - __main__ - INFO - Starting client training for global round 20
2025-03-09 23:59:38,513 - __main__ - INFO - Average metrics - Train Loss: 1.7605, Train Acc: 0.3614, Val Acc: 0.3614, Test Acc: 0.3837
2025-03-09 23:59:38,513 - __main__ - INFO - Collecting client parameters for aggregation
2025-03-09 23:59:38,556 - __main__ - INFO - Completed global round 20
2025-03-09 23:59:38,558 - __main__ - INFO - Global model - Test Accuracy: 0.0545
2025-03-09 23:59:38,558 - __main__ - INFO - Round 21 - Avg Train Loss: 1.7605, Avg Train Acc: 0.3614, Avg Val Acc: 0.3614, Avg Test Acc: 0.3837, Global Test Acc: 0.0545
2025-03-09 23:59:38,679 - __main__ - INFO - Round 22/50
2025-03-09 23:59:38,679 - __main__ - INFO - CPU Memory Usage: 1.19 GB
2025-03-09 23:59:38,679 - __main__ - INFO - GPU 0 Memory: 0.00 GB allocated, 0.00 GB reserved
2025-03-09 23:59:38,789 - __main__ - INFO - Starting client training for global round 21
2025-03-09 23:59:38,987 - __main__ - INFO - Average metrics - Train Loss: 1.7640, Train Acc: 0.3035, Val Acc: 0.3035, Test Acc: 0.3359
2025-03-09 23:59:38,987 - __main__ - INFO - Collecting client parameters for aggregation
2025-03-09 23:59:39,027 - __main__ - INFO - Completed global round 21
2025-03-09 23:59:39,029 - __main__ - INFO - Global model - Test Accuracy: 0.0727
2025-03-09 23:59:39,029 - __main__ - INFO - Round 22 - Avg Train Loss: 1.7640, Avg Train Acc: 0.3035, Avg Val Acc: 0.3035, Avg Test Acc: 0.3359, Global Test Acc: 0.0727
2025-03-09 23:59:39,151 - __main__ - INFO - Round 23/50
2025-03-09 23:59:39,152 - __main__ - INFO - CPU Memory Usage: 1.19 GB
2025-03-09 23:59:39,152 - __main__ - INFO - GPU 0 Memory: 0.00 GB allocated, 0.00 GB reserved
2025-03-09 23:59:39,258 - __main__ - INFO - Starting client training for global round 22
2025-03-09 23:59:39,453 - __main__ - INFO - Average metrics - Train Loss: 1.7678, Train Acc: 0.3170, Val Acc: 0.3170, Test Acc: 0.3204
2025-03-09 23:59:39,453 - __main__ - INFO - Collecting client parameters for aggregation
2025-03-09 23:59:39,499 - __main__ - INFO - Completed global round 22
2025-03-09 23:59:39,501 - __main__ - INFO - Global model - Test Accuracy: 0.2182
2025-03-09 23:59:39,501 - __main__ - INFO - Round 23 - Avg Train Loss: 1.7678, Avg Train Acc: 0.3170, Avg Val Acc: 0.3170, Avg Test Acc: 0.3204, Global Test Acc: 0.2182
2025-03-09 23:59:39,624 - __main__ - INFO - Round 24/50
2025-03-09 23:59:39,625 - __main__ - INFO - CPU Memory Usage: 1.19 GB
2025-03-09 23:59:39,625 - __main__ - INFO - GPU 0 Memory: 0.00 GB allocated, 0.00 GB reserved
2025-03-09 23:59:39,736 - __main__ - INFO - Starting client training for global round 23
2025-03-09 23:59:39,936 - __main__ - INFO - Average metrics - Train Loss: 1.7738, Train Acc: 0.2945, Val Acc: 0.2945, Test Acc: 0.3195
2025-03-09 23:59:39,937 - __main__ - INFO - Collecting client parameters for aggregation
2025-03-09 23:59:39,988 - __main__ - INFO - Completed global round 23
2025-03-09 23:59:39,990 - __main__ - INFO - Global model - Test Accuracy: 0.3818
2025-03-09 23:59:39,990 - __main__ - INFO - Round 24 - Avg Train Loss: 1.7738, Avg Train Acc: 0.2945, Avg Val Acc: 0.2945, Avg Test Acc: 0.3195, Global Test Acc: 0.3818
2025-03-09 23:59:40,112 - __main__ - INFO - Round 25/50
2025-03-09 23:59:40,112 - __main__ - INFO - CPU Memory Usage: 1.19 GB
2025-03-09 23:59:40,113 - __main__ - INFO - GPU 0 Memory: 0.00 GB allocated, 0.00 GB reserved
2025-03-09 23:59:40,219 - __main__ - INFO - Starting client training for global round 24
2025-03-09 23:59:40,418 - __main__ - INFO - Average metrics - Train Loss: 1.7793, Train Acc: 0.2674, Val Acc: 0.2674, Test Acc: 0.2856
2025-03-09 23:59:40,418 - __main__ - INFO - Collecting client parameters for aggregation
2025-03-09 23:59:40,478 - __main__ - INFO - Completed global round 24
2025-03-09 23:59:40,483 - __main__ - INFO - Global model - Test Accuracy: 0.3455
2025-03-09 23:59:40,483 - __main__ - INFO - Round 25 - Avg Train Loss: 1.7793, Avg Train Acc: 0.2674, Avg Val Acc: 0.2674, Avg Test Acc: 0.2856, Global Test Acc: 0.3455
2025-03-09 23:59:40,615 - __main__ - INFO - Round 26/50
2025-03-09 23:59:40,615 - __main__ - INFO - CPU Memory Usage: 1.19 GB
2025-03-09 23:59:40,616 - __main__ - INFO - GPU 0 Memory: 0.00 GB allocated, 0.00 GB reserved
2025-03-09 23:59:40,726 - __main__ - INFO - Starting client training for global round 25
2025-03-09 23:59:40,926 - __main__ - INFO - Average metrics - Train Loss: 1.7867, Train Acc: 0.2550, Val Acc: 0.2550, Test Acc: 0.2572
2025-03-09 23:59:40,926 - __main__ - INFO - Collecting client parameters for aggregation
2025-03-09 23:59:40,970 - __main__ - INFO - Completed global round 25
2025-03-09 23:59:41,029 - __main__ - INFO - Global model - Test Accuracy: 0.4000
2025-03-09 23:59:41,029 - __main__ - INFO - Round 26 - Avg Train Loss: 1.7867, Avg Train Acc: 0.2550, Avg Val Acc: 0.2550, Avg Test Acc: 0.2572, Global Test Acc: 0.4000
2025-03-09 23:59:41,156 - __main__ - INFO - Round 27/50
2025-03-09 23:59:41,156 - __main__ - INFO - CPU Memory Usage: 1.19 GB
2025-03-09 23:59:41,157 - __main__ - INFO - GPU 0 Memory: 0.00 GB allocated, 0.00 GB reserved
2025-03-09 23:59:41,276 - __main__ - INFO - Starting client training for global round 26
2025-03-09 23:59:41,474 - __main__ - INFO - Average metrics - Train Loss: 1.7900, Train Acc: 0.2293, Val Acc: 0.2293, Test Acc: 0.2427
2025-03-09 23:59:41,474 - __main__ - INFO - Collecting client parameters for aggregation
2025-03-09 23:59:41,520 - __main__ - INFO - Completed global round 26
2025-03-09 23:59:41,522 - __main__ - INFO - Global model - Test Accuracy: 0.4000
2025-03-09 23:59:41,522 - __main__ - INFO - Round 27 - Avg Train Loss: 1.7900, Avg Train Acc: 0.2293, Avg Val Acc: 0.2293, Avg Test Acc: 0.2427, Global Test Acc: 0.4000
2025-03-09 23:59:41,647 - __main__ - INFO - Round 28/50
2025-03-09 23:59:41,648 - __main__ - INFO - CPU Memory Usage: 1.19 GB
2025-03-09 23:59:41,648 - __main__ - INFO - GPU 0 Memory: 0.00 GB allocated, 0.00 GB reserved
2025-03-09 23:59:41,756 - __main__ - INFO - Starting client training for global round 27
2025-03-09 23:59:41,951 - __main__ - INFO - Average metrics - Train Loss: 1.7938, Train Acc: 0.2239, Val Acc: 0.2239, Test Acc: 0.2286
2025-03-09 23:59:41,951 - __main__ - INFO - Collecting client parameters for aggregation
2025-03-09 23:59:41,990 - __main__ - INFO - Completed global round 27
2025-03-09 23:59:41,992 - __main__ - INFO - Global model - Test Accuracy: 0.3455
2025-03-09 23:59:41,992 - __main__ - INFO - Round 28 - Avg Train Loss: 1.7938, Avg Train Acc: 0.2239, Avg Val Acc: 0.2239, Avg Test Acc: 0.2286, Global Test Acc: 0.3455
2025-03-09 23:59:42,124 - __main__ - INFO - Round 29/50
2025-03-09 23:59:42,124 - __main__ - INFO - CPU Memory Usage: 1.19 GB
2025-03-09 23:59:42,124 - __main__ - INFO - GPU 0 Memory: 0.00 GB allocated, 0.00 GB reserved
2025-03-09 23:59:42,237 - __main__ - INFO - Starting client training for global round 28
2025-03-09 23:59:42,435 - __main__ - INFO - Average metrics - Train Loss: 1.8031, Train Acc: 0.2188, Val Acc: 0.2188, Test Acc: 0.2231
2025-03-09 23:59:42,435 - __main__ - INFO - Collecting client parameters for aggregation
2025-03-09 23:59:42,474 - __main__ - INFO - Completed global round 28
2025-03-09 23:59:42,476 - __main__ - INFO - Global model - Test Accuracy: 0.3636
2025-03-09 23:59:42,476 - __main__ - INFO - Round 29 - Avg Train Loss: 1.8031, Avg Train Acc: 0.2188, Avg Val Acc: 0.2188, Avg Test Acc: 0.2231, Global Test Acc: 0.3636
2025-03-09 23:59:42,601 - __main__ - INFO - Round 30/50
2025-03-09 23:59:42,601 - __main__ - INFO - CPU Memory Usage: 1.19 GB
2025-03-09 23:59:42,601 - __main__ - INFO - GPU 0 Memory: 0.00 GB allocated, 0.00 GB reserved
2025-03-09 23:59:42,713 - __main__ - INFO - Starting client training for global round 29
2025-03-09 23:59:42,911 - __main__ - INFO - Average metrics - Train Loss: 1.8184, Train Acc: 0.2184, Val Acc: 0.2184, Test Acc: 0.1966
2025-03-09 23:59:42,911 - __main__ - INFO - Collecting client parameters for aggregation
2025-03-09 23:59:42,958 - __main__ - INFO - Completed global round 29
2025-03-09 23:59:42,960 - __main__ - INFO - Global model - Test Accuracy: 0.3818
2025-03-09 23:59:42,960 - __main__ - INFO - Round 30 - Avg Train Loss: 1.8184, Avg Train Acc: 0.2184, Avg Val Acc: 0.2184, Avg Test Acc: 0.1966, Global Test Acc: 0.3818
2025-03-09 23:59:43,086 - __main__ - INFO - Round 31/50
2025-03-09 23:59:43,087 - __main__ - INFO - CPU Memory Usage: 1.19 GB
2025-03-09 23:59:43,087 - __main__ - INFO - GPU 0 Memory: 0.00 GB allocated, 0.00 GB reserved
2025-03-09 23:59:43,195 - __main__ - INFO - Starting client training for global round 30
2025-03-09 23:59:43,394 - __main__ - INFO - Average metrics - Train Loss: 1.8265, Train Acc: 0.1875, Val Acc: 0.1875, Test Acc: 0.1888
2025-03-09 23:59:43,394 - __main__ - INFO - Collecting client parameters for aggregation
2025-03-09 23:59:43,443 - __main__ - INFO - Completed global round 30
2025-03-09 23:59:43,453 - __main__ - INFO - Global model - Test Accuracy: 0.4000
2025-03-09 23:59:43,453 - __main__ - INFO - Round 31 - Avg Train Loss: 1.8265, Avg Train Acc: 0.1875, Avg Val Acc: 0.1875, Avg Test Acc: 0.1888, Global Test Acc: 0.4000
2025-03-09 23:59:43,575 - __main__ - INFO - Round 32/50
2025-03-09 23:59:43,576 - __main__ - INFO - CPU Memory Usage: 1.19 GB
2025-03-09 23:59:43,576 - __main__ - INFO - GPU 0 Memory: 0.00 GB allocated, 0.00 GB reserved
2025-03-09 23:59:43,684 - __main__ - INFO - Starting client training for global round 31
2025-03-09 23:59:43,880 - __main__ - INFO - Average metrics - Train Loss: 1.8308, Train Acc: 0.1881, Val Acc: 0.1881, Test Acc: 0.2087
2025-03-09 23:59:43,880 - __main__ - INFO - Collecting client parameters for aggregation
2025-03-09 23:59:43,932 - __main__ - INFO - Completed global round 31
2025-03-09 23:59:43,935 - __main__ - INFO - Global model - Test Accuracy: 0.3273
2025-03-09 23:59:43,935 - __main__ - INFO - Round 32 - Avg Train Loss: 1.8308, Avg Train Acc: 0.1881, Avg Val Acc: 0.1881, Avg Test Acc: 0.2087, Global Test Acc: 0.3273
2025-03-09 23:59:44,056 - __main__ - INFO - Round 33/50
2025-03-09 23:59:44,056 - __main__ - INFO - CPU Memory Usage: 1.19 GB
2025-03-09 23:59:44,057 - __main__ - INFO - GPU 0 Memory: 0.00 GB allocated, 0.00 GB reserved
2025-03-09 23:59:44,158 - __main__ - INFO - Starting client training for global round 32
2025-03-09 23:59:44,359 - __main__ - INFO - Average metrics - Train Loss: 1.8375, Train Acc: 0.1949, Val Acc: 0.1949, Test Acc: 0.1915
2025-03-09 23:59:44,359 - __main__ - INFO - Collecting client parameters for aggregation
2025-03-09 23:59:44,410 - __main__ - INFO - Completed global round 32
2025-03-09 23:59:44,417 - __main__ - INFO - Global model - Test Accuracy: 0.2909
2025-03-09 23:59:44,417 - __main__ - INFO - Round 33 - Avg Train Loss: 1.8375, Avg Train Acc: 0.1949, Avg Val Acc: 0.1949, Avg Test Acc: 0.1915, Global Test Acc: 0.2909
2025-03-09 23:59:44,547 - __main__ - INFO - Round 34/50
2025-03-09 23:59:44,547 - __main__ - INFO - CPU Memory Usage: 1.19 GB
2025-03-09 23:59:44,547 - __main__ - INFO - GPU 0 Memory: 0.00 GB allocated, 0.00 GB reserved
2025-03-09 23:59:44,650 - __main__ - INFO - Starting client training for global round 33
2025-03-09 23:59:44,848 - __main__ - INFO - Average metrics - Train Loss: 1.8490, Train Acc: 0.1945, Val Acc: 0.1945, Test Acc: 0.1903
2025-03-09 23:59:44,848 - __main__ - INFO - Collecting client parameters for aggregation
2025-03-09 23:59:44,886 - __main__ - INFO - Completed global round 33
2025-03-09 23:59:44,888 - __main__ - INFO - Global model - Test Accuracy: 0.3455
2025-03-09 23:59:44,888 - __main__ - INFO - Round 34 - Avg Train Loss: 1.8490, Avg Train Acc: 0.1945, Avg Val Acc: 0.1945, Avg Test Acc: 0.1903, Global Test Acc: 0.3455
2025-03-09 23:59:45,009 - __main__ - INFO - Round 35/50
2025-03-09 23:59:45,010 - __main__ - INFO - CPU Memory Usage: 1.19 GB
2025-03-09 23:59:45,010 - __main__ - INFO - GPU 0 Memory: 0.00 GB allocated, 0.00 GB reserved
2025-03-09 23:59:45,115 - __main__ - INFO - Starting client training for global round 34
2025-03-09 23:59:45,313 - __main__ - INFO - Average metrics - Train Loss: 1.8723, Train Acc: 0.1699, Val Acc: 0.1699, Test Acc: 0.1597
2025-03-09 23:59:45,313 - __main__ - INFO - Collecting client parameters for aggregation
2025-03-09 23:59:45,356 - __main__ - INFO - Completed global round 34
2025-03-09 23:59:45,358 - __main__ - INFO - Global model - Test Accuracy: 0.3636
2025-03-09 23:59:45,359 - __main__ - INFO - Round 35 - Avg Train Loss: 1.8723, Avg Train Acc: 0.1699, Avg Val Acc: 0.1699, Avg Test Acc: 0.1597, Global Test Acc: 0.3636
2025-03-09 23:59:45,483 - __main__ - INFO - Round 36/50
2025-03-09 23:59:45,483 - __main__ - INFO - CPU Memory Usage: 1.19 GB
2025-03-09 23:59:45,484 - __main__ - INFO - GPU 0 Memory: 0.00 GB allocated, 0.00 GB reserved
2025-03-09 23:59:45,585 - __main__ - INFO - Starting client training for global round 35
2025-03-09 23:59:45,787 - __main__ - INFO - Average metrics - Train Loss: 1.8975, Train Acc: 0.1600, Val Acc: 0.1600, Test Acc: 0.1482
2025-03-09 23:59:45,787 - __main__ - INFO - Collecting client parameters for aggregation
2025-03-09 23:59:45,831 - __main__ - INFO - Completed global round 35
2025-03-09 23:59:45,833 - __main__ - INFO - Global model - Test Accuracy: 0.3818
2025-03-09 23:59:45,833 - __main__ - INFO - Round 36 - Avg Train Loss: 1.8975, Avg Train Acc: 0.1600, Avg Val Acc: 0.1600, Avg Test Acc: 0.1482, Global Test Acc: 0.3818
2025-03-09 23:59:45,954 - __main__ - INFO - Round 37/50
2025-03-09 23:59:45,954 - __main__ - INFO - CPU Memory Usage: 1.19 GB
2025-03-09 23:59:45,955 - __main__ - INFO - GPU 0 Memory: 0.00 GB allocated, 0.00 GB reserved
2025-03-09 23:59:46,065 - __main__ - INFO - Starting client training for global round 36
2025-03-09 23:59:46,266 - __main__ - INFO - Average metrics - Train Loss: 1.9169, Train Acc: 0.1694, Val Acc: 0.1694, Test Acc: 0.1479
2025-03-09 23:59:46,266 - __main__ - INFO - Collecting client parameters for aggregation
2025-03-09 23:59:46,322 - __main__ - INFO - Completed global round 36
2025-03-09 23:59:46,325 - __main__ - INFO - Global model - Test Accuracy: 0.3818
2025-03-09 23:59:46,325 - __main__ - INFO - Round 37 - Avg Train Loss: 1.9169, Avg Train Acc: 0.1694, Avg Val Acc: 0.1694, Avg Test Acc: 0.1479, Global Test Acc: 0.3818
2025-03-09 23:59:46,454 - __main__ - INFO - Round 38/50
2025-03-09 23:59:46,455 - __main__ - INFO - CPU Memory Usage: 1.19 GB
2025-03-09 23:59:46,455 - __main__ - INFO - GPU 0 Memory: 0.00 GB allocated, 0.00 GB reserved
2025-03-09 23:59:46,560 - __main__ - INFO - Starting client training for global round 37
2025-03-09 23:59:46,759 - __main__ - INFO - Average metrics - Train Loss: 1.9127, Train Acc: 0.1817, Val Acc: 0.1817, Test Acc: 0.1717
2025-03-09 23:59:46,759 - __main__ - INFO - Collecting client parameters for aggregation
2025-03-09 23:59:46,806 - __main__ - INFO - Completed global round 37
2025-03-09 23:59:46,808 - __main__ - INFO - Global model - Test Accuracy: 0.2727
2025-03-09 23:59:46,808 - __main__ - INFO - Round 38 - Avg Train Loss: 1.9127, Avg Train Acc: 0.1817, Avg Val Acc: 0.1817, Avg Test Acc: 0.1717, Global Test Acc: 0.2727
2025-03-09 23:59:46,935 - __main__ - INFO - Round 39/50
2025-03-09 23:59:46,935 - __main__ - INFO - CPU Memory Usage: 1.19 GB
2025-03-09 23:59:46,935 - __main__ - INFO - GPU 0 Memory: 0.00 GB allocated, 0.00 GB reserved
2025-03-09 23:59:47,045 - __main__ - INFO - Starting client training for global round 38
2025-03-09 23:59:47,245 - __main__ - INFO - Average metrics - Train Loss: 1.9150, Train Acc: 0.2010, Val Acc: 0.2010, Test Acc: 0.1941
2025-03-09 23:59:47,245 - __main__ - INFO - Collecting client parameters for aggregation
2025-03-09 23:59:47,288 - __main__ - INFO - Completed global round 38
2025-03-09 23:59:47,290 - __main__ - INFO - Global model - Test Accuracy: 0.3091
2025-03-09 23:59:47,290 - __main__ - INFO - Round 39 - Avg Train Loss: 1.9150, Avg Train Acc: 0.2010, Avg Val Acc: 0.2010, Avg Test Acc: 0.1941, Global Test Acc: 0.3091
2025-03-09 23:59:47,412 - __main__ - INFO - Round 40/50
2025-03-09 23:59:47,412 - __main__ - INFO - CPU Memory Usage: 1.19 GB
2025-03-09 23:59:47,413 - __main__ - INFO - GPU 0 Memory: 0.00 GB allocated, 0.00 GB reserved
2025-03-09 23:59:47,517 - __main__ - INFO - Starting client training for global round 39
2025-03-09 23:59:47,713 - __main__ - INFO - Average metrics - Train Loss: 1.9348, Train Acc: 0.2025, Val Acc: 0.2025, Test Acc: 0.1936
2025-03-09 23:59:47,714 - __main__ - INFO - Collecting client parameters for aggregation
2025-03-09 23:59:47,762 - __main__ - INFO - Completed global round 39
2025-03-09 23:59:47,764 - __main__ - INFO - Global model - Test Accuracy: 0.3273
2025-03-09 23:59:47,764 - __main__ - INFO - Round 40 - Avg Train Loss: 1.9348, Avg Train Acc: 0.2025, Avg Val Acc: 0.2025, Avg Test Acc: 0.1936, Global Test Acc: 0.3273
2025-03-09 23:59:47,889 - __main__ - INFO - Round 41/50
2025-03-09 23:59:47,889 - __main__ - INFO - CPU Memory Usage: 1.19 GB
2025-03-09 23:59:47,889 - __main__ - INFO - GPU 0 Memory: 0.00 GB allocated, 0.00 GB reserved
2025-03-09 23:59:47,991 - __main__ - INFO - Starting client training for global round 40
2025-03-09 23:59:48,188 - __main__ - INFO - Average metrics - Train Loss: 1.9792, Train Acc: 0.1646, Val Acc: 0.1646, Test Acc: 0.1737
2025-03-09 23:59:48,188 - __main__ - INFO - Collecting client parameters for aggregation
2025-03-09 23:59:48,248 - __main__ - INFO - Completed global round 40
2025-03-09 23:59:48,255 - __main__ - INFO - Global model - Test Accuracy: 0.3818
2025-03-09 23:59:48,255 - __main__ - INFO - Round 41 - Avg Train Loss: 1.9792, Avg Train Acc: 0.1646, Avg Val Acc: 0.1646, Avg Test Acc: 0.1737, Global Test Acc: 0.3818
2025-03-09 23:59:48,379 - __main__ - INFO - Round 42/50
2025-03-09 23:59:48,379 - __main__ - INFO - CPU Memory Usage: 1.19 GB
2025-03-09 23:59:48,379 - __main__ - INFO - GPU 0 Memory: 0.00 GB allocated, 0.00 GB reserved
2025-03-09 23:59:48,491 - __main__ - INFO - Starting client training for global round 41
2025-03-09 23:59:48,689 - __main__ - INFO - Average metrics - Train Loss: 2.0168, Train Acc: 0.1575, Val Acc: 0.1575, Test Acc: 0.1569
2025-03-09 23:59:48,690 - __main__ - INFO - Collecting client parameters for aggregation
2025-03-09 23:59:48,738 - __main__ - INFO - Completed global round 41
2025-03-09 23:59:48,745 - __main__ - INFO - Global model - Test Accuracy: 0.2909
2025-03-09 23:59:48,745 - __main__ - INFO - Round 42 - Avg Train Loss: 2.0168, Avg Train Acc: 0.1575, Avg Val Acc: 0.1575, Avg Test Acc: 0.1569, Global Test Acc: 0.2909
2025-03-09 23:59:48,868 - __main__ - INFO - Round 43/50
2025-03-09 23:59:48,868 - __main__ - INFO - CPU Memory Usage: 1.19 GB
2025-03-09 23:59:48,868 - __main__ - INFO - GPU 0 Memory: 0.00 GB allocated, 0.00 GB reserved
2025-03-09 23:59:48,969 - __main__ - INFO - Starting client training for global round 42
2025-03-09 23:59:49,166 - __main__ - INFO - Average metrics - Train Loss: 2.0342, Train Acc: 0.1431, Val Acc: 0.1431, Test Acc: 0.1592
2025-03-09 23:59:49,167 - __main__ - INFO - Collecting client parameters for aggregation
2025-03-09 23:59:49,208 - __main__ - INFO - Completed global round 42
2025-03-09 23:59:49,211 - __main__ - INFO - Global model - Test Accuracy: 0.2727
2025-03-09 23:59:49,211 - __main__ - INFO - Round 43 - Avg Train Loss: 2.0342, Avg Train Acc: 0.1431, Avg Val Acc: 0.1431, Avg Test Acc: 0.1592, Global Test Acc: 0.2727
2025-03-09 23:59:49,336 - __main__ - INFO - Round 44/50
2025-03-09 23:59:49,336 - __main__ - INFO - CPU Memory Usage: 1.19 GB
2025-03-09 23:59:49,336 - __main__ - INFO - GPU 0 Memory: 0.00 GB allocated, 0.00 GB reserved
2025-03-09 23:59:49,445 - __main__ - INFO - Starting client training for global round 43
2025-03-09 23:59:49,642 - __main__ - INFO - Average metrics - Train Loss: 2.0618, Train Acc: 0.1734, Val Acc: 0.1734, Test Acc: 0.1661
2025-03-09 23:59:49,642 - __main__ - INFO - Collecting client parameters for aggregation
2025-03-09 23:59:49,687 - __main__ - INFO - Completed global round 43
2025-03-09 23:59:49,689 - __main__ - INFO - Global model - Test Accuracy: 0.2727
2025-03-09 23:59:49,689 - __main__ - INFO - Round 44 - Avg Train Loss: 2.0618, Avg Train Acc: 0.1734, Avg Val Acc: 0.1734, Avg Test Acc: 0.1661, Global Test Acc: 0.2727
2025-03-09 23:59:49,811 - __main__ - INFO - Round 45/50
2025-03-09 23:59:49,811 - __main__ - INFO - CPU Memory Usage: 1.19 GB
2025-03-09 23:59:49,811 - __main__ - INFO - GPU 0 Memory: 0.00 GB allocated, 0.00 GB reserved
2025-03-09 23:59:49,929 - __main__ - INFO - Starting client training for global round 44
2025-03-09 23:59:50,128 - __main__ - INFO - Average metrics - Train Loss: 2.1136, Train Acc: 0.1644, Val Acc: 0.1644, Test Acc: 0.1388
2025-03-09 23:59:50,129 - __main__ - INFO - Collecting client parameters for aggregation
2025-03-09 23:59:50,175 - __main__ - INFO - Completed global round 44
2025-03-09 23:59:50,178 - __main__ - INFO - Global model - Test Accuracy: 0.3273
2025-03-09 23:59:50,178 - __main__ - INFO - Round 45 - Avg Train Loss: 2.1136, Avg Train Acc: 0.1644, Avg Val Acc: 0.1644, Avg Test Acc: 0.1388, Global Test Acc: 0.3273
2025-03-09 23:59:50,308 - __main__ - INFO - Round 46/50
2025-03-09 23:59:50,309 - __main__ - INFO - CPU Memory Usage: 1.19 GB
2025-03-09 23:59:50,309 - __main__ - INFO - GPU 0 Memory: 0.00 GB allocated, 0.00 GB reserved
2025-03-09 23:59:50,417 - __main__ - INFO - Starting client training for global round 45
2025-03-09 23:59:50,621 - __main__ - INFO - Average metrics - Train Loss: 2.1775, Train Acc: 0.1684, Val Acc: 0.1684, Test Acc: 0.1606
2025-03-09 23:59:50,621 - __main__ - INFO - Collecting client parameters for aggregation
2025-03-09 23:59:50,670 - __main__ - INFO - Completed global round 45
2025-03-09 23:59:50,681 - __main__ - INFO - Global model - Test Accuracy: 0.3273
2025-03-09 23:59:50,681 - __main__ - INFO - Round 46 - Avg Train Loss: 2.1775, Avg Train Acc: 0.1684, Avg Val Acc: 0.1684, Avg Test Acc: 0.1606, Global Test Acc: 0.3273
2025-03-09 23:59:50,808 - __main__ - INFO - Round 47/50
2025-03-09 23:59:50,808 - __main__ - INFO - CPU Memory Usage: 1.19 GB
2025-03-09 23:59:50,809 - __main__ - INFO - GPU 0 Memory: 0.00 GB allocated, 0.00 GB reserved
2025-03-09 23:59:50,919 - __main__ - INFO - Starting client training for global round 46
2025-03-09 23:59:51,116 - __main__ - INFO - Average metrics - Train Loss: 2.2112, Train Acc: 0.1658, Val Acc: 0.1658, Test Acc: 0.1574
2025-03-09 23:59:51,116 - __main__ - INFO - Collecting client parameters for aggregation
2025-03-09 23:59:51,164 - __main__ - INFO - Completed global round 46
2025-03-09 23:59:51,185 - __main__ - INFO - Global model - Test Accuracy: 0.3636
2025-03-09 23:59:51,186 - __main__ - INFO - Round 47 - Avg Train Loss: 2.2112, Avg Train Acc: 0.1658, Avg Val Acc: 0.1658, Avg Test Acc: 0.1574, Global Test Acc: 0.3636
2025-03-09 23:59:51,323 - __main__ - INFO - Round 48/50
2025-03-09 23:59:51,324 - __main__ - INFO - CPU Memory Usage: 1.19 GB
2025-03-09 23:59:51,324 - __main__ - INFO - GPU 0 Memory: 0.00 GB allocated, 0.00 GB reserved
2025-03-09 23:59:51,440 - __main__ - INFO - Starting client training for global round 47
2025-03-09 23:59:51,636 - __main__ - INFO - Average metrics - Train Loss: 2.2475, Train Acc: 0.1408, Val Acc: 0.1408, Test Acc: 0.1512
2025-03-09 23:59:51,636 - __main__ - INFO - Collecting client parameters for aggregation
2025-03-09 23:59:51,806 - __main__ - INFO - Completed global round 47
2025-03-09 23:59:51,910 - __main__ - INFO - Global model - Test Accuracy: 0.3091
2025-03-09 23:59:51,910 - __main__ - INFO - Round 48 - Avg Train Loss: 2.2475, Avg Train Acc: 0.1408, Avg Val Acc: 0.1408, Avg Test Acc: 0.1512, Global Test Acc: 0.3091
2025-03-09 23:59:52,049 - __main__ - INFO - Round 49/50
2025-03-09 23:59:52,049 - __main__ - INFO - CPU Memory Usage: 1.19 GB
2025-03-09 23:59:52,049 - __main__ - INFO - GPU 0 Memory: 0.00 GB allocated, 0.00 GB reserved
2025-03-09 23:59:52,186 - __main__ - INFO - Starting client training for global round 48
2025-03-09 23:59:52,393 - __main__ - INFO - Average metrics - Train Loss: 2.2989, Train Acc: 0.1562, Val Acc: 0.1562, Test Acc: 0.1469
2025-03-09 23:59:52,393 - __main__ - INFO - Collecting client parameters for aggregation
2025-03-09 23:59:52,587 - __main__ - INFO - Completed global round 48
2025-03-09 23:59:52,653 - __main__ - INFO - Global model - Test Accuracy: 0.2182
2025-03-09 23:59:52,653 - __main__ - INFO - Round 49 - Avg Train Loss: 2.2989, Avg Train Acc: 0.1562, Avg Val Acc: 0.1562, Avg Test Acc: 0.1469, Global Test Acc: 0.2182
2025-03-09 23:59:52,779 - __main__ - INFO - Round 50/50
2025-03-09 23:59:52,780 - __main__ - INFO - CPU Memory Usage: 1.19 GB
2025-03-09 23:59:52,780 - __main__ - INFO - GPU 0 Memory: 0.00 GB allocated, 0.00 GB reserved
2025-03-09 23:59:52,889 - __main__ - INFO - Starting client training for global round 49
2025-03-09 23:59:53,093 - __main__ - INFO - Average metrics - Train Loss: 2.3059, Train Acc: 0.1971, Val Acc: 0.1971, Test Acc: 0.1813
2025-03-09 23:59:53,093 - __main__ - INFO - Collecting client parameters for aggregation
2025-03-09 23:59:53,140 - __main__ - INFO - Completed global round 49
2025-03-09 23:59:53,143 - __main__ - INFO - Global model - Test Accuracy: 0.2727
2025-03-09 23:59:53,143 - __main__ - INFO - Round 50 - Avg Train Loss: 2.3059, Avg Train Acc: 0.1971, Avg Val Acc: 0.1971, Avg Test Acc: 0.1813, Global Test Acc: 0.2727
2025-03-09 23:59:53,300 - __main__ - INFO - Results saved to JSON: results/results_20250309_235324/Citeseer_propagation_auto/results_Citeseer_propagation_auto_20250309_235953.json
2025-03-09 23:59:53,301 - __main__ - INFO - Text results saved to: results/results_20250309_235324/Citeseer_propagation_auto/results_Citeseer_propagation_auto_20250309_235953.txt
2025-03-09 23:59:53,305 - __main__ - INFO - Rounds data saved to: results/results_20250309_235324/Citeseer_propagation_auto/rounds_Citeseer_propagation_auto_20250309_235953.csv
2025-03-09 23:59:53,306 - __main__ - INFO - Summary data saved to: results/results_20250309_235324/Citeseer_propagation_auto/summary_Citeseer_propagation_auto_20250309_235953.csv
2025-03-09 23:59:53,308 - __main__ - INFO - Results arrays saved to: results/results_20250309_235324/Citeseer_propagation_auto/results_arrays_Citeseer_propagation_auto_20250309_235953.csv
2025-03-09 23:59:53,308 - __main__ - INFO - Training completed successfully
