2025-03-09 22:57:34,963 - __main__ - INFO - Starting enhanced federated learning with Citeseer dataset
2025-03-09 22:57:34,965 - __main__ - INFO - Random seed set to 42
2025-03-09 22:57:34,965 - __main__ - INFO - Using memory-efficient models
2025-03-09 22:57:36,830 - __main__ - INFO - Ray initialized successfully
2025-03-09 22:57:36,830 - __main__ - INFO - Using CPU
2025-03-09 22:57:36,977 - __main__ - INFO - CPU Memory Usage: 0.67 GB
2025-03-09 22:57:37,023 - __main__ - INFO - GPU 0 Memory: 0.00 GB allocated, 0.00 GB reserved
2025-03-09 22:57:37,023 - __main__ - INFO - Loading dataset: Citeseer
2025-03-09 22:57:37,109 - __main__ - INFO - Dataset: Citeseer
2025-03-09 22:57:37,109 - __main__ - INFO - Number of nodes: 3327
2025-03-09 22:57:37,110 - __main__ - INFO - Number of features: 3703
2025-03-09 22:57:37,118 - __main__ - INFO - Number of classes: 6
2025-03-09 22:57:37,119 - __main__ - INFO - Number of edges: 9104
2025-03-09 22:57:37,119 - __main__ - INFO - CPU Memory Usage: 0.81 GB
2025-03-09 22:57:37,119 - __main__ - INFO - GPU 0 Memory: 0.00 GB allocated, 0.00 GB reserved
2025-03-09 22:57:37,128 - __main__ - INFO - Using standard GCN model for citeseer
2025-03-09 22:57:37,160 - __main__ - INFO - Global model type: EnhancedGCN
2025-03-09 22:57:37,160 - __main__ - INFO - Total model parameters: 59398
2025-03-09 22:57:37,160 - __main__ - INFO - Training for 3 rounds with 2 local epochs per round
2025-03-09 22:57:37,168 - __main__ - INFO - Initializing 10 clients with 2 epochs per round
2025-03-09 22:57:37,288 - __main__ - INFO - Initialized 10 clients
2025-03-09 22:57:37,292 - __main__ - INFO - Starting federated training for 3 rounds
2025-03-09 22:57:37,292 - __main__ - INFO - Round 1/3
2025-03-09 22:57:37,293 - __main__ - INFO - CPU Memory Usage: 0.86 GB
2025-03-09 22:57:37,293 - __main__ - INFO - GPU 0 Memory: 0.00 GB allocated, 0.00 GB reserved
2025-03-09 22:57:37,468 - __main__ - INFO - Starting client training for global round 0
2025-03-09 22:57:40,555 - __main__ - INFO - Average metrics - Train Loss: 1.7770, Train Acc: 0.3867, Val Acc: 0.3867, Test Acc: 0.3784
2025-03-09 22:57:40,555 - __main__ - INFO - Collecting client parameters for aggregation
2025-03-09 22:57:40,611 - __main__ - INFO - Completed global round 0
2025-03-09 22:57:40,622 - __main__ - INFO - Global model - Test Accuracy: 0.3750
2025-03-09 22:57:40,622 - __main__ - INFO - Round 1 - Avg Train Loss: 1.7770, Avg Train Acc: 0.3867, Avg Val Acc: 0.3867, Avg Test Acc: 0.3784, Global Test Acc: 0.3750
2025-03-09 22:57:40,746 - __main__ - INFO - Round 2/3
2025-03-09 22:57:40,747 - __main__ - INFO - CPU Memory Usage: 0.87 GB
2025-03-09 22:57:40,747 - __main__ - INFO - GPU 0 Memory: 0.00 GB allocated, 0.00 GB reserved
2025-03-09 22:57:40,863 - __main__ - INFO - Starting client training for global round 1
2025-03-09 22:57:41,001 - __main__ - INFO - Average metrics - Train Loss: 1.7803, Train Acc: 0.3354, Val Acc: 0.3354, Test Acc: 0.3208
2025-03-09 22:57:41,001 - __main__ - INFO - Collecting client parameters for aggregation
2025-03-09 22:57:41,058 - __main__ - INFO - Completed global round 1
2025-03-09 22:57:41,066 - __main__ - INFO - Global model - Test Accuracy: 0.4038
2025-03-09 22:57:41,066 - __main__ - INFO - Round 2 - Avg Train Loss: 1.7803, Avg Train Acc: 0.3354, Avg Val Acc: 0.3354, Avg Test Acc: 0.3208, Global Test Acc: 0.4038
2025-03-09 22:57:41,189 - __main__ - INFO - Round 3/3
2025-03-09 22:57:41,189 - __main__ - INFO - CPU Memory Usage: 0.88 GB
2025-03-09 22:57:41,189 - __main__ - INFO - GPU 0 Memory: 0.00 GB allocated, 0.00 GB reserved
2025-03-09 22:57:41,291 - __main__ - INFO - Starting client training for global round 2
2025-03-09 22:57:41,428 - __main__ - INFO - Average metrics - Train Loss: 1.7799, Train Acc: 0.3408, Val Acc: 0.3408, Test Acc: 0.3200
2025-03-09 22:57:41,429 - __main__ - INFO - Collecting client parameters for aggregation
2025-03-09 22:57:41,470 - __main__ - INFO - Completed global round 2
2025-03-09 22:57:41,472 - __main__ - INFO - Global model - Test Accuracy: 0.4038
2025-03-09 22:57:41,473 - __main__ - INFO - Round 3 - Avg Train Loss: 1.7799, Avg Train Acc: 0.3408, Avg Val Acc: 0.3408, Avg Test Acc: 0.3200, Global Test Acc: 0.4038
2025-03-09 22:57:41,617 - __main__ - INFO - Experiment summary saved to results/Citeseer_zero_hop_summary_20250309_225741.csv
2025-03-09 22:57:41,617 - __main__ - INFO - Training completed successfully
