2025-03-09 23:57:25,429 - __main__ - INFO - Starting enhanced federated learning with Citeseer dataset
2025-03-09 23:57:25,430 - __main__ - INFO - Random seed set to 42
2025-03-09 23:57:25,430 - __main__ - INFO - Using memory-efficient models
2025-03-09 23:57:27,280 - __main__ - INFO - Ray initialized successfully
2025-03-09 23:57:27,280 - __main__ - INFO - Using CPU
2025-03-09 23:57:27,428 - __main__ - INFO - CPU Memory Usage: 0.66 GB
2025-03-09 23:57:27,474 - __main__ - INFO - GPU 0 Memory: 0.00 GB allocated, 0.00 GB reserved
2025-03-09 23:57:27,474 - __main__ - INFO - Loading dataset: Citeseer
2025-03-09 23:57:27,579 - __main__ - INFO - Dataset: Citeseer
2025-03-09 23:57:27,579 - __main__ - INFO - Number of nodes: 3327
2025-03-09 23:57:27,579 - __main__ - INFO - Number of features: 3703
2025-03-09 23:57:27,586 - __main__ - INFO - Number of classes: 6
2025-03-09 23:57:27,587 - __main__ - INFO - Number of edges: 9104
2025-03-09 23:57:27,587 - __main__ - INFO - CPU Memory Usage: 0.94 GB
2025-03-09 23:57:27,587 - __main__ - INFO - GPU 0 Memory: 0.00 GB allocated, 0.00 GB reserved
2025-03-09 23:57:27,594 - __main__ - INFO - Using standard GCN model for citeseer
2025-03-09 23:57:27,625 - __main__ - INFO - Global model type: EnhancedGCN
2025-03-09 23:57:27,625 - __main__ - INFO - Total model parameters: 59398
2025-03-09 23:57:27,625 - __main__ - INFO - Training for 50 rounds with 3 local epochs per round
2025-03-09 23:57:27,632 - __main__ - INFO - Initializing 10 clients with 2 epochs per round
2025-03-09 23:57:27,849 - __main__ - INFO - Initialized 10 clients
2025-03-09 23:57:27,851 - __main__ - INFO - Starting federated training for 50 rounds
2025-03-09 23:57:27,852 - __main__ - INFO - Round 1/50
2025-03-09 23:57:27,852 - __main__ - INFO - CPU Memory Usage: 1.05 GB
2025-03-09 23:57:27,852 - __main__ - INFO - GPU 0 Memory: 0.00 GB allocated, 0.00 GB reserved
2025-03-09 23:57:28,022 - __main__ - INFO - Starting client training for global round 0
2025-03-09 23:57:30,951 - __main__ - INFO - Average metrics - Train Loss: 1.7434, Train Acc: 0.7447, Val Acc: 0.7447, Test Acc: 0.7247
2025-03-09 23:57:30,951 - __main__ - INFO - Collecting client parameters for aggregation
2025-03-09 23:57:31,004 - __main__ - INFO - Completed global round 0
2025-03-09 23:57:31,009 - __main__ - INFO - Global model - Test Accuracy: 0.0000
2025-03-09 23:57:31,009 - __main__ - INFO - Round 1 - Avg Train Loss: 1.7434, Avg Train Acc: 0.7447, Avg Val Acc: 0.7447, Avg Test Acc: 0.7247, Global Test Acc: 0.0000
2025-03-09 23:57:31,137 - __main__ - INFO - Round 2/50
2025-03-09 23:57:31,138 - __main__ - INFO - CPU Memory Usage: 1.05 GB
2025-03-09 23:57:31,138 - __main__ - INFO - GPU 0 Memory: 0.00 GB allocated, 0.00 GB reserved
2025-03-09 23:57:31,260 - __main__ - INFO - Starting client training for global round 1
2025-03-09 23:57:31,458 - __main__ - INFO - Average metrics - Train Loss: 1.7616, Train Acc: 0.7347, Val Acc: 0.7347, Test Acc: 0.7145
2025-03-09 23:57:31,458 - __main__ - INFO - Collecting client parameters for aggregation
2025-03-09 23:57:31,505 - __main__ - INFO - Completed global round 1
2025-03-09 23:57:31,507 - __main__ - INFO - Global model - Test Accuracy: 0.0000
2025-03-09 23:57:31,507 - __main__ - INFO - Round 2 - Avg Train Loss: 1.7616, Avg Train Acc: 0.7347, Avg Val Acc: 0.7347, Avg Test Acc: 0.7145, Global Test Acc: 0.0000
2025-03-09 23:57:31,634 - __main__ - INFO - Round 3/50
2025-03-09 23:57:31,634 - __main__ - INFO - CPU Memory Usage: 1.06 GB
2025-03-09 23:57:31,635 - __main__ - INFO - GPU 0 Memory: 0.00 GB allocated, 0.00 GB reserved
2025-03-09 23:57:31,744 - __main__ - INFO - Starting client training for global round 2
2025-03-09 23:57:31,946 - __main__ - INFO - Average metrics - Train Loss: 1.7595, Train Acc: 0.7398, Val Acc: 0.7398, Test Acc: 0.7188
2025-03-09 23:57:31,946 - __main__ - INFO - Collecting client parameters for aggregation
2025-03-09 23:57:31,992 - __main__ - INFO - Completed global round 2
2025-03-09 23:57:31,994 - __main__ - INFO - Global model - Test Accuracy: 0.0000
2025-03-09 23:57:31,994 - __main__ - INFO - Round 3 - Avg Train Loss: 1.7595, Avg Train Acc: 0.7398, Avg Val Acc: 0.7398, Avg Test Acc: 0.7188, Global Test Acc: 0.0000
2025-03-09 23:57:32,123 - __main__ - INFO - Round 4/50
2025-03-09 23:57:32,123 - __main__ - INFO - CPU Memory Usage: 1.06 GB
2025-03-09 23:57:32,124 - __main__ - INFO - GPU 0 Memory: 0.00 GB allocated, 0.00 GB reserved
2025-03-09 23:57:32,230 - __main__ - INFO - Starting client training for global round 3
2025-03-09 23:57:32,430 - __main__ - INFO - Average metrics - Train Loss: 1.7573, Train Acc: 0.7436, Val Acc: 0.7436, Test Acc: 0.7190
2025-03-09 23:57:32,430 - __main__ - INFO - Collecting client parameters for aggregation
2025-03-09 23:57:32,481 - __main__ - INFO - Completed global round 3
2025-03-09 23:57:32,483 - __main__ - INFO - Global model - Test Accuracy: 0.0000
2025-03-09 23:57:32,483 - __main__ - INFO - Round 4 - Avg Train Loss: 1.7573, Avg Train Acc: 0.7436, Avg Val Acc: 0.7436, Avg Test Acc: 0.7190, Global Test Acc: 0.0000
2025-03-09 23:57:32,614 - __main__ - INFO - Round 5/50
2025-03-09 23:57:32,614 - __main__ - INFO - CPU Memory Usage: 1.06 GB
2025-03-09 23:57:32,615 - __main__ - INFO - GPU 0 Memory: 0.00 GB allocated, 0.00 GB reserved
2025-03-09 23:57:32,721 - __main__ - INFO - Starting client training for global round 4
2025-03-09 23:57:32,920 - __main__ - INFO - Average metrics - Train Loss: 1.7550, Train Acc: 0.7097, Val Acc: 0.7097, Test Acc: 0.6714
2025-03-09 23:57:32,920 - __main__ - INFO - Collecting client parameters for aggregation
2025-03-09 23:57:32,964 - __main__ - INFO - Completed global round 4
2025-03-09 23:57:32,966 - __main__ - INFO - Global model - Test Accuracy: 0.0000
2025-03-09 23:57:32,966 - __main__ - INFO - Round 5 - Avg Train Loss: 1.7550, Avg Train Acc: 0.7097, Avg Val Acc: 0.7097, Avg Test Acc: 0.6714, Global Test Acc: 0.0000
2025-03-09 23:57:33,094 - __main__ - INFO - Round 6/50
2025-03-09 23:57:33,095 - __main__ - INFO - CPU Memory Usage: 1.06 GB
2025-03-09 23:57:33,095 - __main__ - INFO - GPU 0 Memory: 0.00 GB allocated, 0.00 GB reserved
2025-03-09 23:57:33,211 - __main__ - INFO - Starting client training for global round 5
2025-03-09 23:57:33,408 - __main__ - INFO - Average metrics - Train Loss: 1.7538, Train Acc: 0.7111, Val Acc: 0.7111, Test Acc: 0.6646
2025-03-09 23:57:33,408 - __main__ - INFO - Collecting client parameters for aggregation
2025-03-09 23:57:33,450 - __main__ - INFO - Completed global round 5
2025-03-09 23:57:33,452 - __main__ - INFO - Global model - Test Accuracy: 0.0000
2025-03-09 23:57:33,452 - __main__ - INFO - Round 6 - Avg Train Loss: 1.7538, Avg Train Acc: 0.7111, Avg Val Acc: 0.7111, Avg Test Acc: 0.6646, Global Test Acc: 0.0000
2025-03-09 23:57:33,577 - __main__ - INFO - Round 7/50
2025-03-09 23:57:33,578 - __main__ - INFO - CPU Memory Usage: 1.06 GB
2025-03-09 23:57:33,578 - __main__ - INFO - GPU 0 Memory: 0.00 GB allocated, 0.00 GB reserved
2025-03-09 23:57:33,683 - __main__ - INFO - Starting client training for global round 6
2025-03-09 23:57:33,881 - __main__ - INFO - Average metrics - Train Loss: 1.7527, Train Acc: 0.7141, Val Acc: 0.7141, Test Acc: 0.6594
2025-03-09 23:57:33,881 - __main__ - INFO - Collecting client parameters for aggregation
2025-03-09 23:57:33,932 - __main__ - INFO - Completed global round 6
2025-03-09 23:57:33,952 - __main__ - INFO - Global model - Test Accuracy: 0.0000
2025-03-09 23:57:33,953 - __main__ - INFO - Round 7 - Avg Train Loss: 1.7527, Avg Train Acc: 0.7141, Avg Val Acc: 0.7141, Avg Test Acc: 0.6594, Global Test Acc: 0.0000
2025-03-09 23:57:34,084 - __main__ - INFO - Round 8/50
2025-03-09 23:57:34,085 - __main__ - INFO - CPU Memory Usage: 1.06 GB
2025-03-09 23:57:34,085 - __main__ - INFO - GPU 0 Memory: 0.00 GB allocated, 0.00 GB reserved
2025-03-09 23:57:34,195 - __main__ - INFO - Starting client training for global round 7
2025-03-09 23:57:34,391 - __main__ - INFO - Average metrics - Train Loss: 1.7516, Train Acc: 0.6852, Val Acc: 0.6852, Test Acc: 0.6281
2025-03-09 23:57:34,392 - __main__ - INFO - Collecting client parameters for aggregation
2025-03-09 23:57:34,432 - __main__ - INFO - Completed global round 7
2025-03-09 23:57:34,434 - __main__ - INFO - Global model - Test Accuracy: 0.0000
2025-03-09 23:57:34,434 - __main__ - INFO - Round 8 - Avg Train Loss: 1.7516, Avg Train Acc: 0.6852, Avg Val Acc: 0.6852, Avg Test Acc: 0.6281, Global Test Acc: 0.0000
2025-03-09 23:57:34,555 - __main__ - INFO - Round 9/50
2025-03-09 23:57:34,555 - __main__ - INFO - CPU Memory Usage: 1.06 GB
2025-03-09 23:57:34,555 - __main__ - INFO - GPU 0 Memory: 0.00 GB allocated, 0.00 GB reserved
2025-03-09 23:57:34,659 - __main__ - INFO - Starting client training for global round 8
2025-03-09 23:57:34,854 - __main__ - INFO - Average metrics - Train Loss: 1.7504, Train Acc: 0.6641, Val Acc: 0.6641, Test Acc: 0.6174
2025-03-09 23:57:34,854 - __main__ - INFO - Collecting client parameters for aggregation
2025-03-09 23:57:34,917 - __main__ - INFO - Completed global round 8
2025-03-09 23:57:34,926 - __main__ - INFO - Global model - Test Accuracy: 0.0000
2025-03-09 23:57:34,926 - __main__ - INFO - Round 9 - Avg Train Loss: 1.7504, Avg Train Acc: 0.6641, Avg Val Acc: 0.6641, Avg Test Acc: 0.6174, Global Test Acc: 0.0000
2025-03-09 23:57:35,054 - __main__ - INFO - Round 10/50
2025-03-09 23:57:35,054 - __main__ - INFO - CPU Memory Usage: 1.06 GB
2025-03-09 23:57:35,055 - __main__ - INFO - GPU 0 Memory: 0.00 GB allocated, 0.00 GB reserved
2025-03-09 23:57:35,165 - __main__ - INFO - Starting client training for global round 9
2025-03-09 23:57:35,363 - __main__ - INFO - Average metrics - Train Loss: 1.7500, Train Acc: 0.6481, Val Acc: 0.6481, Test Acc: 0.5869
2025-03-09 23:57:35,363 - __main__ - INFO - Collecting client parameters for aggregation
2025-03-09 23:57:35,415 - __main__ - INFO - Completed global round 9
2025-03-09 23:57:35,421 - __main__ - INFO - Global model - Test Accuracy: 0.0000
2025-03-09 23:57:35,421 - __main__ - INFO - Round 10 - Avg Train Loss: 1.7500, Avg Train Acc: 0.6481, Avg Val Acc: 0.6481, Avg Test Acc: 0.5869, Global Test Acc: 0.0000
2025-03-09 23:57:35,545 - __main__ - INFO - Round 11/50
2025-03-09 23:57:35,546 - __main__ - INFO - CPU Memory Usage: 1.06 GB
2025-03-09 23:57:35,546 - __main__ - INFO - GPU 0 Memory: 0.00 GB allocated, 0.00 GB reserved
2025-03-09 23:57:35,659 - __main__ - INFO - Starting client training for global round 10
2025-03-09 23:57:35,856 - __main__ - INFO - Average metrics - Train Loss: 1.7494, Train Acc: 0.6097, Val Acc: 0.6097, Test Acc: 0.5634
2025-03-09 23:57:35,856 - __main__ - INFO - Collecting client parameters for aggregation
2025-03-09 23:57:35,908 - __main__ - INFO - Completed global round 10
2025-03-09 23:57:35,921 - __main__ - INFO - Global model - Test Accuracy: 0.0000
2025-03-09 23:57:35,921 - __main__ - INFO - Round 11 - Avg Train Loss: 1.7494, Avg Train Acc: 0.6097, Avg Val Acc: 0.6097, Avg Test Acc: 0.5634, Global Test Acc: 0.0000
2025-03-09 23:57:36,044 - __main__ - INFO - Round 12/50
2025-03-09 23:57:36,045 - __main__ - INFO - CPU Memory Usage: 1.06 GB
2025-03-09 23:57:36,045 - __main__ - INFO - GPU 0 Memory: 0.00 GB allocated, 0.00 GB reserved
2025-03-09 23:57:36,157 - __main__ - INFO - Starting client training for global round 11
2025-03-09 23:57:36,357 - __main__ - INFO - Average metrics - Train Loss: 1.7473, Train Acc: 0.6061, Val Acc: 0.6061, Test Acc: 0.5631
2025-03-09 23:57:36,357 - __main__ - INFO - Collecting client parameters for aggregation
2025-03-09 23:57:36,401 - __main__ - INFO - Completed global round 11
2025-03-09 23:57:36,490 - __main__ - INFO - Global model - Test Accuracy: 0.0000
2025-03-09 23:57:36,490 - __main__ - INFO - Round 12 - Avg Train Loss: 1.7473, Avg Train Acc: 0.6061, Avg Val Acc: 0.6061, Avg Test Acc: 0.5631, Global Test Acc: 0.0000
2025-03-09 23:57:36,615 - __main__ - INFO - Round 13/50
2025-03-09 23:57:36,615 - __main__ - INFO - CPU Memory Usage: 1.06 GB
2025-03-09 23:57:36,616 - __main__ - INFO - GPU 0 Memory: 0.00 GB allocated, 0.00 GB reserved
2025-03-09 23:57:36,719 - __main__ - INFO - Starting client training for global round 12
2025-03-09 23:57:36,915 - __main__ - INFO - Average metrics - Train Loss: 1.7459, Train Acc: 0.5802, Val Acc: 0.5802, Test Acc: 0.5433
2025-03-09 23:57:36,915 - __main__ - INFO - Collecting client parameters for aggregation
2025-03-09 23:57:36,955 - __main__ - INFO - Completed global round 12
2025-03-09 23:57:36,961 - __main__ - INFO - Global model - Test Accuracy: 0.0000
2025-03-09 23:57:36,962 - __main__ - INFO - Round 13 - Avg Train Loss: 1.7459, Avg Train Acc: 0.5802, Avg Val Acc: 0.5802, Avg Test Acc: 0.5433, Global Test Acc: 0.0000
2025-03-09 23:57:37,091 - __main__ - INFO - Round 14/50
2025-03-09 23:57:37,091 - __main__ - INFO - CPU Memory Usage: 1.06 GB
2025-03-09 23:57:37,091 - __main__ - INFO - GPU 0 Memory: 0.00 GB allocated, 0.00 GB reserved
2025-03-09 23:57:37,208 - __main__ - INFO - Starting client training for global round 13
2025-03-09 23:57:37,404 - __main__ - INFO - Average metrics - Train Loss: 1.7456, Train Acc: 0.5707, Val Acc: 0.5707, Test Acc: 0.5307
2025-03-09 23:57:37,404 - __main__ - INFO - Collecting client parameters for aggregation
2025-03-09 23:57:37,444 - __main__ - INFO - Completed global round 13
2025-03-09 23:57:37,446 - __main__ - INFO - Global model - Test Accuracy: 0.0000
2025-03-09 23:57:37,446 - __main__ - INFO - Round 14 - Avg Train Loss: 1.7456, Avg Train Acc: 0.5707, Avg Val Acc: 0.5707, Avg Test Acc: 0.5307, Global Test Acc: 0.0000
2025-03-09 23:57:37,569 - __main__ - INFO - Round 15/50
2025-03-09 23:57:37,569 - __main__ - INFO - CPU Memory Usage: 1.06 GB
2025-03-09 23:57:37,569 - __main__ - INFO - GPU 0 Memory: 0.00 GB allocated, 0.00 GB reserved
2025-03-09 23:57:37,672 - __main__ - INFO - Starting client training for global round 14
2025-03-09 23:57:37,868 - __main__ - INFO - Average metrics - Train Loss: 1.7465, Train Acc: 0.5480, Val Acc: 0.5480, Test Acc: 0.5041
2025-03-09 23:57:37,868 - __main__ - INFO - Collecting client parameters for aggregation
2025-03-09 23:57:37,908 - __main__ - INFO - Completed global round 14
2025-03-09 23:57:37,910 - __main__ - INFO - Global model - Test Accuracy: 0.0182
2025-03-09 23:57:37,910 - __main__ - INFO - Round 15 - Avg Train Loss: 1.7465, Avg Train Acc: 0.5480, Avg Val Acc: 0.5480, Avg Test Acc: 0.5041, Global Test Acc: 0.0182
2025-03-09 23:57:38,038 - __main__ - INFO - Round 16/50
2025-03-09 23:57:38,039 - __main__ - INFO - CPU Memory Usage: 1.06 GB
2025-03-09 23:57:38,039 - __main__ - INFO - GPU 0 Memory: 0.00 GB allocated, 0.00 GB reserved
2025-03-09 23:57:38,154 - __main__ - INFO - Starting client training for global round 15
2025-03-09 23:57:38,353 - __main__ - INFO - Average metrics - Train Loss: 1.7471, Train Acc: 0.5084, Val Acc: 0.5084, Test Acc: 0.4622
2025-03-09 23:57:38,354 - __main__ - INFO - Collecting client parameters for aggregation
2025-03-09 23:57:38,396 - __main__ - INFO - Completed global round 15
2025-03-09 23:57:38,398 - __main__ - INFO - Global model - Test Accuracy: 0.0000
2025-03-09 23:57:38,398 - __main__ - INFO - Round 16 - Avg Train Loss: 1.7471, Avg Train Acc: 0.5084, Avg Val Acc: 0.5084, Avg Test Acc: 0.4622, Global Test Acc: 0.0000
2025-03-09 23:57:38,520 - __main__ - INFO - Round 17/50
2025-03-09 23:57:38,520 - __main__ - INFO - CPU Memory Usage: 1.06 GB
2025-03-09 23:57:38,521 - __main__ - INFO - GPU 0 Memory: 0.00 GB allocated, 0.00 GB reserved
2025-03-09 23:57:38,632 - __main__ - INFO - Starting client training for global round 16
2025-03-09 23:57:38,828 - __main__ - INFO - Average metrics - Train Loss: 1.7453, Train Acc: 0.4818, Val Acc: 0.4818, Test Acc: 0.4149
2025-03-09 23:57:38,828 - __main__ - INFO - Collecting client parameters for aggregation
2025-03-09 23:57:38,869 - __main__ - INFO - Completed global round 16
2025-03-09 23:57:38,874 - __main__ - INFO - Global model - Test Accuracy: 0.0182
2025-03-09 23:57:38,874 - __main__ - INFO - Round 17 - Avg Train Loss: 1.7453, Avg Train Acc: 0.4818, Avg Val Acc: 0.4818, Avg Test Acc: 0.4149, Global Test Acc: 0.0182
2025-03-09 23:57:38,998 - __main__ - INFO - Round 18/50
2025-03-09 23:57:38,998 - __main__ - INFO - CPU Memory Usage: 1.06 GB
2025-03-09 23:57:38,998 - __main__ - INFO - GPU 0 Memory: 0.00 GB allocated, 0.00 GB reserved
2025-03-09 23:57:39,105 - __main__ - INFO - Starting client training for global round 17
2025-03-09 23:57:39,304 - __main__ - INFO - Average metrics - Train Loss: 1.7441, Train Acc: 0.4431, Val Acc: 0.4431, Test Acc: 0.3927
2025-03-09 23:57:39,304 - __main__ - INFO - Collecting client parameters for aggregation
2025-03-09 23:57:39,345 - __main__ - INFO - Completed global round 17
2025-03-09 23:57:39,347 - __main__ - INFO - Global model - Test Accuracy: 0.0545
2025-03-09 23:57:39,347 - __main__ - INFO - Round 18 - Avg Train Loss: 1.7441, Avg Train Acc: 0.4431, Avg Val Acc: 0.4431, Avg Test Acc: 0.3927, Global Test Acc: 0.0545
2025-03-09 23:57:39,471 - __main__ - INFO - Round 19/50
2025-03-09 23:57:39,471 - __main__ - INFO - CPU Memory Usage: 1.06 GB
2025-03-09 23:57:39,471 - __main__ - INFO - GPU 0 Memory: 0.00 GB allocated, 0.00 GB reserved
2025-03-09 23:57:39,584 - __main__ - INFO - Starting client training for global round 18
2025-03-09 23:57:39,782 - __main__ - INFO - Average metrics - Train Loss: 1.7446, Train Acc: 0.4090, Val Acc: 0.4090, Test Acc: 0.3590
2025-03-09 23:57:39,782 - __main__ - INFO - Collecting client parameters for aggregation
2025-03-09 23:57:39,829 - __main__ - INFO - Completed global round 18
2025-03-09 23:57:39,831 - __main__ - INFO - Global model - Test Accuracy: 0.0545
2025-03-09 23:57:39,831 - __main__ - INFO - Round 19 - Avg Train Loss: 1.7446, Avg Train Acc: 0.4090, Avg Val Acc: 0.4090, Avg Test Acc: 0.3590, Global Test Acc: 0.0545
2025-03-09 23:57:39,973 - __main__ - INFO - Round 20/50
2025-03-09 23:57:39,973 - __main__ - INFO - CPU Memory Usage: 1.06 GB
2025-03-09 23:57:39,973 - __main__ - INFO - GPU 0 Memory: 0.00 GB allocated, 0.00 GB reserved
2025-03-09 23:57:40,092 - __main__ - INFO - Starting client training for global round 19
2025-03-09 23:57:40,293 - __main__ - INFO - Average metrics - Train Loss: 1.7453, Train Acc: 0.3947, Val Acc: 0.3947, Test Acc: 0.3518
2025-03-09 23:57:40,294 - __main__ - INFO - Collecting client parameters for aggregation
2025-03-09 23:57:40,338 - __main__ - INFO - Completed global round 19
2025-03-09 23:57:40,355 - __main__ - INFO - Global model - Test Accuracy: 0.0909
2025-03-09 23:57:40,355 - __main__ - INFO - Round 20 - Avg Train Loss: 1.7453, Avg Train Acc: 0.3947, Avg Val Acc: 0.3947, Avg Test Acc: 0.3518, Global Test Acc: 0.0909
2025-03-09 23:57:40,483 - __main__ - INFO - Round 21/50
2025-03-09 23:57:40,484 - __main__ - INFO - CPU Memory Usage: 1.06 GB
2025-03-09 23:57:40,484 - __main__ - INFO - GPU 0 Memory: 0.00 GB allocated, 0.00 GB reserved
2025-03-09 23:57:40,591 - __main__ - INFO - Starting client training for global round 20
2025-03-09 23:57:40,787 - __main__ - INFO - Average metrics - Train Loss: 1.7477, Train Acc: 0.3884, Val Acc: 0.3884, Test Acc: 0.3248
2025-03-09 23:57:40,788 - __main__ - INFO - Collecting client parameters for aggregation
2025-03-09 23:57:40,838 - __main__ - INFO - Completed global round 20
2025-03-09 23:57:40,840 - __main__ - INFO - Global model - Test Accuracy: 0.0909
2025-03-09 23:57:40,840 - __main__ - INFO - Round 21 - Avg Train Loss: 1.7477, Avg Train Acc: 0.3884, Avg Val Acc: 0.3884, Avg Test Acc: 0.3248, Global Test Acc: 0.0909
2025-03-09 23:57:40,963 - __main__ - INFO - Round 22/50
2025-03-09 23:57:40,963 - __main__ - INFO - CPU Memory Usage: 1.06 GB
2025-03-09 23:57:40,964 - __main__ - INFO - GPU 0 Memory: 0.00 GB allocated, 0.00 GB reserved
2025-03-09 23:57:41,073 - __main__ - INFO - Starting client training for global round 21
2025-03-09 23:57:41,270 - __main__ - INFO - Average metrics - Train Loss: 1.7481, Train Acc: 0.3473, Val Acc: 0.3473, Test Acc: 0.3069
2025-03-09 23:57:41,270 - __main__ - INFO - Collecting client parameters for aggregation
2025-03-09 23:57:41,319 - __main__ - INFO - Completed global round 21
2025-03-09 23:57:41,321 - __main__ - INFO - Global model - Test Accuracy: 0.1091
2025-03-09 23:57:41,321 - __main__ - INFO - Round 22 - Avg Train Loss: 1.7481, Avg Train Acc: 0.3473, Avg Val Acc: 0.3473, Avg Test Acc: 0.3069, Global Test Acc: 0.1091
2025-03-09 23:57:41,445 - __main__ - INFO - Round 23/50
2025-03-09 23:57:41,445 - __main__ - INFO - CPU Memory Usage: 1.06 GB
2025-03-09 23:57:41,445 - __main__ - INFO - GPU 0 Memory: 0.00 GB allocated, 0.00 GB reserved
2025-03-09 23:57:41,567 - __main__ - INFO - Starting client training for global round 22
2025-03-09 23:57:41,766 - __main__ - INFO - Average metrics - Train Loss: 1.7474, Train Acc: 0.3095, Val Acc: 0.3095, Test Acc: 0.2843
2025-03-09 23:57:41,766 - __main__ - INFO - Collecting client parameters for aggregation
2025-03-09 23:57:41,807 - __main__ - INFO - Completed global round 22
2025-03-09 23:57:41,810 - __main__ - INFO - Global model - Test Accuracy: 0.0909
2025-03-09 23:57:41,810 - __main__ - INFO - Round 23 - Avg Train Loss: 1.7474, Avg Train Acc: 0.3095, Avg Val Acc: 0.3095, Avg Test Acc: 0.2843, Global Test Acc: 0.0909
2025-03-09 23:57:41,932 - __main__ - INFO - Round 24/50
2025-03-09 23:57:41,933 - __main__ - INFO - CPU Memory Usage: 1.06 GB
2025-03-09 23:57:41,933 - __main__ - INFO - GPU 0 Memory: 0.00 GB allocated, 0.00 GB reserved
2025-03-09 23:57:42,042 - __main__ - INFO - Starting client training for global round 23
2025-03-09 23:57:42,240 - __main__ - INFO - Average metrics - Train Loss: 1.7481, Train Acc: 0.3265, Val Acc: 0.3265, Test Acc: 0.2763
2025-03-09 23:57:42,241 - __main__ - INFO - Collecting client parameters for aggregation
2025-03-09 23:57:42,294 - __main__ - INFO - Completed global round 23
2025-03-09 23:57:42,297 - __main__ - INFO - Global model - Test Accuracy: 0.0727
2025-03-09 23:57:42,297 - __main__ - INFO - Round 24 - Avg Train Loss: 1.7481, Avg Train Acc: 0.3265, Avg Val Acc: 0.3265, Avg Test Acc: 0.2763, Global Test Acc: 0.0727
2025-03-09 23:57:42,421 - __main__ - INFO - Round 25/50
2025-03-09 23:57:42,422 - __main__ - INFO - CPU Memory Usage: 1.06 GB
2025-03-09 23:57:42,422 - __main__ - INFO - GPU 0 Memory: 0.00 GB allocated, 0.00 GB reserved
2025-03-09 23:57:42,525 - __main__ - INFO - Starting client training for global round 24
2025-03-09 23:57:42,728 - __main__ - INFO - Average metrics - Train Loss: 1.7557, Train Acc: 0.2582, Val Acc: 0.2582, Test Acc: 0.2332
2025-03-09 23:57:42,728 - __main__ - INFO - Collecting client parameters for aggregation
2025-03-09 23:57:42,782 - __main__ - INFO - Completed global round 24
2025-03-09 23:57:42,798 - __main__ - INFO - Global model - Test Accuracy: 0.1091
2025-03-09 23:57:42,798 - __main__ - INFO - Round 25 - Avg Train Loss: 1.7557, Avg Train Acc: 0.2582, Avg Val Acc: 0.2582, Avg Test Acc: 0.2332, Global Test Acc: 0.1091
2025-03-09 23:57:42,933 - __main__ - INFO - Round 26/50
2025-03-09 23:57:42,933 - __main__ - INFO - CPU Memory Usage: 1.06 GB
2025-03-09 23:57:42,933 - __main__ - INFO - GPU 0 Memory: 0.00 GB allocated, 0.00 GB reserved
2025-03-09 23:57:43,040 - __main__ - INFO - Starting client training for global round 25
2025-03-09 23:57:43,240 - __main__ - INFO - Average metrics - Train Loss: 1.7561, Train Acc: 0.2561, Val Acc: 0.2561, Test Acc: 0.2449
2025-03-09 23:57:43,240 - __main__ - INFO - Collecting client parameters for aggregation
2025-03-09 23:57:43,282 - __main__ - INFO - Completed global round 25
2025-03-09 23:57:43,284 - __main__ - INFO - Global model - Test Accuracy: 0.1818
2025-03-09 23:57:43,284 - __main__ - INFO - Round 26 - Avg Train Loss: 1.7561, Avg Train Acc: 0.2561, Avg Val Acc: 0.2561, Avg Test Acc: 0.2449, Global Test Acc: 0.1818
2025-03-09 23:57:43,407 - __main__ - INFO - Round 27/50
2025-03-09 23:57:43,408 - __main__ - INFO - CPU Memory Usage: 1.06 GB
2025-03-09 23:57:43,408 - __main__ - INFO - GPU 0 Memory: 0.00 GB allocated, 0.00 GB reserved
2025-03-09 23:57:43,519 - __main__ - INFO - Starting client training for global round 26
2025-03-09 23:57:43,717 - __main__ - INFO - Average metrics - Train Loss: 1.7517, Train Acc: 0.2834, Val Acc: 0.2834, Test Acc: 0.2774
2025-03-09 23:57:43,717 - __main__ - INFO - Collecting client parameters for aggregation
2025-03-09 23:57:43,764 - __main__ - INFO - Completed global round 26
2025-03-09 23:57:43,767 - __main__ - INFO - Global model - Test Accuracy: 0.2000
2025-03-09 23:57:43,768 - __main__ - INFO - Round 27 - Avg Train Loss: 1.7517, Avg Train Acc: 0.2834, Avg Val Acc: 0.2834, Avg Test Acc: 0.2774, Global Test Acc: 0.2000
2025-03-09 23:57:43,892 - __main__ - INFO - Round 28/50
2025-03-09 23:57:43,893 - __main__ - INFO - CPU Memory Usage: 1.06 GB
2025-03-09 23:57:43,893 - __main__ - INFO - GPU 0 Memory: 0.00 GB allocated, 0.00 GB reserved
2025-03-09 23:57:43,996 - __main__ - INFO - Starting client training for global round 27
2025-03-09 23:57:44,194 - __main__ - INFO - Average metrics - Train Loss: 1.7536, Train Acc: 0.2677, Val Acc: 0.2677, Test Acc: 0.2664
2025-03-09 23:57:44,194 - __main__ - INFO - Collecting client parameters for aggregation
2025-03-09 23:57:44,242 - __main__ - INFO - Completed global round 27
2025-03-09 23:57:44,244 - __main__ - INFO - Global model - Test Accuracy: 0.1636
2025-03-09 23:57:44,244 - __main__ - INFO - Round 28 - Avg Train Loss: 1.7536, Avg Train Acc: 0.2677, Avg Val Acc: 0.2677, Avg Test Acc: 0.2664, Global Test Acc: 0.1636
2025-03-09 23:57:44,369 - __main__ - INFO - Round 29/50
2025-03-09 23:57:44,369 - __main__ - INFO - CPU Memory Usage: 1.06 GB
2025-03-09 23:57:44,370 - __main__ - INFO - GPU 0 Memory: 0.00 GB allocated, 0.00 GB reserved
2025-03-09 23:57:44,479 - __main__ - INFO - Starting client training for global round 28
2025-03-09 23:57:44,679 - __main__ - INFO - Average metrics - Train Loss: 1.7661, Train Acc: 0.2638, Val Acc: 0.2638, Test Acc: 0.2362
2025-03-09 23:57:44,679 - __main__ - INFO - Collecting client parameters for aggregation
2025-03-09 23:57:44,731 - __main__ - INFO - Completed global round 28
2025-03-09 23:57:44,754 - __main__ - INFO - Global model - Test Accuracy: 0.1455
2025-03-09 23:57:44,754 - __main__ - INFO - Round 29 - Avg Train Loss: 1.7661, Avg Train Acc: 0.2638, Avg Val Acc: 0.2638, Avg Test Acc: 0.2362, Global Test Acc: 0.1455
2025-03-09 23:57:44,875 - __main__ - INFO - Round 30/50
2025-03-09 23:57:44,875 - __main__ - INFO - CPU Memory Usage: 1.06 GB
2025-03-09 23:57:44,875 - __main__ - INFO - GPU 0 Memory: 0.00 GB allocated, 0.00 GB reserved
2025-03-09 23:57:44,978 - __main__ - INFO - Starting client training for global round 29
2025-03-09 23:57:45,175 - __main__ - INFO - Average metrics - Train Loss: 1.7687, Train Acc: 0.2706, Val Acc: 0.2706, Test Acc: 0.2594
2025-03-09 23:57:45,176 - __main__ - INFO - Collecting client parameters for aggregation
2025-03-09 23:57:45,221 - __main__ - INFO - Completed global round 29
2025-03-09 23:57:45,230 - __main__ - INFO - Global model - Test Accuracy: 0.1455
2025-03-09 23:57:45,231 - __main__ - INFO - Round 30 - Avg Train Loss: 1.7687, Avg Train Acc: 0.2706, Avg Val Acc: 0.2706, Avg Test Acc: 0.2594, Global Test Acc: 0.1455
2025-03-09 23:57:45,359 - __main__ - INFO - Round 31/50
2025-03-09 23:57:45,359 - __main__ - INFO - CPU Memory Usage: 1.06 GB
2025-03-09 23:57:45,359 - __main__ - INFO - GPU 0 Memory: 0.00 GB allocated, 0.00 GB reserved
2025-03-09 23:57:45,462 - __main__ - INFO - Starting client training for global round 30
2025-03-09 23:57:45,666 - __main__ - INFO - Average metrics - Train Loss: 1.7784, Train Acc: 0.2404, Val Acc: 0.2404, Test Acc: 0.2346
2025-03-09 23:57:45,666 - __main__ - INFO - Collecting client parameters for aggregation
2025-03-09 23:57:45,721 - __main__ - INFO - Completed global round 30
2025-03-09 23:57:45,724 - __main__ - INFO - Global model - Test Accuracy: 0.1818
2025-03-09 23:57:45,724 - __main__ - INFO - Round 31 - Avg Train Loss: 1.7784, Avg Train Acc: 0.2404, Avg Val Acc: 0.2404, Avg Test Acc: 0.2346, Global Test Acc: 0.1818
2025-03-09 23:57:45,847 - __main__ - INFO - Round 32/50
2025-03-09 23:57:45,848 - __main__ - INFO - CPU Memory Usage: 1.06 GB
2025-03-09 23:57:45,848 - __main__ - INFO - GPU 0 Memory: 0.00 GB allocated, 0.00 GB reserved
2025-03-09 23:57:45,957 - __main__ - INFO - Starting client training for global round 31
2025-03-09 23:57:46,157 - __main__ - INFO - Average metrics - Train Loss: 1.7915, Train Acc: 0.2279, Val Acc: 0.2279, Test Acc: 0.2240
2025-03-09 23:57:46,158 - __main__ - INFO - Collecting client parameters for aggregation
2025-03-09 23:57:46,208 - __main__ - INFO - Completed global round 31
2025-03-09 23:57:46,210 - __main__ - INFO - Global model - Test Accuracy: 0.2545
2025-03-09 23:57:46,210 - __main__ - INFO - Round 32 - Avg Train Loss: 1.7915, Avg Train Acc: 0.2279, Avg Val Acc: 0.2279, Avg Test Acc: 0.2240, Global Test Acc: 0.2545
2025-03-09 23:57:46,335 - __main__ - INFO - Round 33/50
2025-03-09 23:57:46,335 - __main__ - INFO - CPU Memory Usage: 1.06 GB
2025-03-09 23:57:46,335 - __main__ - INFO - GPU 0 Memory: 0.00 GB allocated, 0.00 GB reserved
2025-03-09 23:57:46,439 - __main__ - INFO - Starting client training for global round 32
2025-03-09 23:57:46,638 - __main__ - INFO - Average metrics - Train Loss: 1.8012, Train Acc: 0.2048, Val Acc: 0.2048, Test Acc: 0.1796
2025-03-09 23:57:46,638 - __main__ - INFO - Collecting client parameters for aggregation
2025-03-09 23:57:46,689 - __main__ - INFO - Completed global round 32
2025-03-09 23:57:46,713 - __main__ - INFO - Global model - Test Accuracy: 0.2545
2025-03-09 23:57:46,713 - __main__ - INFO - Round 33 - Avg Train Loss: 1.8012, Avg Train Acc: 0.2048, Avg Val Acc: 0.2048, Avg Test Acc: 0.1796, Global Test Acc: 0.2545
2025-03-09 23:57:46,847 - __main__ - INFO - Round 34/50
2025-03-09 23:57:46,847 - __main__ - INFO - CPU Memory Usage: 1.06 GB
2025-03-09 23:57:46,847 - __main__ - INFO - GPU 0 Memory: 0.00 GB allocated, 0.00 GB reserved
2025-03-09 23:57:46,960 - __main__ - INFO - Starting client training for global round 33
2025-03-09 23:57:47,163 - __main__ - INFO - Average metrics - Train Loss: 1.8016, Train Acc: 0.2061, Val Acc: 0.2061, Test Acc: 0.1849
2025-03-09 23:57:47,163 - __main__ - INFO - Collecting client parameters for aggregation
2025-03-09 23:57:47,204 - __main__ - INFO - Completed global round 33
2025-03-09 23:57:47,206 - __main__ - INFO - Global model - Test Accuracy: 0.2182
2025-03-09 23:57:47,206 - __main__ - INFO - Round 34 - Avg Train Loss: 1.8016, Avg Train Acc: 0.2061, Avg Val Acc: 0.2061, Avg Test Acc: 0.1849, Global Test Acc: 0.2182
2025-03-09 23:57:47,328 - __main__ - INFO - Round 35/50
2025-03-09 23:57:47,329 - __main__ - INFO - CPU Memory Usage: 1.06 GB
2025-03-09 23:57:47,330 - __main__ - INFO - GPU 0 Memory: 0.00 GB allocated, 0.00 GB reserved
2025-03-09 23:57:47,434 - __main__ - INFO - Starting client training for global round 34
2025-03-09 23:57:47,631 - __main__ - INFO - Average metrics - Train Loss: 1.8131, Train Acc: 0.2038, Val Acc: 0.2038, Test Acc: 0.1990
2025-03-09 23:57:47,631 - __main__ - INFO - Collecting client parameters for aggregation
2025-03-09 23:57:47,675 - __main__ - INFO - Completed global round 34
2025-03-09 23:57:47,677 - __main__ - INFO - Global model - Test Accuracy: 0.1818
2025-03-09 23:57:47,677 - __main__ - INFO - Round 35 - Avg Train Loss: 1.8131, Avg Train Acc: 0.2038, Avg Val Acc: 0.2038, Avg Test Acc: 0.1990, Global Test Acc: 0.1818
2025-03-09 23:57:47,801 - __main__ - INFO - Round 36/50
2025-03-09 23:57:47,801 - __main__ - INFO - CPU Memory Usage: 1.06 GB
2025-03-09 23:57:47,801 - __main__ - INFO - GPU 0 Memory: 0.00 GB allocated, 0.00 GB reserved
2025-03-09 23:57:47,904 - __main__ - INFO - Starting client training for global round 35
2025-03-09 23:57:48,106 - __main__ - INFO - Average metrics - Train Loss: 1.8167, Train Acc: 0.2061, Val Acc: 0.2061, Test Acc: 0.2149
2025-03-09 23:57:48,106 - __main__ - INFO - Collecting client parameters for aggregation
2025-03-09 23:57:48,150 - __main__ - INFO - Completed global round 35
2025-03-09 23:57:48,158 - __main__ - INFO - Global model - Test Accuracy: 0.2000
2025-03-09 23:57:48,158 - __main__ - INFO - Round 36 - Avg Train Loss: 1.8167, Avg Train Acc: 0.2061, Avg Val Acc: 0.2061, Avg Test Acc: 0.2149, Global Test Acc: 0.2000
2025-03-09 23:57:48,282 - __main__ - INFO - Round 37/50
2025-03-09 23:57:48,283 - __main__ - INFO - CPU Memory Usage: 1.06 GB
2025-03-09 23:57:48,283 - __main__ - INFO - GPU 0 Memory: 0.00 GB allocated, 0.00 GB reserved
2025-03-09 23:57:48,393 - __main__ - INFO - Starting client training for global round 36
2025-03-09 23:57:48,591 - __main__ - INFO - Average metrics - Train Loss: 1.8187, Train Acc: 0.2250, Val Acc: 0.2250, Test Acc: 0.2044
2025-03-09 23:57:48,591 - __main__ - INFO - Collecting client parameters for aggregation
2025-03-09 23:57:48,647 - __main__ - INFO - Completed global round 36
2025-03-09 23:57:48,659 - __main__ - INFO - Global model - Test Accuracy: 0.2727
2025-03-09 23:57:48,659 - __main__ - INFO - Round 37 - Avg Train Loss: 1.8187, Avg Train Acc: 0.2250, Avg Val Acc: 0.2250, Avg Test Acc: 0.2044, Global Test Acc: 0.2727
2025-03-09 23:57:48,779 - __main__ - INFO - Round 38/50
2025-03-09 23:57:48,780 - __main__ - INFO - CPU Memory Usage: 1.06 GB
2025-03-09 23:57:48,780 - __main__ - INFO - GPU 0 Memory: 0.00 GB allocated, 0.00 GB reserved
2025-03-09 23:57:48,881 - __main__ - INFO - Starting client training for global round 37
2025-03-09 23:57:49,080 - __main__ - INFO - Average metrics - Train Loss: 1.8173, Train Acc: 0.2444, Val Acc: 0.2444, Test Acc: 0.2027
2025-03-09 23:57:49,080 - __main__ - INFO - Collecting client parameters for aggregation
2025-03-09 23:57:49,131 - __main__ - INFO - Completed global round 37
2025-03-09 23:57:49,133 - __main__ - INFO - Global model - Test Accuracy: 0.2727
2025-03-09 23:57:49,133 - __main__ - INFO - Round 38 - Avg Train Loss: 1.8173, Avg Train Acc: 0.2444, Avg Val Acc: 0.2444, Avg Test Acc: 0.2027, Global Test Acc: 0.2727
2025-03-09 23:57:49,261 - __main__ - INFO - Round 39/50
2025-03-09 23:57:49,261 - __main__ - INFO - CPU Memory Usage: 1.06 GB
2025-03-09 23:57:49,262 - __main__ - INFO - GPU 0 Memory: 0.00 GB allocated, 0.00 GB reserved
2025-03-09 23:57:49,372 - __main__ - INFO - Starting client training for global round 38
2025-03-09 23:57:49,568 - __main__ - INFO - Average metrics - Train Loss: 1.8233, Train Acc: 0.2264, Val Acc: 0.2264, Test Acc: 0.2137
2025-03-09 23:57:49,569 - __main__ - INFO - Collecting client parameters for aggregation
2025-03-09 23:57:49,620 - __main__ - INFO - Completed global round 38
2025-03-09 23:57:49,622 - __main__ - INFO - Global model - Test Accuracy: 0.2364
2025-03-09 23:57:49,622 - __main__ - INFO - Round 39 - Avg Train Loss: 1.8233, Avg Train Acc: 0.2264, Avg Val Acc: 0.2264, Avg Test Acc: 0.2137, Global Test Acc: 0.2364
2025-03-09 23:57:49,744 - __main__ - INFO - Round 40/50
2025-03-09 23:57:49,745 - __main__ - INFO - CPU Memory Usage: 1.06 GB
2025-03-09 23:57:49,745 - __main__ - INFO - GPU 0 Memory: 0.00 GB allocated, 0.00 GB reserved
2025-03-09 23:57:49,850 - __main__ - INFO - Starting client training for global round 39
2025-03-09 23:57:50,061 - __main__ - INFO - Average metrics - Train Loss: 1.8356, Train Acc: 0.2016, Val Acc: 0.2016, Test Acc: 0.1838
2025-03-09 23:57:50,061 - __main__ - INFO - Collecting client parameters for aggregation
2025-03-09 23:57:50,107 - __main__ - INFO - Completed global round 39
2025-03-09 23:57:50,120 - __main__ - INFO - Global model - Test Accuracy: 0.2000
2025-03-09 23:57:50,120 - __main__ - INFO - Round 40 - Avg Train Loss: 1.8356, Avg Train Acc: 0.2016, Avg Val Acc: 0.2016, Avg Test Acc: 0.1838, Global Test Acc: 0.2000
2025-03-09 23:57:50,244 - __main__ - INFO - Round 41/50
2025-03-09 23:57:50,244 - __main__ - INFO - CPU Memory Usage: 1.06 GB
2025-03-09 23:57:50,245 - __main__ - INFO - GPU 0 Memory: 0.00 GB allocated, 0.00 GB reserved
2025-03-09 23:57:50,348 - __main__ - INFO - Starting client training for global round 40
2025-03-09 23:57:50,550 - __main__ - INFO - Average metrics - Train Loss: 1.8663, Train Acc: 0.1878, Val Acc: 0.1878, Test Acc: 0.1940
2025-03-09 23:57:50,550 - __main__ - INFO - Collecting client parameters for aggregation
2025-03-09 23:57:50,594 - __main__ - INFO - Completed global round 40
2025-03-09 23:57:50,705 - __main__ - INFO - Global model - Test Accuracy: 0.1636
2025-03-09 23:57:50,710 - __main__ - INFO - Round 41 - Avg Train Loss: 1.8663, Avg Train Acc: 0.1878, Avg Val Acc: 0.1878, Avg Test Acc: 0.1940, Global Test Acc: 0.1636
2025-03-09 23:57:50,843 - __main__ - INFO - Round 42/50
2025-03-09 23:57:50,844 - __main__ - INFO - CPU Memory Usage: 1.06 GB
2025-03-09 23:57:50,844 - __main__ - INFO - GPU 0 Memory: 0.00 GB allocated, 0.00 GB reserved
2025-03-09 23:57:50,967 - __main__ - INFO - Starting client training for global round 41
2025-03-09 23:57:51,172 - __main__ - INFO - Average metrics - Train Loss: 1.8979, Train Acc: 0.2123, Val Acc: 0.2123, Test Acc: 0.1918
2025-03-09 23:57:51,172 - __main__ - INFO - Collecting client parameters for aggregation
2025-03-09 23:57:51,348 - __main__ - INFO - Completed global round 41
2025-03-09 23:57:51,444 - __main__ - INFO - Global model - Test Accuracy: 0.1818
2025-03-09 23:57:51,444 - __main__ - INFO - Round 42 - Avg Train Loss: 1.8979, Avg Train Acc: 0.2123, Avg Val Acc: 0.2123, Avg Test Acc: 0.1918, Global Test Acc: 0.1818
2025-03-09 23:57:51,567 - __main__ - INFO - Round 43/50
2025-03-09 23:57:51,567 - __main__ - INFO - CPU Memory Usage: 1.06 GB
2025-03-09 23:57:51,567 - __main__ - INFO - GPU 0 Memory: 0.00 GB allocated, 0.00 GB reserved
2025-03-09 23:57:51,674 - __main__ - INFO - Starting client training for global round 42
2025-03-09 23:57:51,871 - __main__ - INFO - Average metrics - Train Loss: 1.9150, Train Acc: 0.2137, Val Acc: 0.2137, Test Acc: 0.1883
2025-03-09 23:57:51,871 - __main__ - INFO - Collecting client parameters for aggregation
2025-03-09 23:57:51,919 - __main__ - INFO - Completed global round 42
2025-03-09 23:57:51,925 - __main__ - INFO - Global model - Test Accuracy: 0.3273
2025-03-09 23:57:51,925 - __main__ - INFO - Round 43 - Avg Train Loss: 1.9150, Avg Train Acc: 0.2137, Avg Val Acc: 0.2137, Avg Test Acc: 0.1883, Global Test Acc: 0.3273
2025-03-09 23:57:52,064 - __main__ - INFO - Round 44/50
2025-03-09 23:57:52,064 - __main__ - INFO - CPU Memory Usage: 1.06 GB
2025-03-09 23:57:52,065 - __main__ - INFO - GPU 0 Memory: 0.00 GB allocated, 0.00 GB reserved
2025-03-09 23:57:52,183 - __main__ - INFO - Starting client training for global round 43
2025-03-09 23:57:52,381 - __main__ - INFO - Average metrics - Train Loss: 1.9422, Train Acc: 0.2311, Val Acc: 0.2311, Test Acc: 0.1976
2025-03-09 23:57:52,381 - __main__ - INFO - Collecting client parameters for aggregation
2025-03-09 23:57:52,430 - __main__ - INFO - Completed global round 43
2025-03-09 23:57:52,432 - __main__ - INFO - Global model - Test Accuracy: 0.2909
2025-03-09 23:57:52,432 - __main__ - INFO - Round 44 - Avg Train Loss: 1.9422, Avg Train Acc: 0.2311, Avg Val Acc: 0.2311, Avg Test Acc: 0.1976, Global Test Acc: 0.2909
2025-03-09 23:57:52,556 - __main__ - INFO - Round 45/50
2025-03-09 23:57:52,556 - __main__ - INFO - CPU Memory Usage: 1.06 GB
2025-03-09 23:57:52,556 - __main__ - INFO - GPU 0 Memory: 0.00 GB allocated, 0.00 GB reserved
2025-03-09 23:57:52,666 - __main__ - INFO - Starting client training for global round 44
2025-03-09 23:57:52,864 - __main__ - INFO - Average metrics - Train Loss: 1.9746, Train Acc: 0.1904, Val Acc: 0.1904, Test Acc: 0.2163
2025-03-09 23:57:52,864 - __main__ - INFO - Collecting client parameters for aggregation
2025-03-09 23:57:52,911 - __main__ - INFO - Completed global round 44
2025-03-09 23:57:52,921 - __main__ - INFO - Global model - Test Accuracy: 0.2545
2025-03-09 23:57:52,921 - __main__ - INFO - Round 45 - Avg Train Loss: 1.9746, Avg Train Acc: 0.1904, Avg Val Acc: 0.1904, Avg Test Acc: 0.2163, Global Test Acc: 0.2545
2025-03-09 23:57:53,044 - __main__ - INFO - Round 46/50
2025-03-09 23:57:53,044 - __main__ - INFO - CPU Memory Usage: 1.06 GB
2025-03-09 23:57:53,045 - __main__ - INFO - GPU 0 Memory: 0.00 GB allocated, 0.00 GB reserved
2025-03-09 23:57:53,152 - __main__ - INFO - Starting client training for global round 45
2025-03-09 23:57:53,349 - __main__ - INFO - Average metrics - Train Loss: 2.0271, Train Acc: 0.1855, Val Acc: 0.1855, Test Acc: 0.1966
2025-03-09 23:57:53,349 - __main__ - INFO - Collecting client parameters for aggregation
2025-03-09 23:57:53,402 - __main__ - INFO - Completed global round 45
2025-03-09 23:57:53,404 - __main__ - INFO - Global model - Test Accuracy: 0.2727
2025-03-09 23:57:53,405 - __main__ - INFO - Round 46 - Avg Train Loss: 2.0271, Avg Train Acc: 0.1855, Avg Val Acc: 0.1855, Avg Test Acc: 0.1966, Global Test Acc: 0.2727
2025-03-09 23:57:53,532 - __main__ - INFO - Round 47/50
2025-03-09 23:57:53,532 - __main__ - INFO - CPU Memory Usage: 1.06 GB
2025-03-09 23:57:53,533 - __main__ - INFO - GPU 0 Memory: 0.00 GB allocated, 0.00 GB reserved
2025-03-09 23:57:53,641 - __main__ - INFO - Starting client training for global round 46
2025-03-09 23:57:53,838 - __main__ - INFO - Average metrics - Train Loss: 2.1047, Train Acc: 0.1729, Val Acc: 0.1729, Test Acc: 0.1751
2025-03-09 23:57:53,838 - __main__ - INFO - Collecting client parameters for aggregation
2025-03-09 23:57:53,897 - __main__ - INFO - Completed global round 46
2025-03-09 23:57:53,906 - __main__ - INFO - Global model - Test Accuracy: 0.2182
2025-03-09 23:57:53,906 - __main__ - INFO - Round 47 - Avg Train Loss: 2.1047, Avg Train Acc: 0.1729, Avg Val Acc: 0.1729, Avg Test Acc: 0.1751, Global Test Acc: 0.2182
2025-03-09 23:57:54,029 - __main__ - INFO - Round 48/50
2025-03-09 23:57:54,029 - __main__ - INFO - CPU Memory Usage: 1.06 GB
2025-03-09 23:57:54,030 - __main__ - INFO - GPU 0 Memory: 0.00 GB allocated, 0.00 GB reserved
2025-03-09 23:57:54,144 - __main__ - INFO - Starting client training for global round 47
2025-03-09 23:57:54,340 - __main__ - INFO - Average metrics - Train Loss: 2.1450, Train Acc: 0.1787, Val Acc: 0.1787, Test Acc: 0.1669
2025-03-09 23:57:54,341 - __main__ - INFO - Collecting client parameters for aggregation
2025-03-09 23:57:54,387 - __main__ - INFO - Completed global round 47
2025-03-09 23:57:54,398 - __main__ - INFO - Global model - Test Accuracy: 0.2727
2025-03-09 23:57:54,398 - __main__ - INFO - Round 48 - Avg Train Loss: 2.1450, Avg Train Acc: 0.1787, Avg Val Acc: 0.1787, Avg Test Acc: 0.1669, Global Test Acc: 0.2727
2025-03-09 23:57:54,520 - __main__ - INFO - Round 49/50
2025-03-09 23:57:54,520 - __main__ - INFO - CPU Memory Usage: 1.06 GB
2025-03-09 23:57:54,520 - __main__ - INFO - GPU 0 Memory: 0.00 GB allocated, 0.00 GB reserved
2025-03-09 23:57:54,622 - __main__ - INFO - Starting client training for global round 48
2025-03-09 23:57:54,820 - __main__ - INFO - Average metrics - Train Loss: 2.1206, Train Acc: 0.1762, Val Acc: 0.1762, Test Acc: 0.1760
2025-03-09 23:57:54,820 - __main__ - INFO - Collecting client parameters for aggregation
2025-03-09 23:57:54,859 - __main__ - INFO - Completed global round 48
2025-03-09 23:57:54,861 - __main__ - INFO - Global model - Test Accuracy: 0.2727
2025-03-09 23:57:54,861 - __main__ - INFO - Round 49 - Avg Train Loss: 2.1206, Avg Train Acc: 0.1762, Avg Val Acc: 0.1762, Avg Test Acc: 0.1760, Global Test Acc: 0.2727
2025-03-09 23:57:54,981 - __main__ - INFO - Round 50/50
2025-03-09 23:57:54,982 - __main__ - INFO - CPU Memory Usage: 1.06 GB
2025-03-09 23:57:54,982 - __main__ - INFO - GPU 0 Memory: 0.00 GB allocated, 0.00 GB reserved
2025-03-09 23:57:55,092 - __main__ - INFO - Starting client training for global round 49
2025-03-09 23:57:55,291 - __main__ - INFO - Average metrics - Train Loss: 2.1022, Train Acc: 0.1562, Val Acc: 0.1562, Test Acc: 0.1631
2025-03-09 23:57:55,291 - __main__ - INFO - Collecting client parameters for aggregation
2025-03-09 23:57:55,330 - __main__ - INFO - Completed global round 49
2025-03-09 23:57:55,333 - __main__ - INFO - Global model - Test Accuracy: 0.2727
2025-03-09 23:57:55,334 - __main__ - INFO - Round 50 - Avg Train Loss: 2.1022, Avg Train Acc: 0.1562, Avg Val Acc: 0.1562, Avg Test Acc: 0.1631, Global Test Acc: 0.2727
2025-03-09 23:57:55,481 - __main__ - INFO - Results saved to JSON: results/results_20250309_235324/Citeseer_zero_auto/results_Citeseer_zero_auto_20250309_235755.json
2025-03-09 23:57:55,482 - __main__ - INFO - Text results saved to: results/results_20250309_235324/Citeseer_zero_auto/results_Citeseer_zero_auto_20250309_235755.txt
2025-03-09 23:57:55,486 - __main__ - INFO - Rounds data saved to: results/results_20250309_235324/Citeseer_zero_auto/rounds_Citeseer_zero_auto_20250309_235755.csv
2025-03-09 23:57:55,487 - __main__ - INFO - Summary data saved to: results/results_20250309_235324/Citeseer_zero_auto/summary_Citeseer_zero_auto_20250309_235755.csv
2025-03-09 23:57:55,489 - __main__ - INFO - Results arrays saved to: results/results_20250309_235324/Citeseer_zero_auto/results_arrays_Citeseer_zero_auto_20250309_235755.csv
2025-03-09 23:57:55,489 - __main__ - INFO - Training completed successfully
