2025-03-09 23:54:00,200 - __main__ - INFO - Starting enhanced federated learning with Cora dataset
2025-03-09 23:54:00,201 - __main__ - INFO - Random seed set to 42
2025-03-09 23:54:00,201 - __main__ - INFO - Using memory-efficient models
2025-03-09 23:54:02,072 - __main__ - INFO - Ray initialized successfully
2025-03-09 23:54:02,072 - __main__ - INFO - Using CPU
2025-03-09 23:54:02,221 - __main__ - INFO - CPU Memory Usage: 0.67 GB
2025-03-09 23:54:02,267 - __main__ - INFO - GPU 0 Memory: 0.00 GB allocated, 0.00 GB reserved
2025-03-09 23:54:02,267 - __main__ - INFO - Loading dataset: Cora
2025-03-09 23:54:02,335 - __main__ - INFO - Dataset: Cora
2025-03-09 23:54:02,335 - __main__ - INFO - Number of nodes: 2708
2025-03-09 23:54:02,335 - __main__ - INFO - Number of features: 1433
2025-03-09 23:54:02,338 - __main__ - INFO - Number of classes: 7
2025-03-09 23:54:02,338 - __main__ - INFO - Number of edges: 10556
2025-03-09 23:54:02,338 - __main__ - INFO - CPU Memory Usage: 0.76 GB
2025-03-09 23:54:02,339 - __main__ - INFO - GPU 0 Memory: 0.00 GB allocated, 0.00 GB reserved
2025-03-09 23:54:02,340 - __main__ - INFO - Using standard GCN model for cora
2025-03-09 23:54:02,371 - __main__ - INFO - Global model type: EnhancedGCN
2025-03-09 23:54:02,372 - __main__ - INFO - Total model parameters: 23095
2025-03-09 23:54:02,372 - __main__ - INFO - Training for 50 rounds with 3 local epochs per round
2025-03-09 23:54:02,373 - __main__ - INFO - Initializing 10 clients with 2 epochs per round
2025-03-09 23:54:02,468 - __main__ - INFO - Initialized 10 clients
2025-03-09 23:54:02,471 - __main__ - INFO - Starting federated training for 50 rounds
2025-03-09 23:54:02,471 - __main__ - INFO - Round 1/50
2025-03-09 23:54:02,471 - __main__ - INFO - CPU Memory Usage: 0.81 GB
2025-03-09 23:54:02,471 - __main__ - INFO - GPU 0 Memory: 0.00 GB allocated, 0.00 GB reserved
2025-03-09 23:54:02,653 - __main__ - INFO - Starting client training for global round 0
2025-03-09 23:54:05,708 - __main__ - INFO - Average metrics - Train Loss: 1.8956, Train Acc: 0.7157, Val Acc: 0.7157, Test Acc: 0.7506
2025-03-09 23:54:05,709 - __main__ - INFO - Collecting client parameters for aggregation
2025-03-09 23:54:05,743 - __main__ - INFO - Completed global round 0
2025-03-09 23:54:05,757 - __main__ - INFO - Global model - Test Accuracy: 0.0129
2025-03-09 23:54:05,758 - __main__ - INFO - Round 1 - Avg Train Loss: 1.8956, Avg Train Acc: 0.7157, Avg Val Acc: 0.7157, Avg Test Acc: 0.7506, Global Test Acc: 0.0129
2025-03-09 23:54:05,885 - __main__ - INFO - Round 2/50
2025-03-09 23:54:05,885 - __main__ - INFO - CPU Memory Usage: 0.82 GB
2025-03-09 23:54:05,886 - __main__ - INFO - GPU 0 Memory: 0.00 GB allocated, 0.00 GB reserved
2025-03-09 23:54:05,992 - __main__ - INFO - Starting client training for global round 1
2025-03-09 23:54:06,142 - __main__ - INFO - Average metrics - Train Loss: 1.9129, Train Acc: 0.6594, Val Acc: 0.6594, Test Acc: 0.7203
2025-03-09 23:54:06,142 - __main__ - INFO - Collecting client parameters for aggregation
2025-03-09 23:54:06,174 - __main__ - INFO - Completed global round 1
2025-03-09 23:54:06,186 - __main__ - INFO - Global model - Test Accuracy: 0.0000
2025-03-09 23:54:06,186 - __main__ - INFO - Round 2 - Avg Train Loss: 1.9129, Avg Train Acc: 0.6594, Avg Val Acc: 0.6594, Avg Test Acc: 0.7203, Global Test Acc: 0.0000
2025-03-09 23:54:06,309 - __main__ - INFO - Round 3/50
2025-03-09 23:54:06,309 - __main__ - INFO - CPU Memory Usage: 0.82 GB
2025-03-09 23:54:06,310 - __main__ - INFO - GPU 0 Memory: 0.00 GB allocated, 0.00 GB reserved
2025-03-09 23:54:06,421 - __main__ - INFO - Starting client training for global round 2
2025-03-09 23:54:06,570 - __main__ - INFO - Average metrics - Train Loss: 1.9096, Train Acc: 0.6611, Val Acc: 0.6611, Test Acc: 0.7061
2025-03-09 23:54:06,571 - __main__ - INFO - Collecting client parameters for aggregation
2025-03-09 23:54:06,603 - __main__ - INFO - Completed global round 2
2025-03-09 23:54:06,613 - __main__ - INFO - Global model - Test Accuracy: 0.0000
2025-03-09 23:54:06,613 - __main__ - INFO - Round 3 - Avg Train Loss: 1.9096, Avg Train Acc: 0.6611, Avg Val Acc: 0.6611, Avg Test Acc: 0.7061, Global Test Acc: 0.0000
2025-03-09 23:54:06,738 - __main__ - INFO - Round 4/50
2025-03-09 23:54:06,738 - __main__ - INFO - CPU Memory Usage: 0.82 GB
2025-03-09 23:54:06,738 - __main__ - INFO - GPU 0 Memory: 0.00 GB allocated, 0.00 GB reserved
2025-03-09 23:54:06,846 - __main__ - INFO - Starting client training for global round 3
2025-03-09 23:54:06,997 - __main__ - INFO - Average metrics - Train Loss: 1.9063, Train Acc: 0.6602, Val Acc: 0.6602, Test Acc: 0.7052
2025-03-09 23:54:06,997 - __main__ - INFO - Collecting client parameters for aggregation
2025-03-09 23:54:07,027 - __main__ - INFO - Completed global round 3
2025-03-09 23:54:07,034 - __main__ - INFO - Global model - Test Accuracy: 0.0000
2025-03-09 23:54:07,034 - __main__ - INFO - Round 4 - Avg Train Loss: 1.9063, Avg Train Acc: 0.6602, Avg Val Acc: 0.6602, Avg Test Acc: 0.7052, Global Test Acc: 0.0000
2025-03-09 23:54:07,157 - __main__ - INFO - Round 5/50
2025-03-09 23:54:07,158 - __main__ - INFO - CPU Memory Usage: 0.82 GB
2025-03-09 23:54:07,158 - __main__ - INFO - GPU 0 Memory: 0.00 GB allocated, 0.00 GB reserved
2025-03-09 23:54:07,264 - __main__ - INFO - Starting client training for global round 4
2025-03-09 23:54:07,414 - __main__ - INFO - Average metrics - Train Loss: 1.9022, Train Acc: 0.6348, Val Acc: 0.6348, Test Acc: 0.6826
2025-03-09 23:54:07,414 - __main__ - INFO - Collecting client parameters for aggregation
2025-03-09 23:54:07,445 - __main__ - INFO - Completed global round 4
2025-03-09 23:54:07,447 - __main__ - INFO - Global model - Test Accuracy: 0.0000
2025-03-09 23:54:07,447 - __main__ - INFO - Round 5 - Avg Train Loss: 1.9022, Avg Train Acc: 0.6348, Avg Val Acc: 0.6348, Avg Test Acc: 0.6826, Global Test Acc: 0.0000
2025-03-09 23:54:07,576 - __main__ - INFO - Round 6/50
2025-03-09 23:54:07,576 - __main__ - INFO - CPU Memory Usage: 0.82 GB
2025-03-09 23:54:07,577 - __main__ - INFO - GPU 0 Memory: 0.00 GB allocated, 0.00 GB reserved
2025-03-09 23:54:07,683 - __main__ - INFO - Starting client training for global round 5
2025-03-09 23:54:07,834 - __main__ - INFO - Average metrics - Train Loss: 1.8975, Train Acc: 0.5190, Val Acc: 0.5190, Test Acc: 0.5664
2025-03-09 23:54:07,834 - __main__ - INFO - Collecting client parameters for aggregation
2025-03-09 23:54:07,866 - __main__ - INFO - Completed global round 5
2025-03-09 23:54:07,868 - __main__ - INFO - Global model - Test Accuracy: 0.0000
2025-03-09 23:54:07,868 - __main__ - INFO - Round 6 - Avg Train Loss: 1.8975, Avg Train Acc: 0.5190, Avg Val Acc: 0.5190, Avg Test Acc: 0.5664, Global Test Acc: 0.0000
2025-03-09 23:54:07,991 - __main__ - INFO - Round 7/50
2025-03-09 23:54:07,991 - __main__ - INFO - CPU Memory Usage: 0.82 GB
2025-03-09 23:54:07,992 - __main__ - INFO - GPU 0 Memory: 0.00 GB allocated, 0.00 GB reserved
2025-03-09 23:54:08,096 - __main__ - INFO - Starting client training for global round 6
2025-03-09 23:54:08,247 - __main__ - INFO - Average metrics - Train Loss: 1.8935, Train Acc: 0.4311, Val Acc: 0.4311, Test Acc: 0.4578
2025-03-09 23:54:08,247 - __main__ - INFO - Collecting client parameters for aggregation
2025-03-09 23:54:08,277 - __main__ - INFO - Completed global round 6
2025-03-09 23:54:08,279 - __main__ - INFO - Global model - Test Accuracy: 0.0000
2025-03-09 23:54:08,279 - __main__ - INFO - Round 7 - Avg Train Loss: 1.8935, Avg Train Acc: 0.4311, Avg Val Acc: 0.4311, Avg Test Acc: 0.4578, Global Test Acc: 0.0000
2025-03-09 23:54:08,402 - __main__ - INFO - Round 8/50
2025-03-09 23:54:08,402 - __main__ - INFO - CPU Memory Usage: 0.82 GB
2025-03-09 23:54:08,403 - __main__ - INFO - GPU 0 Memory: 0.00 GB allocated, 0.00 GB reserved
2025-03-09 23:54:08,512 - __main__ - INFO - Starting client training for global round 7
2025-03-09 23:54:08,661 - __main__ - INFO - Average metrics - Train Loss: 1.8898, Train Acc: 0.3697, Val Acc: 0.3697, Test Acc: 0.4059
2025-03-09 23:54:08,662 - __main__ - INFO - Collecting client parameters for aggregation
2025-03-09 23:54:08,692 - __main__ - INFO - Completed global round 7
2025-03-09 23:54:08,694 - __main__ - INFO - Global model - Test Accuracy: 0.0000
2025-03-09 23:54:08,694 - __main__ - INFO - Round 8 - Avg Train Loss: 1.8898, Avg Train Acc: 0.3697, Avg Val Acc: 0.3697, Avg Test Acc: 0.4059, Global Test Acc: 0.0000
2025-03-09 23:54:08,820 - __main__ - INFO - Round 9/50
2025-03-09 23:54:08,820 - __main__ - INFO - CPU Memory Usage: 0.82 GB
2025-03-09 23:54:08,821 - __main__ - INFO - GPU 0 Memory: 0.00 GB allocated, 0.00 GB reserved
2025-03-09 23:54:08,931 - __main__ - INFO - Starting client training for global round 8
2025-03-09 23:54:09,081 - __main__ - INFO - Average metrics - Train Loss: 1.8862, Train Acc: 0.3371, Val Acc: 0.3371, Test Acc: 0.3755
2025-03-09 23:54:09,081 - __main__ - INFO - Collecting client parameters for aggregation
2025-03-09 23:54:09,112 - __main__ - INFO - Completed global round 8
2025-03-09 23:54:09,115 - __main__ - INFO - Global model - Test Accuracy: 0.0000
2025-03-09 23:54:09,115 - __main__ - INFO - Round 9 - Avg Train Loss: 1.8862, Avg Train Acc: 0.3371, Avg Val Acc: 0.3371, Avg Test Acc: 0.3755, Global Test Acc: 0.0000
2025-03-09 23:54:09,246 - __main__ - INFO - Round 10/50
2025-03-09 23:54:09,246 - __main__ - INFO - CPU Memory Usage: 0.82 GB
2025-03-09 23:54:09,247 - __main__ - INFO - GPU 0 Memory: 0.00 GB allocated, 0.00 GB reserved
2025-03-09 23:54:09,360 - __main__ - INFO - Starting client training for global round 9
2025-03-09 23:54:09,509 - __main__ - INFO - Average metrics - Train Loss: 1.8828, Train Acc: 0.3162, Val Acc: 0.3162, Test Acc: 0.3600
2025-03-09 23:54:09,509 - __main__ - INFO - Collecting client parameters for aggregation
2025-03-09 23:54:09,539 - __main__ - INFO - Completed global round 9
2025-03-09 23:54:09,541 - __main__ - INFO - Global model - Test Accuracy: 0.0000
2025-03-09 23:54:09,541 - __main__ - INFO - Round 10 - Avg Train Loss: 1.8828, Avg Train Acc: 0.3162, Avg Val Acc: 0.3162, Avg Test Acc: 0.3600, Global Test Acc: 0.0000
2025-03-09 23:54:09,665 - __main__ - INFO - Round 11/50
2025-03-09 23:54:09,666 - __main__ - INFO - CPU Memory Usage: 0.82 GB
2025-03-09 23:54:09,666 - __main__ - INFO - GPU 0 Memory: 0.00 GB allocated, 0.00 GB reserved
2025-03-09 23:54:09,774 - __main__ - INFO - Starting client training for global round 10
2025-03-09 23:54:09,933 - __main__ - INFO - Average metrics - Train Loss: 1.8798, Train Acc: 0.2852, Val Acc: 0.2852, Test Acc: 0.3290
2025-03-09 23:54:09,933 - __main__ - INFO - Collecting client parameters for aggregation
2025-03-09 23:54:09,967 - __main__ - INFO - Completed global round 10
2025-03-09 23:54:09,969 - __main__ - INFO - Global model - Test Accuracy: 0.0000
2025-03-09 23:54:09,969 - __main__ - INFO - Round 11 - Avg Train Loss: 1.8798, Avg Train Acc: 0.2852, Avg Val Acc: 0.2852, Avg Test Acc: 0.3290, Global Test Acc: 0.0000
2025-03-09 23:54:10,093 - __main__ - INFO - Round 12/50
2025-03-09 23:54:10,094 - __main__ - INFO - CPU Memory Usage: 0.82 GB
2025-03-09 23:54:10,094 - __main__ - INFO - GPU 0 Memory: 0.00 GB allocated, 0.00 GB reserved
2025-03-09 23:54:10,197 - __main__ - INFO - Starting client training for global round 11
2025-03-09 23:54:10,346 - __main__ - INFO - Average metrics - Train Loss: 1.8764, Train Acc: 0.2780, Val Acc: 0.2780, Test Acc: 0.3179
2025-03-09 23:54:10,346 - __main__ - INFO - Collecting client parameters for aggregation
2025-03-09 23:54:10,376 - __main__ - INFO - Completed global round 11
2025-03-09 23:54:10,378 - __main__ - INFO - Global model - Test Accuracy: 0.0000
2025-03-09 23:54:10,378 - __main__ - INFO - Round 12 - Avg Train Loss: 1.8764, Avg Train Acc: 0.2780, Avg Val Acc: 0.2780, Avg Test Acc: 0.3179, Global Test Acc: 0.0000
2025-03-09 23:54:10,501 - __main__ - INFO - Round 13/50
2025-03-09 23:54:10,501 - __main__ - INFO - CPU Memory Usage: 0.82 GB
2025-03-09 23:54:10,501 - __main__ - INFO - GPU 0 Memory: 0.00 GB allocated, 0.00 GB reserved
2025-03-09 23:54:10,609 - __main__ - INFO - Starting client training for global round 12
2025-03-09 23:54:10,757 - __main__ - INFO - Average metrics - Train Loss: 1.8727, Train Acc: 0.2744, Val Acc: 0.2744, Test Acc: 0.3104
2025-03-09 23:54:10,758 - __main__ - INFO - Collecting client parameters for aggregation
2025-03-09 23:54:10,787 - __main__ - INFO - Completed global round 12
2025-03-09 23:54:10,789 - __main__ - INFO - Global model - Test Accuracy: 0.0000
2025-03-09 23:54:10,789 - __main__ - INFO - Round 13 - Avg Train Loss: 1.8727, Avg Train Acc: 0.2744, Avg Val Acc: 0.2744, Avg Test Acc: 0.3104, Global Test Acc: 0.0000
2025-03-09 23:54:10,921 - __main__ - INFO - Round 14/50
2025-03-09 23:54:10,921 - __main__ - INFO - CPU Memory Usage: 0.82 GB
2025-03-09 23:54:10,921 - __main__ - INFO - GPU 0 Memory: 0.00 GB allocated, 0.00 GB reserved
2025-03-09 23:54:11,029 - __main__ - INFO - Starting client training for global round 13
2025-03-09 23:54:11,177 - __main__ - INFO - Average metrics - Train Loss: 1.8695, Train Acc: 0.2632, Val Acc: 0.2632, Test Acc: 0.3100
2025-03-09 23:54:11,178 - __main__ - INFO - Collecting client parameters for aggregation
2025-03-09 23:54:11,210 - __main__ - INFO - Completed global round 13
2025-03-09 23:54:11,212 - __main__ - INFO - Global model - Test Accuracy: 0.0000
2025-03-09 23:54:11,212 - __main__ - INFO - Round 14 - Avg Train Loss: 1.8695, Avg Train Acc: 0.2632, Avg Val Acc: 0.2632, Avg Test Acc: 0.3100, Global Test Acc: 0.0000
2025-03-09 23:54:11,334 - __main__ - INFO - Round 15/50
2025-03-09 23:54:11,335 - __main__ - INFO - CPU Memory Usage: 0.82 GB
2025-03-09 23:54:11,335 - __main__ - INFO - GPU 0 Memory: 0.00 GB allocated, 0.00 GB reserved
2025-03-09 23:54:11,438 - __main__ - INFO - Starting client training for global round 14
2025-03-09 23:54:11,588 - __main__ - INFO - Average metrics - Train Loss: 1.8654, Train Acc: 0.2728, Val Acc: 0.2728, Test Acc: 0.3140
2025-03-09 23:54:11,588 - __main__ - INFO - Collecting client parameters for aggregation
2025-03-09 23:54:11,619 - __main__ - INFO - Completed global round 14
2025-03-09 23:54:11,621 - __main__ - INFO - Global model - Test Accuracy: 0.0000
2025-03-09 23:54:11,621 - __main__ - INFO - Round 15 - Avg Train Loss: 1.8654, Avg Train Acc: 0.2728, Avg Val Acc: 0.2728, Avg Test Acc: 0.3140, Global Test Acc: 0.0000
2025-03-09 23:54:11,743 - __main__ - INFO - Round 16/50
2025-03-09 23:54:11,743 - __main__ - INFO - CPU Memory Usage: 0.82 GB
2025-03-09 23:54:11,743 - __main__ - INFO - GPU 0 Memory: 0.00 GB allocated, 0.00 GB reserved
2025-03-09 23:54:11,857 - __main__ - INFO - Starting client training for global round 15
2025-03-09 23:54:12,011 - __main__ - INFO - Average metrics - Train Loss: 1.8617, Train Acc: 0.2746, Val Acc: 0.2746, Test Acc: 0.3205
2025-03-09 23:54:12,011 - __main__ - INFO - Collecting client parameters for aggregation
2025-03-09 23:54:12,041 - __main__ - INFO - Completed global round 15
2025-03-09 23:54:12,045 - __main__ - INFO - Global model - Test Accuracy: 0.0000
2025-03-09 23:54:12,045 - __main__ - INFO - Round 16 - Avg Train Loss: 1.8617, Avg Train Acc: 0.2746, Avg Val Acc: 0.2746, Avg Test Acc: 0.3205, Global Test Acc: 0.0000
2025-03-09 23:54:12,171 - __main__ - INFO - Round 17/50
2025-03-09 23:54:12,172 - __main__ - INFO - CPU Memory Usage: 0.82 GB
2025-03-09 23:54:12,172 - __main__ - INFO - GPU 0 Memory: 0.00 GB allocated, 0.00 GB reserved
2025-03-09 23:54:12,275 - __main__ - INFO - Starting client training for global round 16
2025-03-09 23:54:12,423 - __main__ - INFO - Average metrics - Train Loss: 1.8596, Train Acc: 0.2794, Val Acc: 0.2794, Test Acc: 0.3262
2025-03-09 23:54:12,424 - __main__ - INFO - Collecting client parameters for aggregation
2025-03-09 23:54:12,453 - __main__ - INFO - Completed global round 16
2025-03-09 23:54:12,468 - __main__ - INFO - Global model - Test Accuracy: 0.0000
2025-03-09 23:54:12,469 - __main__ - INFO - Round 17 - Avg Train Loss: 1.8596, Avg Train Acc: 0.2794, Avg Val Acc: 0.2794, Avg Test Acc: 0.3262, Global Test Acc: 0.0000
2025-03-09 23:54:12,590 - __main__ - INFO - Round 18/50
2025-03-09 23:54:12,591 - __main__ - INFO - CPU Memory Usage: 0.82 GB
2025-03-09 23:54:12,591 - __main__ - INFO - GPU 0 Memory: 0.00 GB allocated, 0.00 GB reserved
2025-03-09 23:54:12,696 - __main__ - INFO - Starting client training for global round 17
2025-03-09 23:54:12,849 - __main__ - INFO - Average metrics - Train Loss: 1.8581, Train Acc: 0.2880, Val Acc: 0.2880, Test Acc: 0.3296
2025-03-09 23:54:12,849 - __main__ - INFO - Collecting client parameters for aggregation
2025-03-09 23:54:12,881 - __main__ - INFO - Completed global round 17
2025-03-09 23:54:12,883 - __main__ - INFO - Global model - Test Accuracy: 0.0194
2025-03-09 23:54:12,883 - __main__ - INFO - Round 18 - Avg Train Loss: 1.8581, Avg Train Acc: 0.2880, Avg Val Acc: 0.2880, Avg Test Acc: 0.3296, Global Test Acc: 0.0194
2025-03-09 23:54:13,012 - __main__ - INFO - Round 19/50
2025-03-09 23:54:13,013 - __main__ - INFO - CPU Memory Usage: 0.82 GB
2025-03-09 23:54:13,013 - __main__ - INFO - GPU 0 Memory: 0.00 GB allocated, 0.00 GB reserved
2025-03-09 23:54:13,124 - __main__ - INFO - Starting client training for global round 18
2025-03-09 23:54:13,272 - __main__ - INFO - Average metrics - Train Loss: 1.8563, Train Acc: 0.2822, Val Acc: 0.2822, Test Acc: 0.3314
2025-03-09 23:54:13,273 - __main__ - INFO - Collecting client parameters for aggregation
2025-03-09 23:54:13,302 - __main__ - INFO - Completed global round 18
2025-03-09 23:54:13,319 - __main__ - INFO - Global model - Test Accuracy: 0.0258
2025-03-09 23:54:13,319 - __main__ - INFO - Round 19 - Avg Train Loss: 1.8563, Avg Train Acc: 0.2822, Avg Val Acc: 0.2822, Avg Test Acc: 0.3314, Global Test Acc: 0.0258
2025-03-09 23:54:13,441 - __main__ - INFO - Round 20/50
2025-03-09 23:54:13,441 - __main__ - INFO - CPU Memory Usage: 0.82 GB
2025-03-09 23:54:13,442 - __main__ - INFO - GPU 0 Memory: 0.00 GB allocated, 0.00 GB reserved
2025-03-09 23:54:13,546 - __main__ - INFO - Starting client training for global round 19
2025-03-09 23:54:13,695 - __main__ - INFO - Average metrics - Train Loss: 1.8522, Train Acc: 0.2926, Val Acc: 0.2926, Test Acc: 0.3414
2025-03-09 23:54:13,695 - __main__ - INFO - Collecting client parameters for aggregation
2025-03-09 23:54:13,724 - __main__ - INFO - Completed global round 19
2025-03-09 23:54:13,726 - __main__ - INFO - Global model - Test Accuracy: 0.0323
2025-03-09 23:54:13,726 - __main__ - INFO - Round 20 - Avg Train Loss: 1.8522, Avg Train Acc: 0.2926, Avg Val Acc: 0.2926, Avg Test Acc: 0.3414, Global Test Acc: 0.0323
2025-03-09 23:54:13,850 - __main__ - INFO - Round 21/50
2025-03-09 23:54:13,851 - __main__ - INFO - CPU Memory Usage: 0.82 GB
2025-03-09 23:54:13,851 - __main__ - INFO - GPU 0 Memory: 0.00 GB allocated, 0.00 GB reserved
2025-03-09 23:54:13,967 - __main__ - INFO - Starting client training for global round 20
2025-03-09 23:54:14,117 - __main__ - INFO - Average metrics - Train Loss: 1.8491, Train Acc: 0.2962, Val Acc: 0.2962, Test Acc: 0.3443
2025-03-09 23:54:14,117 - __main__ - INFO - Collecting client parameters for aggregation
2025-03-09 23:54:14,148 - __main__ - INFO - Completed global round 20
2025-03-09 23:54:14,150 - __main__ - INFO - Global model - Test Accuracy: 0.0323
2025-03-09 23:54:14,150 - __main__ - INFO - Round 21 - Avg Train Loss: 1.8491, Avg Train Acc: 0.2962, Avg Val Acc: 0.2962, Avg Test Acc: 0.3443, Global Test Acc: 0.0323
2025-03-09 23:54:14,276 - __main__ - INFO - Round 22/50
2025-03-09 23:54:14,276 - __main__ - INFO - CPU Memory Usage: 0.82 GB
2025-03-09 23:54:14,277 - __main__ - INFO - GPU 0 Memory: 0.00 GB allocated, 0.00 GB reserved
2025-03-09 23:54:14,397 - __main__ - INFO - Starting client training for global round 21
2025-03-09 23:54:14,547 - __main__ - INFO - Average metrics - Train Loss: 1.8458, Train Acc: 0.3110, Val Acc: 0.3110, Test Acc: 0.3483
2025-03-09 23:54:14,547 - __main__ - INFO - Collecting client parameters for aggregation
2025-03-09 23:54:14,581 - __main__ - INFO - Completed global round 21
2025-03-09 23:54:14,589 - __main__ - INFO - Global model - Test Accuracy: 0.0323
2025-03-09 23:54:14,589 - __main__ - INFO - Round 22 - Avg Train Loss: 1.8458, Avg Train Acc: 0.3110, Avg Val Acc: 0.3110, Avg Test Acc: 0.3483, Global Test Acc: 0.0323
2025-03-09 23:54:14,711 - __main__ - INFO - Round 23/50
2025-03-09 23:54:14,712 - __main__ - INFO - CPU Memory Usage: 0.82 GB
2025-03-09 23:54:14,712 - __main__ - INFO - GPU 0 Memory: 0.00 GB allocated, 0.00 GB reserved
2025-03-09 23:54:14,820 - __main__ - INFO - Starting client training for global round 22
2025-03-09 23:54:14,971 - __main__ - INFO - Average metrics - Train Loss: 1.8422, Train Acc: 0.3261, Val Acc: 0.3261, Test Acc: 0.3675
2025-03-09 23:54:14,972 - __main__ - INFO - Collecting client parameters for aggregation
2025-03-09 23:54:15,003 - __main__ - INFO - Completed global round 22
2025-03-09 23:54:15,005 - __main__ - INFO - Global model - Test Accuracy: 0.0323
2025-03-09 23:54:15,005 - __main__ - INFO - Round 23 - Avg Train Loss: 1.8422, Avg Train Acc: 0.3261, Avg Val Acc: 0.3261, Avg Test Acc: 0.3675, Global Test Acc: 0.0323
2025-03-09 23:54:15,134 - __main__ - INFO - Round 24/50
2025-03-09 23:54:15,134 - __main__ - INFO - CPU Memory Usage: 0.82 GB
2025-03-09 23:54:15,134 - __main__ - INFO - GPU 0 Memory: 0.00 GB allocated, 0.00 GB reserved
2025-03-09 23:54:15,243 - __main__ - INFO - Starting client training for global round 23
2025-03-09 23:54:15,391 - __main__ - INFO - Average metrics - Train Loss: 1.8374, Train Acc: 0.3691, Val Acc: 0.3691, Test Acc: 0.4176
2025-03-09 23:54:15,391 - __main__ - INFO - Collecting client parameters for aggregation
2025-03-09 23:54:15,421 - __main__ - INFO - Completed global round 23
2025-03-09 23:54:15,423 - __main__ - INFO - Global model - Test Accuracy: 0.0516
2025-03-09 23:54:15,423 - __main__ - INFO - Round 24 - Avg Train Loss: 1.8374, Avg Train Acc: 0.3691, Avg Val Acc: 0.3691, Avg Test Acc: 0.4176, Global Test Acc: 0.0516
2025-03-09 23:54:15,546 - __main__ - INFO - Round 25/50
2025-03-09 23:54:15,547 - __main__ - INFO - CPU Memory Usage: 0.82 GB
2025-03-09 23:54:15,547 - __main__ - INFO - GPU 0 Memory: 0.00 GB allocated, 0.00 GB reserved
2025-03-09 23:54:15,649 - __main__ - INFO - Starting client training for global round 24
2025-03-09 23:54:15,797 - __main__ - INFO - Average metrics - Train Loss: 1.8343, Train Acc: 0.3765, Val Acc: 0.3765, Test Acc: 0.4190
2025-03-09 23:54:15,797 - __main__ - INFO - Collecting client parameters for aggregation
2025-03-09 23:54:15,828 - __main__ - INFO - Completed global round 24
2025-03-09 23:54:15,829 - __main__ - INFO - Global model - Test Accuracy: 0.0516
2025-03-09 23:54:15,830 - __main__ - INFO - Round 25 - Avg Train Loss: 1.8343, Avg Train Acc: 0.3765, Avg Val Acc: 0.3765, Avg Test Acc: 0.4190, Global Test Acc: 0.0516
2025-03-09 23:54:15,955 - __main__ - INFO - Round 26/50
2025-03-09 23:54:15,955 - __main__ - INFO - CPU Memory Usage: 0.82 GB
2025-03-09 23:54:15,955 - __main__ - INFO - GPU 0 Memory: 0.00 GB allocated, 0.00 GB reserved
2025-03-09 23:54:16,067 - __main__ - INFO - Starting client training for global round 25
2025-03-09 23:54:16,217 - __main__ - INFO - Average metrics - Train Loss: 1.8315, Train Acc: 0.3443, Val Acc: 0.3443, Test Acc: 0.4089
2025-03-09 23:54:16,217 - __main__ - INFO - Collecting client parameters for aggregation
2025-03-09 23:54:16,246 - __main__ - INFO - Completed global round 25
2025-03-09 23:54:16,248 - __main__ - INFO - Global model - Test Accuracy: 0.0516
2025-03-09 23:54:16,248 - __main__ - INFO - Round 26 - Avg Train Loss: 1.8315, Avg Train Acc: 0.3443, Avg Val Acc: 0.3443, Avg Test Acc: 0.4089, Global Test Acc: 0.0516
2025-03-09 23:54:16,376 - __main__ - INFO - Round 27/50
2025-03-09 23:54:16,377 - __main__ - INFO - CPU Memory Usage: 0.82 GB
2025-03-09 23:54:16,377 - __main__ - INFO - GPU 0 Memory: 0.00 GB allocated, 0.00 GB reserved
2025-03-09 23:54:16,481 - __main__ - INFO - Starting client training for global round 26
2025-03-09 23:54:16,634 - __main__ - INFO - Average metrics - Train Loss: 1.8253, Train Acc: 0.4274, Val Acc: 0.4274, Test Acc: 0.4612
2025-03-09 23:54:16,634 - __main__ - INFO - Collecting client parameters for aggregation
2025-03-09 23:54:16,665 - __main__ - INFO - Completed global round 26
2025-03-09 23:54:16,666 - __main__ - INFO - Global model - Test Accuracy: 0.0774
2025-03-09 23:54:16,667 - __main__ - INFO - Round 27 - Avg Train Loss: 1.8253, Avg Train Acc: 0.4274, Avg Val Acc: 0.4274, Avg Test Acc: 0.4612, Global Test Acc: 0.0774
2025-03-09 23:54:16,789 - __main__ - INFO - Round 28/50
2025-03-09 23:54:16,789 - __main__ - INFO - CPU Memory Usage: 0.82 GB
2025-03-09 23:54:16,790 - __main__ - INFO - GPU 0 Memory: 0.00 GB allocated, 0.00 GB reserved
2025-03-09 23:54:16,899 - __main__ - INFO - Starting client training for global round 27
2025-03-09 23:54:17,048 - __main__ - INFO - Average metrics - Train Loss: 1.8228, Train Acc: 0.3845, Val Acc: 0.3845, Test Acc: 0.4260
2025-03-09 23:54:17,049 - __main__ - INFO - Collecting client parameters for aggregation
2025-03-09 23:54:17,079 - __main__ - INFO - Completed global round 27
2025-03-09 23:54:17,080 - __main__ - INFO - Global model - Test Accuracy: 0.1032
2025-03-09 23:54:17,081 - __main__ - INFO - Round 28 - Avg Train Loss: 1.8228, Avg Train Acc: 0.3845, Avg Val Acc: 0.3845, Avg Test Acc: 0.4260, Global Test Acc: 0.1032
2025-03-09 23:54:17,204 - __main__ - INFO - Round 29/50
2025-03-09 23:54:17,204 - __main__ - INFO - CPU Memory Usage: 0.82 GB
2025-03-09 23:54:17,205 - __main__ - INFO - GPU 0 Memory: 0.00 GB allocated, 0.00 GB reserved
2025-03-09 23:54:17,328 - __main__ - INFO - Starting client training for global round 28
2025-03-09 23:54:17,478 - __main__ - INFO - Average metrics - Train Loss: 1.8224, Train Acc: 0.3354, Val Acc: 0.3354, Test Acc: 0.3860
2025-03-09 23:54:17,478 - __main__ - INFO - Collecting client parameters for aggregation
2025-03-09 23:54:17,508 - __main__ - INFO - Completed global round 28
2025-03-09 23:54:17,510 - __main__ - INFO - Global model - Test Accuracy: 0.1613
2025-03-09 23:54:17,510 - __main__ - INFO - Round 29 - Avg Train Loss: 1.8224, Avg Train Acc: 0.3354, Avg Val Acc: 0.3354, Avg Test Acc: 0.3860, Global Test Acc: 0.1613
2025-03-09 23:54:17,650 - __main__ - INFO - Round 30/50
2025-03-09 23:54:17,651 - __main__ - INFO - CPU Memory Usage: 0.82 GB
2025-03-09 23:54:17,651 - __main__ - INFO - GPU 0 Memory: 0.00 GB allocated, 0.00 GB reserved
2025-03-09 23:54:17,757 - __main__ - INFO - Starting client training for global round 29
2025-03-09 23:54:17,908 - __main__ - INFO - Average metrics - Train Loss: 1.8166, Train Acc: 0.3158, Val Acc: 0.3158, Test Acc: 0.3733
2025-03-09 23:54:17,908 - __main__ - INFO - Collecting client parameters for aggregation
2025-03-09 23:54:17,940 - __main__ - INFO - Completed global round 29
2025-03-09 23:54:17,941 - __main__ - INFO - Global model - Test Accuracy: 0.2129
2025-03-09 23:54:17,942 - __main__ - INFO - Round 30 - Avg Train Loss: 1.8166, Avg Train Acc: 0.3158, Avg Val Acc: 0.3158, Avg Test Acc: 0.3733, Global Test Acc: 0.2129
2025-03-09 23:54:18,067 - __main__ - INFO - Round 31/50
2025-03-09 23:54:18,068 - __main__ - INFO - CPU Memory Usage: 0.82 GB
2025-03-09 23:54:18,068 - __main__ - INFO - GPU 0 Memory: 0.00 GB allocated, 0.00 GB reserved
2025-03-09 23:54:18,177 - __main__ - INFO - Starting client training for global round 30
2025-03-09 23:54:18,326 - __main__ - INFO - Average metrics - Train Loss: 1.8118, Train Acc: 0.3426, Val Acc: 0.3426, Test Acc: 0.3753
2025-03-09 23:54:18,327 - __main__ - INFO - Collecting client parameters for aggregation
2025-03-09 23:54:18,357 - __main__ - INFO - Completed global round 30
2025-03-09 23:54:18,359 - __main__ - INFO - Global model - Test Accuracy: 0.2581
2025-03-09 23:54:18,359 - __main__ - INFO - Round 31 - Avg Train Loss: 1.8118, Avg Train Acc: 0.3426, Avg Val Acc: 0.3426, Avg Test Acc: 0.3753, Global Test Acc: 0.2581
2025-03-09 23:54:18,489 - __main__ - INFO - Round 32/50
2025-03-09 23:54:18,489 - __main__ - INFO - CPU Memory Usage: 0.82 GB
2025-03-09 23:54:18,489 - __main__ - INFO - GPU 0 Memory: 0.00 GB allocated, 0.00 GB reserved
2025-03-09 23:54:18,600 - __main__ - INFO - Starting client training for global round 31
2025-03-09 23:54:18,749 - __main__ - INFO - Average metrics - Train Loss: 1.8135, Train Acc: 0.3578, Val Acc: 0.3578, Test Acc: 0.3775
2025-03-09 23:54:18,749 - __main__ - INFO - Collecting client parameters for aggregation
2025-03-09 23:54:18,780 - __main__ - INFO - Completed global round 31
2025-03-09 23:54:18,782 - __main__ - INFO - Global model - Test Accuracy: 0.2839
2025-03-09 23:54:18,782 - __main__ - INFO - Round 32 - Avg Train Loss: 1.8135, Avg Train Acc: 0.3578, Avg Val Acc: 0.3578, Avg Test Acc: 0.3775, Global Test Acc: 0.2839
2025-03-09 23:54:18,911 - __main__ - INFO - Round 33/50
2025-03-09 23:54:18,911 - __main__ - INFO - CPU Memory Usage: 0.82 GB
2025-03-09 23:54:18,912 - __main__ - INFO - GPU 0 Memory: 0.00 GB allocated, 0.00 GB reserved
2025-03-09 23:54:19,021 - __main__ - INFO - Starting client training for global round 32
2025-03-09 23:54:19,172 - __main__ - INFO - Average metrics - Train Loss: 1.8192, Train Acc: 0.3025, Val Acc: 0.3025, Test Acc: 0.3542
2025-03-09 23:54:19,172 - __main__ - INFO - Collecting client parameters for aggregation
2025-03-09 23:54:19,202 - __main__ - INFO - Completed global round 32
2025-03-09 23:54:19,204 - __main__ - INFO - Global model - Test Accuracy: 0.3097
2025-03-09 23:54:19,204 - __main__ - INFO - Round 33 - Avg Train Loss: 1.8192, Avg Train Acc: 0.3025, Avg Val Acc: 0.3025, Avg Test Acc: 0.3542, Global Test Acc: 0.3097
2025-03-09 23:54:19,329 - __main__ - INFO - Round 34/50
2025-03-09 23:54:19,330 - __main__ - INFO - CPU Memory Usage: 0.82 GB
2025-03-09 23:54:19,330 - __main__ - INFO - GPU 0 Memory: 0.00 GB allocated, 0.00 GB reserved
2025-03-09 23:54:19,443 - __main__ - INFO - Starting client training for global round 33
2025-03-09 23:54:19,596 - __main__ - INFO - Average metrics - Train Loss: 1.8149, Train Acc: 0.3368, Val Acc: 0.3368, Test Acc: 0.3519
2025-03-09 23:54:19,596 - __main__ - INFO - Collecting client parameters for aggregation
2025-03-09 23:54:19,628 - __main__ - INFO - Completed global round 33
2025-03-09 23:54:19,636 - __main__ - INFO - Global model - Test Accuracy: 0.3097
2025-03-09 23:54:19,636 - __main__ - INFO - Round 34 - Avg Train Loss: 1.8149, Avg Train Acc: 0.3368, Avg Val Acc: 0.3368, Avg Test Acc: 0.3519, Global Test Acc: 0.3097
2025-03-09 23:54:19,765 - __main__ - INFO - Round 35/50
2025-03-09 23:54:19,765 - __main__ - INFO - CPU Memory Usage: 0.82 GB
2025-03-09 23:54:19,766 - __main__ - INFO - GPU 0 Memory: 0.00 GB allocated, 0.00 GB reserved
2025-03-09 23:54:19,876 - __main__ - INFO - Starting client training for global round 34
2025-03-09 23:54:20,033 - __main__ - INFO - Average metrics - Train Loss: 1.8064, Train Acc: 0.3573, Val Acc: 0.3573, Test Acc: 0.3706
2025-03-09 23:54:20,033 - __main__ - INFO - Collecting client parameters for aggregation
2025-03-09 23:54:20,063 - __main__ - INFO - Completed global round 34
2025-03-09 23:54:20,065 - __main__ - INFO - Global model - Test Accuracy: 0.3613
2025-03-09 23:54:20,065 - __main__ - INFO - Round 35 - Avg Train Loss: 1.8064, Avg Train Acc: 0.3573, Avg Val Acc: 0.3573, Avg Test Acc: 0.3706, Global Test Acc: 0.3613
2025-03-09 23:54:20,193 - __main__ - INFO - Round 36/50
2025-03-09 23:54:20,193 - __main__ - INFO - CPU Memory Usage: 0.82 GB
2025-03-09 23:54:20,194 - __main__ - INFO - GPU 0 Memory: 0.00 GB allocated, 0.00 GB reserved
2025-03-09 23:54:20,304 - __main__ - INFO - Starting client training for global round 35
2025-03-09 23:54:20,454 - __main__ - INFO - Average metrics - Train Loss: 1.8091, Train Acc: 0.3264, Val Acc: 0.3264, Test Acc: 0.3798
2025-03-09 23:54:20,454 - __main__ - INFO - Collecting client parameters for aggregation
2025-03-09 23:54:20,484 - __main__ - INFO - Completed global round 35
2025-03-09 23:54:20,485 - __main__ - INFO - Global model - Test Accuracy: 0.3806
2025-03-09 23:54:20,486 - __main__ - INFO - Round 36 - Avg Train Loss: 1.8091, Avg Train Acc: 0.3264, Avg Val Acc: 0.3264, Avg Test Acc: 0.3798, Global Test Acc: 0.3806
2025-03-09 23:54:20,617 - __main__ - INFO - Round 37/50
2025-03-09 23:54:20,617 - __main__ - INFO - CPU Memory Usage: 0.82 GB
2025-03-09 23:54:20,618 - __main__ - INFO - GPU 0 Memory: 0.00 GB allocated, 0.00 GB reserved
2025-03-09 23:54:20,731 - __main__ - INFO - Starting client training for global round 36
2025-03-09 23:54:20,881 - __main__ - INFO - Average metrics - Train Loss: 1.7980, Train Acc: 0.3165, Val Acc: 0.3165, Test Acc: 0.3816
2025-03-09 23:54:20,882 - __main__ - INFO - Collecting client parameters for aggregation
2025-03-09 23:54:20,919 - __main__ - INFO - Completed global round 36
2025-03-09 23:54:20,922 - __main__ - INFO - Global model - Test Accuracy: 0.3613
2025-03-09 23:54:20,922 - __main__ - INFO - Round 37 - Avg Train Loss: 1.7980, Avg Train Acc: 0.3165, Avg Val Acc: 0.3165, Avg Test Acc: 0.3816, Global Test Acc: 0.3613
2025-03-09 23:54:21,053 - __main__ - INFO - Round 38/50
2025-03-09 23:54:21,053 - __main__ - INFO - CPU Memory Usage: 0.82 GB
2025-03-09 23:54:21,053 - __main__ - INFO - GPU 0 Memory: 0.00 GB allocated, 0.00 GB reserved
2025-03-09 23:54:21,159 - __main__ - INFO - Starting client training for global round 37
2025-03-09 23:54:21,308 - __main__ - INFO - Average metrics - Train Loss: 1.8009, Train Acc: 0.3184, Val Acc: 0.3184, Test Acc: 0.3609
2025-03-09 23:54:21,308 - __main__ - INFO - Collecting client parameters for aggregation
2025-03-09 23:54:21,338 - __main__ - INFO - Completed global round 37
2025-03-09 23:54:21,359 - __main__ - INFO - Global model - Test Accuracy: 0.3677
2025-03-09 23:54:21,359 - __main__ - INFO - Round 38 - Avg Train Loss: 1.8009, Avg Train Acc: 0.3184, Avg Val Acc: 0.3184, Avg Test Acc: 0.3609, Global Test Acc: 0.3677
2025-03-09 23:54:21,479 - __main__ - INFO - Round 39/50
2025-03-09 23:54:21,480 - __main__ - INFO - CPU Memory Usage: 0.82 GB
2025-03-09 23:54:21,480 - __main__ - INFO - GPU 0 Memory: 0.00 GB allocated, 0.00 GB reserved
2025-03-09 23:54:21,600 - __main__ - INFO - Starting client training for global round 38
2025-03-09 23:54:21,748 - __main__ - INFO - Average metrics - Train Loss: 1.7887, Train Acc: 0.3405, Val Acc: 0.3405, Test Acc: 0.3780
2025-03-09 23:54:21,748 - __main__ - INFO - Collecting client parameters for aggregation
2025-03-09 23:54:21,778 - __main__ - INFO - Completed global round 38
2025-03-09 23:54:21,780 - __main__ - INFO - Global model - Test Accuracy: 0.3613
2025-03-09 23:54:21,780 - __main__ - INFO - Round 39 - Avg Train Loss: 1.7887, Avg Train Acc: 0.3405, Avg Val Acc: 0.3405, Avg Test Acc: 0.3780, Global Test Acc: 0.3613
2025-03-09 23:54:21,911 - __main__ - INFO - Round 40/50
2025-03-09 23:54:21,912 - __main__ - INFO - CPU Memory Usage: 0.82 GB
2025-03-09 23:54:21,912 - __main__ - INFO - GPU 0 Memory: 0.00 GB allocated, 0.00 GB reserved
2025-03-09 23:54:22,019 - __main__ - INFO - Starting client training for global round 39
2025-03-09 23:54:22,169 - __main__ - INFO - Average metrics - Train Loss: 1.7845, Train Acc: 0.3649, Val Acc: 0.3649, Test Acc: 0.3637
2025-03-09 23:54:22,169 - __main__ - INFO - Collecting client parameters for aggregation
2025-03-09 23:54:22,200 - __main__ - INFO - Completed global round 39
2025-03-09 23:54:22,202 - __main__ - INFO - Global model - Test Accuracy: 0.3806
2025-03-09 23:54:22,202 - __main__ - INFO - Round 40 - Avg Train Loss: 1.7845, Avg Train Acc: 0.3649, Avg Val Acc: 0.3649, Avg Test Acc: 0.3637, Global Test Acc: 0.3806
2025-03-09 23:54:22,323 - __main__ - INFO - Round 41/50
2025-03-09 23:54:22,323 - __main__ - INFO - CPU Memory Usage: 0.82 GB
2025-03-09 23:54:22,324 - __main__ - INFO - GPU 0 Memory: 0.00 GB allocated, 0.00 GB reserved
2025-03-09 23:54:22,425 - __main__ - INFO - Starting client training for global round 40
2025-03-09 23:54:22,576 - __main__ - INFO - Average metrics - Train Loss: 1.7904, Train Acc: 0.3557, Val Acc: 0.3557, Test Acc: 0.3718
2025-03-09 23:54:22,576 - __main__ - INFO - Collecting client parameters for aggregation
2025-03-09 23:54:22,606 - __main__ - INFO - Completed global round 40
2025-03-09 23:54:22,608 - __main__ - INFO - Global model - Test Accuracy: 0.4000
2025-03-09 23:54:22,608 - __main__ - INFO - Round 41 - Avg Train Loss: 1.7904, Avg Train Acc: 0.3557, Avg Val Acc: 0.3557, Avg Test Acc: 0.3718, Global Test Acc: 0.4000
2025-03-09 23:54:22,729 - __main__ - INFO - Round 42/50
2025-03-09 23:54:22,729 - __main__ - INFO - CPU Memory Usage: 0.82 GB
2025-03-09 23:54:22,730 - __main__ - INFO - GPU 0 Memory: 0.00 GB allocated, 0.00 GB reserved
2025-03-09 23:54:22,841 - __main__ - INFO - Starting client training for global round 41
2025-03-09 23:54:22,991 - __main__ - INFO - Average metrics - Train Loss: 1.7981, Train Acc: 0.3471, Val Acc: 0.3471, Test Acc: 0.3557
2025-03-09 23:54:22,991 - __main__ - INFO - Collecting client parameters for aggregation
2025-03-09 23:54:23,021 - __main__ - INFO - Completed global round 41
2025-03-09 23:54:23,023 - __main__ - INFO - Global model - Test Accuracy: 0.3742
2025-03-09 23:54:23,023 - __main__ - INFO - Round 42 - Avg Train Loss: 1.7981, Avg Train Acc: 0.3471, Avg Val Acc: 0.3471, Avg Test Acc: 0.3557, Global Test Acc: 0.3742
2025-03-09 23:54:23,147 - __main__ - INFO - Round 43/50
2025-03-09 23:54:23,148 - __main__ - INFO - CPU Memory Usage: 0.82 GB
2025-03-09 23:54:23,148 - __main__ - INFO - GPU 0 Memory: 0.00 GB allocated, 0.00 GB reserved
2025-03-09 23:54:23,249 - __main__ - INFO - Starting client training for global round 42
2025-03-09 23:54:23,401 - __main__ - INFO - Average metrics - Train Loss: 1.7895, Train Acc: 0.3676, Val Acc: 0.3676, Test Acc: 0.3518
2025-03-09 23:54:23,401 - __main__ - INFO - Collecting client parameters for aggregation
2025-03-09 23:54:23,431 - __main__ - INFO - Completed global round 42
2025-03-09 23:54:23,433 - __main__ - INFO - Global model - Test Accuracy: 0.3677
2025-03-09 23:54:23,433 - __main__ - INFO - Round 43 - Avg Train Loss: 1.7895, Avg Train Acc: 0.3676, Avg Val Acc: 0.3676, Avg Test Acc: 0.3518, Global Test Acc: 0.3677
2025-03-09 23:54:23,557 - __main__ - INFO - Round 44/50
2025-03-09 23:54:23,557 - __main__ - INFO - CPU Memory Usage: 0.82 GB
2025-03-09 23:54:23,558 - __main__ - INFO - GPU 0 Memory: 0.00 GB allocated, 0.00 GB reserved
2025-03-09 23:54:23,661 - __main__ - INFO - Starting client training for global round 43
2025-03-09 23:54:23,814 - __main__ - INFO - Average metrics - Train Loss: 1.7717, Train Acc: 0.3845, Val Acc: 0.3845, Test Acc: 0.3769
2025-03-09 23:54:23,814 - __main__ - INFO - Collecting client parameters for aggregation
2025-03-09 23:54:23,844 - __main__ - INFO - Completed global round 43
2025-03-09 23:54:23,846 - __main__ - INFO - Global model - Test Accuracy: 0.3613
2025-03-09 23:54:23,846 - __main__ - INFO - Round 44 - Avg Train Loss: 1.7717, Avg Train Acc: 0.3845, Avg Val Acc: 0.3845, Avg Test Acc: 0.3769, Global Test Acc: 0.3613
2025-03-09 23:54:23,971 - __main__ - INFO - Round 45/50
2025-03-09 23:54:23,971 - __main__ - INFO - CPU Memory Usage: 0.82 GB
2025-03-09 23:54:23,972 - __main__ - INFO - GPU 0 Memory: 0.00 GB allocated, 0.00 GB reserved
2025-03-09 23:54:24,080 - __main__ - INFO - Starting client training for global round 44
2025-03-09 23:54:24,229 - __main__ - INFO - Average metrics - Train Loss: 1.7946, Train Acc: 0.3544, Val Acc: 0.3544, Test Acc: 0.3596
2025-03-09 23:54:24,229 - __main__ - INFO - Collecting client parameters for aggregation
2025-03-09 23:54:24,259 - __main__ - INFO - Completed global round 44
2025-03-09 23:54:24,260 - __main__ - INFO - Global model - Test Accuracy: 0.3742
2025-03-09 23:54:24,261 - __main__ - INFO - Round 45 - Avg Train Loss: 1.7946, Avg Train Acc: 0.3544, Avg Val Acc: 0.3544, Avg Test Acc: 0.3596, Global Test Acc: 0.3742
2025-03-09 23:54:24,383 - __main__ - INFO - Round 46/50
2025-03-09 23:54:24,384 - __main__ - INFO - CPU Memory Usage: 0.82 GB
2025-03-09 23:54:24,384 - __main__ - INFO - GPU 0 Memory: 0.00 GB allocated, 0.00 GB reserved
2025-03-09 23:54:24,484 - __main__ - INFO - Starting client training for global round 45
2025-03-09 23:54:24,634 - __main__ - INFO - Average metrics - Train Loss: 1.8296, Train Acc: 0.3527, Val Acc: 0.3527, Test Acc: 0.3460
2025-03-09 23:54:24,634 - __main__ - INFO - Collecting client parameters for aggregation
2025-03-09 23:54:24,670 - __main__ - INFO - Completed global round 45
2025-03-09 23:54:24,672 - __main__ - INFO - Global model - Test Accuracy: 0.3871
2025-03-09 23:54:24,672 - __main__ - INFO - Round 46 - Avg Train Loss: 1.8296, Avg Train Acc: 0.3527, Avg Val Acc: 0.3527, Avg Test Acc: 0.3460, Global Test Acc: 0.3871
2025-03-09 23:54:24,800 - __main__ - INFO - Round 47/50
2025-03-09 23:54:24,800 - __main__ - INFO - CPU Memory Usage: 0.82 GB
2025-03-09 23:54:24,801 - __main__ - INFO - GPU 0 Memory: 0.00 GB allocated, 0.00 GB reserved
2025-03-09 23:54:24,917 - __main__ - INFO - Starting client training for global round 46
2025-03-09 23:54:25,067 - __main__ - INFO - Average metrics - Train Loss: 1.8313, Train Acc: 0.3619, Val Acc: 0.3619, Test Acc: 0.3444
2025-03-09 23:54:25,067 - __main__ - INFO - Collecting client parameters for aggregation
2025-03-09 23:54:25,099 - __main__ - INFO - Completed global round 46
2025-03-09 23:54:25,122 - __main__ - INFO - Global model - Test Accuracy: 0.3871
2025-03-09 23:54:25,122 - __main__ - INFO - Round 47 - Avg Train Loss: 1.8313, Avg Train Acc: 0.3619, Avg Val Acc: 0.3619, Avg Test Acc: 0.3444, Global Test Acc: 0.3871
2025-03-09 23:54:25,249 - __main__ - INFO - Round 48/50
2025-03-09 23:54:25,250 - __main__ - INFO - CPU Memory Usage: 0.82 GB
2025-03-09 23:54:25,250 - __main__ - INFO - GPU 0 Memory: 0.00 GB allocated, 0.00 GB reserved
2025-03-09 23:54:25,355 - __main__ - INFO - Starting client training for global round 47
2025-03-09 23:54:25,504 - __main__ - INFO - Average metrics - Train Loss: 1.8516, Train Acc: 0.3487, Val Acc: 0.3487, Test Acc: 0.3470
2025-03-09 23:54:25,504 - __main__ - INFO - Collecting client parameters for aggregation
2025-03-09 23:54:25,535 - __main__ - INFO - Completed global round 47
2025-03-09 23:54:25,537 - __main__ - INFO - Global model - Test Accuracy: 0.3806
2025-03-09 23:54:25,537 - __main__ - INFO - Round 48 - Avg Train Loss: 1.8516, Avg Train Acc: 0.3487, Avg Val Acc: 0.3487, Avg Test Acc: 0.3470, Global Test Acc: 0.3806
2025-03-09 23:54:25,658 - __main__ - INFO - Round 49/50
2025-03-09 23:54:25,659 - __main__ - INFO - CPU Memory Usage: 0.82 GB
2025-03-09 23:54:25,659 - __main__ - INFO - GPU 0 Memory: 0.00 GB allocated, 0.00 GB reserved
2025-03-09 23:54:25,762 - __main__ - INFO - Starting client training for global round 48
2025-03-09 23:54:25,913 - __main__ - INFO - Average metrics - Train Loss: 1.8931, Train Acc: 0.3476, Val Acc: 0.3476, Test Acc: 0.3370
2025-03-09 23:54:25,913 - __main__ - INFO - Collecting client parameters for aggregation
2025-03-09 23:54:25,944 - __main__ - INFO - Completed global round 48
2025-03-09 23:54:25,945 - __main__ - INFO - Global model - Test Accuracy: 0.4065
2025-03-09 23:54:25,946 - __main__ - INFO - Round 49 - Avg Train Loss: 1.8931, Avg Train Acc: 0.3476, Avg Val Acc: 0.3476, Avg Test Acc: 0.3370, Global Test Acc: 0.4065
2025-03-09 23:54:26,068 - __main__ - INFO - Round 50/50
2025-03-09 23:54:26,068 - __main__ - INFO - CPU Memory Usage: 0.82 GB
2025-03-09 23:54:26,068 - __main__ - INFO - GPU 0 Memory: 0.00 GB allocated, 0.00 GB reserved
2025-03-09 23:54:26,179 - __main__ - INFO - Starting client training for global round 49
2025-03-09 23:54:26,328 - __main__ - INFO - Average metrics - Train Loss: 1.9147, Train Acc: 0.3416, Val Acc: 0.3416, Test Acc: 0.3458
2025-03-09 23:54:26,328 - __main__ - INFO - Collecting client parameters for aggregation
2025-03-09 23:54:26,357 - __main__ - INFO - Completed global round 49
2025-03-09 23:54:26,361 - __main__ - INFO - Global model - Test Accuracy: 0.4129
2025-03-09 23:54:26,361 - __main__ - INFO - Round 50 - Avg Train Loss: 1.9147, Avg Train Acc: 0.3416, Avg Val Acc: 0.3416, Avg Test Acc: 0.3458, Global Test Acc: 0.4129
2025-03-09 23:54:26,505 - __main__ - INFO - Results saved to JSON: results/results_20250309_235324/Cora_zero_auto/results_Cora_zero_auto_20250309_235426.json
2025-03-09 23:54:26,506 - __main__ - INFO - Text results saved to: results/results_20250309_235324/Cora_zero_auto/results_Cora_zero_auto_20250309_235426.txt
2025-03-09 23:54:26,509 - __main__ - INFO - Rounds data saved to: results/results_20250309_235324/Cora_zero_auto/rounds_Cora_zero_auto_20250309_235426.csv
2025-03-09 23:54:26,511 - __main__ - INFO - Summary data saved to: results/results_20250309_235324/Cora_zero_auto/summary_Cora_zero_auto_20250309_235426.csv
2025-03-09 23:54:26,512 - __main__ - INFO - Results arrays saved to: results/results_20250309_235324/Cora_zero_auto/results_arrays_Cora_zero_auto_20250309_235426.csv
2025-03-09 23:54:26,512 - __main__ - INFO - Training completed successfully
