2025-03-10 00:23:25,094 - __main__ - INFO - Starting enhanced federated learning with Cora dataset
2025-03-10 00:23:25,095 - __main__ - INFO - Random seed set to 42
2025-03-10 00:23:26,971 - __main__ - INFO - Ray initialized successfully
2025-03-10 00:23:26,972 - __main__ - INFO - Using CPU
2025-03-10 00:23:27,117 - __main__ - INFO - CPU Memory Usage: 0.67 GB
2025-03-10 00:23:27,163 - __main__ - INFO - GPU 0 Memory: 0.00 GB allocated, 0.00 GB reserved
2025-03-10 00:23:27,163 - __main__ - INFO - Loading dataset: Cora
2025-03-10 00:23:27,236 - __main__ - INFO - Dataset: Cora
2025-03-10 00:23:27,236 - __main__ - INFO - Number of nodes: 2708
2025-03-10 00:23:27,236 - __main__ - INFO - Number of features: 1433
2025-03-10 00:23:27,240 - __main__ - INFO - Number of classes: 7
2025-03-10 00:23:27,240 - __main__ - INFO - Number of edges: 10556
2025-03-10 00:23:27,241 - __main__ - INFO - CPU Memory Usage: 0.83 GB
2025-03-10 00:23:27,241 - __main__ - INFO - GPU 0 Memory: 0.00 GB allocated, 0.00 GB reserved
2025-03-10 00:23:27,242 - __main__ - INFO - Using standard GCN model for cora
2025-03-10 00:23:27,273 - __main__ - INFO - Global model type: EnhancedGCN
2025-03-10 00:23:27,274 - __main__ - INFO - Total model parameters: 23095
2025-03-10 00:23:27,274 - __main__ - INFO - Training for 50 rounds with 3 local epochs per round
2025-03-10 00:23:27,275 - __main__ - INFO - Initializing 10 clients with 2 epochs per round
2025-03-10 00:23:27,435 - __main__ - INFO - Initialized 10 clients
2025-03-10 00:23:27,437 - __main__ - INFO - Starting federated training for 50 rounds
2025-03-10 00:23:27,438 - __main__ - INFO - Round 1/50
2025-03-10 00:23:27,438 - __main__ - INFO - CPU Memory Usage: 0.93 GB
2025-03-10 00:23:27,438 - __main__ - INFO - GPU 0 Memory: 0.00 GB allocated, 0.00 GB reserved
2025-03-10 00:23:27,612 - __main__ - INFO - Starting client training for global round 0
