2025-03-09 23:55:06,840 - __main__ - INFO - Starting enhanced federated learning with Cora dataset
2025-03-09 23:55:06,841 - __main__ - INFO - Random seed set to 42
2025-03-09 23:55:06,841 - __main__ - INFO - Using memory-efficient models
2025-03-09 23:55:08,717 - __main__ - INFO - Ray initialized successfully
2025-03-09 23:55:08,717 - __main__ - INFO - Using CPU
2025-03-09 23:55:08,866 - __main__ - INFO - CPU Memory Usage: 0.67 GB
2025-03-09 23:55:08,911 - __main__ - INFO - GPU 0 Memory: 0.00 GB allocated, 0.00 GB reserved
2025-03-09 23:55:08,912 - __main__ - INFO - Loading dataset: Cora
2025-03-09 23:55:10,088 - __main__ - INFO - Dataset: Cora
2025-03-09 23:55:10,088 - __main__ - INFO - Number of nodes: 2708
2025-03-09 23:55:10,089 - __main__ - INFO - Number of features: 1433
2025-03-09 23:55:10,090 - __main__ - INFO - Number of classes: 7
2025-03-09 23:55:10,090 - __main__ - INFO - Number of edges: 10556
2025-03-09 23:55:10,090 - __main__ - INFO - CPU Memory Usage: 0.84 GB
2025-03-09 23:55:10,091 - __main__ - INFO - GPU 0 Memory: 0.00 GB allocated, 0.00 GB reserved
2025-03-09 23:55:10,091 - __main__ - INFO - Using standard GCN model for cora
2025-03-09 23:55:10,125 - __main__ - INFO - Global model type: EnhancedGCN
2025-03-09 23:55:10,125 - __main__ - INFO - Total model parameters: 23095
2025-03-09 23:55:10,125 - __main__ - INFO - Training for 50 rounds with 3 local epochs per round
2025-03-09 23:55:10,128 - __main__ - INFO - Initializing 10 clients with 2 epochs per round
2025-03-09 23:55:10,227 - __main__ - INFO - Initialized 10 clients
2025-03-09 23:55:10,229 - __main__ - INFO - Starting federated training for 50 rounds
2025-03-09 23:55:10,229 - __main__ - INFO - Round 1/50
2025-03-09 23:55:10,229 - __main__ - INFO - CPU Memory Usage: 0.88 GB
2025-03-09 23:55:10,230 - __main__ - INFO - GPU 0 Memory: 0.00 GB allocated, 0.00 GB reserved
2025-03-09 23:55:10,408 - __main__ - INFO - Starting client training for global round 0
2025-03-09 23:55:13,539 - __main__ - INFO - Average metrics - Train Loss: 1.9056, Train Acc: 0.6602, Val Acc: 0.6602, Test Acc: 0.7239
2025-03-09 23:55:13,539 - __main__ - INFO - Collecting client parameters for aggregation
2025-03-09 23:55:13,574 - __main__ - INFO - Completed global round 0
2025-03-09 23:55:13,594 - __main__ - INFO - Global model - Test Accuracy: 0.0000
2025-03-09 23:55:13,594 - __main__ - INFO - Round 1 - Avg Train Loss: 1.9056, Avg Train Acc: 0.6602, Avg Val Acc: 0.6602, Avg Test Acc: 0.7239, Global Test Acc: 0.0000
2025-03-09 23:55:13,724 - __main__ - INFO - Round 2/50
2025-03-09 23:55:13,725 - __main__ - INFO - CPU Memory Usage: 0.89 GB
2025-03-09 23:55:13,725 - __main__ - INFO - GPU 0 Memory: 0.00 GB allocated, 0.00 GB reserved
2025-03-09 23:55:13,838 - __main__ - INFO - Starting client training for global round 1
2025-03-09 23:55:13,991 - __main__ - INFO - Average metrics - Train Loss: 1.9152, Train Acc: 0.6314, Val Acc: 0.6314, Test Acc: 0.6844
2025-03-09 23:55:13,991 - __main__ - INFO - Collecting client parameters for aggregation
2025-03-09 23:55:14,022 - __main__ - INFO - Completed global round 1
2025-03-09 23:55:14,032 - __main__ - INFO - Global model - Test Accuracy: 0.0000
2025-03-09 23:55:14,032 - __main__ - INFO - Round 2 - Avg Train Loss: 1.9152, Avg Train Acc: 0.6314, Avg Val Acc: 0.6314, Avg Test Acc: 0.6844, Global Test Acc: 0.0000
2025-03-09 23:55:14,157 - __main__ - INFO - Round 3/50
2025-03-09 23:55:14,158 - __main__ - INFO - CPU Memory Usage: 0.89 GB
2025-03-09 23:55:14,158 - __main__ - INFO - GPU 0 Memory: 0.00 GB allocated, 0.00 GB reserved
2025-03-09 23:55:14,262 - __main__ - INFO - Starting client training for global round 2
2025-03-09 23:55:14,411 - __main__ - INFO - Average metrics - Train Loss: 1.9130, Train Acc: 0.6279, Val Acc: 0.6279, Test Acc: 0.6838
2025-03-09 23:55:14,412 - __main__ - INFO - Collecting client parameters for aggregation
2025-03-09 23:55:14,442 - __main__ - INFO - Completed global round 2
2025-03-09 23:55:14,455 - __main__ - INFO - Global model - Test Accuracy: 0.0000
2025-03-09 23:55:14,455 - __main__ - INFO - Round 3 - Avg Train Loss: 1.9130, Avg Train Acc: 0.6279, Avg Val Acc: 0.6279, Avg Test Acc: 0.6838, Global Test Acc: 0.0000
2025-03-09 23:55:14,579 - __main__ - INFO - Round 4/50
2025-03-09 23:55:14,580 - __main__ - INFO - CPU Memory Usage: 0.89 GB
2025-03-09 23:55:14,580 - __main__ - INFO - GPU 0 Memory: 0.00 GB allocated, 0.00 GB reserved
2025-03-09 23:55:14,688 - __main__ - INFO - Starting client training for global round 3
2025-03-09 23:55:14,840 - __main__ - INFO - Average metrics - Train Loss: 1.9106, Train Acc: 0.6529, Val Acc: 0.6529, Test Acc: 0.7081
2025-03-09 23:55:14,840 - __main__ - INFO - Collecting client parameters for aggregation
2025-03-09 23:55:14,870 - __main__ - INFO - Completed global round 3
2025-03-09 23:55:14,875 - __main__ - INFO - Global model - Test Accuracy: 0.0000
2025-03-09 23:55:14,876 - __main__ - INFO - Round 4 - Avg Train Loss: 1.9106, Avg Train Acc: 0.6529, Avg Val Acc: 0.6529, Avg Test Acc: 0.7081, Global Test Acc: 0.0000
2025-03-09 23:55:15,006 - __main__ - INFO - Round 5/50
2025-03-09 23:55:15,006 - __main__ - INFO - CPU Memory Usage: 0.89 GB
2025-03-09 23:55:15,007 - __main__ - INFO - GPU 0 Memory: 0.00 GB allocated, 0.00 GB reserved
2025-03-09 23:55:15,115 - __main__ - INFO - Starting client training for global round 4
2025-03-09 23:55:15,263 - __main__ - INFO - Average metrics - Train Loss: 1.9074, Train Acc: 0.6503, Val Acc: 0.6503, Test Acc: 0.6987
2025-03-09 23:55:15,263 - __main__ - INFO - Collecting client parameters for aggregation
2025-03-09 23:55:15,294 - __main__ - INFO - Completed global round 4
2025-03-09 23:55:15,312 - __main__ - INFO - Global model - Test Accuracy: 0.0000
2025-03-09 23:55:15,313 - __main__ - INFO - Round 5 - Avg Train Loss: 1.9074, Avg Train Acc: 0.6503, Avg Val Acc: 0.6503, Avg Test Acc: 0.6987, Global Test Acc: 0.0000
2025-03-09 23:55:15,435 - __main__ - INFO - Round 6/50
2025-03-09 23:55:15,436 - __main__ - INFO - CPU Memory Usage: 0.89 GB
2025-03-09 23:55:15,436 - __main__ - INFO - GPU 0 Memory: 0.00 GB allocated, 0.00 GB reserved
2025-03-09 23:55:15,547 - __main__ - INFO - Starting client training for global round 5
2025-03-09 23:55:15,697 - __main__ - INFO - Average metrics - Train Loss: 1.9040, Train Acc: 0.5833, Val Acc: 0.5833, Test Acc: 0.6278
2025-03-09 23:55:15,698 - __main__ - INFO - Collecting client parameters for aggregation
2025-03-09 23:55:15,729 - __main__ - INFO - Completed global round 5
2025-03-09 23:55:15,730 - __main__ - INFO - Global model - Test Accuracy: 0.0000
2025-03-09 23:55:15,730 - __main__ - INFO - Round 6 - Avg Train Loss: 1.9040, Avg Train Acc: 0.5833, Avg Val Acc: 0.5833, Avg Test Acc: 0.6278, Global Test Acc: 0.0000
2025-03-09 23:55:15,854 - __main__ - INFO - Round 7/50
2025-03-09 23:55:15,854 - __main__ - INFO - CPU Memory Usage: 0.89 GB
2025-03-09 23:55:15,855 - __main__ - INFO - GPU 0 Memory: 0.00 GB allocated, 0.00 GB reserved
2025-03-09 23:55:15,966 - __main__ - INFO - Starting client training for global round 6
2025-03-09 23:55:16,117 - __main__ - INFO - Average metrics - Train Loss: 1.9011, Train Acc: 0.4489, Val Acc: 0.4489, Test Acc: 0.5121
2025-03-09 23:55:16,117 - __main__ - INFO - Collecting client parameters for aggregation
2025-03-09 23:55:16,147 - __main__ - INFO - Completed global round 6
2025-03-09 23:55:16,149 - __main__ - INFO - Global model - Test Accuracy: 0.0000
2025-03-09 23:55:16,149 - __main__ - INFO - Round 7 - Avg Train Loss: 1.9011, Avg Train Acc: 0.4489, Avg Val Acc: 0.4489, Avg Test Acc: 0.5121, Global Test Acc: 0.0000
2025-03-09 23:55:16,275 - __main__ - INFO - Round 8/50
2025-03-09 23:55:16,275 - __main__ - INFO - CPU Memory Usage: 0.89 GB
2025-03-09 23:55:16,276 - __main__ - INFO - GPU 0 Memory: 0.00 GB allocated, 0.00 GB reserved
2025-03-09 23:55:16,380 - __main__ - INFO - Starting client training for global round 7
2025-03-09 23:55:16,535 - __main__ - INFO - Average metrics - Train Loss: 1.8976, Train Acc: 0.3404, Val Acc: 0.3404, Test Acc: 0.3936
2025-03-09 23:55:16,535 - __main__ - INFO - Collecting client parameters for aggregation
2025-03-09 23:55:16,571 - __main__ - INFO - Completed global round 7
2025-03-09 23:55:16,578 - __main__ - INFO - Global model - Test Accuracy: 0.0000
2025-03-09 23:55:16,578 - __main__ - INFO - Round 8 - Avg Train Loss: 1.8976, Avg Train Acc: 0.3404, Avg Val Acc: 0.3404, Avg Test Acc: 0.3936, Global Test Acc: 0.0000
2025-03-09 23:55:16,709 - __main__ - INFO - Round 9/50
2025-03-09 23:55:16,709 - __main__ - INFO - CPU Memory Usage: 0.89 GB
2025-03-09 23:55:16,709 - __main__ - INFO - GPU 0 Memory: 0.00 GB allocated, 0.00 GB reserved
2025-03-09 23:55:16,831 - __main__ - INFO - Starting client training for global round 8
2025-03-09 23:55:16,981 - __main__ - INFO - Average metrics - Train Loss: 1.8935, Train Acc: 0.2948, Val Acc: 0.2948, Test Acc: 0.3419
2025-03-09 23:55:16,981 - __main__ - INFO - Collecting client parameters for aggregation
2025-03-09 23:55:17,013 - __main__ - INFO - Completed global round 8
2025-03-09 23:55:17,022 - __main__ - INFO - Global model - Test Accuracy: 0.0000
2025-03-09 23:55:17,022 - __main__ - INFO - Round 9 - Avg Train Loss: 1.8935, Avg Train Acc: 0.2948, Avg Val Acc: 0.2948, Avg Test Acc: 0.3419, Global Test Acc: 0.0000
2025-03-09 23:55:17,153 - __main__ - INFO - Round 10/50
2025-03-09 23:55:17,153 - __main__ - INFO - CPU Memory Usage: 0.89 GB
2025-03-09 23:55:17,154 - __main__ - INFO - GPU 0 Memory: 0.00 GB allocated, 0.00 GB reserved
2025-03-09 23:55:17,260 - __main__ - INFO - Starting client training for global round 9
2025-03-09 23:55:17,410 - __main__ - INFO - Average metrics - Train Loss: 1.8900, Train Acc: 0.2602, Val Acc: 0.2602, Test Acc: 0.3102
2025-03-09 23:55:17,410 - __main__ - INFO - Collecting client parameters for aggregation
2025-03-09 23:55:17,440 - __main__ - INFO - Completed global round 9
2025-03-09 23:55:17,442 - __main__ - INFO - Global model - Test Accuracy: 0.0000
2025-03-09 23:55:17,442 - __main__ - INFO - Round 10 - Avg Train Loss: 1.8900, Avg Train Acc: 0.2602, Avg Val Acc: 0.2602, Avg Test Acc: 0.3102, Global Test Acc: 0.0000
2025-03-09 23:55:17,569 - __main__ - INFO - Round 11/50
2025-03-09 23:55:17,570 - __main__ - INFO - CPU Memory Usage: 0.89 GB
2025-03-09 23:55:17,570 - __main__ - INFO - GPU 0 Memory: 0.00 GB allocated, 0.00 GB reserved
2025-03-09 23:55:17,676 - __main__ - INFO - Starting client training for global round 10
2025-03-09 23:55:17,826 - __main__ - INFO - Average metrics - Train Loss: 1.8872, Train Acc: 0.2573, Val Acc: 0.2573, Test Acc: 0.3084
2025-03-09 23:55:17,826 - __main__ - INFO - Collecting client parameters for aggregation
2025-03-09 23:55:17,855 - __main__ - INFO - Completed global round 10
2025-03-09 23:55:17,869 - __main__ - INFO - Global model - Test Accuracy: 0.0000
2025-03-09 23:55:17,869 - __main__ - INFO - Round 11 - Avg Train Loss: 1.8872, Avg Train Acc: 0.2573, Avg Val Acc: 0.2573, Avg Test Acc: 0.3084, Global Test Acc: 0.0000
2025-03-09 23:55:17,994 - __main__ - INFO - Round 12/50
2025-03-09 23:55:17,995 - __main__ - INFO - CPU Memory Usage: 0.89 GB
2025-03-09 23:55:17,995 - __main__ - INFO - GPU 0 Memory: 0.00 GB allocated, 0.00 GB reserved
2025-03-09 23:55:18,105 - __main__ - INFO - Starting client training for global round 11
2025-03-09 23:55:18,253 - __main__ - INFO - Average metrics - Train Loss: 1.8841, Train Acc: 0.2475, Val Acc: 0.2475, Test Acc: 0.3006
2025-03-09 23:55:18,253 - __main__ - INFO - Collecting client parameters for aggregation
2025-03-09 23:55:18,286 - __main__ - INFO - Completed global round 11
2025-03-09 23:55:18,288 - __main__ - INFO - Global model - Test Accuracy: 0.0000
2025-03-09 23:55:18,288 - __main__ - INFO - Round 12 - Avg Train Loss: 1.8841, Avg Train Acc: 0.2475, Avg Val Acc: 0.2475, Avg Test Acc: 0.3006, Global Test Acc: 0.0000
2025-03-09 23:55:18,414 - __main__ - INFO - Round 13/50
2025-03-09 23:55:18,414 - __main__ - INFO - CPU Memory Usage: 0.89 GB
2025-03-09 23:55:18,415 - __main__ - INFO - GPU 0 Memory: 0.00 GB allocated, 0.00 GB reserved
2025-03-09 23:55:18,532 - __main__ - INFO - Starting client training for global round 12
2025-03-09 23:55:18,681 - __main__ - INFO - Average metrics - Train Loss: 1.8811, Train Acc: 0.2332, Val Acc: 0.2332, Test Acc: 0.2847
2025-03-09 23:55:18,681 - __main__ - INFO - Collecting client parameters for aggregation
2025-03-09 23:55:18,712 - __main__ - INFO - Completed global round 12
2025-03-09 23:55:18,718 - __main__ - INFO - Global model - Test Accuracy: 0.0000
2025-03-09 23:55:18,718 - __main__ - INFO - Round 13 - Avg Train Loss: 1.8811, Avg Train Acc: 0.2332, Avg Val Acc: 0.2332, Avg Test Acc: 0.2847, Global Test Acc: 0.0000
2025-03-09 23:55:18,841 - __main__ - INFO - Round 14/50
2025-03-09 23:55:18,842 - __main__ - INFO - CPU Memory Usage: 0.89 GB
2025-03-09 23:55:18,842 - __main__ - INFO - GPU 0 Memory: 0.00 GB allocated, 0.00 GB reserved
2025-03-09 23:55:18,953 - __main__ - INFO - Starting client training for global round 13
2025-03-09 23:55:19,102 - __main__ - INFO - Average metrics - Train Loss: 1.8789, Train Acc: 0.2169, Val Acc: 0.2169, Test Acc: 0.2607
2025-03-09 23:55:19,102 - __main__ - INFO - Collecting client parameters for aggregation
2025-03-09 23:55:19,133 - __main__ - INFO - Completed global round 13
2025-03-09 23:55:19,135 - __main__ - INFO - Global model - Test Accuracy: 0.0000
2025-03-09 23:55:19,135 - __main__ - INFO - Round 14 - Avg Train Loss: 1.8789, Avg Train Acc: 0.2169, Avg Val Acc: 0.2169, Avg Test Acc: 0.2607, Global Test Acc: 0.0000
2025-03-09 23:55:19,261 - __main__ - INFO - Round 15/50
2025-03-09 23:55:19,261 - __main__ - INFO - CPU Memory Usage: 0.89 GB
2025-03-09 23:55:19,261 - __main__ - INFO - GPU 0 Memory: 0.00 GB allocated, 0.00 GB reserved
2025-03-09 23:55:19,365 - __main__ - INFO - Starting client training for global round 14
2025-03-09 23:55:19,518 - __main__ - INFO - Average metrics - Train Loss: 1.8755, Train Acc: 0.2263, Val Acc: 0.2263, Test Acc: 0.2731
2025-03-09 23:55:19,518 - __main__ - INFO - Collecting client parameters for aggregation
2025-03-09 23:55:19,550 - __main__ - INFO - Completed global round 14
2025-03-09 23:55:19,552 - __main__ - INFO - Global model - Test Accuracy: 0.0000
2025-03-09 23:55:19,552 - __main__ - INFO - Round 15 - Avg Train Loss: 1.8755, Avg Train Acc: 0.2263, Avg Val Acc: 0.2263, Avg Test Acc: 0.2731, Global Test Acc: 0.0000
2025-03-09 23:55:19,676 - __main__ - INFO - Round 16/50
2025-03-09 23:55:19,676 - __main__ - INFO - CPU Memory Usage: 0.89 GB
2025-03-09 23:55:19,677 - __main__ - INFO - GPU 0 Memory: 0.00 GB allocated, 0.00 GB reserved
2025-03-09 23:55:19,786 - __main__ - INFO - Starting client training for global round 15
2025-03-09 23:55:19,942 - __main__ - INFO - Average metrics - Train Loss: 1.8718, Train Acc: 0.2381, Val Acc: 0.2381, Test Acc: 0.2837
2025-03-09 23:55:19,942 - __main__ - INFO - Collecting client parameters for aggregation
2025-03-09 23:55:19,974 - __main__ - INFO - Completed global round 15
2025-03-09 23:55:19,976 - __main__ - INFO - Global model - Test Accuracy: 0.0000
2025-03-09 23:55:19,976 - __main__ - INFO - Round 16 - Avg Train Loss: 1.8718, Avg Train Acc: 0.2381, Avg Val Acc: 0.2381, Avg Test Acc: 0.2837, Global Test Acc: 0.0000
2025-03-09 23:55:20,099 - __main__ - INFO - Round 17/50
2025-03-09 23:55:20,099 - __main__ - INFO - CPU Memory Usage: 0.89 GB
2025-03-09 23:55:20,099 - __main__ - INFO - GPU 0 Memory: 0.00 GB allocated, 0.00 GB reserved
2025-03-09 23:55:20,208 - __main__ - INFO - Starting client training for global round 16
2025-03-09 23:55:20,355 - __main__ - INFO - Average metrics - Train Loss: 1.8681, Train Acc: 0.2472, Val Acc: 0.2472, Test Acc: 0.2987
2025-03-09 23:55:20,355 - __main__ - INFO - Collecting client parameters for aggregation
2025-03-09 23:55:20,385 - __main__ - INFO - Completed global round 16
2025-03-09 23:55:20,387 - __main__ - INFO - Global model - Test Accuracy: 0.0000
2025-03-09 23:55:20,387 - __main__ - INFO - Round 17 - Avg Train Loss: 1.8681, Avg Train Acc: 0.2472, Avg Val Acc: 0.2472, Avg Test Acc: 0.2987, Global Test Acc: 0.0000
2025-03-09 23:55:20,517 - __main__ - INFO - Round 18/50
2025-03-09 23:55:20,517 - __main__ - INFO - CPU Memory Usage: 0.89 GB
2025-03-09 23:55:20,517 - __main__ - INFO - GPU 0 Memory: 0.00 GB allocated, 0.00 GB reserved
2025-03-09 23:55:20,627 - __main__ - INFO - Starting client training for global round 17
2025-03-09 23:55:20,777 - __main__ - INFO - Average metrics - Train Loss: 1.8643, Train Acc: 0.2648, Val Acc: 0.2648, Test Acc: 0.3072
2025-03-09 23:55:20,777 - __main__ - INFO - Collecting client parameters for aggregation
2025-03-09 23:55:20,808 - __main__ - INFO - Completed global round 17
2025-03-09 23:55:20,809 - __main__ - INFO - Global model - Test Accuracy: 0.0000
2025-03-09 23:55:20,809 - __main__ - INFO - Round 18 - Avg Train Loss: 1.8643, Avg Train Acc: 0.2648, Avg Val Acc: 0.2648, Avg Test Acc: 0.3072, Global Test Acc: 0.0000
2025-03-09 23:55:20,933 - __main__ - INFO - Round 19/50
2025-03-09 23:55:20,933 - __main__ - INFO - CPU Memory Usage: 0.89 GB
2025-03-09 23:55:20,933 - __main__ - INFO - GPU 0 Memory: 0.00 GB allocated, 0.00 GB reserved
2025-03-09 23:55:21,042 - __main__ - INFO - Starting client training for global round 18
2025-03-09 23:55:21,190 - __main__ - INFO - Average metrics - Train Loss: 1.8622, Train Acc: 0.2820, Val Acc: 0.2820, Test Acc: 0.3265
2025-03-09 23:55:21,190 - __main__ - INFO - Collecting client parameters for aggregation
2025-03-09 23:55:21,220 - __main__ - INFO - Completed global round 18
2025-03-09 23:55:21,222 - __main__ - INFO - Global model - Test Accuracy: 0.0000
2025-03-09 23:55:21,222 - __main__ - INFO - Round 19 - Avg Train Loss: 1.8622, Avg Train Acc: 0.2820, Avg Val Acc: 0.2820, Avg Test Acc: 0.3265, Global Test Acc: 0.0000
2025-03-09 23:55:21,350 - __main__ - INFO - Round 20/50
2025-03-09 23:55:21,350 - __main__ - INFO - CPU Memory Usage: 0.89 GB
2025-03-09 23:55:21,350 - __main__ - INFO - GPU 0 Memory: 0.00 GB allocated, 0.00 GB reserved
2025-03-09 23:55:21,459 - __main__ - INFO - Starting client training for global round 19
2025-03-09 23:55:21,613 - __main__ - INFO - Average metrics - Train Loss: 1.8599, Train Acc: 0.3034, Val Acc: 0.3034, Test Acc: 0.3407
2025-03-09 23:55:21,613 - __main__ - INFO - Collecting client parameters for aggregation
2025-03-09 23:55:21,644 - __main__ - INFO - Completed global round 19
2025-03-09 23:55:21,651 - __main__ - INFO - Global model - Test Accuracy: 0.0065
2025-03-09 23:55:21,651 - __main__ - INFO - Round 20 - Avg Train Loss: 1.8599, Avg Train Acc: 0.3034, Avg Val Acc: 0.3034, Avg Test Acc: 0.3407, Global Test Acc: 0.0065
2025-03-09 23:55:21,788 - __main__ - INFO - Round 21/50
2025-03-09 23:55:21,788 - __main__ - INFO - CPU Memory Usage: 0.89 GB
2025-03-09 23:55:21,788 - __main__ - INFO - GPU 0 Memory: 0.00 GB allocated, 0.00 GB reserved
2025-03-09 23:55:21,904 - __main__ - INFO - Starting client training for global round 20
2025-03-09 23:55:22,053 - __main__ - INFO - Average metrics - Train Loss: 1.8554, Train Acc: 0.3414, Val Acc: 0.3414, Test Acc: 0.3434
2025-03-09 23:55:22,053 - __main__ - INFO - Collecting client parameters for aggregation
2025-03-09 23:55:22,087 - __main__ - INFO - Completed global round 20
2025-03-09 23:55:22,099 - __main__ - INFO - Global model - Test Accuracy: 0.0129
2025-03-09 23:55:22,099 - __main__ - INFO - Round 21 - Avg Train Loss: 1.8554, Avg Train Acc: 0.3414, Avg Val Acc: 0.3414, Avg Test Acc: 0.3434, Global Test Acc: 0.0129
2025-03-09 23:55:22,224 - __main__ - INFO - Round 22/50
2025-03-09 23:55:22,224 - __main__ - INFO - CPU Memory Usage: 0.89 GB
2025-03-09 23:55:22,224 - __main__ - INFO - GPU 0 Memory: 0.00 GB allocated, 0.00 GB reserved
2025-03-09 23:55:22,333 - __main__ - INFO - Starting client training for global round 21
2025-03-09 23:55:22,481 - __main__ - INFO - Average metrics - Train Loss: 1.8504, Train Acc: 0.3809, Val Acc: 0.3809, Test Acc: 0.3955
2025-03-09 23:55:22,481 - __main__ - INFO - Collecting client parameters for aggregation
2025-03-09 23:55:22,513 - __main__ - INFO - Completed global round 21
2025-03-09 23:55:22,518 - __main__ - INFO - Global model - Test Accuracy: 0.0129
2025-03-09 23:55:22,518 - __main__ - INFO - Round 22 - Avg Train Loss: 1.8504, Avg Train Acc: 0.3809, Avg Val Acc: 0.3809, Avg Test Acc: 0.3955, Global Test Acc: 0.0129
2025-03-09 23:55:22,642 - __main__ - INFO - Round 23/50
2025-03-09 23:55:22,643 - __main__ - INFO - CPU Memory Usage: 0.89 GB
2025-03-09 23:55:22,643 - __main__ - INFO - GPU 0 Memory: 0.00 GB allocated, 0.00 GB reserved
2025-03-09 23:55:22,751 - __main__ - INFO - Starting client training for global round 22
2025-03-09 23:55:22,903 - __main__ - INFO - Average metrics - Train Loss: 1.8443, Train Acc: 0.3880, Val Acc: 0.3880, Test Acc: 0.4013
2025-03-09 23:55:22,903 - __main__ - INFO - Collecting client parameters for aggregation
2025-03-09 23:55:22,934 - __main__ - INFO - Completed global round 22
2025-03-09 23:55:22,935 - __main__ - INFO - Global model - Test Accuracy: 0.0194
2025-03-09 23:55:22,936 - __main__ - INFO - Round 23 - Avg Train Loss: 1.8443, Avg Train Acc: 0.3880, Avg Val Acc: 0.3880, Avg Test Acc: 0.4013, Global Test Acc: 0.0194
2025-03-09 23:55:23,059 - __main__ - INFO - Round 24/50
2025-03-09 23:55:23,060 - __main__ - INFO - CPU Memory Usage: 0.89 GB
2025-03-09 23:55:23,060 - __main__ - INFO - GPU 0 Memory: 0.00 GB allocated, 0.00 GB reserved
2025-03-09 23:55:23,169 - __main__ - INFO - Starting client training for global round 23
2025-03-09 23:55:23,320 - __main__ - INFO - Average metrics - Train Loss: 1.8389, Train Acc: 0.4245, Val Acc: 0.4245, Test Acc: 0.4092
2025-03-09 23:55:23,320 - __main__ - INFO - Collecting client parameters for aggregation
2025-03-09 23:55:23,351 - __main__ - INFO - Completed global round 23
2025-03-09 23:55:23,353 - __main__ - INFO - Global model - Test Accuracy: 0.0323
2025-03-09 23:55:23,353 - __main__ - INFO - Round 24 - Avg Train Loss: 1.8389, Avg Train Acc: 0.4245, Avg Val Acc: 0.4245, Avg Test Acc: 0.4092, Global Test Acc: 0.0323
2025-03-09 23:55:23,483 - __main__ - INFO - Round 25/50
2025-03-09 23:55:23,484 - __main__ - INFO - CPU Memory Usage: 0.89 GB
2025-03-09 23:55:23,484 - __main__ - INFO - GPU 0 Memory: 0.00 GB allocated, 0.00 GB reserved
2025-03-09 23:55:23,596 - __main__ - INFO - Starting client training for global round 24
2025-03-09 23:55:23,752 - __main__ - INFO - Average metrics - Train Loss: 1.8392, Train Acc: 0.4177, Val Acc: 0.4177, Test Acc: 0.4352
2025-03-09 23:55:23,752 - __main__ - INFO - Collecting client parameters for aggregation
2025-03-09 23:55:23,783 - __main__ - INFO - Completed global round 24
2025-03-09 23:55:23,785 - __main__ - INFO - Global model - Test Accuracy: 0.0516
2025-03-09 23:55:23,785 - __main__ - INFO - Round 25 - Avg Train Loss: 1.8392, Avg Train Acc: 0.4177, Avg Val Acc: 0.4177, Avg Test Acc: 0.4352, Global Test Acc: 0.0516
2025-03-09 23:55:23,910 - __main__ - INFO - Round 26/50
2025-03-09 23:55:23,910 - __main__ - INFO - CPU Memory Usage: 0.89 GB
2025-03-09 23:55:23,910 - __main__ - INFO - GPU 0 Memory: 0.00 GB allocated, 0.00 GB reserved
2025-03-09 23:55:24,017 - __main__ - INFO - Starting client training for global round 25
2025-03-09 23:55:24,165 - __main__ - INFO - Average metrics - Train Loss: 1.8443, Train Acc: 0.4057, Val Acc: 0.4057, Test Acc: 0.3955
2025-03-09 23:55:24,165 - __main__ - INFO - Collecting client parameters for aggregation
2025-03-09 23:55:24,195 - __main__ - INFO - Completed global round 25
2025-03-09 23:55:24,197 - __main__ - INFO - Global model - Test Accuracy: 0.1161
2025-03-09 23:55:24,197 - __main__ - INFO - Round 26 - Avg Train Loss: 1.8443, Avg Train Acc: 0.4057, Avg Val Acc: 0.4057, Avg Test Acc: 0.3955, Global Test Acc: 0.1161
2025-03-09 23:55:24,321 - __main__ - INFO - Round 27/50
2025-03-09 23:55:24,322 - __main__ - INFO - CPU Memory Usage: 0.89 GB
2025-03-09 23:55:24,322 - __main__ - INFO - GPU 0 Memory: 0.00 GB allocated, 0.00 GB reserved
2025-03-09 23:55:24,433 - __main__ - INFO - Starting client training for global round 26
2025-03-09 23:55:24,585 - __main__ - INFO - Average metrics - Train Loss: 1.8448, Train Acc: 0.4118, Val Acc: 0.4118, Test Acc: 0.4053
2025-03-09 23:55:24,585 - __main__ - INFO - Collecting client parameters for aggregation
2025-03-09 23:55:24,614 - __main__ - INFO - Completed global round 26
2025-03-09 23:55:24,616 - __main__ - INFO - Global model - Test Accuracy: 0.1742
2025-03-09 23:55:24,616 - __main__ - INFO - Round 27 - Avg Train Loss: 1.8448, Avg Train Acc: 0.4118, Avg Val Acc: 0.4118, Avg Test Acc: 0.4053, Global Test Acc: 0.1742
2025-03-09 23:55:24,742 - __main__ - INFO - Round 28/50
2025-03-09 23:55:24,742 - __main__ - INFO - CPU Memory Usage: 0.89 GB
2025-03-09 23:55:24,743 - __main__ - INFO - GPU 0 Memory: 0.00 GB allocated, 0.00 GB reserved
2025-03-09 23:55:24,847 - __main__ - INFO - Starting client training for global round 27
2025-03-09 23:55:24,997 - __main__ - INFO - Average metrics - Train Loss: 1.8429, Train Acc: 0.3972, Val Acc: 0.3972, Test Acc: 0.4042
2025-03-09 23:55:24,997 - __main__ - INFO - Collecting client parameters for aggregation
2025-03-09 23:55:25,028 - __main__ - INFO - Completed global round 27
2025-03-09 23:55:25,030 - __main__ - INFO - Global model - Test Accuracy: 0.2129
2025-03-09 23:55:25,030 - __main__ - INFO - Round 28 - Avg Train Loss: 1.8429, Avg Train Acc: 0.3972, Avg Val Acc: 0.3972, Avg Test Acc: 0.4042, Global Test Acc: 0.2129
2025-03-09 23:55:25,152 - __main__ - INFO - Round 29/50
2025-03-09 23:55:25,153 - __main__ - INFO - CPU Memory Usage: 0.89 GB
2025-03-09 23:55:25,153 - __main__ - INFO - GPU 0 Memory: 0.00 GB allocated, 0.00 GB reserved
2025-03-09 23:55:25,261 - __main__ - INFO - Starting client training for global round 28
2025-03-09 23:55:25,410 - __main__ - INFO - Average metrics - Train Loss: 1.8407, Train Acc: 0.3832, Val Acc: 0.3832, Test Acc: 0.4039
2025-03-09 23:55:25,411 - __main__ - INFO - Collecting client parameters for aggregation
2025-03-09 23:55:25,440 - __main__ - INFO - Completed global round 28
2025-03-09 23:55:25,442 - __main__ - INFO - Global model - Test Accuracy: 0.2258
2025-03-09 23:55:25,442 - __main__ - INFO - Round 29 - Avg Train Loss: 1.8407, Avg Train Acc: 0.3832, Avg Val Acc: 0.3832, Avg Test Acc: 0.4039, Global Test Acc: 0.2258
2025-03-09 23:55:25,572 - __main__ - INFO - Round 30/50
2025-03-09 23:55:25,572 - __main__ - INFO - CPU Memory Usage: 0.89 GB
2025-03-09 23:55:25,572 - __main__ - INFO - GPU 0 Memory: 0.00 GB allocated, 0.00 GB reserved
2025-03-09 23:55:25,682 - __main__ - INFO - Starting client training for global round 29
2025-03-09 23:55:25,831 - __main__ - INFO - Average metrics - Train Loss: 1.8329, Train Acc: 0.3949, Val Acc: 0.3949, Test Acc: 0.3929
2025-03-09 23:55:25,831 - __main__ - INFO - Collecting client parameters for aggregation
2025-03-09 23:55:25,861 - __main__ - INFO - Completed global round 29
2025-03-09 23:55:25,863 - __main__ - INFO - Global model - Test Accuracy: 0.2968
2025-03-09 23:55:25,863 - __main__ - INFO - Round 30 - Avg Train Loss: 1.8329, Avg Train Acc: 0.3949, Avg Val Acc: 0.3949, Avg Test Acc: 0.3929, Global Test Acc: 0.2968
2025-03-09 23:55:25,986 - __main__ - INFO - Round 31/50
2025-03-09 23:55:25,986 - __main__ - INFO - CPU Memory Usage: 0.89 GB
2025-03-09 23:55:25,986 - __main__ - INFO - GPU 0 Memory: 0.00 GB allocated, 0.00 GB reserved
2025-03-09 23:55:26,090 - __main__ - INFO - Starting client training for global round 30
2025-03-09 23:55:26,240 - __main__ - INFO - Average metrics - Train Loss: 1.8251, Train Acc: 0.3826, Val Acc: 0.3826, Test Acc: 0.4288
2025-03-09 23:55:26,240 - __main__ - INFO - Collecting client parameters for aggregation
2025-03-09 23:55:26,270 - __main__ - INFO - Completed global round 30
2025-03-09 23:55:26,280 - __main__ - INFO - Global model - Test Accuracy: 0.3355
2025-03-09 23:55:26,281 - __main__ - INFO - Round 31 - Avg Train Loss: 1.8251, Avg Train Acc: 0.3826, Avg Val Acc: 0.3826, Avg Test Acc: 0.4288, Global Test Acc: 0.3355
2025-03-09 23:55:26,407 - __main__ - INFO - Round 32/50
2025-03-09 23:55:26,407 - __main__ - INFO - CPU Memory Usage: 0.89 GB
2025-03-09 23:55:26,408 - __main__ - INFO - GPU 0 Memory: 0.00 GB allocated, 0.00 GB reserved
2025-03-09 23:55:26,522 - __main__ - INFO - Starting client training for global round 31
2025-03-09 23:55:26,671 - __main__ - INFO - Average metrics - Train Loss: 1.8098, Train Acc: 0.3975, Val Acc: 0.3975, Test Acc: 0.4513
2025-03-09 23:55:26,671 - __main__ - INFO - Collecting client parameters for aggregation
2025-03-09 23:55:26,702 - __main__ - INFO - Completed global round 31
2025-03-09 23:55:26,704 - __main__ - INFO - Global model - Test Accuracy: 0.3290
2025-03-09 23:55:26,704 - __main__ - INFO - Round 32 - Avg Train Loss: 1.8098, Avg Train Acc: 0.3975, Avg Val Acc: 0.3975, Avg Test Acc: 0.4513, Global Test Acc: 0.3290
2025-03-09 23:55:26,832 - __main__ - INFO - Round 33/50
2025-03-09 23:55:26,832 - __main__ - INFO - CPU Memory Usage: 0.89 GB
2025-03-09 23:55:26,833 - __main__ - INFO - GPU 0 Memory: 0.00 GB allocated, 0.00 GB reserved
2025-03-09 23:55:26,952 - __main__ - INFO - Starting client training for global round 32
2025-03-09 23:55:27,102 - __main__ - INFO - Average metrics - Train Loss: 1.8024, Train Acc: 0.4076, Val Acc: 0.4076, Test Acc: 0.4333
2025-03-09 23:55:27,102 - __main__ - INFO - Collecting client parameters for aggregation
2025-03-09 23:55:27,133 - __main__ - INFO - Completed global round 32
2025-03-09 23:55:27,144 - __main__ - INFO - Global model - Test Accuracy: 0.3613
2025-03-09 23:55:27,144 - __main__ - INFO - Round 33 - Avg Train Loss: 1.8024, Avg Train Acc: 0.4076, Avg Val Acc: 0.4076, Avg Test Acc: 0.4333, Global Test Acc: 0.3613
2025-03-09 23:55:27,267 - __main__ - INFO - Round 34/50
2025-03-09 23:55:27,268 - __main__ - INFO - CPU Memory Usage: 0.89 GB
2025-03-09 23:55:27,268 - __main__ - INFO - GPU 0 Memory: 0.00 GB allocated, 0.00 GB reserved
2025-03-09 23:55:27,373 - __main__ - INFO - Starting client training for global round 33
2025-03-09 23:55:27,525 - __main__ - INFO - Average metrics - Train Loss: 1.8189, Train Acc: 0.3393, Val Acc: 0.3393, Test Acc: 0.3968
2025-03-09 23:55:27,525 - __main__ - INFO - Collecting client parameters for aggregation
2025-03-09 23:55:27,556 - __main__ - INFO - Completed global round 33
2025-03-09 23:55:27,566 - __main__ - INFO - Global model - Test Accuracy: 0.3806
2025-03-09 23:55:27,566 - __main__ - INFO - Round 34 - Avg Train Loss: 1.8189, Avg Train Acc: 0.3393, Avg Val Acc: 0.3393, Avg Test Acc: 0.3968, Global Test Acc: 0.3806
2025-03-09 23:55:27,694 - __main__ - INFO - Round 35/50
2025-03-09 23:55:27,695 - __main__ - INFO - CPU Memory Usage: 0.89 GB
2025-03-09 23:55:27,695 - __main__ - INFO - GPU 0 Memory: 0.00 GB allocated, 0.00 GB reserved
2025-03-09 23:55:27,807 - __main__ - INFO - Starting client training for global round 34
2025-03-09 23:55:27,957 - __main__ - INFO - Average metrics - Train Loss: 1.8326, Train Acc: 0.3431, Val Acc: 0.3431, Test Acc: 0.3872
2025-03-09 23:55:27,957 - __main__ - INFO - Collecting client parameters for aggregation
2025-03-09 23:55:27,988 - __main__ - INFO - Completed global round 34
2025-03-09 23:55:27,992 - __main__ - INFO - Global model - Test Accuracy: 0.3871
2025-03-09 23:55:27,992 - __main__ - INFO - Round 35 - Avg Train Loss: 1.8326, Avg Train Acc: 0.3431, Avg Val Acc: 0.3431, Avg Test Acc: 0.3872, Global Test Acc: 0.3871
2025-03-09 23:55:28,116 - __main__ - INFO - Round 36/50
2025-03-09 23:55:28,117 - __main__ - INFO - CPU Memory Usage: 0.89 GB
2025-03-09 23:55:28,117 - __main__ - INFO - GPU 0 Memory: 0.00 GB allocated, 0.00 GB reserved
2025-03-09 23:55:28,221 - __main__ - INFO - Starting client training for global round 35
2025-03-09 23:55:28,370 - __main__ - INFO - Average metrics - Train Loss: 1.8245, Train Acc: 0.3451, Val Acc: 0.3451, Test Acc: 0.3819
2025-03-09 23:55:28,370 - __main__ - INFO - Collecting client parameters for aggregation
2025-03-09 23:55:28,402 - __main__ - INFO - Completed global round 35
2025-03-09 23:55:28,422 - __main__ - INFO - Global model - Test Accuracy: 0.3742
2025-03-09 23:55:28,423 - __main__ - INFO - Round 36 - Avg Train Loss: 1.8245, Avg Train Acc: 0.3451, Avg Val Acc: 0.3451, Avg Test Acc: 0.3819, Global Test Acc: 0.3742
2025-03-09 23:55:28,552 - __main__ - INFO - Round 37/50
2025-03-09 23:55:28,553 - __main__ - INFO - CPU Memory Usage: 0.89 GB
2025-03-09 23:55:28,553 - __main__ - INFO - GPU 0 Memory: 0.00 GB allocated, 0.00 GB reserved
2025-03-09 23:55:28,666 - __main__ - INFO - Starting client training for global round 36
2025-03-09 23:55:28,815 - __main__ - INFO - Average metrics - Train Loss: 1.7980, Train Acc: 0.3644, Val Acc: 0.3644, Test Acc: 0.4013
2025-03-09 23:55:28,815 - __main__ - INFO - Collecting client parameters for aggregation
2025-03-09 23:55:28,846 - __main__ - INFO - Completed global round 36
2025-03-09 23:55:28,852 - __main__ - INFO - Global model - Test Accuracy: 0.4065
2025-03-09 23:55:28,852 - __main__ - INFO - Round 37 - Avg Train Loss: 1.7980, Avg Train Acc: 0.3644, Avg Val Acc: 0.3644, Avg Test Acc: 0.4013, Global Test Acc: 0.4065
2025-03-09 23:55:28,976 - __main__ - INFO - Round 38/50
2025-03-09 23:55:28,976 - __main__ - INFO - CPU Memory Usage: 0.89 GB
2025-03-09 23:55:28,976 - __main__ - INFO - GPU 0 Memory: 0.00 GB allocated, 0.00 GB reserved
2025-03-09 23:55:29,080 - __main__ - INFO - Starting client training for global round 37
2025-03-09 23:55:29,228 - __main__ - INFO - Average metrics - Train Loss: 1.7815, Train Acc: 0.3591, Val Acc: 0.3591, Test Acc: 0.3992
2025-03-09 23:55:29,228 - __main__ - INFO - Collecting client parameters for aggregation
2025-03-09 23:55:29,259 - __main__ - INFO - Completed global round 37
2025-03-09 23:55:29,269 - __main__ - INFO - Global model - Test Accuracy: 0.4323
2025-03-09 23:55:29,269 - __main__ - INFO - Round 38 - Avg Train Loss: 1.7815, Avg Train Acc: 0.3591, Avg Val Acc: 0.3591, Avg Test Acc: 0.3992, Global Test Acc: 0.4323
2025-03-09 23:55:29,392 - __main__ - INFO - Round 39/50
2025-03-09 23:55:29,392 - __main__ - INFO - CPU Memory Usage: 0.89 GB
2025-03-09 23:55:29,392 - __main__ - INFO - GPU 0 Memory: 0.00 GB allocated, 0.00 GB reserved
2025-03-09 23:55:29,503 - __main__ - INFO - Starting client training for global round 38
2025-03-09 23:55:29,652 - __main__ - INFO - Average metrics - Train Loss: 1.7872, Train Acc: 0.3381, Val Acc: 0.3381, Test Acc: 0.3837
2025-03-09 23:55:29,653 - __main__ - INFO - Collecting client parameters for aggregation
2025-03-09 23:55:29,683 - __main__ - INFO - Completed global round 38
2025-03-09 23:55:29,685 - __main__ - INFO - Global model - Test Accuracy: 0.4129
2025-03-09 23:55:29,685 - __main__ - INFO - Round 39 - Avg Train Loss: 1.7872, Avg Train Acc: 0.3381, Avg Val Acc: 0.3381, Avg Test Acc: 0.3837, Global Test Acc: 0.4129
2025-03-09 23:55:29,813 - __main__ - INFO - Round 40/50
2025-03-09 23:55:29,813 - __main__ - INFO - CPU Memory Usage: 0.89 GB
2025-03-09 23:55:29,814 - __main__ - INFO - GPU 0 Memory: 0.00 GB allocated, 0.00 GB reserved
2025-03-09 23:55:29,935 - __main__ - INFO - Starting client training for global round 39
2025-03-09 23:55:30,087 - __main__ - INFO - Average metrics - Train Loss: 1.7956, Train Acc: 0.3094, Val Acc: 0.3094, Test Acc: 0.3579
2025-03-09 23:55:30,087 - __main__ - INFO - Collecting client parameters for aggregation
2025-03-09 23:55:30,118 - __main__ - INFO - Completed global round 39
2025-03-09 23:55:30,120 - __main__ - INFO - Global model - Test Accuracy: 0.4129
2025-03-09 23:55:30,120 - __main__ - INFO - Round 40 - Avg Train Loss: 1.7956, Avg Train Acc: 0.3094, Avg Val Acc: 0.3094, Avg Test Acc: 0.3579, Global Test Acc: 0.4129
2025-03-09 23:55:30,242 - __main__ - INFO - Round 41/50
2025-03-09 23:55:30,243 - __main__ - INFO - CPU Memory Usage: 0.89 GB
2025-03-09 23:55:30,243 - __main__ - INFO - GPU 0 Memory: 0.00 GB allocated, 0.00 GB reserved
2025-03-09 23:55:30,346 - __main__ - INFO - Starting client training for global round 40
2025-03-09 23:55:30,498 - __main__ - INFO - Average metrics - Train Loss: 1.7914, Train Acc: 0.3197, Val Acc: 0.3197, Test Acc: 0.3576
2025-03-09 23:55:30,498 - __main__ - INFO - Collecting client parameters for aggregation
2025-03-09 23:55:30,529 - __main__ - INFO - Completed global round 40
2025-03-09 23:55:30,537 - __main__ - INFO - Global model - Test Accuracy: 0.3806
2025-03-09 23:55:30,537 - __main__ - INFO - Round 41 - Avg Train Loss: 1.7914, Avg Train Acc: 0.3197, Avg Val Acc: 0.3197, Avg Test Acc: 0.3576, Global Test Acc: 0.3806
2025-03-09 23:55:30,663 - __main__ - INFO - Round 42/50
2025-03-09 23:55:30,663 - __main__ - INFO - CPU Memory Usage: 0.89 GB
2025-03-09 23:55:30,664 - __main__ - INFO - GPU 0 Memory: 0.00 GB allocated, 0.00 GB reserved
2025-03-09 23:55:30,797 - __main__ - INFO - Starting client training for global round 41
2025-03-09 23:55:30,947 - __main__ - INFO - Average metrics - Train Loss: 1.7844, Train Acc: 0.3342, Val Acc: 0.3342, Test Acc: 0.3682
2025-03-09 23:55:30,947 - __main__ - INFO - Collecting client parameters for aggregation
2025-03-09 23:55:30,977 - __main__ - INFO - Completed global round 41
2025-03-09 23:55:30,979 - __main__ - INFO - Global model - Test Accuracy: 0.3935
2025-03-09 23:55:30,979 - __main__ - INFO - Round 42 - Avg Train Loss: 1.7844, Avg Train Acc: 0.3342, Avg Val Acc: 0.3342, Avg Test Acc: 0.3682, Global Test Acc: 0.3935
2025-03-09 23:55:31,103 - __main__ - INFO - Round 43/50
2025-03-09 23:55:31,103 - __main__ - INFO - CPU Memory Usage: 0.89 GB
2025-03-09 23:55:31,104 - __main__ - INFO - GPU 0 Memory: 0.00 GB allocated, 0.00 GB reserved
2025-03-09 23:55:31,205 - __main__ - INFO - Starting client training for global round 42
2025-03-09 23:55:31,359 - __main__ - INFO - Average metrics - Train Loss: 1.7847, Train Acc: 0.3277, Val Acc: 0.3277, Test Acc: 0.3636
2025-03-09 23:55:31,359 - __main__ - INFO - Collecting client parameters for aggregation
2025-03-09 23:55:31,389 - __main__ - INFO - Completed global round 42
2025-03-09 23:55:31,390 - __main__ - INFO - Global model - Test Accuracy: 0.4000
2025-03-09 23:55:31,390 - __main__ - INFO - Round 43 - Avg Train Loss: 1.7847, Avg Train Acc: 0.3277, Avg Val Acc: 0.3277, Avg Test Acc: 0.3636, Global Test Acc: 0.4000
2025-03-09 23:55:31,515 - __main__ - INFO - Round 44/50
2025-03-09 23:55:31,516 - __main__ - INFO - CPU Memory Usage: 0.89 GB
2025-03-09 23:55:31,516 - __main__ - INFO - GPU 0 Memory: 0.00 GB allocated, 0.00 GB reserved
2025-03-09 23:55:31,624 - __main__ - INFO - Starting client training for global round 43
2025-03-09 23:55:31,779 - __main__ - INFO - Average metrics - Train Loss: 1.7802, Train Acc: 0.3261, Val Acc: 0.3261, Test Acc: 0.3663
2025-03-09 23:55:31,779 - __main__ - INFO - Collecting client parameters for aggregation
2025-03-09 23:55:31,809 - __main__ - INFO - Completed global round 43
2025-03-09 23:55:31,811 - __main__ - INFO - Global model - Test Accuracy: 0.3871
2025-03-09 23:55:31,811 - __main__ - INFO - Round 44 - Avg Train Loss: 1.7802, Avg Train Acc: 0.3261, Avg Val Acc: 0.3261, Avg Test Acc: 0.3663, Global Test Acc: 0.3871
2025-03-09 23:55:31,934 - __main__ - INFO - Round 45/50
2025-03-09 23:55:31,934 - __main__ - INFO - CPU Memory Usage: 0.89 GB
2025-03-09 23:55:31,935 - __main__ - INFO - GPU 0 Memory: 0.00 GB allocated, 0.00 GB reserved
2025-03-09 23:55:32,051 - __main__ - INFO - Starting client training for global round 44
2025-03-09 23:55:32,200 - __main__ - INFO - Average metrics - Train Loss: 1.7604, Train Acc: 0.3540, Val Acc: 0.3540, Test Acc: 0.3689
2025-03-09 23:55:32,200 - __main__ - INFO - Collecting client parameters for aggregation
2025-03-09 23:55:32,232 - __main__ - INFO - Completed global round 44
2025-03-09 23:55:32,234 - __main__ - INFO - Global model - Test Accuracy: 0.3871
2025-03-09 23:55:32,234 - __main__ - INFO - Round 45 - Avg Train Loss: 1.7604, Avg Train Acc: 0.3540, Avg Val Acc: 0.3540, Avg Test Acc: 0.3689, Global Test Acc: 0.3871
2025-03-09 23:55:32,356 - __main__ - INFO - Round 46/50
2025-03-09 23:55:32,357 - __main__ - INFO - CPU Memory Usage: 0.89 GB
2025-03-09 23:55:32,357 - __main__ - INFO - GPU 0 Memory: 0.00 GB allocated, 0.00 GB reserved
2025-03-09 23:55:32,461 - __main__ - INFO - Starting client training for global round 45
2025-03-09 23:55:32,615 - __main__ - INFO - Average metrics - Train Loss: 1.7598, Train Acc: 0.3343, Val Acc: 0.3343, Test Acc: 0.3771
2025-03-09 23:55:32,615 - __main__ - INFO - Collecting client parameters for aggregation
2025-03-09 23:55:32,645 - __main__ - INFO - Completed global round 45
2025-03-09 23:55:32,647 - __main__ - INFO - Global model - Test Accuracy: 0.4129
2025-03-09 23:55:32,647 - __main__ - INFO - Round 46 - Avg Train Loss: 1.7598, Avg Train Acc: 0.3343, Avg Val Acc: 0.3343, Avg Test Acc: 0.3771, Global Test Acc: 0.4129
2025-03-09 23:55:32,770 - __main__ - INFO - Round 47/50
2025-03-09 23:55:32,771 - __main__ - INFO - CPU Memory Usage: 0.89 GB
2025-03-09 23:55:32,771 - __main__ - INFO - GPU 0 Memory: 0.00 GB allocated, 0.00 GB reserved
2025-03-09 23:55:32,882 - __main__ - INFO - Starting client training for global round 46
2025-03-09 23:55:33,029 - __main__ - INFO - Average metrics - Train Loss: 1.8273, Train Acc: 0.3467, Val Acc: 0.3467, Test Acc: 0.3665
2025-03-09 23:55:33,029 - __main__ - INFO - Collecting client parameters for aggregation
2025-03-09 23:55:33,060 - __main__ - INFO - Completed global round 46
2025-03-09 23:55:33,062 - __main__ - INFO - Global model - Test Accuracy: 0.4065
2025-03-09 23:55:33,062 - __main__ - INFO - Round 47 - Avg Train Loss: 1.8273, Avg Train Acc: 0.3467, Avg Val Acc: 0.3467, Avg Test Acc: 0.3665, Global Test Acc: 0.4065
2025-03-09 23:55:33,188 - __main__ - INFO - Round 48/50
2025-03-09 23:55:33,188 - __main__ - INFO - CPU Memory Usage: 0.89 GB
2025-03-09 23:55:33,188 - __main__ - INFO - GPU 0 Memory: 0.00 GB allocated, 0.00 GB reserved
2025-03-09 23:55:33,295 - __main__ - INFO - Starting client training for global round 47
2025-03-09 23:55:33,444 - __main__ - INFO - Average metrics - Train Loss: 1.8048, Train Acc: 0.3702, Val Acc: 0.3702, Test Acc: 0.3668
2025-03-09 23:55:33,445 - __main__ - INFO - Collecting client parameters for aggregation
2025-03-09 23:55:33,476 - __main__ - INFO - Completed global round 47
2025-03-09 23:55:33,478 - __main__ - INFO - Global model - Test Accuracy: 0.4258
2025-03-09 23:55:33,478 - __main__ - INFO - Round 48 - Avg Train Loss: 1.8048, Avg Train Acc: 0.3702, Avg Val Acc: 0.3702, Avg Test Acc: 0.3668, Global Test Acc: 0.4258
2025-03-09 23:55:33,601 - __main__ - INFO - Round 49/50
2025-03-09 23:55:33,601 - __main__ - INFO - CPU Memory Usage: 0.89 GB
2025-03-09 23:55:33,602 - __main__ - INFO - GPU 0 Memory: 0.00 GB allocated, 0.00 GB reserved
2025-03-09 23:55:33,706 - __main__ - INFO - Starting client training for global round 48
2025-03-09 23:55:33,860 - __main__ - INFO - Average metrics - Train Loss: 1.7831, Train Acc: 0.3555, Val Acc: 0.3555, Test Acc: 0.3724
2025-03-09 23:55:33,860 - __main__ - INFO - Collecting client parameters for aggregation
2025-03-09 23:55:33,890 - __main__ - INFO - Completed global round 48
2025-03-09 23:55:33,893 - __main__ - INFO - Global model - Test Accuracy: 0.4194
2025-03-09 23:55:33,893 - __main__ - INFO - Round 49 - Avg Train Loss: 1.7831, Avg Train Acc: 0.3555, Avg Val Acc: 0.3555, Avg Test Acc: 0.3724, Global Test Acc: 0.4194
2025-03-09 23:55:34,015 - __main__ - INFO - Round 50/50
2025-03-09 23:55:34,016 - __main__ - INFO - CPU Memory Usage: 0.89 GB
2025-03-09 23:55:34,016 - __main__ - INFO - GPU 0 Memory: 0.00 GB allocated, 0.00 GB reserved
2025-03-09 23:55:34,125 - __main__ - INFO - Starting client training for global round 49
2025-03-09 23:55:34,275 - __main__ - INFO - Average metrics - Train Loss: 1.7917, Train Acc: 0.3634, Val Acc: 0.3634, Test Acc: 0.3876
2025-03-09 23:55:34,275 - __main__ - INFO - Collecting client parameters for aggregation
2025-03-09 23:55:34,306 - __main__ - INFO - Completed global round 49
2025-03-09 23:55:34,328 - __main__ - INFO - Global model - Test Accuracy: 0.4194
2025-03-09 23:55:34,328 - __main__ - INFO - Round 50 - Avg Train Loss: 1.7917, Avg Train Acc: 0.3634, Avg Val Acc: 0.3634, Avg Test Acc: 0.3876, Global Test Acc: 0.4194
2025-03-09 23:55:34,469 - __main__ - INFO - Results saved to JSON: results/results_20250309_235324/Cora_adjacency_auto/results_Cora_adjacency_auto_20250309_235534.json
2025-03-09 23:55:34,469 - __main__ - INFO - Text results saved to: results/results_20250309_235324/Cora_adjacency_auto/results_Cora_adjacency_auto_20250309_235534.txt
2025-03-09 23:55:34,473 - __main__ - INFO - Rounds data saved to: results/results_20250309_235324/Cora_adjacency_auto/rounds_Cora_adjacency_auto_20250309_235534.csv
2025-03-09 23:55:34,474 - __main__ - INFO - Summary data saved to: results/results_20250309_235324/Cora_adjacency_auto/summary_Cora_adjacency_auto_20250309_235534.csv
2025-03-09 23:55:34,475 - __main__ - INFO - Results arrays saved to: results/results_20250309_235324/Cora_adjacency_auto/results_arrays_Cora_adjacency_auto_20250309_235534.csv
2025-03-09 23:55:34,475 - __main__ - INFO - Training completed successfully
