2025-03-10 00:03:26,042 - __main__ - INFO - Starting enhanced federated learning with Cora dataset
2025-03-10 00:03:26,043 - __main__ - INFO - Random seed set to 42
2025-03-10 00:03:27,929 - __main__ - INFO - Ray initialized successfully
2025-03-10 00:03:27,930 - __main__ - INFO - Using CPU
2025-03-10 00:03:28,074 - __main__ - INFO - CPU Memory Usage: 0.67 GB
2025-03-10 00:03:28,121 - __main__ - INFO - GPU 0 Memory: 0.00 GB allocated, 0.00 GB reserved
2025-03-10 00:03:28,121 - __main__ - INFO - Loading dataset: Cora
2025-03-10 00:03:28,200 - __main__ - INFO - Dataset: Cora
2025-03-10 00:03:28,200 - __main__ - INFO - Number of nodes: 2708
2025-03-10 00:03:28,200 - __main__ - INFO - Number of features: 1433
2025-03-10 00:03:28,203 - __main__ - INFO - Number of classes: 7
2025-03-10 00:03:28,203 - __main__ - INFO - Number of edges: 10556
2025-03-10 00:03:28,203 - __main__ - INFO - CPU Memory Usage: 0.83 GB
2025-03-10 00:03:28,204 - __main__ - INFO - GPU 0 Memory: 0.00 GB allocated, 0.00 GB reserved
2025-03-10 00:03:28,205 - __main__ - INFO - Using standard GCN model for cora
2025-03-10 00:03:28,236 - __main__ - INFO - Global model type: EnhancedGCN
2025-03-10 00:03:28,236 - __main__ - INFO - Total model parameters: 23095
2025-03-10 00:03:28,236 - __main__ - INFO - Training for 50 rounds with 3 local epochs per round
2025-03-10 00:03:28,237 - __main__ - INFO - Initializing 10 clients with 2 epochs per round
2025-03-10 00:03:28,395 - __main__ - INFO - Initialized 10 clients
2025-03-10 00:03:28,398 - __main__ - INFO - Starting federated training for 50 rounds
2025-03-10 00:03:28,398 - __main__ - INFO - Round 1/50
2025-03-10 00:03:28,399 - __main__ - INFO - CPU Memory Usage: 0.93 GB
2025-03-10 00:03:28,399 - __main__ - INFO - GPU 0 Memory: 0.00 GB allocated, 0.00 GB reserved
2025-03-10 00:03:28,601 - __main__ - INFO - Starting client training for global round 0
2025-03-10 00:03:31,774 - __main__ - INFO - Average metrics - Train Loss: 1.9151, Train Acc: 0.4311, Val Acc: 0.4311, Test Acc: 0.4116
2025-03-10 00:03:31,774 - __main__ - INFO - Collecting client parameters for aggregation
2025-03-10 00:03:31,809 - __main__ - INFO - Completed global round 0
2025-03-10 00:03:31,812 - __main__ - INFO - Global model - Test Accuracy: 0.0000
2025-03-10 00:03:31,812 - __main__ - INFO - Round 1 - Avg Train Loss: 1.9151, Avg Train Acc: 0.4311, Avg Val Acc: 0.4311, Avg Test Acc: 0.4116, Global Test Acc: 0.0000
2025-03-10 00:03:31,936 - __main__ - INFO - Round 2/50
2025-03-10 00:03:31,936 - __main__ - INFO - CPU Memory Usage: 0.93 GB
2025-03-10 00:03:31,936 - __main__ - INFO - GPU 0 Memory: 0.00 GB allocated, 0.00 GB reserved
2025-03-10 00:03:32,042 - __main__ - INFO - Starting client training for global round 1
2025-03-10 00:03:32,289 - __main__ - INFO - Average metrics - Train Loss: 1.9264, Train Acc: 0.2957, Val Acc: 0.2957, Test Acc: 0.2670
2025-03-10 00:03:32,289 - __main__ - INFO - Collecting client parameters for aggregation
2025-03-10 00:03:32,320 - __main__ - INFO - Completed global round 1
2025-03-10 00:03:32,341 - __main__ - INFO - Global model - Test Accuracy: 0.0000
2025-03-10 00:03:32,341 - __main__ - INFO - Round 2 - Avg Train Loss: 1.9264, Avg Train Acc: 0.2957, Avg Val Acc: 0.2957, Avg Test Acc: 0.2670, Global Test Acc: 0.0000
2025-03-10 00:03:32,465 - __main__ - INFO - Round 3/50
2025-03-10 00:03:32,465 - __main__ - INFO - CPU Memory Usage: 0.93 GB
2025-03-10 00:03:32,465 - __main__ - INFO - GPU 0 Memory: 0.00 GB allocated, 0.00 GB reserved
2025-03-10 00:03:32,568 - __main__ - INFO - Starting client training for global round 2
2025-03-10 00:03:32,816 - __main__ - INFO - Average metrics - Train Loss: 1.9254, Train Acc: 0.2893, Val Acc: 0.2893, Test Acc: 0.2652
2025-03-10 00:03:32,816 - __main__ - INFO - Collecting client parameters for aggregation
2025-03-10 00:03:32,848 - __main__ - INFO - Completed global round 2
2025-03-10 00:03:32,865 - __main__ - INFO - Global model - Test Accuracy: 0.0000
2025-03-10 00:03:32,865 - __main__ - INFO - Round 3 - Avg Train Loss: 1.9254, Avg Train Acc: 0.2893, Avg Val Acc: 0.2893, Avg Test Acc: 0.2652, Global Test Acc: 0.0000
2025-03-10 00:03:32,991 - __main__ - INFO - Round 4/50
2025-03-10 00:03:32,992 - __main__ - INFO - CPU Memory Usage: 0.94 GB
2025-03-10 00:03:32,992 - __main__ - INFO - GPU 0 Memory: 0.00 GB allocated, 0.00 GB reserved
2025-03-10 00:03:33,101 - __main__ - INFO - Starting client training for global round 3
2025-03-10 00:03:33,346 - __main__ - INFO - Average metrics - Train Loss: 1.9247, Train Acc: 0.2567, Val Acc: 0.2567, Test Acc: 0.2379
2025-03-10 00:03:33,346 - __main__ - INFO - Collecting client parameters for aggregation
2025-03-10 00:03:33,378 - __main__ - INFO - Completed global round 3
2025-03-10 00:03:33,380 - __main__ - INFO - Global model - Test Accuracy: 0.0000
2025-03-10 00:03:33,380 - __main__ - INFO - Round 4 - Avg Train Loss: 1.9247, Avg Train Acc: 0.2567, Avg Val Acc: 0.2567, Avg Test Acc: 0.2379, Global Test Acc: 0.0000
2025-03-10 00:03:33,503 - __main__ - INFO - Round 5/50
2025-03-10 00:03:33,503 - __main__ - INFO - CPU Memory Usage: 0.94 GB
2025-03-10 00:03:33,503 - __main__ - INFO - GPU 0 Memory: 0.00 GB allocated, 0.00 GB reserved
2025-03-10 00:03:33,626 - __main__ - INFO - Starting client training for global round 4
2025-03-10 00:03:33,869 - __main__ - INFO - Average metrics - Train Loss: 1.9236, Train Acc: 0.2158, Val Acc: 0.2158, Test Acc: 0.2050
2025-03-10 00:03:33,870 - __main__ - INFO - Collecting client parameters for aggregation
2025-03-10 00:03:33,900 - __main__ - INFO - Completed global round 4
2025-03-10 00:03:33,904 - __main__ - INFO - Global model - Test Accuracy: 0.0000
2025-03-10 00:03:33,904 - __main__ - INFO - Round 5 - Avg Train Loss: 1.9236, Avg Train Acc: 0.2158, Avg Val Acc: 0.2158, Avg Test Acc: 0.2050, Global Test Acc: 0.0000
2025-03-10 00:03:34,026 - __main__ - INFO - Round 6/50
2025-03-10 00:03:34,027 - __main__ - INFO - CPU Memory Usage: 0.94 GB
2025-03-10 00:03:34,027 - __main__ - INFO - GPU 0 Memory: 0.00 GB allocated, 0.00 GB reserved
2025-03-10 00:03:34,132 - __main__ - INFO - Starting client training for global round 5
2025-03-10 00:03:34,370 - __main__ - INFO - Average metrics - Train Loss: 1.9223, Train Acc: 0.2067, Val Acc: 0.2067, Test Acc: 0.1993
2025-03-10 00:03:34,371 - __main__ - INFO - Collecting client parameters for aggregation
2025-03-10 00:03:34,402 - __main__ - INFO - Completed global round 5
2025-03-10 00:03:34,404 - __main__ - INFO - Global model - Test Accuracy: 0.0000
2025-03-10 00:03:34,404 - __main__ - INFO - Round 6 - Avg Train Loss: 1.9223, Avg Train Acc: 0.2067, Avg Val Acc: 0.2067, Avg Test Acc: 0.1993, Global Test Acc: 0.0000
2025-03-10 00:03:34,537 - __main__ - INFO - Round 7/50
2025-03-10 00:03:34,538 - __main__ - INFO - CPU Memory Usage: 0.94 GB
2025-03-10 00:03:34,538 - __main__ - INFO - GPU 0 Memory: 0.00 GB allocated, 0.00 GB reserved
2025-03-10 00:03:34,648 - __main__ - INFO - Starting client training for global round 6
2025-03-10 00:03:34,889 - __main__ - INFO - Average metrics - Train Loss: 1.9206, Train Acc: 0.2094, Val Acc: 0.2094, Test Acc: 0.2068
2025-03-10 00:03:34,889 - __main__ - INFO - Collecting client parameters for aggregation
2025-03-10 00:03:34,920 - __main__ - INFO - Completed global round 6
2025-03-10 00:03:34,928 - __main__ - INFO - Global model - Test Accuracy: 0.0294
2025-03-10 00:03:34,928 - __main__ - INFO - Round 7 - Avg Train Loss: 1.9206, Avg Train Acc: 0.2094, Avg Val Acc: 0.2094, Avg Test Acc: 0.2068, Global Test Acc: 0.0294
2025-03-10 00:03:35,050 - __main__ - INFO - Round 8/50
2025-03-10 00:03:35,050 - __main__ - INFO - CPU Memory Usage: 0.94 GB
2025-03-10 00:03:35,050 - __main__ - INFO - GPU 0 Memory: 0.00 GB allocated, 0.00 GB reserved
2025-03-10 00:03:35,161 - __main__ - INFO - Starting client training for global round 7
2025-03-10 00:03:35,403 - __main__ - INFO - Average metrics - Train Loss: 1.9204, Train Acc: 0.1873, Val Acc: 0.1873, Test Acc: 0.1777
2025-03-10 00:03:35,404 - __main__ - INFO - Collecting client parameters for aggregation
2025-03-10 00:03:35,434 - __main__ - INFO - Completed global round 7
2025-03-10 00:03:35,436 - __main__ - INFO - Global model - Test Accuracy: 0.0294
2025-03-10 00:03:35,436 - __main__ - INFO - Round 8 - Avg Train Loss: 1.9204, Avg Train Acc: 0.1873, Avg Val Acc: 0.1873, Avg Test Acc: 0.1777, Global Test Acc: 0.0294
2025-03-10 00:03:35,558 - __main__ - INFO - Round 9/50
2025-03-10 00:03:35,558 - __main__ - INFO - CPU Memory Usage: 0.94 GB
2025-03-10 00:03:35,558 - __main__ - INFO - GPU 0 Memory: 0.00 GB allocated, 0.00 GB reserved
2025-03-10 00:03:35,662 - __main__ - INFO - Starting client training for global round 8
2025-03-10 00:03:35,909 - __main__ - INFO - Average metrics - Train Loss: 1.9192, Train Acc: 0.1683, Val Acc: 0.1683, Test Acc: 0.1764
2025-03-10 00:03:35,910 - __main__ - INFO - Collecting client parameters for aggregation
2025-03-10 00:03:35,941 - __main__ - INFO - Completed global round 8
2025-03-10 00:03:35,943 - __main__ - INFO - Global model - Test Accuracy: 0.1765
2025-03-10 00:03:35,943 - __main__ - INFO - Round 9 - Avg Train Loss: 1.9192, Avg Train Acc: 0.1683, Avg Val Acc: 0.1683, Avg Test Acc: 0.1764, Global Test Acc: 0.1765
2025-03-10 00:03:36,071 - __main__ - INFO - Round 10/50
2025-03-10 00:03:36,071 - __main__ - INFO - CPU Memory Usage: 0.94 GB
2025-03-10 00:03:36,072 - __main__ - INFO - GPU 0 Memory: 0.00 GB allocated, 0.00 GB reserved
2025-03-10 00:03:36,180 - __main__ - INFO - Starting client training for global round 9
2025-03-10 00:03:36,425 - __main__ - INFO - Average metrics - Train Loss: 1.9182, Train Acc: 0.1650, Val Acc: 0.1650, Test Acc: 0.1766
2025-03-10 00:03:36,425 - __main__ - INFO - Collecting client parameters for aggregation
2025-03-10 00:03:36,455 - __main__ - INFO - Completed global round 9
2025-03-10 00:03:36,458 - __main__ - INFO - Global model - Test Accuracy: 0.1765
2025-03-10 00:03:36,458 - __main__ - INFO - Round 10 - Avg Train Loss: 1.9182, Avg Train Acc: 0.1650, Avg Val Acc: 0.1650, Avg Test Acc: 0.1766, Global Test Acc: 0.1765
2025-03-10 00:03:36,582 - __main__ - INFO - Round 11/50
2025-03-10 00:03:36,582 - __main__ - INFO - CPU Memory Usage: 0.94 GB
2025-03-10 00:03:36,582 - __main__ - INFO - GPU 0 Memory: 0.00 GB allocated, 0.00 GB reserved
2025-03-10 00:03:36,697 - __main__ - INFO - Starting client training for global round 10
2025-03-10 00:03:36,940 - __main__ - INFO - Average metrics - Train Loss: 1.9171, Train Acc: 0.1843, Val Acc: 0.1843, Test Acc: 0.1746
2025-03-10 00:03:36,940 - __main__ - INFO - Collecting client parameters for aggregation
2025-03-10 00:03:36,971 - __main__ - INFO - Completed global round 10
2025-03-10 00:03:36,972 - __main__ - INFO - Global model - Test Accuracy: 0.1765
2025-03-10 00:03:36,972 - __main__ - INFO - Round 11 - Avg Train Loss: 1.9171, Avg Train Acc: 0.1843, Avg Val Acc: 0.1843, Avg Test Acc: 0.1746, Global Test Acc: 0.1765
2025-03-10 00:03:37,096 - __main__ - INFO - Round 12/50
2025-03-10 00:03:37,096 - __main__ - INFO - CPU Memory Usage: 0.94 GB
2025-03-10 00:03:37,097 - __main__ - INFO - GPU 0 Memory: 0.00 GB allocated, 0.00 GB reserved
2025-03-10 00:03:37,205 - __main__ - INFO - Starting client training for global round 11
2025-03-10 00:03:37,444 - __main__ - INFO - Average metrics - Train Loss: 1.9156, Train Acc: 0.1786, Val Acc: 0.1786, Test Acc: 0.1740
2025-03-10 00:03:37,444 - __main__ - INFO - Collecting client parameters for aggregation
2025-03-10 00:03:37,474 - __main__ - INFO - Completed global round 11
2025-03-10 00:03:37,475 - __main__ - INFO - Global model - Test Accuracy: 0.1765
2025-03-10 00:03:37,475 - __main__ - INFO - Round 12 - Avg Train Loss: 1.9156, Avg Train Acc: 0.1786, Avg Val Acc: 0.1786, Avg Test Acc: 0.1740, Global Test Acc: 0.1765
2025-03-10 00:03:37,600 - __main__ - INFO - Round 13/50
2025-03-10 00:03:37,601 - __main__ - INFO - CPU Memory Usage: 0.94 GB
2025-03-10 00:03:37,601 - __main__ - INFO - GPU 0 Memory: 0.00 GB allocated, 0.00 GB reserved
2025-03-10 00:03:37,710 - __main__ - INFO - Starting client training for global round 12
2025-03-10 00:03:37,959 - __main__ - INFO - Average metrics - Train Loss: 1.9139, Train Acc: 0.1776, Val Acc: 0.1776, Test Acc: 0.1684
2025-03-10 00:03:37,959 - __main__ - INFO - Collecting client parameters for aggregation
2025-03-10 00:03:37,990 - __main__ - INFO - Completed global round 12
2025-03-10 00:03:37,991 - __main__ - INFO - Global model - Test Accuracy: 0.1471
2025-03-10 00:03:37,991 - __main__ - INFO - Round 13 - Avg Train Loss: 1.9139, Avg Train Acc: 0.1776, Avg Val Acc: 0.1776, Avg Test Acc: 0.1684, Global Test Acc: 0.1471
2025-03-10 00:03:38,117 - __main__ - INFO - Round 14/50
2025-03-10 00:03:38,117 - __main__ - INFO - CPU Memory Usage: 0.94 GB
2025-03-10 00:03:38,118 - __main__ - INFO - GPU 0 Memory: 0.00 GB allocated, 0.00 GB reserved
2025-03-10 00:03:38,228 - __main__ - INFO - Starting client training for global round 13
2025-03-10 00:03:38,471 - __main__ - INFO - Average metrics - Train Loss: 1.9080, Train Acc: 0.1813, Val Acc: 0.1813, Test Acc: 0.1777
2025-03-10 00:03:38,471 - __main__ - INFO - Collecting client parameters for aggregation
2025-03-10 00:03:38,502 - __main__ - INFO - Completed global round 13
2025-03-10 00:03:38,503 - __main__ - INFO - Global model - Test Accuracy: 0.1471
2025-03-10 00:03:38,503 - __main__ - INFO - Round 14 - Avg Train Loss: 1.9080, Avg Train Acc: 0.1813, Avg Val Acc: 0.1813, Avg Test Acc: 0.1777, Global Test Acc: 0.1471
2025-03-10 00:03:38,627 - __main__ - INFO - Round 15/50
2025-03-10 00:03:38,628 - __main__ - INFO - CPU Memory Usage: 0.94 GB
2025-03-10 00:03:38,628 - __main__ - INFO - GPU 0 Memory: 0.00 GB allocated, 0.00 GB reserved
2025-03-10 00:03:38,750 - __main__ - INFO - Starting client training for global round 14
2025-03-10 00:03:38,999 - __main__ - INFO - Average metrics - Train Loss: 1.9038, Train Acc: 0.1975, Val Acc: 0.1975, Test Acc: 0.1869
2025-03-10 00:03:38,999 - __main__ - INFO - Collecting client parameters for aggregation
2025-03-10 00:03:39,031 - __main__ - INFO - Completed global round 14
2025-03-10 00:03:39,033 - __main__ - INFO - Global model - Test Accuracy: 0.1471
2025-03-10 00:03:39,033 - __main__ - INFO - Round 15 - Avg Train Loss: 1.9038, Avg Train Acc: 0.1975, Avg Val Acc: 0.1975, Avg Test Acc: 0.1869, Global Test Acc: 0.1471
2025-03-10 00:03:39,154 - __main__ - INFO - Round 16/50
2025-03-10 00:03:39,154 - __main__ - INFO - CPU Memory Usage: 0.94 GB
2025-03-10 00:03:39,155 - __main__ - INFO - GPU 0 Memory: 0.00 GB allocated, 0.00 GB reserved
2025-03-10 00:03:39,257 - __main__ - INFO - Starting client training for global round 15
2025-03-10 00:03:39,503 - __main__ - INFO - Average metrics - Train Loss: 1.8980, Train Acc: 0.2183, Val Acc: 0.2183, Test Acc: 0.2030
2025-03-10 00:03:39,503 - __main__ - INFO - Collecting client parameters for aggregation
2025-03-10 00:03:39,535 - __main__ - INFO - Completed global round 15
2025-03-10 00:03:39,547 - __main__ - INFO - Global model - Test Accuracy: 0.2353
2025-03-10 00:03:39,547 - __main__ - INFO - Round 16 - Avg Train Loss: 1.8980, Avg Train Acc: 0.2183, Avg Val Acc: 0.2183, Avg Test Acc: 0.2030, Global Test Acc: 0.2353
2025-03-10 00:03:39,678 - __main__ - INFO - Round 17/50
2025-03-10 00:03:39,679 - __main__ - INFO - CPU Memory Usage: 0.94 GB
2025-03-10 00:03:39,679 - __main__ - INFO - GPU 0 Memory: 0.00 GB allocated, 0.00 GB reserved
2025-03-10 00:03:39,794 - __main__ - INFO - Starting client training for global round 16
2025-03-10 00:03:40,053 - __main__ - INFO - Average metrics - Train Loss: 1.8909, Train Acc: 0.2287, Val Acc: 0.2287, Test Acc: 0.2185
2025-03-10 00:03:40,054 - __main__ - INFO - Collecting client parameters for aggregation
2025-03-10 00:03:40,085 - __main__ - INFO - Completed global round 16
2025-03-10 00:03:40,088 - __main__ - INFO - Global model - Test Accuracy: 0.2647
2025-03-10 00:03:40,088 - __main__ - INFO - Round 17 - Avg Train Loss: 1.8909, Avg Train Acc: 0.2287, Avg Val Acc: 0.2287, Avg Test Acc: 0.2185, Global Test Acc: 0.2647
2025-03-10 00:03:40,214 - __main__ - INFO - Round 18/50
2025-03-10 00:03:40,214 - __main__ - INFO - CPU Memory Usage: 0.94 GB
2025-03-10 00:03:40,214 - __main__ - INFO - GPU 0 Memory: 0.00 GB allocated, 0.00 GB reserved
2025-03-10 00:03:40,332 - __main__ - INFO - Starting client training for global round 17
2025-03-10 00:03:40,577 - __main__ - INFO - Average metrics - Train Loss: 1.8828, Train Acc: 0.2442, Val Acc: 0.2442, Test Acc: 0.2387
2025-03-10 00:03:40,577 - __main__ - INFO - Collecting client parameters for aggregation
2025-03-10 00:03:40,608 - __main__ - INFO - Completed global round 17
2025-03-10 00:03:40,618 - __main__ - INFO - Global model - Test Accuracy: 0.3235
2025-03-10 00:03:40,618 - __main__ - INFO - Round 18 - Avg Train Loss: 1.8828, Avg Train Acc: 0.2442, Avg Val Acc: 0.2442, Avg Test Acc: 0.2387, Global Test Acc: 0.3235
2025-03-10 00:03:40,743 - __main__ - INFO - Round 19/50
2025-03-10 00:03:40,743 - __main__ - INFO - CPU Memory Usage: 0.94 GB
2025-03-10 00:03:40,744 - __main__ - INFO - GPU 0 Memory: 0.00 GB allocated, 0.00 GB reserved
2025-03-10 00:03:40,854 - __main__ - INFO - Starting client training for global round 18
2025-03-10 00:03:41,101 - __main__ - INFO - Average metrics - Train Loss: 1.8744, Train Acc: 0.2755, Val Acc: 0.2755, Test Acc: 0.2789
2025-03-10 00:03:41,101 - __main__ - INFO - Collecting client parameters for aggregation
2025-03-10 00:03:41,132 - __main__ - INFO - Completed global round 18
2025-03-10 00:03:41,133 - __main__ - INFO - Global model - Test Accuracy: 0.3529
2025-03-10 00:03:41,134 - __main__ - INFO - Round 19 - Avg Train Loss: 1.8744, Avg Train Acc: 0.2755, Avg Val Acc: 0.2755, Avg Test Acc: 0.2789, Global Test Acc: 0.3529
2025-03-10 00:03:41,255 - __main__ - INFO - Round 20/50
2025-03-10 00:03:41,256 - __main__ - INFO - CPU Memory Usage: 0.94 GB
2025-03-10 00:03:41,256 - __main__ - INFO - GPU 0 Memory: 0.00 GB allocated, 0.00 GB reserved
2025-03-10 00:03:41,358 - __main__ - INFO - Starting client training for global round 19
2025-03-10 00:03:41,600 - __main__ - INFO - Average metrics - Train Loss: 1.8664, Train Acc: 0.3153, Val Acc: 0.3153, Test Acc: 0.3189
2025-03-10 00:03:41,600 - __main__ - INFO - Collecting client parameters for aggregation
2025-03-10 00:03:41,630 - __main__ - INFO - Completed global round 19
2025-03-10 00:03:41,632 - __main__ - INFO - Global model - Test Accuracy: 0.3529
2025-03-10 00:03:41,632 - __main__ - INFO - Round 20 - Avg Train Loss: 1.8664, Avg Train Acc: 0.3153, Avg Val Acc: 0.3153, Avg Test Acc: 0.3189, Global Test Acc: 0.3529
2025-03-10 00:03:41,761 - __main__ - INFO - Round 21/50
2025-03-10 00:03:41,762 - __main__ - INFO - CPU Memory Usage: 0.94 GB
2025-03-10 00:03:41,762 - __main__ - INFO - GPU 0 Memory: 0.00 GB allocated, 0.00 GB reserved
2025-03-10 00:03:41,873 - __main__ - INFO - Starting client training for global round 20
2025-03-10 00:03:42,119 - __main__ - INFO - Average metrics - Train Loss: 1.8583, Train Acc: 0.3707, Val Acc: 0.3707, Test Acc: 0.3921
2025-03-10 00:03:42,119 - __main__ - INFO - Collecting client parameters for aggregation
2025-03-10 00:03:42,149 - __main__ - INFO - Completed global round 20
2025-03-10 00:03:42,151 - __main__ - INFO - Global model - Test Accuracy: 0.3529
2025-03-10 00:03:42,151 - __main__ - INFO - Round 21 - Avg Train Loss: 1.8583, Avg Train Acc: 0.3707, Avg Val Acc: 0.3707, Avg Test Acc: 0.3921, Global Test Acc: 0.3529
2025-03-10 00:03:42,274 - __main__ - INFO - Round 22/50
2025-03-10 00:03:42,274 - __main__ - INFO - CPU Memory Usage: 0.94 GB
2025-03-10 00:03:42,274 - __main__ - INFO - GPU 0 Memory: 0.00 GB allocated, 0.00 GB reserved
2025-03-10 00:03:42,384 - __main__ - INFO - Starting client training for global round 21
2025-03-10 00:03:42,628 - __main__ - INFO - Average metrics - Train Loss: 1.8518, Train Acc: 0.4680, Val Acc: 0.4680, Test Acc: 0.4275
2025-03-10 00:03:42,628 - __main__ - INFO - Collecting client parameters for aggregation
2025-03-10 00:03:42,659 - __main__ - INFO - Completed global round 21
2025-03-10 00:03:42,660 - __main__ - INFO - Global model - Test Accuracy: 0.4118
2025-03-10 00:03:42,660 - __main__ - INFO - Round 22 - Avg Train Loss: 1.8518, Avg Train Acc: 0.4680, Avg Val Acc: 0.4680, Avg Test Acc: 0.4275, Global Test Acc: 0.4118
2025-03-10 00:03:42,786 - __main__ - INFO - Round 23/50
2025-03-10 00:03:42,786 - __main__ - INFO - CPU Memory Usage: 0.94 GB
2025-03-10 00:03:42,787 - __main__ - INFO - GPU 0 Memory: 0.00 GB allocated, 0.00 GB reserved
2025-03-10 00:03:42,893 - __main__ - INFO - Starting client training for global round 22
2025-03-10 00:03:43,141 - __main__ - INFO - Average metrics - Train Loss: 1.8427, Train Acc: 0.5019, Val Acc: 0.5019, Test Acc: 0.4534
2025-03-10 00:03:43,141 - __main__ - INFO - Collecting client parameters for aggregation
2025-03-10 00:03:43,172 - __main__ - INFO - Completed global round 22
2025-03-10 00:03:43,173 - __main__ - INFO - Global model - Test Accuracy: 0.3529
2025-03-10 00:03:43,173 - __main__ - INFO - Round 23 - Avg Train Loss: 1.8427, Avg Train Acc: 0.5019, Avg Val Acc: 0.5019, Avg Test Acc: 0.4534, Global Test Acc: 0.3529
2025-03-10 00:03:43,302 - __main__ - INFO - Round 24/50
2025-03-10 00:03:43,303 - __main__ - INFO - CPU Memory Usage: 0.94 GB
2025-03-10 00:03:43,303 - __main__ - INFO - GPU 0 Memory: 0.00 GB allocated, 0.00 GB reserved
2025-03-10 00:03:43,409 - __main__ - INFO - Starting client training for global round 23
2025-03-10 00:03:43,652 - __main__ - INFO - Average metrics - Train Loss: 1.8313, Train Acc: 0.4977, Val Acc: 0.4977, Test Acc: 0.4780
2025-03-10 00:03:43,652 - __main__ - INFO - Collecting client parameters for aggregation
2025-03-10 00:03:43,683 - __main__ - INFO - Completed global round 23
2025-03-10 00:03:43,684 - __main__ - INFO - Global model - Test Accuracy: 0.3824
2025-03-10 00:03:43,685 - __main__ - INFO - Round 24 - Avg Train Loss: 1.8313, Avg Train Acc: 0.4977, Avg Val Acc: 0.4977, Avg Test Acc: 0.4780, Global Test Acc: 0.3824
2025-03-10 00:03:43,812 - __main__ - INFO - Round 25/50
2025-03-10 00:03:43,812 - __main__ - INFO - CPU Memory Usage: 0.94 GB
2025-03-10 00:03:43,812 - __main__ - INFO - GPU 0 Memory: 0.00 GB allocated, 0.00 GB reserved
2025-03-10 00:03:43,936 - __main__ - INFO - Starting client training for global round 24
2025-03-10 00:03:44,179 - __main__ - INFO - Average metrics - Train Loss: 1.8274, Train Acc: 0.5253, Val Acc: 0.5253, Test Acc: 0.5051
2025-03-10 00:03:44,179 - __main__ - INFO - Collecting client parameters for aggregation
2025-03-10 00:03:44,209 - __main__ - INFO - Completed global round 24
2025-03-10 00:03:44,211 - __main__ - INFO - Global model - Test Accuracy: 0.3824
2025-03-10 00:03:44,211 - __main__ - INFO - Round 25 - Avg Train Loss: 1.8274, Avg Train Acc: 0.5253, Avg Val Acc: 0.5253, Avg Test Acc: 0.5051, Global Test Acc: 0.3824
2025-03-10 00:03:44,336 - __main__ - INFO - Round 26/50
2025-03-10 00:03:44,336 - __main__ - INFO - CPU Memory Usage: 0.94 GB
2025-03-10 00:03:44,336 - __main__ - INFO - GPU 0 Memory: 0.00 GB allocated, 0.00 GB reserved
2025-03-10 00:03:44,444 - __main__ - INFO - Starting client training for global round 25
2025-03-10 00:03:44,686 - __main__ - INFO - Average metrics - Train Loss: 1.8259, Train Acc: 0.5000, Val Acc: 0.5000, Test Acc: 0.4688
2025-03-10 00:03:44,686 - __main__ - INFO - Collecting client parameters for aggregation
2025-03-10 00:03:44,719 - __main__ - INFO - Completed global round 25
2025-03-10 00:03:44,742 - __main__ - INFO - Global model - Test Accuracy: 0.3529
2025-03-10 00:03:44,743 - __main__ - INFO - Round 26 - Avg Train Loss: 1.8259, Avg Train Acc: 0.5000, Avg Val Acc: 0.5000, Avg Test Acc: 0.4688, Global Test Acc: 0.3529
2025-03-10 00:03:44,867 - __main__ - INFO - Round 27/50
2025-03-10 00:03:44,867 - __main__ - INFO - CPU Memory Usage: 0.94 GB
2025-03-10 00:03:44,867 - __main__ - INFO - GPU 0 Memory: 0.00 GB allocated, 0.00 GB reserved
2025-03-10 00:03:44,974 - __main__ - INFO - Starting client training for global round 26
2025-03-10 00:03:45,217 - __main__ - INFO - Average metrics - Train Loss: 1.8181, Train Acc: 0.4887, Val Acc: 0.4887, Test Acc: 0.4765
2025-03-10 00:03:45,217 - __main__ - INFO - Collecting client parameters for aggregation
2025-03-10 00:03:45,247 - __main__ - INFO - Completed global round 26
2025-03-10 00:03:45,249 - __main__ - INFO - Global model - Test Accuracy: 0.3529
2025-03-10 00:03:45,249 - __main__ - INFO - Round 27 - Avg Train Loss: 1.8181, Avg Train Acc: 0.4887, Avg Val Acc: 0.4887, Avg Test Acc: 0.4765, Global Test Acc: 0.3529
2025-03-10 00:03:45,374 - __main__ - INFO - Round 28/50
2025-03-10 00:03:45,374 - __main__ - INFO - CPU Memory Usage: 0.94 GB
2025-03-10 00:03:45,375 - __main__ - INFO - GPU 0 Memory: 0.00 GB allocated, 0.00 GB reserved
2025-03-10 00:03:45,489 - __main__ - INFO - Starting client training for global round 27
2025-03-10 00:03:45,730 - __main__ - INFO - Average metrics - Train Loss: 1.8163, Train Acc: 0.4192, Val Acc: 0.4192, Test Acc: 0.4245
2025-03-10 00:03:45,730 - __main__ - INFO - Collecting client parameters for aggregation
2025-03-10 00:03:45,761 - __main__ - INFO - Completed global round 27
2025-03-10 00:03:45,765 - __main__ - INFO - Global model - Test Accuracy: 0.3235
2025-03-10 00:03:45,766 - __main__ - INFO - Round 28 - Avg Train Loss: 1.8163, Avg Train Acc: 0.4192, Avg Val Acc: 0.4192, Avg Test Acc: 0.4245, Global Test Acc: 0.3235
2025-03-10 00:03:45,889 - __main__ - INFO - Round 29/50
2025-03-10 00:03:45,889 - __main__ - INFO - CPU Memory Usage: 0.94 GB
2025-03-10 00:03:45,890 - __main__ - INFO - GPU 0 Memory: 0.00 GB allocated, 0.00 GB reserved
2025-03-10 00:03:46,001 - __main__ - INFO - Starting client training for global round 28
2025-03-10 00:03:46,242 - __main__ - INFO - Average metrics - Train Loss: 1.7995, Train Acc: 0.4475, Val Acc: 0.4475, Test Acc: 0.4121
2025-03-10 00:03:46,242 - __main__ - INFO - Collecting client parameters for aggregation
2025-03-10 00:03:46,272 - __main__ - INFO - Completed global round 28
2025-03-10 00:03:46,274 - __main__ - INFO - Global model - Test Accuracy: 0.3235
2025-03-10 00:03:46,274 - __main__ - INFO - Round 29 - Avg Train Loss: 1.7995, Avg Train Acc: 0.4475, Avg Val Acc: 0.4475, Avg Test Acc: 0.4121, Global Test Acc: 0.3235
2025-03-10 00:03:46,398 - __main__ - INFO - Round 30/50
2025-03-10 00:03:46,398 - __main__ - INFO - CPU Memory Usage: 0.94 GB
2025-03-10 00:03:46,398 - __main__ - INFO - GPU 0 Memory: 0.00 GB allocated, 0.00 GB reserved
2025-03-10 00:03:46,506 - __main__ - INFO - Starting client training for global round 29
2025-03-10 00:03:46,751 - __main__ - INFO - Average metrics - Train Loss: 1.7788, Train Acc: 0.4463, Val Acc: 0.4463, Test Acc: 0.4340
2025-03-10 00:03:46,751 - __main__ - INFO - Collecting client parameters for aggregation
2025-03-10 00:03:46,782 - __main__ - INFO - Completed global round 29
2025-03-10 00:03:46,783 - __main__ - INFO - Global model - Test Accuracy: 0.3529
2025-03-10 00:03:46,784 - __main__ - INFO - Round 30 - Avg Train Loss: 1.7788, Avg Train Acc: 0.4463, Avg Val Acc: 0.4463, Avg Test Acc: 0.4340, Global Test Acc: 0.3529
2025-03-10 00:03:46,911 - __main__ - INFO - Round 31/50
2025-03-10 00:03:46,912 - __main__ - INFO - CPU Memory Usage: 0.94 GB
2025-03-10 00:03:46,912 - __main__ - INFO - GPU 0 Memory: 0.00 GB allocated, 0.00 GB reserved
2025-03-10 00:03:47,026 - __main__ - INFO - Starting client training for global round 30
2025-03-10 00:03:47,270 - __main__ - INFO - Average metrics - Train Loss: 1.7584, Train Acc: 0.4769, Val Acc: 0.4769, Test Acc: 0.4427
2025-03-10 00:03:47,270 - __main__ - INFO - Collecting client parameters for aggregation
2025-03-10 00:03:47,301 - __main__ - INFO - Completed global round 30
2025-03-10 00:03:47,303 - __main__ - INFO - Global model - Test Accuracy: 0.4118
2025-03-10 00:03:47,303 - __main__ - INFO - Round 31 - Avg Train Loss: 1.7584, Avg Train Acc: 0.4769, Avg Val Acc: 0.4769, Avg Test Acc: 0.4427, Global Test Acc: 0.4118
2025-03-10 00:03:47,425 - __main__ - INFO - Round 32/50
2025-03-10 00:03:47,425 - __main__ - INFO - CPU Memory Usage: 0.94 GB
2025-03-10 00:03:47,426 - __main__ - INFO - GPU 0 Memory: 0.00 GB allocated, 0.00 GB reserved
2025-03-10 00:03:47,538 - __main__ - INFO - Starting client training for global round 31
2025-03-10 00:03:47,782 - __main__ - INFO - Average metrics - Train Loss: 1.7479, Train Acc: 0.4598, Val Acc: 0.4598, Test Acc: 0.4445
2025-03-10 00:03:47,782 - __main__ - INFO - Collecting client parameters for aggregation
2025-03-10 00:03:47,815 - __main__ - INFO - Completed global round 31
2025-03-10 00:03:47,817 - __main__ - INFO - Global model - Test Accuracy: 0.4118
2025-03-10 00:03:47,817 - __main__ - INFO - Round 32 - Avg Train Loss: 1.7479, Avg Train Acc: 0.4598, Avg Val Acc: 0.4598, Avg Test Acc: 0.4445, Global Test Acc: 0.4118
2025-03-10 00:03:47,947 - __main__ - INFO - Round 33/50
2025-03-10 00:03:47,947 - __main__ - INFO - CPU Memory Usage: 0.94 GB
2025-03-10 00:03:47,948 - __main__ - INFO - GPU 0 Memory: 0.00 GB allocated, 0.00 GB reserved
2025-03-10 00:03:48,058 - __main__ - INFO - Starting client training for global round 32
2025-03-10 00:03:48,298 - __main__ - INFO - Average metrics - Train Loss: 1.7327, Train Acc: 0.4589, Val Acc: 0.4589, Test Acc: 0.4393
2025-03-10 00:03:48,298 - __main__ - INFO - Collecting client parameters for aggregation
2025-03-10 00:03:48,329 - __main__ - INFO - Completed global round 32
2025-03-10 00:03:48,333 - __main__ - INFO - Global model - Test Accuracy: 0.4412
2025-03-10 00:03:48,333 - __main__ - INFO - Round 33 - Avg Train Loss: 1.7327, Avg Train Acc: 0.4589, Avg Val Acc: 0.4589, Avg Test Acc: 0.4393, Global Test Acc: 0.4412
2025-03-10 00:03:48,460 - __main__ - INFO - Round 34/50
2025-03-10 00:03:48,460 - __main__ - INFO - CPU Memory Usage: 0.94 GB
2025-03-10 00:03:48,461 - __main__ - INFO - GPU 0 Memory: 0.00 GB allocated, 0.00 GB reserved
2025-03-10 00:03:48,565 - __main__ - INFO - Starting client training for global round 33
2025-03-10 00:03:48,814 - __main__ - INFO - Average metrics - Train Loss: 1.7105, Train Acc: 0.4553, Val Acc: 0.4553, Test Acc: 0.4280
2025-03-10 00:03:48,814 - __main__ - INFO - Collecting client parameters for aggregation
2025-03-10 00:03:48,845 - __main__ - INFO - Completed global round 33
2025-03-10 00:03:48,846 - __main__ - INFO - Global model - Test Accuracy: 0.4706
2025-03-10 00:03:48,846 - __main__ - INFO - Round 34 - Avg Train Loss: 1.7105, Avg Train Acc: 0.4553, Avg Val Acc: 0.4553, Avg Test Acc: 0.4280, Global Test Acc: 0.4706
2025-03-10 00:03:48,970 - __main__ - INFO - Round 35/50
2025-03-10 00:03:48,970 - __main__ - INFO - CPU Memory Usage: 0.94 GB
2025-03-10 00:03:48,971 - __main__ - INFO - GPU 0 Memory: 0.00 GB allocated, 0.00 GB reserved
2025-03-10 00:03:49,092 - __main__ - INFO - Starting client training for global round 34
2025-03-10 00:03:49,332 - __main__ - INFO - Average metrics - Train Loss: 1.6765, Train Acc: 0.4850, Val Acc: 0.4850, Test Acc: 0.4457
2025-03-10 00:03:49,332 - __main__ - INFO - Collecting client parameters for aggregation
2025-03-10 00:03:49,363 - __main__ - INFO - Completed global round 34
2025-03-10 00:03:49,372 - __main__ - INFO - Global model - Test Accuracy: 0.4706
2025-03-10 00:03:49,372 - __main__ - INFO - Round 35 - Avg Train Loss: 1.6765, Avg Train Acc: 0.4850, Avg Val Acc: 0.4850, Avg Test Acc: 0.4457, Global Test Acc: 0.4706
2025-03-10 00:03:49,495 - __main__ - INFO - Round 36/50
2025-03-10 00:03:49,496 - __main__ - INFO - CPU Memory Usage: 0.94 GB
2025-03-10 00:03:49,496 - __main__ - INFO - GPU 0 Memory: 0.00 GB allocated, 0.00 GB reserved
2025-03-10 00:03:49,603 - __main__ - INFO - Starting client training for global round 35
2025-03-10 00:03:49,851 - __main__ - INFO - Average metrics - Train Loss: 1.6503, Train Acc: 0.4600, Val Acc: 0.4600, Test Acc: 0.4504
2025-03-10 00:03:49,852 - __main__ - INFO - Collecting client parameters for aggregation
2025-03-10 00:03:49,883 - __main__ - INFO - Completed global round 35
2025-03-10 00:03:49,885 - __main__ - INFO - Global model - Test Accuracy: 0.5000
2025-03-10 00:03:49,885 - __main__ - INFO - Round 36 - Avg Train Loss: 1.6503, Avg Train Acc: 0.4600, Avg Val Acc: 0.4600, Avg Test Acc: 0.4504, Global Test Acc: 0.5000
2025-03-10 00:03:50,021 - __main__ - INFO - Round 37/50
2025-03-10 00:03:50,021 - __main__ - INFO - CPU Memory Usage: 0.94 GB
2025-03-10 00:03:50,022 - __main__ - INFO - GPU 0 Memory: 0.00 GB allocated, 0.00 GB reserved
2025-03-10 00:03:50,125 - __main__ - INFO - Starting client training for global round 36
2025-03-10 00:03:50,372 - __main__ - INFO - Average metrics - Train Loss: 1.6400, Train Acc: 0.4467, Val Acc: 0.4467, Test Acc: 0.4426
2025-03-10 00:03:50,372 - __main__ - INFO - Collecting client parameters for aggregation
2025-03-10 00:03:50,404 - __main__ - INFO - Completed global round 36
2025-03-10 00:03:50,405 - __main__ - INFO - Global model - Test Accuracy: 0.5000
2025-03-10 00:03:50,405 - __main__ - INFO - Round 37 - Avg Train Loss: 1.6400, Avg Train Acc: 0.4467, Avg Val Acc: 0.4467, Avg Test Acc: 0.4426, Global Test Acc: 0.5000
2025-03-10 00:03:50,533 - __main__ - INFO - Round 38/50
2025-03-10 00:03:50,533 - __main__ - INFO - CPU Memory Usage: 0.94 GB
2025-03-10 00:03:50,533 - __main__ - INFO - GPU 0 Memory: 0.00 GB allocated, 0.00 GB reserved
2025-03-10 00:03:50,642 - __main__ - INFO - Starting client training for global round 37
2025-03-10 00:03:50,886 - __main__ - INFO - Average metrics - Train Loss: 1.6019, Train Acc: 0.4614, Val Acc: 0.4614, Test Acc: 0.4407
2025-03-10 00:03:50,886 - __main__ - INFO - Collecting client parameters for aggregation
2025-03-10 00:03:50,918 - __main__ - INFO - Completed global round 37
2025-03-10 00:03:50,919 - __main__ - INFO - Global model - Test Accuracy: 0.4118
2025-03-10 00:03:50,919 - __main__ - INFO - Round 38 - Avg Train Loss: 1.6019, Avg Train Acc: 0.4614, Avg Val Acc: 0.4614, Avg Test Acc: 0.4407, Global Test Acc: 0.4118
2025-03-10 00:03:51,042 - __main__ - INFO - Round 39/50
2025-03-10 00:03:51,043 - __main__ - INFO - CPU Memory Usage: 0.94 GB
2025-03-10 00:03:51,043 - __main__ - INFO - GPU 0 Memory: 0.00 GB allocated, 0.00 GB reserved
2025-03-10 00:03:51,152 - __main__ - INFO - Starting client training for global round 38
2025-03-10 00:03:51,395 - __main__ - INFO - Average metrics - Train Loss: 1.5669, Train Acc: 0.4860, Val Acc: 0.4860, Test Acc: 0.4805
2025-03-10 00:03:51,396 - __main__ - INFO - Collecting client parameters for aggregation
2025-03-10 00:03:51,427 - __main__ - INFO - Completed global round 38
2025-03-10 00:03:51,428 - __main__ - INFO - Global model - Test Accuracy: 0.4412
2025-03-10 00:03:51,428 - __main__ - INFO - Round 39 - Avg Train Loss: 1.5669, Avg Train Acc: 0.4860, Avg Val Acc: 0.4860, Avg Test Acc: 0.4805, Global Test Acc: 0.4412
2025-03-10 00:03:51,551 - __main__ - INFO - Round 40/50
2025-03-10 00:03:51,551 - __main__ - INFO - CPU Memory Usage: 0.94 GB
2025-03-10 00:03:51,552 - __main__ - INFO - GPU 0 Memory: 0.00 GB allocated, 0.00 GB reserved
2025-03-10 00:03:51,655 - __main__ - INFO - Starting client training for global round 39
2025-03-10 00:03:51,898 - __main__ - INFO - Average metrics - Train Loss: 1.5548, Train Acc: 0.4980, Val Acc: 0.4980, Test Acc: 0.4740
2025-03-10 00:03:51,899 - __main__ - INFO - Collecting client parameters for aggregation
2025-03-10 00:03:51,929 - __main__ - INFO - Completed global round 39
2025-03-10 00:03:51,931 - __main__ - INFO - Global model - Test Accuracy: 0.3824
2025-03-10 00:03:51,931 - __main__ - INFO - Round 40 - Avg Train Loss: 1.5548, Avg Train Acc: 0.4980, Avg Val Acc: 0.4980, Avg Test Acc: 0.4740, Global Test Acc: 0.3824
2025-03-10 00:03:52,059 - __main__ - INFO - Round 41/50
2025-03-10 00:03:52,060 - __main__ - INFO - CPU Memory Usage: 0.94 GB
2025-03-10 00:03:52,060 - __main__ - INFO - GPU 0 Memory: 0.00 GB allocated, 0.00 GB reserved
2025-03-10 00:03:52,169 - __main__ - INFO - Starting client training for global round 40
2025-03-10 00:03:52,415 - __main__ - INFO - Average metrics - Train Loss: 1.5304, Train Acc: 0.5166, Val Acc: 0.5166, Test Acc: 0.5012
2025-03-10 00:03:52,415 - __main__ - INFO - Collecting client parameters for aggregation
2025-03-10 00:03:52,446 - __main__ - INFO - Completed global round 40
2025-03-10 00:03:52,472 - __main__ - INFO - Global model - Test Accuracy: 0.4118
2025-03-10 00:03:52,473 - __main__ - INFO - Round 41 - Avg Train Loss: 1.5304, Avg Train Acc: 0.5166, Avg Val Acc: 0.5166, Avg Test Acc: 0.5012, Global Test Acc: 0.4118
2025-03-10 00:03:52,595 - __main__ - INFO - Round 42/50
2025-03-10 00:03:52,595 - __main__ - INFO - CPU Memory Usage: 0.94 GB
2025-03-10 00:03:52,595 - __main__ - INFO - GPU 0 Memory: 0.00 GB allocated, 0.00 GB reserved
2025-03-10 00:03:52,708 - __main__ - INFO - Starting client training for global round 41
2025-03-10 00:03:52,955 - __main__ - INFO - Average metrics - Train Loss: 1.5299, Train Acc: 0.5288, Val Acc: 0.5288, Test Acc: 0.4898
2025-03-10 00:03:52,955 - __main__ - INFO - Collecting client parameters for aggregation
2025-03-10 00:03:52,987 - __main__ - INFO - Completed global round 41
2025-03-10 00:03:52,988 - __main__ - INFO - Global model - Test Accuracy: 0.4412
2025-03-10 00:03:52,988 - __main__ - INFO - Round 42 - Avg Train Loss: 1.5299, Avg Train Acc: 0.5288, Avg Val Acc: 0.5288, Avg Test Acc: 0.4898, Global Test Acc: 0.4412
2025-03-10 00:03:53,112 - __main__ - INFO - Round 43/50
2025-03-10 00:03:53,112 - __main__ - INFO - CPU Memory Usage: 0.94 GB
2025-03-10 00:03:53,113 - __main__ - INFO - GPU 0 Memory: 0.00 GB allocated, 0.00 GB reserved
2025-03-10 00:03:53,217 - __main__ - INFO - Starting client training for global round 42
2025-03-10 00:03:53,459 - __main__ - INFO - Average metrics - Train Loss: 1.5268, Train Acc: 0.5019, Val Acc: 0.5019, Test Acc: 0.4984
2025-03-10 00:03:53,459 - __main__ - INFO - Collecting client parameters for aggregation
2025-03-10 00:03:53,490 - __main__ - INFO - Completed global round 42
2025-03-10 00:03:53,492 - __main__ - INFO - Global model - Test Accuracy: 0.4118
2025-03-10 00:03:53,492 - __main__ - INFO - Round 43 - Avg Train Loss: 1.5268, Avg Train Acc: 0.5019, Avg Val Acc: 0.5019, Avg Test Acc: 0.4984, Global Test Acc: 0.4118
2025-03-10 00:03:53,620 - __main__ - INFO - Round 44/50
2025-03-10 00:03:53,620 - __main__ - INFO - CPU Memory Usage: 0.94 GB
2025-03-10 00:03:53,620 - __main__ - INFO - GPU 0 Memory: 0.00 GB allocated, 0.00 GB reserved
2025-03-10 00:03:53,740 - __main__ - INFO - Starting client training for global round 43
2025-03-10 00:03:53,987 - __main__ - INFO - Average metrics - Train Loss: 1.5193, Train Acc: 0.5109, Val Acc: 0.5109, Test Acc: 0.4891
2025-03-10 00:03:53,988 - __main__ - INFO - Collecting client parameters for aggregation
2025-03-10 00:03:54,019 - __main__ - INFO - Completed global round 43
2025-03-10 00:03:54,021 - __main__ - INFO - Global model - Test Accuracy: 0.4118
2025-03-10 00:03:54,021 - __main__ - INFO - Round 44 - Avg Train Loss: 1.5193, Avg Train Acc: 0.5109, Avg Val Acc: 0.5109, Avg Test Acc: 0.4891, Global Test Acc: 0.4118
2025-03-10 00:03:54,164 - __main__ - INFO - Round 45/50
2025-03-10 00:03:54,165 - __main__ - INFO - CPU Memory Usage: 0.94 GB
2025-03-10 00:03:54,165 - __main__ - INFO - GPU 0 Memory: 0.00 GB allocated, 0.00 GB reserved
2025-03-10 00:03:54,312 - __main__ - INFO - Starting client training for global round 44
2025-03-10 00:03:54,577 - __main__ - INFO - Average metrics - Train Loss: 1.5323, Train Acc: 0.4957, Val Acc: 0.4957, Test Acc: 0.4850
2025-03-10 00:03:54,577 - __main__ - INFO - Collecting client parameters for aggregation
2025-03-10 00:03:54,611 - __main__ - INFO - Completed global round 44
2025-03-10 00:03:54,613 - __main__ - INFO - Global model - Test Accuracy: 0.4412
2025-03-10 00:03:54,613 - __main__ - INFO - Round 45 - Avg Train Loss: 1.5323, Avg Train Acc: 0.4957, Avg Val Acc: 0.4957, Avg Test Acc: 0.4850, Global Test Acc: 0.4412
2025-03-10 00:03:54,743 - __main__ - INFO - Round 46/50
2025-03-10 00:03:54,744 - __main__ - INFO - CPU Memory Usage: 0.94 GB
2025-03-10 00:03:54,744 - __main__ - INFO - GPU 0 Memory: 0.00 GB allocated, 0.00 GB reserved
2025-03-10 00:03:54,860 - __main__ - INFO - Starting client training for global round 45
2025-03-10 00:03:55,102 - __main__ - INFO - Average metrics - Train Loss: 1.4797, Train Acc: 0.5056, Val Acc: 0.5056, Test Acc: 0.4919
2025-03-10 00:03:55,102 - __main__ - INFO - Collecting client parameters for aggregation
2025-03-10 00:03:55,133 - __main__ - INFO - Completed global round 45
2025-03-10 00:03:55,142 - __main__ - INFO - Global model - Test Accuracy: 0.4412
2025-03-10 00:03:55,142 - __main__ - INFO - Round 46 - Avg Train Loss: 1.4797, Avg Train Acc: 0.5056, Avg Val Acc: 0.5056, Avg Test Acc: 0.4919, Global Test Acc: 0.4412
2025-03-10 00:03:55,267 - __main__ - INFO - Round 47/50
2025-03-10 00:03:55,268 - __main__ - INFO - CPU Memory Usage: 0.94 GB
2025-03-10 00:03:55,268 - __main__ - INFO - GPU 0 Memory: 0.00 GB allocated, 0.00 GB reserved
2025-03-10 00:03:55,376 - __main__ - INFO - Starting client training for global round 46
2025-03-10 00:03:55,619 - __main__ - INFO - Average metrics - Train Loss: 1.4568, Train Acc: 0.5196, Val Acc: 0.5196, Test Acc: 0.4877
2025-03-10 00:03:55,619 - __main__ - INFO - Collecting client parameters for aggregation
2025-03-10 00:03:55,649 - __main__ - INFO - Completed global round 46
2025-03-10 00:03:55,654 - __main__ - INFO - Global model - Test Accuracy: 0.4118
2025-03-10 00:03:55,654 - __main__ - INFO - Round 47 - Avg Train Loss: 1.4568, Avg Train Acc: 0.5196, Avg Val Acc: 0.5196, Avg Test Acc: 0.4877, Global Test Acc: 0.4118
2025-03-10 00:03:55,783 - __main__ - INFO - Round 48/50
2025-03-10 00:03:55,784 - __main__ - INFO - CPU Memory Usage: 0.94 GB
2025-03-10 00:03:55,784 - __main__ - INFO - GPU 0 Memory: 0.00 GB allocated, 0.00 GB reserved
2025-03-10 00:03:55,892 - __main__ - INFO - Starting client training for global round 47
2025-03-10 00:03:56,136 - __main__ - INFO - Average metrics - Train Loss: 1.4447, Train Acc: 0.5127, Val Acc: 0.5127, Test Acc: 0.4983
2025-03-10 00:03:56,136 - __main__ - INFO - Collecting client parameters for aggregation
2025-03-10 00:03:56,171 - __main__ - INFO - Completed global round 47
2025-03-10 00:03:56,177 - __main__ - INFO - Global model - Test Accuracy: 0.4118
2025-03-10 00:03:56,177 - __main__ - INFO - Round 48 - Avg Train Loss: 1.4447, Avg Train Acc: 0.5127, Avg Val Acc: 0.5127, Avg Test Acc: 0.4983, Global Test Acc: 0.4118
2025-03-10 00:03:56,308 - __main__ - INFO - Round 49/50
2025-03-10 00:03:56,308 - __main__ - INFO - CPU Memory Usage: 0.94 GB
2025-03-10 00:03:56,309 - __main__ - INFO - GPU 0 Memory: 0.00 GB allocated, 0.00 GB reserved
2025-03-10 00:03:56,420 - __main__ - INFO - Starting client training for global round 48
2025-03-10 00:03:56,667 - __main__ - INFO - Average metrics - Train Loss: 1.4803, Train Acc: 0.5000, Val Acc: 0.5000, Test Acc: 0.4895
2025-03-10 00:03:56,668 - __main__ - INFO - Collecting client parameters for aggregation
2025-03-10 00:03:56,698 - __main__ - INFO - Completed global round 48
2025-03-10 00:03:56,700 - __main__ - INFO - Global model - Test Accuracy: 0.4118
2025-03-10 00:03:56,700 - __main__ - INFO - Round 49 - Avg Train Loss: 1.4803, Avg Train Acc: 0.5000, Avg Val Acc: 0.5000, Avg Test Acc: 0.4895, Global Test Acc: 0.4118
2025-03-10 00:03:56,825 - __main__ - INFO - Round 50/50
2025-03-10 00:03:56,826 - __main__ - INFO - CPU Memory Usage: 0.94 GB
2025-03-10 00:03:56,826 - __main__ - INFO - GPU 0 Memory: 0.00 GB allocated, 0.00 GB reserved
2025-03-10 00:03:56,939 - __main__ - INFO - Starting client training for global round 49
2025-03-10 00:03:57,179 - __main__ - INFO - Average metrics - Train Loss: 1.5101, Train Acc: 0.4921, Val Acc: 0.4921, Test Acc: 0.4950
2025-03-10 00:03:57,179 - __main__ - INFO - Collecting client parameters for aggregation
2025-03-10 00:03:57,211 - __main__ - INFO - Completed global round 49
2025-03-10 00:03:57,213 - __main__ - INFO - Global model - Test Accuracy: 0.4118
2025-03-10 00:03:57,213 - __main__ - INFO - Round 50 - Avg Train Loss: 1.5101, Avg Train Acc: 0.4921, Avg Val Acc: 0.4921, Avg Test Acc: 0.4950, Global Test Acc: 0.4118
2025-03-10 00:03:57,356 - __main__ - INFO - Results saved to JSON: results/results_Cora_zero_auto_20250310_000357.json
2025-03-10 00:03:57,357 - __main__ - INFO - Text results saved to: results/results_Cora_zero_auto_20250310_000357.txt
2025-03-10 00:03:57,360 - __main__ - INFO - Rounds data saved to: results/rounds_Cora_zero_auto_20250310_000357.csv
2025-03-10 00:03:57,361 - __main__ - INFO - Summary data saved to: results/summary_Cora_zero_auto_20250310_000357.csv
2025-03-10 00:03:57,362 - __main__ - INFO - Results arrays saved to: results/results_arrays_Cora_zero_auto_20250310_000357.csv
2025-03-10 00:03:57,362 - __main__ - INFO - Training completed successfully
