2025-03-09 22:55:34,999 - __main__ - INFO - Starting enhanced federated learning with Cora dataset
2025-03-09 22:55:35,001 - __main__ - INFO - Random seed set to 42
2025-03-09 22:55:35,001 - __main__ - INFO - Using memory-efficient models
2025-03-09 22:55:36,871 - __main__ - INFO - Ray initialized successfully
2025-03-09 22:55:36,871 - __main__ - INFO - Using CPU
2025-03-09 22:55:37,016 - __main__ - INFO - CPU Memory Usage: 0.66 GB
2025-03-09 22:55:37,062 - __main__ - INFO - GPU 0 Memory: 0.00 GB allocated, 0.00 GB reserved
2025-03-09 22:55:37,062 - __main__ - INFO - Loading dataset: Cora
2025-03-09 22:55:37,084 - __main__ - INFO - Dataset: Cora
2025-03-09 22:55:37,085 - __main__ - INFO - Number of nodes: 2708
2025-03-09 22:55:37,085 - __main__ - INFO - Number of features: 1433
2025-03-09 22:55:37,087 - __main__ - INFO - Number of classes: 7
2025-03-09 22:55:37,087 - __main__ - INFO - Number of edges: 10556
2025-03-09 22:55:37,087 - __main__ - INFO - CPU Memory Usage: 0.71 GB
2025-03-09 22:55:37,088 - __main__ - INFO - GPU 0 Memory: 0.00 GB allocated, 0.00 GB reserved
2025-03-09 22:55:37,089 - __main__ - INFO - Using standard GCN model for cora
2025-03-09 22:55:37,120 - __main__ - INFO - Global model type: EnhancedGCN
2025-03-09 22:55:37,121 - __main__ - INFO - Total model parameters: 23095
2025-03-09 22:55:37,121 - __main__ - INFO - Training for 10 rounds with 2 local epochs per round
2025-03-09 22:55:37,122 - __main__ - INFO - Initializing 10 clients with 2 epochs per round
2025-03-09 22:55:37,194 - __main__ - INFO - Initialized 10 clients
2025-03-09 22:55:37,198 - __main__ - INFO - Starting federated training for 10 rounds
2025-03-09 22:55:37,198 - __main__ - INFO - Round 1/10
2025-03-09 22:55:37,199 - __main__ - INFO - CPU Memory Usage: 0.75 GB
2025-03-09 22:55:37,199 - __main__ - INFO - GPU 0 Memory: 0.00 GB allocated, 0.00 GB reserved
2025-03-09 22:55:37,375 - __main__ - INFO - Starting client training for global round 0
2025-03-09 22:55:40,444 - __main__ - INFO - Average metrics - Train Loss: 1.9193, Train Acc: 0.4402, Val Acc: 0.4402, Test Acc: 0.4095
2025-03-09 22:55:40,444 - __main__ - INFO - Collecting client parameters for aggregation
2025-03-09 22:55:40,478 - __main__ - INFO - Completed global round 0
2025-03-09 22:55:40,480 - __main__ - INFO - Global model - Test Accuracy: 0.0000
2025-03-09 22:55:40,481 - __main__ - INFO - Round 1 - Avg Train Loss: 1.9193, Avg Train Acc: 0.4402, Avg Val Acc: 0.4402, Avg Test Acc: 0.4095, Global Test Acc: 0.0000
2025-03-09 22:55:40,603 - __main__ - INFO - Round 2/10
2025-03-09 22:55:40,603 - __main__ - INFO - CPU Memory Usage: 0.75 GB
2025-03-09 22:55:40,604 - __main__ - INFO - GPU 0 Memory: 0.00 GB allocated, 0.00 GB reserved
2025-03-09 22:55:40,712 - __main__ - INFO - Starting client training for global round 1
2025-03-09 22:55:40,826 - __main__ - INFO - Average metrics - Train Loss: 1.9281, Train Acc: 0.3420, Val Acc: 0.3420, Test Acc: 0.3624
2025-03-09 22:55:40,826 - __main__ - INFO - Collecting client parameters for aggregation
2025-03-09 22:55:40,860 - __main__ - INFO - Completed global round 1
2025-03-09 22:55:40,868 - __main__ - INFO - Global model - Test Accuracy: 0.0000
2025-03-09 22:55:40,869 - __main__ - INFO - Round 2 - Avg Train Loss: 1.9281, Avg Train Acc: 0.3420, Avg Val Acc: 0.3420, Avg Test Acc: 0.3624, Global Test Acc: 0.0000
2025-03-09 22:55:40,992 - __main__ - INFO - Round 3/10
2025-03-09 22:55:40,992 - __main__ - INFO - CPU Memory Usage: 0.75 GB
2025-03-09 22:55:40,993 - __main__ - INFO - GPU 0 Memory: 0.00 GB allocated, 0.00 GB reserved
2025-03-09 22:55:41,103 - __main__ - INFO - Starting client training for global round 2
2025-03-09 22:55:41,221 - __main__ - INFO - Average metrics - Train Loss: 1.9271, Train Acc: 0.3361, Val Acc: 0.3361, Test Acc: 0.3164
2025-03-09 22:55:41,221 - __main__ - INFO - Collecting client parameters for aggregation
2025-03-09 22:55:41,253 - __main__ - INFO - Completed global round 2
2025-03-09 22:55:41,256 - __main__ - INFO - Global model - Test Accuracy: 0.0000
2025-03-09 22:55:41,256 - __main__ - INFO - Round 3 - Avg Train Loss: 1.9271, Avg Train Acc: 0.3361, Avg Val Acc: 0.3361, Avg Test Acc: 0.3164, Global Test Acc: 0.0000
2025-03-09 22:55:41,389 - __main__ - INFO - Round 4/10
2025-03-09 22:55:41,389 - __main__ - INFO - CPU Memory Usage: 0.75 GB
2025-03-09 22:55:41,390 - __main__ - INFO - GPU 0 Memory: 0.00 GB allocated, 0.00 GB reserved
2025-03-09 22:55:41,498 - __main__ - INFO - Starting client training for global round 3
2025-03-09 22:55:41,610 - __main__ - INFO - Average metrics - Train Loss: 1.9261, Train Acc: 0.3289, Val Acc: 0.3289, Test Acc: 0.3232
2025-03-09 22:55:41,610 - __main__ - INFO - Collecting client parameters for aggregation
2025-03-09 22:55:41,642 - __main__ - INFO - Completed global round 3
2025-03-09 22:55:41,653 - __main__ - INFO - Global model - Test Accuracy: 0.0000
2025-03-09 22:55:41,653 - __main__ - INFO - Round 4 - Avg Train Loss: 1.9261, Avg Train Acc: 0.3289, Avg Val Acc: 0.3289, Avg Test Acc: 0.3232, Global Test Acc: 0.0000
2025-03-09 22:55:41,787 - __main__ - INFO - Round 5/10
2025-03-09 22:55:41,787 - __main__ - INFO - CPU Memory Usage: 0.75 GB
2025-03-09 22:55:41,787 - __main__ - INFO - GPU 0 Memory: 0.00 GB allocated, 0.00 GB reserved
2025-03-09 22:55:41,900 - __main__ - INFO - Starting client training for global round 4
2025-03-09 22:55:42,012 - __main__ - INFO - Average metrics - Train Loss: 1.9252, Train Acc: 0.3855, Val Acc: 0.3855, Test Acc: 0.3442
2025-03-09 22:55:42,012 - __main__ - INFO - Collecting client parameters for aggregation
2025-03-09 22:55:42,043 - __main__ - INFO - Completed global round 4
2025-03-09 22:55:42,049 - __main__ - INFO - Global model - Test Accuracy: 0.2059
2025-03-09 22:55:42,049 - __main__ - INFO - Round 5 - Avg Train Loss: 1.9252, Avg Train Acc: 0.3855, Avg Val Acc: 0.3855, Avg Test Acc: 0.3442, Global Test Acc: 0.2059
2025-03-09 22:55:42,172 - __main__ - INFO - Round 6/10
2025-03-09 22:55:42,173 - __main__ - INFO - CPU Memory Usage: 0.75 GB
2025-03-09 22:55:42,173 - __main__ - INFO - GPU 0 Memory: 0.00 GB allocated, 0.00 GB reserved
2025-03-09 22:55:42,281 - __main__ - INFO - Starting client training for global round 5
2025-03-09 22:55:42,391 - __main__ - INFO - Average metrics - Train Loss: 1.9247, Train Acc: 0.3496, Val Acc: 0.3496, Test Acc: 0.3304
2025-03-09 22:55:42,391 - __main__ - INFO - Collecting client parameters for aggregation
2025-03-09 22:55:42,425 - __main__ - INFO - Completed global round 5
2025-03-09 22:55:42,436 - __main__ - INFO - Global model - Test Accuracy: 0.2353
2025-03-09 22:55:42,436 - __main__ - INFO - Round 6 - Avg Train Loss: 1.9247, Avg Train Acc: 0.3496, Avg Val Acc: 0.3496, Avg Test Acc: 0.3304, Global Test Acc: 0.2353
2025-03-09 22:55:42,560 - __main__ - INFO - Round 7/10
2025-03-09 22:55:42,560 - __main__ - INFO - CPU Memory Usage: 0.75 GB
2025-03-09 22:55:42,560 - __main__ - INFO - GPU 0 Memory: 0.00 GB allocated, 0.00 GB reserved
2025-03-09 22:55:42,674 - __main__ - INFO - Starting client training for global round 6
2025-03-09 22:55:42,786 - __main__ - INFO - Average metrics - Train Loss: 1.9238, Train Acc: 0.3460, Val Acc: 0.3460, Test Acc: 0.3163
2025-03-09 22:55:42,786 - __main__ - INFO - Collecting client parameters for aggregation
2025-03-09 22:55:42,816 - __main__ - INFO - Completed global round 6
2025-03-09 22:55:42,820 - __main__ - INFO - Global model - Test Accuracy: 0.2353
2025-03-09 22:55:42,820 - __main__ - INFO - Round 7 - Avg Train Loss: 1.9238, Avg Train Acc: 0.3460, Avg Val Acc: 0.3460, Avg Test Acc: 0.3163, Global Test Acc: 0.2353
2025-03-09 22:55:42,946 - __main__ - INFO - Round 8/10
2025-03-09 22:55:42,946 - __main__ - INFO - CPU Memory Usage: 0.75 GB
2025-03-09 22:55:42,947 - __main__ - INFO - GPU 0 Memory: 0.00 GB allocated, 0.00 GB reserved
2025-03-09 22:55:43,048 - __main__ - INFO - Starting client training for global round 7
2025-03-09 22:55:43,160 - __main__ - INFO - Average metrics - Train Loss: 1.9224, Train Acc: 0.3664, Val Acc: 0.3664, Test Acc: 0.3294
2025-03-09 22:55:43,160 - __main__ - INFO - Collecting client parameters for aggregation
2025-03-09 22:55:43,195 - __main__ - INFO - Completed global round 7
2025-03-09 22:55:43,204 - __main__ - INFO - Global model - Test Accuracy: 0.2353
2025-03-09 22:55:43,204 - __main__ - INFO - Round 8 - Avg Train Loss: 1.9224, Avg Train Acc: 0.3664, Avg Val Acc: 0.3664, Avg Test Acc: 0.3294, Global Test Acc: 0.2353
2025-03-09 22:55:43,326 - __main__ - INFO - Round 9/10
2025-03-09 22:55:43,327 - __main__ - INFO - CPU Memory Usage: 0.76 GB
2025-03-09 22:55:43,327 - __main__ - INFO - GPU 0 Memory: 0.00 GB allocated, 0.00 GB reserved
2025-03-09 22:55:43,430 - __main__ - INFO - Starting client training for global round 8
2025-03-09 22:55:43,539 - __main__ - INFO - Average metrics - Train Loss: 1.9217, Train Acc: 0.3785, Val Acc: 0.3785, Test Acc: 0.3337
2025-03-09 22:55:43,539 - __main__ - INFO - Collecting client parameters for aggregation
2025-03-09 22:55:43,570 - __main__ - INFO - Completed global round 8
2025-03-09 22:55:43,584 - __main__ - INFO - Global model - Test Accuracy: 0.2353
2025-03-09 22:55:43,584 - __main__ - INFO - Round 9 - Avg Train Loss: 1.9217, Avg Train Acc: 0.3785, Avg Val Acc: 0.3785, Avg Test Acc: 0.3337, Global Test Acc: 0.2353
2025-03-09 22:55:43,711 - __main__ - INFO - Round 10/10
2025-03-09 22:55:43,712 - __main__ - INFO - CPU Memory Usage: 0.76 GB
2025-03-09 22:55:43,712 - __main__ - INFO - GPU 0 Memory: 0.00 GB allocated, 0.00 GB reserved
2025-03-09 22:55:43,829 - __main__ - INFO - Starting client training for global round 9
2025-03-09 22:55:43,940 - __main__ - INFO - Average metrics - Train Loss: 1.9209, Train Acc: 0.3762, Val Acc: 0.3762, Test Acc: 0.3307
2025-03-09 22:55:43,940 - __main__ - INFO - Collecting client parameters for aggregation
2025-03-09 22:55:43,971 - __main__ - INFO - Completed global round 9
2025-03-09 22:55:43,972 - __main__ - INFO - Global model - Test Accuracy: 0.2353
2025-03-09 22:55:43,972 - __main__ - INFO - Round 10 - Avg Train Loss: 1.9209, Avg Train Acc: 0.3762, Avg Val Acc: 0.3762, Avg Test Acc: 0.3307, Global Test Acc: 0.2353
2025-03-09 22:55:44,120 - __main__ - INFO - Experiment summary saved to results/Cora_zero_hop_summary_20250309_225544.csv
2025-03-09 22:55:44,120 - __main__ - INFO - Training completed successfully
