2025-03-09 23:55:41,737 - __main__ - INFO - Starting enhanced federated learning with Cora dataset
2025-03-09 23:55:41,738 - __main__ - INFO - Random seed set to 42
2025-03-09 23:55:41,738 - __main__ - INFO - Using memory-efficient models
2025-03-09 23:55:43,635 - __main__ - INFO - Ray initialized successfully
2025-03-09 23:55:43,636 - __main__ - INFO - Using CPU
2025-03-09 23:55:43,783 - __main__ - INFO - CPU Memory Usage: 0.67 GB
2025-03-09 23:55:43,829 - __main__ - INFO - GPU 0 Memory: 0.00 GB allocated, 0.00 GB reserved
2025-03-09 23:55:43,829 - __main__ - INFO - Loading dataset: Cora
2025-03-09 23:55:44,974 - __main__ - INFO - Dataset: Cora
2025-03-09 23:55:44,975 - __main__ - INFO - Number of nodes: 2708
2025-03-09 23:55:44,975 - __main__ - INFO - Number of features: 1433
2025-03-09 23:55:44,976 - __main__ - INFO - Number of classes: 7
2025-03-09 23:55:44,976 - __main__ - INFO - Number of edges: 10556
2025-03-09 23:55:44,976 - __main__ - INFO - CPU Memory Usage: 0.85 GB
2025-03-09 23:55:44,977 - __main__ - INFO - GPU 0 Memory: 0.00 GB allocated, 0.00 GB reserved
2025-03-09 23:55:44,977 - __main__ - INFO - Using standard GCN model for cora
2025-03-09 23:55:45,009 - __main__ - INFO - Global model type: EnhancedGCN
2025-03-09 23:55:45,009 - __main__ - INFO - Total model parameters: 23095
2025-03-09 23:55:45,009 - __main__ - INFO - Training for 50 rounds with 3 local epochs per round
2025-03-09 23:55:45,010 - __main__ - INFO - Initializing 10 clients with 2 epochs per round
2025-03-09 23:55:45,104 - __main__ - INFO - Initialized 10 clients
2025-03-09 23:55:45,106 - __main__ - INFO - Starting federated training for 50 rounds
2025-03-09 23:55:45,107 - __main__ - INFO - Round 1/50
2025-03-09 23:55:45,107 - __main__ - INFO - CPU Memory Usage: 0.89 GB
2025-03-09 23:55:45,107 - __main__ - INFO - GPU 0 Memory: 0.00 GB allocated, 0.00 GB reserved
2025-03-09 23:55:45,284 - __main__ - INFO - Starting client training for global round 0
2025-03-09 23:55:48,360 - __main__ - INFO - Average metrics - Train Loss: 1.9043, Train Acc: 0.7176, Val Acc: 0.7176, Test Acc: 0.7438
2025-03-09 23:55:48,360 - __main__ - INFO - Collecting client parameters for aggregation
2025-03-09 23:55:48,396 - __main__ - INFO - Completed global round 0
2025-03-09 23:55:48,399 - __main__ - INFO - Global model - Test Accuracy: 0.0000
2025-03-09 23:55:48,399 - __main__ - INFO - Round 1 - Avg Train Loss: 1.9043, Avg Train Acc: 0.7176, Avg Val Acc: 0.7176, Avg Test Acc: 0.7438, Global Test Acc: 0.0000
2025-03-09 23:55:48,526 - __main__ - INFO - Round 2/50
2025-03-09 23:55:48,526 - __main__ - INFO - CPU Memory Usage: 0.90 GB
2025-03-09 23:55:48,526 - __main__ - INFO - GPU 0 Memory: 0.00 GB allocated, 0.00 GB reserved
2025-03-09 23:55:48,633 - __main__ - INFO - Starting client training for global round 1
2025-03-09 23:55:48,783 - __main__ - INFO - Average metrics - Train Loss: 1.9147, Train Acc: 0.6337, Val Acc: 0.6337, Test Acc: 0.6833
2025-03-09 23:55:48,783 - __main__ - INFO - Collecting client parameters for aggregation
2025-03-09 23:55:48,814 - __main__ - INFO - Completed global round 1
2025-03-09 23:55:48,817 - __main__ - INFO - Global model - Test Accuracy: 0.0000
2025-03-09 23:55:48,817 - __main__ - INFO - Round 2 - Avg Train Loss: 1.9147, Avg Train Acc: 0.6337, Avg Val Acc: 0.6337, Avg Test Acc: 0.6833, Global Test Acc: 0.0000
2025-03-09 23:55:48,942 - __main__ - INFO - Round 3/50
2025-03-09 23:55:48,942 - __main__ - INFO - CPU Memory Usage: 0.90 GB
2025-03-09 23:55:48,943 - __main__ - INFO - GPU 0 Memory: 0.00 GB allocated, 0.00 GB reserved
2025-03-09 23:55:49,052 - __main__ - INFO - Starting client training for global round 2
2025-03-09 23:55:49,200 - __main__ - INFO - Average metrics - Train Loss: 1.9125, Train Acc: 0.6492, Val Acc: 0.6492, Test Acc: 0.6849
2025-03-09 23:55:49,201 - __main__ - INFO - Collecting client parameters for aggregation
2025-03-09 23:55:49,231 - __main__ - INFO - Completed global round 2
2025-03-09 23:55:49,233 - __main__ - INFO - Global model - Test Accuracy: 0.0000
2025-03-09 23:55:49,233 - __main__ - INFO - Round 3 - Avg Train Loss: 1.9125, Avg Train Acc: 0.6492, Avg Val Acc: 0.6492, Avg Test Acc: 0.6849, Global Test Acc: 0.0000
2025-03-09 23:55:49,361 - __main__ - INFO - Round 4/50
2025-03-09 23:55:49,361 - __main__ - INFO - CPU Memory Usage: 0.90 GB
2025-03-09 23:55:49,362 - __main__ - INFO - GPU 0 Memory: 0.00 GB allocated, 0.00 GB reserved
2025-03-09 23:55:49,477 - __main__ - INFO - Starting client training for global round 3
2025-03-09 23:55:49,661 - __main__ - INFO - Average metrics - Train Loss: 1.9099, Train Acc: 0.6214, Val Acc: 0.6214, Test Acc: 0.6602
2025-03-09 23:55:49,661 - __main__ - INFO - Collecting client parameters for aggregation
2025-03-09 23:55:49,692 - __main__ - INFO - Completed global round 3
2025-03-09 23:55:49,824 - __main__ - INFO - Global model - Test Accuracy: 0.0000
2025-03-09 23:55:49,824 - __main__ - INFO - Round 4 - Avg Train Loss: 1.9099, Avg Train Acc: 0.6214, Avg Val Acc: 0.6214, Avg Test Acc: 0.6602, Global Test Acc: 0.0000
2025-03-09 23:55:49,971 - __main__ - INFO - Round 5/50
2025-03-09 23:55:49,971 - __main__ - INFO - CPU Memory Usage: 0.90 GB
2025-03-09 23:55:49,971 - __main__ - INFO - GPU 0 Memory: 0.00 GB allocated, 0.00 GB reserved
2025-03-09 23:55:50,115 - __main__ - INFO - Starting client training for global round 4
2025-03-09 23:55:50,272 - __main__ - INFO - Average metrics - Train Loss: 1.9070, Train Acc: 0.5840, Val Acc: 0.5840, Test Acc: 0.6367
2025-03-09 23:55:50,272 - __main__ - INFO - Collecting client parameters for aggregation
2025-03-09 23:55:50,305 - __main__ - INFO - Completed global round 4
2025-03-09 23:55:50,411 - __main__ - INFO - Global model - Test Accuracy: 0.0000
2025-03-09 23:55:50,411 - __main__ - INFO - Round 5 - Avg Train Loss: 1.9070, Avg Train Acc: 0.5840, Avg Val Acc: 0.5840, Avg Test Acc: 0.6367, Global Test Acc: 0.0000
2025-03-09 23:55:50,535 - __main__ - INFO - Round 6/50
2025-03-09 23:55:50,535 - __main__ - INFO - CPU Memory Usage: 0.90 GB
2025-03-09 23:55:50,535 - __main__ - INFO - GPU 0 Memory: 0.00 GB allocated, 0.00 GB reserved
2025-03-09 23:55:50,646 - __main__ - INFO - Starting client training for global round 5
2025-03-09 23:55:50,795 - __main__ - INFO - Average metrics - Train Loss: 1.9033, Train Acc: 0.5414, Val Acc: 0.5414, Test Acc: 0.5791
2025-03-09 23:55:50,795 - __main__ - INFO - Collecting client parameters for aggregation
2025-03-09 23:55:50,825 - __main__ - INFO - Completed global round 5
2025-03-09 23:55:50,836 - __main__ - INFO - Global model - Test Accuracy: 0.0000
2025-03-09 23:55:50,836 - __main__ - INFO - Round 6 - Avg Train Loss: 1.9033, Avg Train Acc: 0.5414, Avg Val Acc: 0.5414, Avg Test Acc: 0.5791, Global Test Acc: 0.0000
2025-03-09 23:55:50,959 - __main__ - INFO - Round 7/50
2025-03-09 23:55:50,959 - __main__ - INFO - CPU Memory Usage: 0.90 GB
2025-03-09 23:55:50,959 - __main__ - INFO - GPU 0 Memory: 0.00 GB allocated, 0.00 GB reserved
2025-03-09 23:55:51,060 - __main__ - INFO - Starting client training for global round 6
2025-03-09 23:55:51,210 - __main__ - INFO - Average metrics - Train Loss: 1.9002, Train Acc: 0.4304, Val Acc: 0.4304, Test Acc: 0.4507
2025-03-09 23:55:51,210 - __main__ - INFO - Collecting client parameters for aggregation
2025-03-09 23:55:51,240 - __main__ - INFO - Completed global round 6
2025-03-09 23:55:51,251 - __main__ - INFO - Global model - Test Accuracy: 0.0000
2025-03-09 23:55:51,251 - __main__ - INFO - Round 7 - Avg Train Loss: 1.9002, Avg Train Acc: 0.4304, Avg Val Acc: 0.4304, Avg Test Acc: 0.4507, Global Test Acc: 0.0000
2025-03-09 23:55:51,373 - __main__ - INFO - Round 8/50
2025-03-09 23:55:51,373 - __main__ - INFO - CPU Memory Usage: 0.90 GB
2025-03-09 23:55:51,373 - __main__ - INFO - GPU 0 Memory: 0.00 GB allocated, 0.00 GB reserved
2025-03-09 23:55:51,486 - __main__ - INFO - Starting client training for global round 7
2025-03-09 23:55:51,634 - __main__ - INFO - Average metrics - Train Loss: 1.8972, Train Acc: 0.3684, Val Acc: 0.3684, Test Acc: 0.4086
2025-03-09 23:55:51,634 - __main__ - INFO - Collecting client parameters for aggregation
2025-03-09 23:55:51,664 - __main__ - INFO - Completed global round 7
2025-03-09 23:55:51,665 - __main__ - INFO - Global model - Test Accuracy: 0.0000
2025-03-09 23:55:51,665 - __main__ - INFO - Round 8 - Avg Train Loss: 1.8972, Avg Train Acc: 0.3684, Avg Val Acc: 0.3684, Avg Test Acc: 0.4086, Global Test Acc: 0.0000
2025-03-09 23:55:51,797 - __main__ - INFO - Round 9/50
2025-03-09 23:55:51,798 - __main__ - INFO - CPU Memory Usage: 0.90 GB
2025-03-09 23:55:51,798 - __main__ - INFO - GPU 0 Memory: 0.00 GB allocated, 0.00 GB reserved
2025-03-09 23:55:51,917 - __main__ - INFO - Starting client training for global round 8
2025-03-09 23:55:52,064 - __main__ - INFO - Average metrics - Train Loss: 1.8932, Train Acc: 0.3496, Val Acc: 0.3496, Test Acc: 0.3942
2025-03-09 23:55:52,065 - __main__ - INFO - Collecting client parameters for aggregation
2025-03-09 23:55:52,095 - __main__ - INFO - Completed global round 8
2025-03-09 23:55:52,100 - __main__ - INFO - Global model - Test Accuracy: 0.0000
2025-03-09 23:55:52,101 - __main__ - INFO - Round 9 - Avg Train Loss: 1.8932, Avg Train Acc: 0.3496, Avg Val Acc: 0.3496, Avg Test Acc: 0.3942, Global Test Acc: 0.0000
2025-03-09 23:55:52,221 - __main__ - INFO - Round 10/50
2025-03-09 23:55:52,221 - __main__ - INFO - CPU Memory Usage: 0.90 GB
2025-03-09 23:55:52,222 - __main__ - INFO - GPU 0 Memory: 0.00 GB allocated, 0.00 GB reserved
2025-03-09 23:55:52,323 - __main__ - INFO - Starting client training for global round 9
2025-03-09 23:55:52,477 - __main__ - INFO - Average metrics - Train Loss: 1.8894, Train Acc: 0.3387, Val Acc: 0.3387, Test Acc: 0.3847
2025-03-09 23:55:52,477 - __main__ - INFO - Collecting client parameters for aggregation
2025-03-09 23:55:52,506 - __main__ - INFO - Completed global round 9
2025-03-09 23:55:52,508 - __main__ - INFO - Global model - Test Accuracy: 0.0000
2025-03-09 23:55:52,508 - __main__ - INFO - Round 10 - Avg Train Loss: 1.8894, Avg Train Acc: 0.3387, Avg Val Acc: 0.3387, Avg Test Acc: 0.3847, Global Test Acc: 0.0000
2025-03-09 23:55:52,630 - __main__ - INFO - Round 11/50
2025-03-09 23:55:52,631 - __main__ - INFO - CPU Memory Usage: 0.90 GB
2025-03-09 23:55:52,632 - __main__ - INFO - GPU 0 Memory: 0.00 GB allocated, 0.00 GB reserved
2025-03-09 23:55:52,754 - __main__ - INFO - Starting client training for global round 10
2025-03-09 23:55:52,905 - __main__ - INFO - Average metrics - Train Loss: 1.8855, Train Acc: 0.3250, Val Acc: 0.3250, Test Acc: 0.3689
2025-03-09 23:55:52,905 - __main__ - INFO - Collecting client parameters for aggregation
2025-03-09 23:55:52,935 - __main__ - INFO - Completed global round 10
2025-03-09 23:55:52,939 - __main__ - INFO - Global model - Test Accuracy: 0.0000
2025-03-09 23:55:52,939 - __main__ - INFO - Round 11 - Avg Train Loss: 1.8855, Avg Train Acc: 0.3250, Avg Val Acc: 0.3250, Avg Test Acc: 0.3689, Global Test Acc: 0.0000
2025-03-09 23:55:53,061 - __main__ - INFO - Round 12/50
2025-03-09 23:55:53,062 - __main__ - INFO - CPU Memory Usage: 0.90 GB
2025-03-09 23:55:53,062 - __main__ - INFO - GPU 0 Memory: 0.00 GB allocated, 0.00 GB reserved
2025-03-09 23:55:53,162 - __main__ - INFO - Starting client training for global round 11
2025-03-09 23:55:53,311 - __main__ - INFO - Average metrics - Train Loss: 1.8822, Train Acc: 0.2904, Val Acc: 0.2904, Test Acc: 0.3464
2025-03-09 23:55:53,311 - __main__ - INFO - Collecting client parameters for aggregation
2025-03-09 23:55:53,342 - __main__ - INFO - Completed global round 11
2025-03-09 23:55:53,343 - __main__ - INFO - Global model - Test Accuracy: 0.0000
2025-03-09 23:55:53,344 - __main__ - INFO - Round 12 - Avg Train Loss: 1.8822, Avg Train Acc: 0.2904, Avg Val Acc: 0.2904, Avg Test Acc: 0.3464, Global Test Acc: 0.0000
2025-03-09 23:55:53,472 - __main__ - INFO - Round 13/50
2025-03-09 23:55:53,472 - __main__ - INFO - CPU Memory Usage: 0.90 GB
2025-03-09 23:55:53,472 - __main__ - INFO - GPU 0 Memory: 0.00 GB allocated, 0.00 GB reserved
2025-03-09 23:55:53,583 - __main__ - INFO - Starting client training for global round 12
2025-03-09 23:55:53,734 - __main__ - INFO - Average metrics - Train Loss: 1.8794, Train Acc: 0.2772, Val Acc: 0.2772, Test Acc: 0.3333
2025-03-09 23:55:53,734 - __main__ - INFO - Collecting client parameters for aggregation
2025-03-09 23:55:53,765 - __main__ - INFO - Completed global round 12
2025-03-09 23:55:53,766 - __main__ - INFO - Global model - Test Accuracy: 0.0000
2025-03-09 23:55:53,766 - __main__ - INFO - Round 13 - Avg Train Loss: 1.8794, Avg Train Acc: 0.2772, Avg Val Acc: 0.2772, Avg Test Acc: 0.3333, Global Test Acc: 0.0000
2025-03-09 23:55:53,891 - __main__ - INFO - Round 14/50
2025-03-09 23:55:53,891 - __main__ - INFO - CPU Memory Usage: 0.90 GB
2025-03-09 23:55:53,891 - __main__ - INFO - GPU 0 Memory: 0.00 GB allocated, 0.00 GB reserved
2025-03-09 23:55:53,999 - __main__ - INFO - Starting client training for global round 13
2025-03-09 23:55:54,148 - __main__ - INFO - Average metrics - Train Loss: 1.8771, Train Acc: 0.2779, Val Acc: 0.2779, Test Acc: 0.3282
2025-03-09 23:55:54,148 - __main__ - INFO - Collecting client parameters for aggregation
2025-03-09 23:55:54,179 - __main__ - INFO - Completed global round 13
2025-03-09 23:55:54,196 - __main__ - INFO - Global model - Test Accuracy: 0.0000
2025-03-09 23:55:54,197 - __main__ - INFO - Round 14 - Avg Train Loss: 1.8771, Avg Train Acc: 0.2779, Avg Val Acc: 0.2779, Avg Test Acc: 0.3282, Global Test Acc: 0.0000
2025-03-09 23:55:54,316 - __main__ - INFO - Round 15/50
2025-03-09 23:55:54,317 - __main__ - INFO - CPU Memory Usage: 0.90 GB
2025-03-09 23:55:54,317 - __main__ - INFO - GPU 0 Memory: 0.00 GB allocated, 0.00 GB reserved
2025-03-09 23:55:54,424 - __main__ - INFO - Starting client training for global round 14
2025-03-09 23:55:54,575 - __main__ - INFO - Average metrics - Train Loss: 1.8760, Train Acc: 0.2672, Val Acc: 0.2672, Test Acc: 0.3106
2025-03-09 23:55:54,575 - __main__ - INFO - Collecting client parameters for aggregation
2025-03-09 23:55:54,605 - __main__ - INFO - Completed global round 14
2025-03-09 23:55:54,607 - __main__ - INFO - Global model - Test Accuracy: 0.0065
2025-03-09 23:55:54,607 - __main__ - INFO - Round 15 - Avg Train Loss: 1.8760, Avg Train Acc: 0.2672, Avg Val Acc: 0.2672, Avg Test Acc: 0.3106, Global Test Acc: 0.0065
2025-03-09 23:55:54,728 - __main__ - INFO - Round 16/50
2025-03-09 23:55:54,729 - __main__ - INFO - CPU Memory Usage: 0.90 GB
2025-03-09 23:55:54,729 - __main__ - INFO - GPU 0 Memory: 0.00 GB allocated, 0.00 GB reserved
2025-03-09 23:55:54,837 - __main__ - INFO - Starting client training for global round 15
2025-03-09 23:55:54,985 - __main__ - INFO - Average metrics - Train Loss: 1.8739, Train Acc: 0.2867, Val Acc: 0.2867, Test Acc: 0.3157
2025-03-09 23:55:54,985 - __main__ - INFO - Collecting client parameters for aggregation
2025-03-09 23:55:55,015 - __main__ - INFO - Completed global round 15
2025-03-09 23:55:55,017 - __main__ - INFO - Global model - Test Accuracy: 0.0065
2025-03-09 23:55:55,017 - __main__ - INFO - Round 16 - Avg Train Loss: 1.8739, Avg Train Acc: 0.2867, Avg Val Acc: 0.2867, Avg Test Acc: 0.3157, Global Test Acc: 0.0065
2025-03-09 23:55:55,142 - __main__ - INFO - Round 17/50
2025-03-09 23:55:55,142 - __main__ - INFO - CPU Memory Usage: 0.90 GB
2025-03-09 23:55:55,143 - __main__ - INFO - GPU 0 Memory: 0.00 GB allocated, 0.00 GB reserved
2025-03-09 23:55:55,244 - __main__ - INFO - Starting client training for global round 16
2025-03-09 23:55:55,394 - __main__ - INFO - Average metrics - Train Loss: 1.8730, Train Acc: 0.2650, Val Acc: 0.2650, Test Acc: 0.3025
2025-03-09 23:55:55,394 - __main__ - INFO - Collecting client parameters for aggregation
2025-03-09 23:55:55,426 - __main__ - INFO - Completed global round 16
2025-03-09 23:55:55,428 - __main__ - INFO - Global model - Test Accuracy: 0.0065
2025-03-09 23:55:55,428 - __main__ - INFO - Round 17 - Avg Train Loss: 1.8730, Avg Train Acc: 0.2650, Avg Val Acc: 0.2650, Avg Test Acc: 0.3025, Global Test Acc: 0.0065
2025-03-09 23:55:55,550 - __main__ - INFO - Round 18/50
2025-03-09 23:55:55,551 - __main__ - INFO - CPU Memory Usage: 0.90 GB
2025-03-09 23:55:55,551 - __main__ - INFO - GPU 0 Memory: 0.00 GB allocated, 0.00 GB reserved
2025-03-09 23:55:55,655 - __main__ - INFO - Starting client training for global round 17
2025-03-09 23:55:55,805 - __main__ - INFO - Average metrics - Train Loss: 1.8682, Train Acc: 0.2807, Val Acc: 0.2807, Test Acc: 0.3053
2025-03-09 23:55:55,806 - __main__ - INFO - Collecting client parameters for aggregation
2025-03-09 23:55:55,836 - __main__ - INFO - Completed global round 17
2025-03-09 23:55:55,838 - __main__ - INFO - Global model - Test Accuracy: 0.0065
2025-03-09 23:55:55,838 - __main__ - INFO - Round 18 - Avg Train Loss: 1.8682, Avg Train Acc: 0.2807, Avg Val Acc: 0.2807, Avg Test Acc: 0.3053, Global Test Acc: 0.0065
2025-03-09 23:55:55,959 - __main__ - INFO - Round 19/50
2025-03-09 23:55:55,959 - __main__ - INFO - CPU Memory Usage: 0.90 GB
2025-03-09 23:55:55,959 - __main__ - INFO - GPU 0 Memory: 0.00 GB allocated, 0.00 GB reserved
2025-03-09 23:55:56,068 - __main__ - INFO - Starting client training for global round 18
2025-03-09 23:55:56,215 - __main__ - INFO - Average metrics - Train Loss: 1.8676, Train Acc: 0.2165, Val Acc: 0.2165, Test Acc: 0.2931
2025-03-09 23:55:56,215 - __main__ - INFO - Collecting client parameters for aggregation
2025-03-09 23:55:56,245 - __main__ - INFO - Completed global round 18
2025-03-09 23:55:56,247 - __main__ - INFO - Global model - Test Accuracy: 0.0129
2025-03-09 23:55:56,247 - __main__ - INFO - Round 19 - Avg Train Loss: 1.8676, Avg Train Acc: 0.2165, Avg Val Acc: 0.2165, Avg Test Acc: 0.2931, Global Test Acc: 0.0129
2025-03-09 23:55:56,371 - __main__ - INFO - Round 20/50
2025-03-09 23:55:56,371 - __main__ - INFO - CPU Memory Usage: 0.90 GB
2025-03-09 23:55:56,372 - __main__ - INFO - GPU 0 Memory: 0.00 GB allocated, 0.00 GB reserved
2025-03-09 23:55:56,479 - __main__ - INFO - Starting client training for global round 19
2025-03-09 23:55:56,631 - __main__ - INFO - Average metrics - Train Loss: 1.8661, Train Acc: 0.2226, Val Acc: 0.2226, Test Acc: 0.3089
2025-03-09 23:55:56,631 - __main__ - INFO - Collecting client parameters for aggregation
2025-03-09 23:55:56,661 - __main__ - INFO - Completed global round 19
2025-03-09 23:55:56,662 - __main__ - INFO - Global model - Test Accuracy: 0.0129
2025-03-09 23:55:56,663 - __main__ - INFO - Round 20 - Avg Train Loss: 1.8661, Avg Train Acc: 0.2226, Avg Val Acc: 0.2226, Avg Test Acc: 0.3089, Global Test Acc: 0.0129
2025-03-09 23:55:56,785 - __main__ - INFO - Round 21/50
2025-03-09 23:55:56,786 - __main__ - INFO - CPU Memory Usage: 0.90 GB
2025-03-09 23:55:56,786 - __main__ - INFO - GPU 0 Memory: 0.00 GB allocated, 0.00 GB reserved
2025-03-09 23:55:56,892 - __main__ - INFO - Starting client training for global round 20
2025-03-09 23:55:57,040 - __main__ - INFO - Average metrics - Train Loss: 1.8628, Train Acc: 0.2331, Val Acc: 0.2331, Test Acc: 0.2945
2025-03-09 23:55:57,041 - __main__ - INFO - Collecting client parameters for aggregation
2025-03-09 23:55:57,070 - __main__ - INFO - Completed global round 20
2025-03-09 23:55:57,103 - __main__ - INFO - Global model - Test Accuracy: 0.0129
2025-03-09 23:55:57,103 - __main__ - INFO - Round 21 - Avg Train Loss: 1.8628, Avg Train Acc: 0.2331, Avg Val Acc: 0.2331, Avg Test Acc: 0.2945, Global Test Acc: 0.0129
2025-03-09 23:55:57,229 - __main__ - INFO - Round 22/50
2025-03-09 23:55:57,229 - __main__ - INFO - CPU Memory Usage: 0.90 GB
2025-03-09 23:55:57,230 - __main__ - INFO - GPU 0 Memory: 0.00 GB allocated, 0.00 GB reserved
2025-03-09 23:55:57,334 - __main__ - INFO - Starting client training for global round 21
2025-03-09 23:55:57,484 - __main__ - INFO - Average metrics - Train Loss: 1.8584, Train Acc: 0.2513, Val Acc: 0.2513, Test Acc: 0.3065
2025-03-09 23:55:57,484 - __main__ - INFO - Collecting client parameters for aggregation
2025-03-09 23:55:57,514 - __main__ - INFO - Completed global round 21
2025-03-09 23:55:57,516 - __main__ - INFO - Global model - Test Accuracy: 0.0194
2025-03-09 23:55:57,516 - __main__ - INFO - Round 22 - Avg Train Loss: 1.8584, Avg Train Acc: 0.2513, Avg Val Acc: 0.2513, Avg Test Acc: 0.3065, Global Test Acc: 0.0194
2025-03-09 23:55:57,639 - __main__ - INFO - Round 23/50
2025-03-09 23:55:57,639 - __main__ - INFO - CPU Memory Usage: 0.90 GB
2025-03-09 23:55:57,640 - __main__ - INFO - GPU 0 Memory: 0.00 GB allocated, 0.00 GB reserved
2025-03-09 23:55:57,745 - __main__ - INFO - Starting client training for global round 22
2025-03-09 23:55:57,895 - __main__ - INFO - Average metrics - Train Loss: 1.8551, Train Acc: 0.2824, Val Acc: 0.2824, Test Acc: 0.3300
2025-03-09 23:55:57,895 - __main__ - INFO - Collecting client parameters for aggregation
2025-03-09 23:55:57,927 - __main__ - INFO - Completed global round 22
2025-03-09 23:55:57,978 - __main__ - INFO - Global model - Test Accuracy: 0.0194
2025-03-09 23:55:57,978 - __main__ - INFO - Round 23 - Avg Train Loss: 1.8551, Avg Train Acc: 0.2824, Avg Val Acc: 0.2824, Avg Test Acc: 0.3300, Global Test Acc: 0.0194
2025-03-09 23:55:58,101 - __main__ - INFO - Round 24/50
2025-03-09 23:55:58,102 - __main__ - INFO - CPU Memory Usage: 0.90 GB
2025-03-09 23:55:58,102 - __main__ - INFO - GPU 0 Memory: 0.00 GB allocated, 0.00 GB reserved
2025-03-09 23:55:58,208 - __main__ - INFO - Starting client training for global round 23
2025-03-09 23:55:58,358 - __main__ - INFO - Average metrics - Train Loss: 1.8495, Train Acc: 0.3019, Val Acc: 0.3019, Test Acc: 0.3263
2025-03-09 23:55:58,358 - __main__ - INFO - Collecting client parameters for aggregation
2025-03-09 23:55:58,390 - __main__ - INFO - Completed global round 23
2025-03-09 23:55:58,394 - __main__ - INFO - Global model - Test Accuracy: 0.0323
2025-03-09 23:55:58,394 - __main__ - INFO - Round 24 - Avg Train Loss: 1.8495, Avg Train Acc: 0.3019, Avg Val Acc: 0.3019, Avg Test Acc: 0.3263, Global Test Acc: 0.0323
2025-03-09 23:55:58,519 - __main__ - INFO - Round 25/50
2025-03-09 23:55:58,519 - __main__ - INFO - CPU Memory Usage: 0.90 GB
2025-03-09 23:55:58,519 - __main__ - INFO - GPU 0 Memory: 0.00 GB allocated, 0.00 GB reserved
2025-03-09 23:55:58,623 - __main__ - INFO - Starting client training for global round 24
2025-03-09 23:55:58,772 - __main__ - INFO - Average metrics - Train Loss: 1.8503, Train Acc: 0.2975, Val Acc: 0.2975, Test Acc: 0.3305
2025-03-09 23:55:58,772 - __main__ - INFO - Collecting client parameters for aggregation
2025-03-09 23:55:58,804 - __main__ - INFO - Completed global round 24
2025-03-09 23:55:58,806 - __main__ - INFO - Global model - Test Accuracy: 0.0452
2025-03-09 23:55:58,807 - __main__ - INFO - Round 25 - Avg Train Loss: 1.8503, Avg Train Acc: 0.2975, Avg Val Acc: 0.2975, Avg Test Acc: 0.3305, Global Test Acc: 0.0452
2025-03-09 23:55:58,929 - __main__ - INFO - Round 26/50
2025-03-09 23:55:58,930 - __main__ - INFO - CPU Memory Usage: 0.90 GB
2025-03-09 23:55:58,930 - __main__ - INFO - GPU 0 Memory: 0.00 GB allocated, 0.00 GB reserved
2025-03-09 23:55:59,041 - __main__ - INFO - Starting client training for global round 25
2025-03-09 23:55:59,191 - __main__ - INFO - Average metrics - Train Loss: 1.8525, Train Acc: 0.2878, Val Acc: 0.2878, Test Acc: 0.3177
2025-03-09 23:55:59,191 - __main__ - INFO - Collecting client parameters for aggregation
2025-03-09 23:55:59,221 - __main__ - INFO - Completed global round 25
2025-03-09 23:55:59,237 - __main__ - INFO - Global model - Test Accuracy: 0.1355
2025-03-09 23:55:59,238 - __main__ - INFO - Round 26 - Avg Train Loss: 1.8525, Avg Train Acc: 0.2878, Avg Val Acc: 0.2878, Avg Test Acc: 0.3177, Global Test Acc: 0.1355
2025-03-09 23:55:59,364 - __main__ - INFO - Round 27/50
2025-03-09 23:55:59,365 - __main__ - INFO - CPU Memory Usage: 0.90 GB
2025-03-09 23:55:59,365 - __main__ - INFO - GPU 0 Memory: 0.00 GB allocated, 0.00 GB reserved
2025-03-09 23:55:59,474 - __main__ - INFO - Starting client training for global round 26
2025-03-09 23:55:59,623 - __main__ - INFO - Average metrics - Train Loss: 1.8491, Train Acc: 0.3009, Val Acc: 0.3009, Test Acc: 0.3419
2025-03-09 23:55:59,623 - __main__ - INFO - Collecting client parameters for aggregation
2025-03-09 23:55:59,653 - __main__ - INFO - Completed global round 26
2025-03-09 23:55:59,661 - __main__ - INFO - Global model - Test Accuracy: 0.1935
2025-03-09 23:55:59,661 - __main__ - INFO - Round 27 - Avg Train Loss: 1.8491, Avg Train Acc: 0.3009, Avg Val Acc: 0.3009, Avg Test Acc: 0.3419, Global Test Acc: 0.1935
2025-03-09 23:55:59,783 - __main__ - INFO - Round 28/50
2025-03-09 23:55:59,783 - __main__ - INFO - CPU Memory Usage: 0.90 GB
2025-03-09 23:55:59,783 - __main__ - INFO - GPU 0 Memory: 0.00 GB allocated, 0.00 GB reserved
2025-03-09 23:55:59,891 - __main__ - INFO - Starting client training for global round 27
2025-03-09 23:56:00,048 - __main__ - INFO - Average metrics - Train Loss: 1.8494, Train Acc: 0.3090, Val Acc: 0.3090, Test Acc: 0.3456
2025-03-09 23:56:00,048 - __main__ - INFO - Collecting client parameters for aggregation
2025-03-09 23:56:00,079 - __main__ - INFO - Completed global round 27
2025-03-09 23:56:00,081 - __main__ - INFO - Global model - Test Accuracy: 0.2000
2025-03-09 23:56:00,081 - __main__ - INFO - Round 28 - Avg Train Loss: 1.8494, Avg Train Acc: 0.3090, Avg Val Acc: 0.3090, Avg Test Acc: 0.3456, Global Test Acc: 0.2000
2025-03-09 23:56:00,204 - __main__ - INFO - Round 29/50
2025-03-09 23:56:00,204 - __main__ - INFO - CPU Memory Usage: 0.90 GB
2025-03-09 23:56:00,205 - __main__ - INFO - GPU 0 Memory: 0.00 GB allocated, 0.00 GB reserved
2025-03-09 23:56:00,315 - __main__ - INFO - Starting client training for global round 28
2025-03-09 23:56:00,465 - __main__ - INFO - Average metrics - Train Loss: 1.8452, Train Acc: 0.3469, Val Acc: 0.3469, Test Acc: 0.3697
2025-03-09 23:56:00,466 - __main__ - INFO - Collecting client parameters for aggregation
2025-03-09 23:56:00,496 - __main__ - INFO - Completed global round 28
2025-03-09 23:56:00,498 - __main__ - INFO - Global model - Test Accuracy: 0.2387
2025-03-09 23:56:00,498 - __main__ - INFO - Round 29 - Avg Train Loss: 1.8452, Avg Train Acc: 0.3469, Avg Val Acc: 0.3469, Avg Test Acc: 0.3697, Global Test Acc: 0.2387
2025-03-09 23:56:00,622 - __main__ - INFO - Round 30/50
2025-03-09 23:56:00,622 - __main__ - INFO - CPU Memory Usage: 0.90 GB
2025-03-09 23:56:00,623 - __main__ - INFO - GPU 0 Memory: 0.00 GB allocated, 0.00 GB reserved
2025-03-09 23:56:00,728 - __main__ - INFO - Starting client training for global round 29
2025-03-09 23:56:00,876 - __main__ - INFO - Average metrics - Train Loss: 1.8371, Train Acc: 0.3519, Val Acc: 0.3519, Test Acc: 0.3751
2025-03-09 23:56:00,876 - __main__ - INFO - Collecting client parameters for aggregation
2025-03-09 23:56:00,908 - __main__ - INFO - Completed global round 29
2025-03-09 23:56:00,910 - __main__ - INFO - Global model - Test Accuracy: 0.2452
2025-03-09 23:56:00,910 - __main__ - INFO - Round 30 - Avg Train Loss: 1.8371, Avg Train Acc: 0.3519, Avg Val Acc: 0.3519, Avg Test Acc: 0.3751, Global Test Acc: 0.2452
2025-03-09 23:56:01,034 - __main__ - INFO - Round 31/50
2025-03-09 23:56:01,035 - __main__ - INFO - CPU Memory Usage: 0.90 GB
2025-03-09 23:56:01,035 - __main__ - INFO - GPU 0 Memory: 0.00 GB allocated, 0.00 GB reserved
2025-03-09 23:56:01,143 - __main__ - INFO - Starting client training for global round 30
2025-03-09 23:56:01,291 - __main__ - INFO - Average metrics - Train Loss: 1.8276, Train Acc: 0.3598, Val Acc: 0.3598, Test Acc: 0.3896
2025-03-09 23:56:01,291 - __main__ - INFO - Collecting client parameters for aggregation
2025-03-09 23:56:01,321 - __main__ - INFO - Completed global round 30
2025-03-09 23:56:01,323 - __main__ - INFO - Global model - Test Accuracy: 0.2387
2025-03-09 23:56:01,323 - __main__ - INFO - Round 31 - Avg Train Loss: 1.8276, Avg Train Acc: 0.3598, Avg Val Acc: 0.3598, Avg Test Acc: 0.3896, Global Test Acc: 0.2387
2025-03-09 23:56:01,453 - __main__ - INFO - Round 32/50
2025-03-09 23:56:01,454 - __main__ - INFO - CPU Memory Usage: 0.90 GB
2025-03-09 23:56:01,454 - __main__ - INFO - GPU 0 Memory: 0.00 GB allocated, 0.00 GB reserved
2025-03-09 23:56:01,565 - __main__ - INFO - Starting client training for global round 31
2025-03-09 23:56:01,714 - __main__ - INFO - Average metrics - Train Loss: 1.8251, Train Acc: 0.3502, Val Acc: 0.3502, Test Acc: 0.3909
2025-03-09 23:56:01,714 - __main__ - INFO - Collecting client parameters for aggregation
2025-03-09 23:56:01,746 - __main__ - INFO - Completed global round 31
2025-03-09 23:56:01,748 - __main__ - INFO - Global model - Test Accuracy: 0.2710
2025-03-09 23:56:01,748 - __main__ - INFO - Round 32 - Avg Train Loss: 1.8251, Avg Train Acc: 0.3502, Avg Val Acc: 0.3502, Avg Test Acc: 0.3909, Global Test Acc: 0.2710
2025-03-09 23:56:01,874 - __main__ - INFO - Round 33/50
2025-03-09 23:56:01,874 - __main__ - INFO - CPU Memory Usage: 0.90 GB
2025-03-09 23:56:01,875 - __main__ - INFO - GPU 0 Memory: 0.00 GB allocated, 0.00 GB reserved
2025-03-09 23:56:01,979 - __main__ - INFO - Starting client training for global round 32
2025-03-09 23:56:02,129 - __main__ - INFO - Average metrics - Train Loss: 1.8241, Train Acc: 0.3546, Val Acc: 0.3546, Test Acc: 0.3989
2025-03-09 23:56:02,129 - __main__ - INFO - Collecting client parameters for aggregation
2025-03-09 23:56:02,159 - __main__ - INFO - Completed global round 32
2025-03-09 23:56:02,161 - __main__ - INFO - Global model - Test Accuracy: 0.3677
2025-03-09 23:56:02,161 - __main__ - INFO - Round 33 - Avg Train Loss: 1.8241, Avg Train Acc: 0.3546, Avg Val Acc: 0.3546, Avg Test Acc: 0.3989, Global Test Acc: 0.3677
2025-03-09 23:56:02,284 - __main__ - INFO - Round 34/50
2025-03-09 23:56:02,284 - __main__ - INFO - CPU Memory Usage: 0.91 GB
2025-03-09 23:56:02,284 - __main__ - INFO - GPU 0 Memory: 0.00 GB allocated, 0.00 GB reserved
2025-03-09 23:56:02,396 - __main__ - INFO - Starting client training for global round 33
2025-03-09 23:56:02,543 - __main__ - INFO - Average metrics - Train Loss: 1.8309, Train Acc: 0.3534, Val Acc: 0.3534, Test Acc: 0.3963
2025-03-09 23:56:02,544 - __main__ - INFO - Collecting client parameters for aggregation
2025-03-09 23:56:02,576 - __main__ - INFO - Completed global round 33
2025-03-09 23:56:02,584 - __main__ - INFO - Global model - Test Accuracy: 0.4129
2025-03-09 23:56:02,584 - __main__ - INFO - Round 34 - Avg Train Loss: 1.8309, Avg Train Acc: 0.3534, Avg Val Acc: 0.3534, Avg Test Acc: 0.3963, Global Test Acc: 0.4129
2025-03-09 23:56:02,715 - __main__ - INFO - Round 35/50
2025-03-09 23:56:02,716 - __main__ - INFO - CPU Memory Usage: 0.91 GB
2025-03-09 23:56:02,716 - __main__ - INFO - GPU 0 Memory: 0.00 GB allocated, 0.00 GB reserved
2025-03-09 23:56:02,822 - __main__ - INFO - Starting client training for global round 34
2025-03-09 23:56:02,975 - __main__ - INFO - Average metrics - Train Loss: 1.8323, Train Acc: 0.3408, Val Acc: 0.3408, Test Acc: 0.3814
2025-03-09 23:56:02,975 - __main__ - INFO - Collecting client parameters for aggregation
2025-03-09 23:56:03,006 - __main__ - INFO - Completed global round 34
2025-03-09 23:56:03,008 - __main__ - INFO - Global model - Test Accuracy: 0.4258
2025-03-09 23:56:03,008 - __main__ - INFO - Round 35 - Avg Train Loss: 1.8323, Avg Train Acc: 0.3408, Avg Val Acc: 0.3408, Avg Test Acc: 0.3814, Global Test Acc: 0.4258
2025-03-09 23:56:03,139 - __main__ - INFO - Round 36/50
2025-03-09 23:56:03,139 - __main__ - INFO - CPU Memory Usage: 0.91 GB
2025-03-09 23:56:03,140 - __main__ - INFO - GPU 0 Memory: 0.00 GB allocated, 0.00 GB reserved
2025-03-09 23:56:03,256 - __main__ - INFO - Starting client training for global round 35
2025-03-09 23:56:03,406 - __main__ - INFO - Average metrics - Train Loss: 1.8259, Train Acc: 0.3517, Val Acc: 0.3517, Test Acc: 0.3721
2025-03-09 23:56:03,406 - __main__ - INFO - Collecting client parameters for aggregation
2025-03-09 23:56:03,438 - __main__ - INFO - Completed global round 35
2025-03-09 23:56:03,442 - __main__ - INFO - Global model - Test Accuracy: 0.4194
2025-03-09 23:56:03,442 - __main__ - INFO - Round 36 - Avg Train Loss: 1.8259, Avg Train Acc: 0.3517, Avg Val Acc: 0.3517, Avg Test Acc: 0.3721, Global Test Acc: 0.4194
2025-03-09 23:56:03,569 - __main__ - INFO - Round 37/50
2025-03-09 23:56:03,569 - __main__ - INFO - CPU Memory Usage: 0.91 GB
2025-03-09 23:56:03,570 - __main__ - INFO - GPU 0 Memory: 0.00 GB allocated, 0.00 GB reserved
2025-03-09 23:56:03,680 - __main__ - INFO - Starting client training for global round 36
2025-03-09 23:56:03,829 - __main__ - INFO - Average metrics - Train Loss: 1.8335, Train Acc: 0.3660, Val Acc: 0.3660, Test Acc: 0.3834
2025-03-09 23:56:03,829 - __main__ - INFO - Collecting client parameters for aggregation
2025-03-09 23:56:03,861 - __main__ - INFO - Completed global round 36
2025-03-09 23:56:03,863 - __main__ - INFO - Global model - Test Accuracy: 0.4387
2025-03-09 23:56:03,863 - __main__ - INFO - Round 37 - Avg Train Loss: 1.8335, Avg Train Acc: 0.3660, Avg Val Acc: 0.3660, Avg Test Acc: 0.3834, Global Test Acc: 0.4387
2025-03-09 23:56:03,989 - __main__ - INFO - Round 38/50
2025-03-09 23:56:03,989 - __main__ - INFO - CPU Memory Usage: 0.91 GB
2025-03-09 23:56:03,990 - __main__ - INFO - GPU 0 Memory: 0.00 GB allocated, 0.00 GB reserved
2025-03-09 23:56:04,098 - __main__ - INFO - Starting client training for global round 37
2025-03-09 23:56:04,247 - __main__ - INFO - Average metrics - Train Loss: 1.8335, Train Acc: 0.3806, Val Acc: 0.3806, Test Acc: 0.3893
2025-03-09 23:56:04,247 - __main__ - INFO - Collecting client parameters for aggregation
2025-03-09 23:56:04,278 - __main__ - INFO - Completed global round 37
2025-03-09 23:56:04,279 - __main__ - INFO - Global model - Test Accuracy: 0.4452
2025-03-09 23:56:04,280 - __main__ - INFO - Round 38 - Avg Train Loss: 1.8335, Avg Train Acc: 0.3806, Avg Val Acc: 0.3806, Avg Test Acc: 0.3893, Global Test Acc: 0.4452
2025-03-09 23:56:04,404 - __main__ - INFO - Round 39/50
2025-03-09 23:56:04,404 - __main__ - INFO - CPU Memory Usage: 0.91 GB
2025-03-09 23:56:04,404 - __main__ - INFO - GPU 0 Memory: 0.00 GB allocated, 0.00 GB reserved
2025-03-09 23:56:04,519 - __main__ - INFO - Starting client training for global round 38
2025-03-09 23:56:04,669 - __main__ - INFO - Average metrics - Train Loss: 1.8504, Train Acc: 0.3605, Val Acc: 0.3605, Test Acc: 0.3578
2025-03-09 23:56:04,669 - __main__ - INFO - Collecting client parameters for aggregation
2025-03-09 23:56:04,699 - __main__ - INFO - Completed global round 38
2025-03-09 23:56:04,701 - __main__ - INFO - Global model - Test Accuracy: 0.4387
2025-03-09 23:56:04,701 - __main__ - INFO - Round 39 - Avg Train Loss: 1.8504, Avg Train Acc: 0.3605, Avg Val Acc: 0.3605, Avg Test Acc: 0.3578, Global Test Acc: 0.4387
2025-03-09 23:56:04,828 - __main__ - INFO - Round 40/50
2025-03-09 23:56:04,829 - __main__ - INFO - CPU Memory Usage: 0.91 GB
2025-03-09 23:56:04,829 - __main__ - INFO - GPU 0 Memory: 0.00 GB allocated, 0.00 GB reserved
2025-03-09 23:56:04,935 - __main__ - INFO - Starting client training for global round 39
2025-03-09 23:56:05,084 - __main__ - INFO - Average metrics - Train Loss: 1.8513, Train Acc: 0.3547, Val Acc: 0.3547, Test Acc: 0.3440
2025-03-09 23:56:05,084 - __main__ - INFO - Collecting client parameters for aggregation
2025-03-09 23:56:05,117 - __main__ - INFO - Completed global round 39
2025-03-09 23:56:05,121 - __main__ - INFO - Global model - Test Accuracy: 0.4323
2025-03-09 23:56:05,121 - __main__ - INFO - Round 40 - Avg Train Loss: 1.8513, Avg Train Acc: 0.3547, Avg Val Acc: 0.3547, Avg Test Acc: 0.3440, Global Test Acc: 0.4323
2025-03-09 23:56:05,244 - __main__ - INFO - Round 41/50
2025-03-09 23:56:05,244 - __main__ - INFO - CPU Memory Usage: 0.91 GB
2025-03-09 23:56:05,244 - __main__ - INFO - GPU 0 Memory: 0.00 GB allocated, 0.00 GB reserved
2025-03-09 23:56:05,348 - __main__ - INFO - Starting client training for global round 40
2025-03-09 23:56:05,500 - __main__ - INFO - Average metrics - Train Loss: 1.8243, Train Acc: 0.3585, Val Acc: 0.3585, Test Acc: 0.3484
2025-03-09 23:56:05,500 - __main__ - INFO - Collecting client parameters for aggregation
2025-03-09 23:56:05,531 - __main__ - INFO - Completed global round 40
2025-03-09 23:56:05,532 - __main__ - INFO - Global model - Test Accuracy: 0.4710
2025-03-09 23:56:05,533 - __main__ - INFO - Round 41 - Avg Train Loss: 1.8243, Avg Train Acc: 0.3585, Avg Val Acc: 0.3585, Avg Test Acc: 0.3484, Global Test Acc: 0.4710
2025-03-09 23:56:05,658 - __main__ - INFO - Round 42/50
2025-03-09 23:56:05,658 - __main__ - INFO - CPU Memory Usage: 0.91 GB
2025-03-09 23:56:05,659 - __main__ - INFO - GPU 0 Memory: 0.00 GB allocated, 0.00 GB reserved
2025-03-09 23:56:05,770 - __main__ - INFO - Starting client training for global round 41
2025-03-09 23:56:05,921 - __main__ - INFO - Average metrics - Train Loss: 1.7979, Train Acc: 0.3751, Val Acc: 0.3751, Test Acc: 0.3647
2025-03-09 23:56:05,922 - __main__ - INFO - Collecting client parameters for aggregation
2025-03-09 23:56:05,959 - __main__ - INFO - Completed global round 41
2025-03-09 23:56:06,022 - __main__ - INFO - Global model - Test Accuracy: 0.4581
2025-03-09 23:56:06,022 - __main__ - INFO - Round 42 - Avg Train Loss: 1.7979, Avg Train Acc: 0.3751, Avg Val Acc: 0.3751, Avg Test Acc: 0.3647, Global Test Acc: 0.4581
2025-03-09 23:56:06,151 - __main__ - INFO - Round 43/50
2025-03-09 23:56:06,151 - __main__ - INFO - CPU Memory Usage: 0.91 GB
2025-03-09 23:56:06,152 - __main__ - INFO - GPU 0 Memory: 0.00 GB allocated, 0.00 GB reserved
2025-03-09 23:56:06,259 - __main__ - INFO - Starting client training for global round 42
2025-03-09 23:56:06,409 - __main__ - INFO - Average metrics - Train Loss: 1.8123, Train Acc: 0.3826, Val Acc: 0.3826, Test Acc: 0.3757
2025-03-09 23:56:06,409 - __main__ - INFO - Collecting client parameters for aggregation
2025-03-09 23:56:06,441 - __main__ - INFO - Completed global round 42
2025-03-09 23:56:06,445 - __main__ - INFO - Global model - Test Accuracy: 0.4516
2025-03-09 23:56:06,445 - __main__ - INFO - Round 43 - Avg Train Loss: 1.8123, Avg Train Acc: 0.3826, Avg Val Acc: 0.3826, Avg Test Acc: 0.3757, Global Test Acc: 0.4516
2025-03-09 23:56:06,569 - __main__ - INFO - Round 44/50
2025-03-09 23:56:06,570 - __main__ - INFO - CPU Memory Usage: 0.91 GB
2025-03-09 23:56:06,570 - __main__ - INFO - GPU 0 Memory: 0.00 GB allocated, 0.00 GB reserved
2025-03-09 23:56:06,683 - __main__ - INFO - Starting client training for global round 43
2025-03-09 23:56:06,833 - __main__ - INFO - Average metrics - Train Loss: 1.8386, Train Acc: 0.3659, Val Acc: 0.3659, Test Acc: 0.3613
2025-03-09 23:56:06,833 - __main__ - INFO - Collecting client parameters for aggregation
2025-03-09 23:56:06,864 - __main__ - INFO - Completed global round 43
2025-03-09 23:56:06,882 - __main__ - INFO - Global model - Test Accuracy: 0.4516
2025-03-09 23:56:06,882 - __main__ - INFO - Round 44 - Avg Train Loss: 1.8386, Avg Train Acc: 0.3659, Avg Val Acc: 0.3659, Avg Test Acc: 0.3613, Global Test Acc: 0.4516
2025-03-09 23:56:07,003 - __main__ - INFO - Round 45/50
2025-03-09 23:56:07,004 - __main__ - INFO - CPU Memory Usage: 0.91 GB
2025-03-09 23:56:07,004 - __main__ - INFO - GPU 0 Memory: 0.00 GB allocated, 0.00 GB reserved
2025-03-09 23:56:07,105 - __main__ - INFO - Starting client training for global round 44
2025-03-09 23:56:07,253 - __main__ - INFO - Average metrics - Train Loss: 1.8535, Train Acc: 0.3683, Val Acc: 0.3683, Test Acc: 0.3565
2025-03-09 23:56:07,254 - __main__ - INFO - Collecting client parameters for aggregation
2025-03-09 23:56:07,283 - __main__ - INFO - Completed global round 44
2025-03-09 23:56:07,285 - __main__ - INFO - Global model - Test Accuracy: 0.4968
2025-03-09 23:56:07,285 - __main__ - INFO - Round 45 - Avg Train Loss: 1.8535, Avg Train Acc: 0.3683, Avg Val Acc: 0.3683, Avg Test Acc: 0.3565, Global Test Acc: 0.4968
2025-03-09 23:56:07,410 - __main__ - INFO - Round 46/50
2025-03-09 23:56:07,410 - __main__ - INFO - CPU Memory Usage: 0.91 GB
2025-03-09 23:56:07,410 - __main__ - INFO - GPU 0 Memory: 0.00 GB allocated, 0.00 GB reserved
2025-03-09 23:56:07,523 - __main__ - INFO - Starting client training for global round 45
2025-03-09 23:56:07,673 - __main__ - INFO - Average metrics - Train Loss: 1.8403, Train Acc: 0.3727, Val Acc: 0.3727, Test Acc: 0.3652
2025-03-09 23:56:07,673 - __main__ - INFO - Collecting client parameters for aggregation
2025-03-09 23:56:07,703 - __main__ - INFO - Completed global round 45
2025-03-09 23:56:07,705 - __main__ - INFO - Global model - Test Accuracy: 0.4323
2025-03-09 23:56:07,705 - __main__ - INFO - Round 46 - Avg Train Loss: 1.8403, Avg Train Acc: 0.3727, Avg Val Acc: 0.3727, Avg Test Acc: 0.3652, Global Test Acc: 0.4323
2025-03-09 23:56:07,831 - __main__ - INFO - Round 47/50
2025-03-09 23:56:07,832 - __main__ - INFO - CPU Memory Usage: 0.91 GB
2025-03-09 23:56:07,832 - __main__ - INFO - GPU 0 Memory: 0.00 GB allocated, 0.00 GB reserved
2025-03-09 23:56:07,941 - __main__ - INFO - Starting client training for global round 46
2025-03-09 23:56:08,089 - __main__ - INFO - Average metrics - Train Loss: 1.8687, Train Acc: 0.3595, Val Acc: 0.3595, Test Acc: 0.3538
2025-03-09 23:56:08,089 - __main__ - INFO - Collecting client parameters for aggregation
2025-03-09 23:56:08,122 - __main__ - INFO - Completed global round 46
2025-03-09 23:56:08,124 - __main__ - INFO - Global model - Test Accuracy: 0.4516
2025-03-09 23:56:08,124 - __main__ - INFO - Round 47 - Avg Train Loss: 1.8687, Avg Train Acc: 0.3595, Avg Val Acc: 0.3595, Avg Test Acc: 0.3538, Global Test Acc: 0.4516
2025-03-09 23:56:08,259 - __main__ - INFO - Round 48/50
2025-03-09 23:56:08,260 - __main__ - INFO - CPU Memory Usage: 0.91 GB
2025-03-09 23:56:08,260 - __main__ - INFO - GPU 0 Memory: 0.00 GB allocated, 0.00 GB reserved
2025-03-09 23:56:08,379 - __main__ - INFO - Starting client training for global round 47
2025-03-09 23:56:08,531 - __main__ - INFO - Average metrics - Train Loss: 1.9570, Train Acc: 0.3354, Val Acc: 0.3354, Test Acc: 0.3320
2025-03-09 23:56:08,531 - __main__ - INFO - Collecting client parameters for aggregation
2025-03-09 23:56:08,562 - __main__ - INFO - Completed global round 47
2025-03-09 23:56:08,570 - __main__ - INFO - Global model - Test Accuracy: 0.4774
2025-03-09 23:56:08,570 - __main__ - INFO - Round 48 - Avg Train Loss: 1.9570, Avg Train Acc: 0.3354, Avg Val Acc: 0.3354, Avg Test Acc: 0.3320, Global Test Acc: 0.4774
2025-03-09 23:56:08,699 - __main__ - INFO - Round 49/50
2025-03-09 23:56:08,699 - __main__ - INFO - CPU Memory Usage: 0.91 GB
2025-03-09 23:56:08,700 - __main__ - INFO - GPU 0 Memory: 0.00 GB allocated, 0.00 GB reserved
2025-03-09 23:56:08,811 - __main__ - INFO - Starting client training for global round 48
2025-03-09 23:56:08,960 - __main__ - INFO - Average metrics - Train Loss: 1.9552, Train Acc: 0.3398, Val Acc: 0.3398, Test Acc: 0.3503
2025-03-09 23:56:08,960 - __main__ - INFO - Collecting client parameters for aggregation
2025-03-09 23:56:08,990 - __main__ - INFO - Completed global round 48
2025-03-09 23:56:09,004 - __main__ - INFO - Global model - Test Accuracy: 0.4710
2025-03-09 23:56:09,004 - __main__ - INFO - Round 49 - Avg Train Loss: 1.9552, Avg Train Acc: 0.3398, Avg Val Acc: 0.3398, Avg Test Acc: 0.3503, Global Test Acc: 0.4710
2025-03-09 23:56:09,125 - __main__ - INFO - Round 50/50
2025-03-09 23:56:09,125 - __main__ - INFO - CPU Memory Usage: 0.91 GB
2025-03-09 23:56:09,125 - __main__ - INFO - GPU 0 Memory: 0.00 GB allocated, 0.00 GB reserved
2025-03-09 23:56:09,226 - __main__ - INFO - Starting client training for global round 49
2025-03-09 23:56:09,375 - __main__ - INFO - Average metrics - Train Loss: 1.9359, Train Acc: 0.3394, Val Acc: 0.3394, Test Acc: 0.3513
2025-03-09 23:56:09,375 - __main__ - INFO - Collecting client parameters for aggregation
2025-03-09 23:56:09,405 - __main__ - INFO - Completed global round 49
2025-03-09 23:56:09,406 - __main__ - INFO - Global model - Test Accuracy: 0.4645
2025-03-09 23:56:09,407 - __main__ - INFO - Round 50 - Avg Train Loss: 1.9359, Avg Train Acc: 0.3394, Avg Val Acc: 0.3394, Avg Test Acc: 0.3513, Global Test Acc: 0.4645
2025-03-09 23:56:09,549 - __main__ - INFO - Results saved to JSON: results/results_20250309_235324/Cora_propagation_auto/results_Cora_propagation_auto_20250309_235609.json
2025-03-09 23:56:09,549 - __main__ - INFO - Text results saved to: results/results_20250309_235324/Cora_propagation_auto/results_Cora_propagation_auto_20250309_235609.txt
2025-03-09 23:56:09,553 - __main__ - INFO - Rounds data saved to: results/results_20250309_235324/Cora_propagation_auto/rounds_Cora_propagation_auto_20250309_235609.csv
2025-03-09 23:56:09,555 - __main__ - INFO - Summary data saved to: results/results_20250309_235324/Cora_propagation_auto/summary_Cora_propagation_auto_20250309_235609.csv
2025-03-09 23:56:09,557 - __main__ - INFO - Results arrays saved to: results/results_20250309_235324/Cora_propagation_auto/results_arrays_Cora_propagation_auto_20250309_235609.csv
2025-03-09 23:56:09,557 - __main__ - INFO - Training completed successfully
