2025-03-10 00:08:18,302 - __main__ - INFO - Starting enhanced federated learning with Cora dataset
2025-03-10 00:08:18,303 - __main__ - INFO - Random seed set to 42
2025-03-10 00:08:20,216 - __main__ - INFO - Ray initialized successfully
2025-03-10 00:08:20,216 - __main__ - INFO - Using CPU
2025-03-10 00:08:20,364 - __main__ - INFO - CPU Memory Usage: 0.66 GB
2025-03-10 00:08:20,412 - __main__ - INFO - GPU 0 Memory: 0.00 GB allocated, 0.00 GB reserved
2025-03-10 00:08:20,412 - __main__ - INFO - Loading dataset: Cora
2025-03-10 00:08:20,488 - __main__ - INFO - Dataset: Cora
2025-03-10 00:08:20,488 - __main__ - INFO - Number of nodes: 2708
2025-03-10 00:08:20,489 - __main__ - INFO - Number of features: 1433
2025-03-10 00:08:20,491 - __main__ - INFO - Number of classes: 7
2025-03-10 00:08:20,491 - __main__ - INFO - Number of edges: 10556
2025-03-10 00:08:20,492 - __main__ - INFO - CPU Memory Usage: 0.83 GB
2025-03-10 00:08:20,492 - __main__ - INFO - GPU 0 Memory: 0.00 GB allocated, 0.00 GB reserved
2025-03-10 00:08:20,493 - __main__ - INFO - Using standard GCN model for cora
2025-03-10 00:08:20,523 - __main__ - INFO - Global model type: GCN
2025-03-10 00:08:20,524 - __main__ - INFO - Total model parameters: 23063
2025-03-10 00:08:20,524 - __main__ - INFO - Training for 50 rounds with 3 local epochs per round
2025-03-10 00:08:20,525 - __main__ - INFO - Initializing 10 clients with 2 epochs per round
2025-03-10 00:08:20,683 - __main__ - INFO - Initialized 10 clients
2025-03-10 00:08:20,685 - __main__ - INFO - Starting federated training for 50 rounds
2025-03-10 00:08:20,686 - __main__ - INFO - Round 1/50
2025-03-10 00:08:20,686 - __main__ - INFO - CPU Memory Usage: 0.93 GB
2025-03-10 00:08:20,686 - __main__ - INFO - GPU 0 Memory: 0.00 GB allocated, 0.00 GB reserved
2025-03-10 00:08:20,860 - __main__ - INFO - Starting client training for global round 0
2025-03-10 00:08:24,076 - __main__ - INFO - Average metrics - Train Loss: 1.9167, Train Acc: 0.4776, Val Acc: 0.4776, Test Acc: 0.4350
2025-03-10 00:08:24,076 - __main__ - INFO - Collecting client parameters for aggregation
2025-03-10 00:08:24,105 - __main__ - ERROR - Error in parameter aggregation: Error(s) in loading state_dict for GCN:
	Missing key(s) in state_dict: "convs.1.bias", "convs.1.lin.weight". 
	Unexpected key(s) in state_dict: "bns.0.module.weight", "bns.0.module.bias", "bns.0.module.running_mean", "bns.0.module.running_var", "bns.0.module.num_batches_tracked", "conv_out.bias", "conv_out.lin.weight". 
2025-03-10 00:08:24,107 - __main__ - ERROR - Traceback (most recent call last):
  File "/home/brian_bosho/FP/FP/src/run_enhanced.py", line 626, in run_federated_learning
    server_model.load_state_dict(avg_state_dict)
  File "/home/brian_bosho/miniconda3/lib/python3.12/site-packages/torch/nn/modules/module.py", line 2584, in load_state_dict
    raise RuntimeError(
RuntimeError: Error(s) in loading state_dict for GCN:
	Missing key(s) in state_dict: "convs.1.bias", "convs.1.lin.weight". 
	Unexpected key(s) in state_dict: "bns.0.module.weight", "bns.0.module.bias", "bns.0.module.running_mean", "bns.0.module.running_var", "bns.0.module.num_batches_tracked", "conv_out.bias", "conv_out.lin.weight". 

2025-03-10 00:08:24,109 - __main__ - INFO - Global model - Test Accuracy: 0.2353
2025-03-10 00:08:24,110 - __main__ - INFO - Round 1 - Avg Train Loss: 1.9167, Avg Train Acc: 0.4776, Avg Val Acc: 0.4776, Avg Test Acc: 0.4350, Global Test Acc: 0.2353
2025-03-10 00:08:24,233 - __main__ - INFO - Round 2/50
2025-03-10 00:08:24,234 - __main__ - INFO - CPU Memory Usage: 0.93 GB
2025-03-10 00:08:24,234 - __main__ - INFO - GPU 0 Memory: 0.00 GB allocated, 0.00 GB reserved
2025-03-10 00:08:24,338 - __main__ - INFO - Starting client training for global round 1
2025-03-10 00:08:24,584 - __main__ - INFO - Average metrics - Train Loss: 1.8867, Train Acc: 0.4651, Val Acc: 0.4651, Test Acc: 0.4319
2025-03-10 00:08:24,584 - __main__ - INFO - Collecting client parameters for aggregation
2025-03-10 00:08:24,608 - __main__ - ERROR - Error in parameter aggregation: Error(s) in loading state_dict for GCN:
	Missing key(s) in state_dict: "convs.1.bias", "convs.1.lin.weight". 
	Unexpected key(s) in state_dict: "bns.0.module.weight", "bns.0.module.bias", "bns.0.module.running_mean", "bns.0.module.running_var", "bns.0.module.num_batches_tracked", "conv_out.bias", "conv_out.lin.weight". 
2025-03-10 00:08:24,609 - __main__ - ERROR - Traceback (most recent call last):
  File "/home/brian_bosho/FP/FP/src/run_enhanced.py", line 626, in run_federated_learning
    server_model.load_state_dict(avg_state_dict)
  File "/home/brian_bosho/miniconda3/lib/python3.12/site-packages/torch/nn/modules/module.py", line 2584, in load_state_dict
    raise RuntimeError(
RuntimeError: Error(s) in loading state_dict for GCN:
	Missing key(s) in state_dict: "convs.1.bias", "convs.1.lin.weight". 
	Unexpected key(s) in state_dict: "bns.0.module.weight", "bns.0.module.bias", "bns.0.module.running_mean", "bns.0.module.running_var", "bns.0.module.num_batches_tracked", "conv_out.bias", "conv_out.lin.weight". 

2025-03-10 00:08:24,610 - __main__ - INFO - Global model - Test Accuracy: 0.2353
2025-03-10 00:08:24,610 - __main__ - INFO - Round 2 - Avg Train Loss: 1.8867, Avg Train Acc: 0.4651, Avg Val Acc: 0.4651, Avg Test Acc: 0.4319, Global Test Acc: 0.2353
2025-03-10 00:08:24,737 - __main__ - INFO - Round 3/50
2025-03-10 00:08:24,738 - __main__ - INFO - CPU Memory Usage: 0.93 GB
2025-03-10 00:08:24,738 - __main__ - INFO - GPU 0 Memory: 0.00 GB allocated, 0.00 GB reserved
2025-03-10 00:08:24,845 - __main__ - INFO - Starting client training for global round 2
2025-03-10 00:08:25,089 - __main__ - INFO - Average metrics - Train Loss: 1.8539, Train Acc: 0.4758, Val Acc: 0.4758, Test Acc: 0.4550
2025-03-10 00:08:25,090 - __main__ - INFO - Collecting client parameters for aggregation
2025-03-10 00:08:25,115 - __main__ - ERROR - Error in parameter aggregation: Error(s) in loading state_dict for GCN:
	Missing key(s) in state_dict: "convs.1.bias", "convs.1.lin.weight". 
	Unexpected key(s) in state_dict: "bns.0.module.weight", "bns.0.module.bias", "bns.0.module.running_mean", "bns.0.module.running_var", "bns.0.module.num_batches_tracked", "conv_out.bias", "conv_out.lin.weight". 
2025-03-10 00:08:25,116 - __main__ - ERROR - Traceback (most recent call last):
  File "/home/brian_bosho/FP/FP/src/run_enhanced.py", line 626, in run_federated_learning
    server_model.load_state_dict(avg_state_dict)
  File "/home/brian_bosho/miniconda3/lib/python3.12/site-packages/torch/nn/modules/module.py", line 2584, in load_state_dict
    raise RuntimeError(
RuntimeError: Error(s) in loading state_dict for GCN:
	Missing key(s) in state_dict: "convs.1.bias", "convs.1.lin.weight". 
	Unexpected key(s) in state_dict: "bns.0.module.weight", "bns.0.module.bias", "bns.0.module.running_mean", "bns.0.module.running_var", "bns.0.module.num_batches_tracked", "conv_out.bias", "conv_out.lin.weight". 

2025-03-10 00:08:25,117 - __main__ - INFO - Global model - Test Accuracy: 0.2059
2025-03-10 00:08:25,117 - __main__ - INFO - Round 3 - Avg Train Loss: 1.8539, Avg Train Acc: 0.4758, Avg Val Acc: 0.4758, Avg Test Acc: 0.4550, Global Test Acc: 0.2059
2025-03-10 00:08:25,248 - __main__ - INFO - Round 4/50
2025-03-10 00:08:25,249 - __main__ - INFO - CPU Memory Usage: 0.93 GB
2025-03-10 00:08:25,249 - __main__ - INFO - GPU 0 Memory: 0.00 GB allocated, 0.00 GB reserved
2025-03-10 00:08:25,360 - __main__ - INFO - Starting client training for global round 3
2025-03-10 00:08:25,599 - __main__ - INFO - Average metrics - Train Loss: 1.8246, Train Acc: 0.4671, Val Acc: 0.4671, Test Acc: 0.4551
2025-03-10 00:08:25,599 - __main__ - INFO - Collecting client parameters for aggregation
2025-03-10 00:08:25,624 - __main__ - ERROR - Error in parameter aggregation: Error(s) in loading state_dict for GCN:
	Missing key(s) in state_dict: "convs.1.bias", "convs.1.lin.weight". 
	Unexpected key(s) in state_dict: "bns.0.module.weight", "bns.0.module.bias", "bns.0.module.running_mean", "bns.0.module.running_var", "bns.0.module.num_batches_tracked", "conv_out.bias", "conv_out.lin.weight". 
2025-03-10 00:08:25,624 - __main__ - ERROR - Traceback (most recent call last):
  File "/home/brian_bosho/FP/FP/src/run_enhanced.py", line 626, in run_federated_learning
    server_model.load_state_dict(avg_state_dict)
  File "/home/brian_bosho/miniconda3/lib/python3.12/site-packages/torch/nn/modules/module.py", line 2584, in load_state_dict
    raise RuntimeError(
RuntimeError: Error(s) in loading state_dict for GCN:
	Missing key(s) in state_dict: "convs.1.bias", "convs.1.lin.weight". 
	Unexpected key(s) in state_dict: "bns.0.module.weight", "bns.0.module.bias", "bns.0.module.running_mean", "bns.0.module.running_var", "bns.0.module.num_batches_tracked", "conv_out.bias", "conv_out.lin.weight". 

2025-03-10 00:08:25,630 - __main__ - INFO - Global model - Test Accuracy: 0.1471
2025-03-10 00:08:25,630 - __main__ - INFO - Round 4 - Avg Train Loss: 1.8246, Avg Train Acc: 0.4671, Avg Val Acc: 0.4671, Avg Test Acc: 0.4551, Global Test Acc: 0.1471
2025-03-10 00:08:25,752 - __main__ - INFO - Round 5/50
2025-03-10 00:08:25,753 - __main__ - INFO - CPU Memory Usage: 0.94 GB
2025-03-10 00:08:25,753 - __main__ - INFO - GPU 0 Memory: 0.00 GB allocated, 0.00 GB reserved
2025-03-10 00:08:25,856 - __main__ - INFO - Starting client training for global round 4
2025-03-10 00:08:26,098 - __main__ - INFO - Average metrics - Train Loss: 1.7983, Train Acc: 0.4644, Val Acc: 0.4644, Test Acc: 0.4488
2025-03-10 00:08:26,098 - __main__ - INFO - Collecting client parameters for aggregation
2025-03-10 00:08:26,122 - __main__ - ERROR - Error in parameter aggregation: Error(s) in loading state_dict for GCN:
	Missing key(s) in state_dict: "convs.1.bias", "convs.1.lin.weight". 
	Unexpected key(s) in state_dict: "bns.0.module.weight", "bns.0.module.bias", "bns.0.module.running_mean", "bns.0.module.running_var", "bns.0.module.num_batches_tracked", "conv_out.bias", "conv_out.lin.weight". 
2025-03-10 00:08:26,123 - __main__ - ERROR - Traceback (most recent call last):
  File "/home/brian_bosho/FP/FP/src/run_enhanced.py", line 626, in run_federated_learning
    server_model.load_state_dict(avg_state_dict)
  File "/home/brian_bosho/miniconda3/lib/python3.12/site-packages/torch/nn/modules/module.py", line 2584, in load_state_dict
    raise RuntimeError(
RuntimeError: Error(s) in loading state_dict for GCN:
	Missing key(s) in state_dict: "convs.1.bias", "convs.1.lin.weight". 
	Unexpected key(s) in state_dict: "bns.0.module.weight", "bns.0.module.bias", "bns.0.module.running_mean", "bns.0.module.running_var", "bns.0.module.num_batches_tracked", "conv_out.bias", "conv_out.lin.weight". 

2025-03-10 00:08:26,124 - __main__ - INFO - Global model - Test Accuracy: 0.1176
2025-03-10 00:08:26,124 - __main__ - INFO - Round 5 - Avg Train Loss: 1.7983, Avg Train Acc: 0.4644, Avg Val Acc: 0.4644, Avg Test Acc: 0.4488, Global Test Acc: 0.1176
2025-03-10 00:08:26,255 - __main__ - INFO - Round 6/50
2025-03-10 00:08:26,256 - __main__ - INFO - CPU Memory Usage: 0.94 GB
2025-03-10 00:08:26,256 - __main__ - INFO - GPU 0 Memory: 0.00 GB allocated, 0.00 GB reserved
2025-03-10 00:08:26,360 - __main__ - INFO - Starting client training for global round 5
2025-03-10 00:08:26,601 - __main__ - INFO - Average metrics - Train Loss: 1.7756, Train Acc: 0.4710, Val Acc: 0.4710, Test Acc: 0.4478
2025-03-10 00:08:26,601 - __main__ - INFO - Collecting client parameters for aggregation
2025-03-10 00:08:26,626 - __main__ - ERROR - Error in parameter aggregation: Error(s) in loading state_dict for GCN:
	Missing key(s) in state_dict: "convs.1.bias", "convs.1.lin.weight". 
	Unexpected key(s) in state_dict: "bns.0.module.weight", "bns.0.module.bias", "bns.0.module.running_mean", "bns.0.module.running_var", "bns.0.module.num_batches_tracked", "conv_out.bias", "conv_out.lin.weight". 
2025-03-10 00:08:26,626 - __main__ - ERROR - Traceback (most recent call last):
  File "/home/brian_bosho/FP/FP/src/run_enhanced.py", line 626, in run_federated_learning
    server_model.load_state_dict(avg_state_dict)
  File "/home/brian_bosho/miniconda3/lib/python3.12/site-packages/torch/nn/modules/module.py", line 2584, in load_state_dict
    raise RuntimeError(
RuntimeError: Error(s) in loading state_dict for GCN:
	Missing key(s) in state_dict: "convs.1.bias", "convs.1.lin.weight". 
	Unexpected key(s) in state_dict: "bns.0.module.weight", "bns.0.module.bias", "bns.0.module.running_mean", "bns.0.module.running_var", "bns.0.module.num_batches_tracked", "conv_out.bias", "conv_out.lin.weight". 

2025-03-10 00:08:26,629 - __main__ - INFO - Global model - Test Accuracy: 0.0882
2025-03-10 00:08:26,629 - __main__ - INFO - Round 6 - Avg Train Loss: 1.7756, Avg Train Acc: 0.4710, Avg Val Acc: 0.4710, Avg Test Acc: 0.4478, Global Test Acc: 0.0882
2025-03-10 00:08:26,750 - __main__ - INFO - Round 7/50
2025-03-10 00:08:26,751 - __main__ - INFO - CPU Memory Usage: 0.94 GB
2025-03-10 00:08:26,751 - __main__ - INFO - GPU 0 Memory: 0.00 GB allocated, 0.00 GB reserved
2025-03-10 00:08:26,861 - __main__ - INFO - Starting client training for global round 6
2025-03-10 00:08:27,103 - __main__ - INFO - Average metrics - Train Loss: 1.7545, Train Acc: 0.4726, Val Acc: 0.4726, Test Acc: 0.4480
2025-03-10 00:08:27,103 - __main__ - INFO - Collecting client parameters for aggregation
2025-03-10 00:08:27,128 - __main__ - ERROR - Error in parameter aggregation: Error(s) in loading state_dict for GCN:
	Missing key(s) in state_dict: "convs.1.bias", "convs.1.lin.weight". 
	Unexpected key(s) in state_dict: "bns.0.module.weight", "bns.0.module.bias", "bns.0.module.running_mean", "bns.0.module.running_var", "bns.0.module.num_batches_tracked", "conv_out.bias", "conv_out.lin.weight". 
2025-03-10 00:08:27,129 - __main__ - ERROR - Traceback (most recent call last):
  File "/home/brian_bosho/FP/FP/src/run_enhanced.py", line 626, in run_federated_learning
    server_model.load_state_dict(avg_state_dict)
  File "/home/brian_bosho/miniconda3/lib/python3.12/site-packages/torch/nn/modules/module.py", line 2584, in load_state_dict
    raise RuntimeError(
RuntimeError: Error(s) in loading state_dict for GCN:
	Missing key(s) in state_dict: "convs.1.bias", "convs.1.lin.weight". 
	Unexpected key(s) in state_dict: "bns.0.module.weight", "bns.0.module.bias", "bns.0.module.running_mean", "bns.0.module.running_var", "bns.0.module.num_batches_tracked", "conv_out.bias", "conv_out.lin.weight". 

2025-03-10 00:08:27,130 - __main__ - INFO - Global model - Test Accuracy: 0.0588
2025-03-10 00:08:27,130 - __main__ - INFO - Round 7 - Avg Train Loss: 1.7545, Avg Train Acc: 0.4726, Avg Val Acc: 0.4726, Avg Test Acc: 0.4480, Global Test Acc: 0.0588
2025-03-10 00:08:27,255 - __main__ - INFO - Round 8/50
2025-03-10 00:08:27,256 - __main__ - INFO - CPU Memory Usage: 0.94 GB
2025-03-10 00:08:27,256 - __main__ - INFO - GPU 0 Memory: 0.00 GB allocated, 0.00 GB reserved
2025-03-10 00:08:27,359 - __main__ - INFO - Starting client training for global round 7
2025-03-10 00:08:27,599 - __main__ - INFO - Average metrics - Train Loss: 1.7355, Train Acc: 0.4780, Val Acc: 0.4780, Test Acc: 0.4434
2025-03-10 00:08:27,599 - __main__ - INFO - Collecting client parameters for aggregation
2025-03-10 00:08:27,623 - __main__ - ERROR - Error in parameter aggregation: Error(s) in loading state_dict for GCN:
	Missing key(s) in state_dict: "convs.1.bias", "convs.1.lin.weight". 
	Unexpected key(s) in state_dict: "bns.0.module.weight", "bns.0.module.bias", "bns.0.module.running_mean", "bns.0.module.running_var", "bns.0.module.num_batches_tracked", "conv_out.bias", "conv_out.lin.weight". 
2025-03-10 00:08:27,624 - __main__ - ERROR - Traceback (most recent call last):
  File "/home/brian_bosho/FP/FP/src/run_enhanced.py", line 626, in run_federated_learning
    server_model.load_state_dict(avg_state_dict)
  File "/home/brian_bosho/miniconda3/lib/python3.12/site-packages/torch/nn/modules/module.py", line 2584, in load_state_dict
    raise RuntimeError(
RuntimeError: Error(s) in loading state_dict for GCN:
	Missing key(s) in state_dict: "convs.1.bias", "convs.1.lin.weight". 
	Unexpected key(s) in state_dict: "bns.0.module.weight", "bns.0.module.bias", "bns.0.module.running_mean", "bns.0.module.running_var", "bns.0.module.num_batches_tracked", "conv_out.bias", "conv_out.lin.weight". 

2025-03-10 00:08:27,625 - __main__ - INFO - Global model - Test Accuracy: 0.0882
2025-03-10 00:08:27,625 - __main__ - INFO - Round 8 - Avg Train Loss: 1.7355, Avg Train Acc: 0.4780, Avg Val Acc: 0.4780, Avg Test Acc: 0.4434, Global Test Acc: 0.0882
2025-03-10 00:08:27,752 - __main__ - INFO - Round 9/50
2025-03-10 00:08:27,752 - __main__ - INFO - CPU Memory Usage: 0.94 GB
2025-03-10 00:08:27,752 - __main__ - INFO - GPU 0 Memory: 0.00 GB allocated, 0.00 GB reserved
2025-03-10 00:08:27,857 - __main__ - INFO - Starting client training for global round 8
2025-03-10 00:08:28,098 - __main__ - INFO - Average metrics - Train Loss: 1.7204, Train Acc: 0.4677, Val Acc: 0.4677, Test Acc: 0.4254
2025-03-10 00:08:28,099 - __main__ - INFO - Collecting client parameters for aggregation
2025-03-10 00:08:28,125 - __main__ - ERROR - Error in parameter aggregation: Error(s) in loading state_dict for GCN:
	Missing key(s) in state_dict: "convs.1.bias", "convs.1.lin.weight". 
	Unexpected key(s) in state_dict: "bns.0.module.weight", "bns.0.module.bias", "bns.0.module.running_mean", "bns.0.module.running_var", "bns.0.module.num_batches_tracked", "conv_out.bias", "conv_out.lin.weight". 
2025-03-10 00:08:28,126 - __main__ - ERROR - Traceback (most recent call last):
  File "/home/brian_bosho/FP/FP/src/run_enhanced.py", line 626, in run_federated_learning
    server_model.load_state_dict(avg_state_dict)
  File "/home/brian_bosho/miniconda3/lib/python3.12/site-packages/torch/nn/modules/module.py", line 2584, in load_state_dict
    raise RuntimeError(
RuntimeError: Error(s) in loading state_dict for GCN:
	Missing key(s) in state_dict: "convs.1.bias", "convs.1.lin.weight". 
	Unexpected key(s) in state_dict: "bns.0.module.weight", "bns.0.module.bias", "bns.0.module.running_mean", "bns.0.module.running_var", "bns.0.module.num_batches_tracked", "conv_out.bias", "conv_out.lin.weight". 

2025-03-10 00:08:28,128 - __main__ - INFO - Global model - Test Accuracy: 0.0882
2025-03-10 00:08:28,128 - __main__ - INFO - Round 9 - Avg Train Loss: 1.7204, Avg Train Acc: 0.4677, Avg Val Acc: 0.4677, Avg Test Acc: 0.4254, Global Test Acc: 0.0882
2025-03-10 00:08:28,261 - __main__ - INFO - Round 10/50
2025-03-10 00:08:28,261 - __main__ - INFO - CPU Memory Usage: 0.94 GB
2025-03-10 00:08:28,261 - __main__ - INFO - GPU 0 Memory: 0.00 GB allocated, 0.00 GB reserved
2025-03-10 00:08:28,378 - __main__ - INFO - Starting client training for global round 9
2025-03-10 00:08:28,619 - __main__ - INFO - Average metrics - Train Loss: 1.7071, Train Acc: 0.4539, Val Acc: 0.4539, Test Acc: 0.4253
2025-03-10 00:08:28,620 - __main__ - INFO - Collecting client parameters for aggregation
2025-03-10 00:08:28,643 - __main__ - ERROR - Error in parameter aggregation: Error(s) in loading state_dict for GCN:
	Missing key(s) in state_dict: "convs.1.bias", "convs.1.lin.weight". 
	Unexpected key(s) in state_dict: "bns.0.module.weight", "bns.0.module.bias", "bns.0.module.running_mean", "bns.0.module.running_var", "bns.0.module.num_batches_tracked", "conv_out.bias", "conv_out.lin.weight". 
2025-03-10 00:08:28,644 - __main__ - ERROR - Traceback (most recent call last):
  File "/home/brian_bosho/FP/FP/src/run_enhanced.py", line 626, in run_federated_learning
    server_model.load_state_dict(avg_state_dict)
  File "/home/brian_bosho/miniconda3/lib/python3.12/site-packages/torch/nn/modules/module.py", line 2584, in load_state_dict
    raise RuntimeError(
RuntimeError: Error(s) in loading state_dict for GCN:
	Missing key(s) in state_dict: "convs.1.bias", "convs.1.lin.weight". 
	Unexpected key(s) in state_dict: "bns.0.module.weight", "bns.0.module.bias", "bns.0.module.running_mean", "bns.0.module.running_var", "bns.0.module.num_batches_tracked", "conv_out.bias", "conv_out.lin.weight". 

2025-03-10 00:08:28,645 - __main__ - INFO - Global model - Test Accuracy: 0.0588
2025-03-10 00:08:28,645 - __main__ - INFO - Round 10 - Avg Train Loss: 1.7071, Avg Train Acc: 0.4539, Avg Val Acc: 0.4539, Avg Test Acc: 0.4253, Global Test Acc: 0.0588
2025-03-10 00:08:28,767 - __main__ - INFO - Round 11/50
2025-03-10 00:08:28,768 - __main__ - INFO - CPU Memory Usage: 0.94 GB
2025-03-10 00:08:28,768 - __main__ - INFO - GPU 0 Memory: 0.00 GB allocated, 0.00 GB reserved
2025-03-10 00:08:28,871 - __main__ - INFO - Starting client training for global round 10
2025-03-10 00:08:29,115 - __main__ - INFO - Average metrics - Train Loss: 1.6945, Train Acc: 0.4504, Val Acc: 0.4504, Test Acc: 0.4245
2025-03-10 00:08:29,115 - __main__ - INFO - Collecting client parameters for aggregation
2025-03-10 00:08:29,139 - __main__ - ERROR - Error in parameter aggregation: Error(s) in loading state_dict for GCN:
	Missing key(s) in state_dict: "convs.1.bias", "convs.1.lin.weight". 
	Unexpected key(s) in state_dict: "bns.0.module.weight", "bns.0.module.bias", "bns.0.module.running_mean", "bns.0.module.running_var", "bns.0.module.num_batches_tracked", "conv_out.bias", "conv_out.lin.weight". 
2025-03-10 00:08:29,140 - __main__ - ERROR - Traceback (most recent call last):
  File "/home/brian_bosho/FP/FP/src/run_enhanced.py", line 626, in run_federated_learning
    server_model.load_state_dict(avg_state_dict)
  File "/home/brian_bosho/miniconda3/lib/python3.12/site-packages/torch/nn/modules/module.py", line 2584, in load_state_dict
    raise RuntimeError(
RuntimeError: Error(s) in loading state_dict for GCN:
	Missing key(s) in state_dict: "convs.1.bias", "convs.1.lin.weight". 
	Unexpected key(s) in state_dict: "bns.0.module.weight", "bns.0.module.bias", "bns.0.module.running_mean", "bns.0.module.running_var", "bns.0.module.num_batches_tracked", "conv_out.bias", "conv_out.lin.weight". 

2025-03-10 00:08:29,141 - __main__ - INFO - Global model - Test Accuracy: 0.0294
2025-03-10 00:08:29,141 - __main__ - INFO - Round 11 - Avg Train Loss: 1.6945, Avg Train Acc: 0.4504, Avg Val Acc: 0.4504, Avg Test Acc: 0.4245, Global Test Acc: 0.0294
2025-03-10 00:08:29,272 - __main__ - INFO - Round 12/50
2025-03-10 00:08:29,272 - __main__ - INFO - CPU Memory Usage: 0.94 GB
2025-03-10 00:08:29,272 - __main__ - INFO - GPU 0 Memory: 0.00 GB allocated, 0.00 GB reserved
2025-03-10 00:08:29,377 - __main__ - INFO - Starting client training for global round 11
2025-03-10 00:08:29,621 - __main__ - INFO - Average metrics - Train Loss: 1.6835, Train Acc: 0.4447, Val Acc: 0.4447, Test Acc: 0.4265
2025-03-10 00:08:29,621 - __main__ - INFO - Collecting client parameters for aggregation
2025-03-10 00:08:29,645 - __main__ - ERROR - Error in parameter aggregation: Error(s) in loading state_dict for GCN:
	Missing key(s) in state_dict: "convs.1.bias", "convs.1.lin.weight". 
	Unexpected key(s) in state_dict: "bns.0.module.weight", "bns.0.module.bias", "bns.0.module.running_mean", "bns.0.module.running_var", "bns.0.module.num_batches_tracked", "conv_out.bias", "conv_out.lin.weight". 
2025-03-10 00:08:29,645 - __main__ - ERROR - Traceback (most recent call last):
  File "/home/brian_bosho/FP/FP/src/run_enhanced.py", line 626, in run_federated_learning
    server_model.load_state_dict(avg_state_dict)
  File "/home/brian_bosho/miniconda3/lib/python3.12/site-packages/torch/nn/modules/module.py", line 2584, in load_state_dict
    raise RuntimeError(
RuntimeError: Error(s) in loading state_dict for GCN:
	Missing key(s) in state_dict: "convs.1.bias", "convs.1.lin.weight". 
	Unexpected key(s) in state_dict: "bns.0.module.weight", "bns.0.module.bias", "bns.0.module.running_mean", "bns.0.module.running_var", "bns.0.module.num_batches_tracked", "conv_out.bias", "conv_out.lin.weight". 

2025-03-10 00:08:29,646 - __main__ - INFO - Global model - Test Accuracy: 0.1176
2025-03-10 00:08:29,646 - __main__ - INFO - Round 12 - Avg Train Loss: 1.6835, Avg Train Acc: 0.4447, Avg Val Acc: 0.4447, Avg Test Acc: 0.4265, Global Test Acc: 0.1176
2025-03-10 00:08:29,768 - __main__ - INFO - Round 13/50
2025-03-10 00:08:29,768 - __main__ - INFO - CPU Memory Usage: 0.94 GB
2025-03-10 00:08:29,768 - __main__ - INFO - GPU 0 Memory: 0.00 GB allocated, 0.00 GB reserved
2025-03-10 00:08:29,878 - __main__ - INFO - Starting client training for global round 12
2025-03-10 00:08:30,135 - __main__ - INFO - Average metrics - Train Loss: 1.6745, Train Acc: 0.4276, Val Acc: 0.4276, Test Acc: 0.4024
2025-03-10 00:08:30,135 - __main__ - INFO - Collecting client parameters for aggregation
2025-03-10 00:08:30,160 - __main__ - ERROR - Error in parameter aggregation: Error(s) in loading state_dict for GCN:
	Missing key(s) in state_dict: "convs.1.bias", "convs.1.lin.weight". 
	Unexpected key(s) in state_dict: "bns.0.module.weight", "bns.0.module.bias", "bns.0.module.running_mean", "bns.0.module.running_var", "bns.0.module.num_batches_tracked", "conv_out.bias", "conv_out.lin.weight". 
2025-03-10 00:08:30,161 - __main__ - ERROR - Traceback (most recent call last):
  File "/home/brian_bosho/FP/FP/src/run_enhanced.py", line 626, in run_federated_learning
    server_model.load_state_dict(avg_state_dict)
  File "/home/brian_bosho/miniconda3/lib/python3.12/site-packages/torch/nn/modules/module.py", line 2584, in load_state_dict
    raise RuntimeError(
RuntimeError: Error(s) in loading state_dict for GCN:
	Missing key(s) in state_dict: "convs.1.bias", "convs.1.lin.weight". 
	Unexpected key(s) in state_dict: "bns.0.module.weight", "bns.0.module.bias", "bns.0.module.running_mean", "bns.0.module.running_var", "bns.0.module.num_batches_tracked", "conv_out.bias", "conv_out.lin.weight". 

2025-03-10 00:08:30,162 - __main__ - INFO - Global model - Test Accuracy: 0.1471
2025-03-10 00:08:30,162 - __main__ - INFO - Round 13 - Avg Train Loss: 1.6745, Avg Train Acc: 0.4276, Avg Val Acc: 0.4276, Avg Test Acc: 0.4024, Global Test Acc: 0.1471
2025-03-10 00:08:30,285 - __main__ - INFO - Round 14/50
2025-03-10 00:08:30,286 - __main__ - INFO - CPU Memory Usage: 0.94 GB
2025-03-10 00:08:30,286 - __main__ - INFO - GPU 0 Memory: 0.00 GB allocated, 0.00 GB reserved
2025-03-10 00:08:30,390 - __main__ - INFO - Starting client training for global round 13
2025-03-10 00:08:30,628 - __main__ - INFO - Average metrics - Train Loss: 1.6643, Train Acc: 0.4319, Val Acc: 0.4319, Test Acc: 0.3993
2025-03-10 00:08:30,629 - __main__ - INFO - Collecting client parameters for aggregation
2025-03-10 00:08:30,652 - __main__ - ERROR - Error in parameter aggregation: Error(s) in loading state_dict for GCN:
	Missing key(s) in state_dict: "convs.1.bias", "convs.1.lin.weight". 
	Unexpected key(s) in state_dict: "bns.0.module.weight", "bns.0.module.bias", "bns.0.module.running_mean", "bns.0.module.running_var", "bns.0.module.num_batches_tracked", "conv_out.bias", "conv_out.lin.weight". 
2025-03-10 00:08:30,653 - __main__ - ERROR - Traceback (most recent call last):
  File "/home/brian_bosho/FP/FP/src/run_enhanced.py", line 626, in run_federated_learning
    server_model.load_state_dict(avg_state_dict)
  File "/home/brian_bosho/miniconda3/lib/python3.12/site-packages/torch/nn/modules/module.py", line 2584, in load_state_dict
    raise RuntimeError(
RuntimeError: Error(s) in loading state_dict for GCN:
	Missing key(s) in state_dict: "convs.1.bias", "convs.1.lin.weight". 
	Unexpected key(s) in state_dict: "bns.0.module.weight", "bns.0.module.bias", "bns.0.module.running_mean", "bns.0.module.running_var", "bns.0.module.num_batches_tracked", "conv_out.bias", "conv_out.lin.weight". 

2025-03-10 00:08:30,654 - __main__ - INFO - Global model - Test Accuracy: 0.1176
2025-03-10 00:08:30,654 - __main__ - INFO - Round 14 - Avg Train Loss: 1.6643, Avg Train Acc: 0.4319, Avg Val Acc: 0.4319, Avg Test Acc: 0.3993, Global Test Acc: 0.1176
2025-03-10 00:08:30,781 - __main__ - INFO - Round 15/50
2025-03-10 00:08:30,782 - __main__ - INFO - CPU Memory Usage: 0.94 GB
2025-03-10 00:08:30,782 - __main__ - INFO - GPU 0 Memory: 0.00 GB allocated, 0.00 GB reserved
2025-03-10 00:08:30,887 - __main__ - INFO - Starting client training for global round 14
2025-03-10 00:08:31,131 - __main__ - INFO - Average metrics - Train Loss: 1.6521, Train Acc: 0.4306, Val Acc: 0.4306, Test Acc: 0.4134
2025-03-10 00:08:31,131 - __main__ - INFO - Collecting client parameters for aggregation
2025-03-10 00:08:31,156 - __main__ - ERROR - Error in parameter aggregation: Error(s) in loading state_dict for GCN:
	Missing key(s) in state_dict: "convs.1.bias", "convs.1.lin.weight". 
	Unexpected key(s) in state_dict: "bns.0.module.weight", "bns.0.module.bias", "bns.0.module.running_mean", "bns.0.module.running_var", "bns.0.module.num_batches_tracked", "conv_out.bias", "conv_out.lin.weight". 
2025-03-10 00:08:31,157 - __main__ - ERROR - Traceback (most recent call last):
  File "/home/brian_bosho/FP/FP/src/run_enhanced.py", line 626, in run_federated_learning
    server_model.load_state_dict(avg_state_dict)
  File "/home/brian_bosho/miniconda3/lib/python3.12/site-packages/torch/nn/modules/module.py", line 2584, in load_state_dict
    raise RuntimeError(
RuntimeError: Error(s) in loading state_dict for GCN:
	Missing key(s) in state_dict: "convs.1.bias", "convs.1.lin.weight". 
	Unexpected key(s) in state_dict: "bns.0.module.weight", "bns.0.module.bias", "bns.0.module.running_mean", "bns.0.module.running_var", "bns.0.module.num_batches_tracked", "conv_out.bias", "conv_out.lin.weight". 

2025-03-10 00:08:31,158 - __main__ - INFO - Global model - Test Accuracy: 0.1471
2025-03-10 00:08:31,158 - __main__ - INFO - Round 15 - Avg Train Loss: 1.6521, Avg Train Acc: 0.4306, Avg Val Acc: 0.4306, Avg Test Acc: 0.4134, Global Test Acc: 0.1471
2025-03-10 00:08:31,285 - __main__ - INFO - Round 16/50
2025-03-10 00:08:31,286 - __main__ - INFO - CPU Memory Usage: 0.94 GB
2025-03-10 00:08:31,286 - __main__ - INFO - GPU 0 Memory: 0.00 GB allocated, 0.00 GB reserved
2025-03-10 00:08:31,399 - __main__ - INFO - Starting client training for global round 15
2025-03-10 00:08:31,642 - __main__ - INFO - Average metrics - Train Loss: 1.6387, Train Acc: 0.4758, Val Acc: 0.4758, Test Acc: 0.4443
2025-03-10 00:08:31,642 - __main__ - INFO - Collecting client parameters for aggregation
2025-03-10 00:08:31,666 - __main__ - ERROR - Error in parameter aggregation: Error(s) in loading state_dict for GCN:
	Missing key(s) in state_dict: "convs.1.bias", "convs.1.lin.weight". 
	Unexpected key(s) in state_dict: "bns.0.module.weight", "bns.0.module.bias", "bns.0.module.running_mean", "bns.0.module.running_var", "bns.0.module.num_batches_tracked", "conv_out.bias", "conv_out.lin.weight". 
2025-03-10 00:08:31,666 - __main__ - ERROR - Traceback (most recent call last):
  File "/home/brian_bosho/FP/FP/src/run_enhanced.py", line 626, in run_federated_learning
    server_model.load_state_dict(avg_state_dict)
  File "/home/brian_bosho/miniconda3/lib/python3.12/site-packages/torch/nn/modules/module.py", line 2584, in load_state_dict
    raise RuntimeError(
RuntimeError: Error(s) in loading state_dict for GCN:
	Missing key(s) in state_dict: "convs.1.bias", "convs.1.lin.weight". 
	Unexpected key(s) in state_dict: "bns.0.module.weight", "bns.0.module.bias", "bns.0.module.running_mean", "bns.0.module.running_var", "bns.0.module.num_batches_tracked", "conv_out.bias", "conv_out.lin.weight". 

2025-03-10 00:08:31,671 - __main__ - INFO - Global model - Test Accuracy: 0.1471
2025-03-10 00:08:31,671 - __main__ - INFO - Round 16 - Avg Train Loss: 1.6387, Avg Train Acc: 0.4758, Avg Val Acc: 0.4758, Avg Test Acc: 0.4443, Global Test Acc: 0.1471
2025-03-10 00:08:31,794 - __main__ - INFO - Round 17/50
2025-03-10 00:08:31,794 - __main__ - INFO - CPU Memory Usage: 0.94 GB
2025-03-10 00:08:31,794 - __main__ - INFO - GPU 0 Memory: 0.00 GB allocated, 0.00 GB reserved
2025-03-10 00:08:31,898 - __main__ - INFO - Starting client training for global round 16
2025-03-10 00:08:32,144 - __main__ - INFO - Average metrics - Train Loss: 1.6234, Train Acc: 0.4886, Val Acc: 0.4886, Test Acc: 0.4494
2025-03-10 00:08:32,144 - __main__ - INFO - Collecting client parameters for aggregation
2025-03-10 00:08:32,169 - __main__ - ERROR - Error in parameter aggregation: Error(s) in loading state_dict for GCN:
	Missing key(s) in state_dict: "convs.1.bias", "convs.1.lin.weight". 
	Unexpected key(s) in state_dict: "bns.0.module.weight", "bns.0.module.bias", "bns.0.module.running_mean", "bns.0.module.running_var", "bns.0.module.num_batches_tracked", "conv_out.bias", "conv_out.lin.weight". 
2025-03-10 00:08:32,169 - __main__ - ERROR - Traceback (most recent call last):
  File "/home/brian_bosho/FP/FP/src/run_enhanced.py", line 626, in run_federated_learning
    server_model.load_state_dict(avg_state_dict)
  File "/home/brian_bosho/miniconda3/lib/python3.12/site-packages/torch/nn/modules/module.py", line 2584, in load_state_dict
    raise RuntimeError(
RuntimeError: Error(s) in loading state_dict for GCN:
	Missing key(s) in state_dict: "convs.1.bias", "convs.1.lin.weight". 
	Unexpected key(s) in state_dict: "bns.0.module.weight", "bns.0.module.bias", "bns.0.module.running_mean", "bns.0.module.running_var", "bns.0.module.num_batches_tracked", "conv_out.bias", "conv_out.lin.weight". 

2025-03-10 00:08:32,171 - __main__ - INFO - Global model - Test Accuracy: 0.1471
2025-03-10 00:08:32,171 - __main__ - INFO - Round 17 - Avg Train Loss: 1.6234, Avg Train Acc: 0.4886, Avg Val Acc: 0.4886, Avg Test Acc: 0.4494, Global Test Acc: 0.1471
2025-03-10 00:08:32,300 - __main__ - INFO - Round 18/50
2025-03-10 00:08:32,301 - __main__ - INFO - CPU Memory Usage: 0.94 GB
2025-03-10 00:08:32,301 - __main__ - INFO - GPU 0 Memory: 0.00 GB allocated, 0.00 GB reserved
2025-03-10 00:08:32,406 - __main__ - INFO - Starting client training for global round 17
2025-03-10 00:08:32,645 - __main__ - INFO - Average metrics - Train Loss: 1.6083, Train Acc: 0.4970, Val Acc: 0.4970, Test Acc: 0.4528
2025-03-10 00:08:32,645 - __main__ - INFO - Collecting client parameters for aggregation
2025-03-10 00:08:32,671 - __main__ - ERROR - Error in parameter aggregation: Error(s) in loading state_dict for GCN:
	Missing key(s) in state_dict: "convs.1.bias", "convs.1.lin.weight". 
	Unexpected key(s) in state_dict: "bns.0.module.weight", "bns.0.module.bias", "bns.0.module.running_mean", "bns.0.module.running_var", "bns.0.module.num_batches_tracked", "conv_out.bias", "conv_out.lin.weight". 
2025-03-10 00:08:32,671 - __main__ - ERROR - Traceback (most recent call last):
  File "/home/brian_bosho/FP/FP/src/run_enhanced.py", line 626, in run_federated_learning
    server_model.load_state_dict(avg_state_dict)
  File "/home/brian_bosho/miniconda3/lib/python3.12/site-packages/torch/nn/modules/module.py", line 2584, in load_state_dict
    raise RuntimeError(
RuntimeError: Error(s) in loading state_dict for GCN:
	Missing key(s) in state_dict: "convs.1.bias", "convs.1.lin.weight". 
	Unexpected key(s) in state_dict: "bns.0.module.weight", "bns.0.module.bias", "bns.0.module.running_mean", "bns.0.module.running_var", "bns.0.module.num_batches_tracked", "conv_out.bias", "conv_out.lin.weight". 

2025-03-10 00:08:32,693 - __main__ - INFO - Global model - Test Accuracy: 0.1765
2025-03-10 00:08:32,693 - __main__ - INFO - Round 18 - Avg Train Loss: 1.6083, Avg Train Acc: 0.4970, Avg Val Acc: 0.4970, Avg Test Acc: 0.4528, Global Test Acc: 0.1765
2025-03-10 00:08:32,816 - __main__ - INFO - Round 19/50
2025-03-10 00:08:32,816 - __main__ - INFO - CPU Memory Usage: 0.94 GB
2025-03-10 00:08:32,816 - __main__ - INFO - GPU 0 Memory: 0.00 GB allocated, 0.00 GB reserved
2025-03-10 00:08:32,931 - __main__ - INFO - Starting client training for global round 18
2025-03-10 00:08:33,177 - __main__ - INFO - Average metrics - Train Loss: 1.5945, Train Acc: 0.5032, Val Acc: 0.5032, Test Acc: 0.4461
2025-03-10 00:08:33,177 - __main__ - INFO - Collecting client parameters for aggregation
2025-03-10 00:08:33,203 - __main__ - ERROR - Error in parameter aggregation: Error(s) in loading state_dict for GCN:
	Missing key(s) in state_dict: "convs.1.bias", "convs.1.lin.weight". 
	Unexpected key(s) in state_dict: "bns.0.module.weight", "bns.0.module.bias", "bns.0.module.running_mean", "bns.0.module.running_var", "bns.0.module.num_batches_tracked", "conv_out.bias", "conv_out.lin.weight". 
2025-03-10 00:08:33,204 - __main__ - ERROR - Traceback (most recent call last):
  File "/home/brian_bosho/FP/FP/src/run_enhanced.py", line 626, in run_federated_learning
    server_model.load_state_dict(avg_state_dict)
  File "/home/brian_bosho/miniconda3/lib/python3.12/site-packages/torch/nn/modules/module.py", line 2584, in load_state_dict
    raise RuntimeError(
RuntimeError: Error(s) in loading state_dict for GCN:
	Missing key(s) in state_dict: "convs.1.bias", "convs.1.lin.weight". 
	Unexpected key(s) in state_dict: "bns.0.module.weight", "bns.0.module.bias", "bns.0.module.running_mean", "bns.0.module.running_var", "bns.0.module.num_batches_tracked", "conv_out.bias", "conv_out.lin.weight". 

2025-03-10 00:08:33,209 - __main__ - INFO - Global model - Test Accuracy: 0.2353
2025-03-10 00:08:33,209 - __main__ - INFO - Round 19 - Avg Train Loss: 1.5945, Avg Train Acc: 0.5032, Avg Val Acc: 0.5032, Avg Test Acc: 0.4461, Global Test Acc: 0.2353
2025-03-10 00:08:33,347 - __main__ - INFO - Round 20/50
2025-03-10 00:08:33,347 - __main__ - INFO - CPU Memory Usage: 0.94 GB
2025-03-10 00:08:33,347 - __main__ - INFO - GPU 0 Memory: 0.00 GB allocated, 0.00 GB reserved
2025-03-10 00:08:33,470 - __main__ - INFO - Starting client training for global round 19
2025-03-10 00:08:33,710 - __main__ - INFO - Average metrics - Train Loss: 1.5817, Train Acc: 0.4990, Val Acc: 0.4990, Test Acc: 0.4418
2025-03-10 00:08:33,710 - __main__ - INFO - Collecting client parameters for aggregation
2025-03-10 00:08:33,734 - __main__ - ERROR - Error in parameter aggregation: Error(s) in loading state_dict for GCN:
	Missing key(s) in state_dict: "convs.1.bias", "convs.1.lin.weight". 
	Unexpected key(s) in state_dict: "bns.0.module.weight", "bns.0.module.bias", "bns.0.module.running_mean", "bns.0.module.running_var", "bns.0.module.num_batches_tracked", "conv_out.bias", "conv_out.lin.weight". 
2025-03-10 00:08:33,735 - __main__ - ERROR - Traceback (most recent call last):
  File "/home/brian_bosho/FP/FP/src/run_enhanced.py", line 626, in run_federated_learning
    server_model.load_state_dict(avg_state_dict)
  File "/home/brian_bosho/miniconda3/lib/python3.12/site-packages/torch/nn/modules/module.py", line 2584, in load_state_dict
    raise RuntimeError(
RuntimeError: Error(s) in loading state_dict for GCN:
	Missing key(s) in state_dict: "convs.1.bias", "convs.1.lin.weight". 
	Unexpected key(s) in state_dict: "bns.0.module.weight", "bns.0.module.bias", "bns.0.module.running_mean", "bns.0.module.running_var", "bns.0.module.num_batches_tracked", "conv_out.bias", "conv_out.lin.weight". 

2025-03-10 00:08:33,743 - __main__ - INFO - Global model - Test Accuracy: 0.2059
2025-03-10 00:08:33,743 - __main__ - INFO - Round 20 - Avg Train Loss: 1.5817, Avg Train Acc: 0.4990, Avg Val Acc: 0.4990, Avg Test Acc: 0.4418, Global Test Acc: 0.2059
2025-03-10 00:08:33,863 - __main__ - INFO - Round 21/50
2025-03-10 00:08:33,864 - __main__ - INFO - CPU Memory Usage: 0.94 GB
2025-03-10 00:08:33,864 - __main__ - INFO - GPU 0 Memory: 0.00 GB allocated, 0.00 GB reserved
2025-03-10 00:08:33,969 - __main__ - INFO - Starting client training for global round 20
2025-03-10 00:08:34,210 - __main__ - INFO - Average metrics - Train Loss: 1.5686, Train Acc: 0.4969, Val Acc: 0.4969, Test Acc: 0.4467
2025-03-10 00:08:34,210 - __main__ - INFO - Collecting client parameters for aggregation
2025-03-10 00:08:34,235 - __main__ - ERROR - Error in parameter aggregation: Error(s) in loading state_dict for GCN:
	Missing key(s) in state_dict: "convs.1.bias", "convs.1.lin.weight". 
	Unexpected key(s) in state_dict: "bns.0.module.weight", "bns.0.module.bias", "bns.0.module.running_mean", "bns.0.module.running_var", "bns.0.module.num_batches_tracked", "conv_out.bias", "conv_out.lin.weight". 
2025-03-10 00:08:34,235 - __main__ - ERROR - Traceback (most recent call last):
  File "/home/brian_bosho/FP/FP/src/run_enhanced.py", line 626, in run_federated_learning
    server_model.load_state_dict(avg_state_dict)
  File "/home/brian_bosho/miniconda3/lib/python3.12/site-packages/torch/nn/modules/module.py", line 2584, in load_state_dict
    raise RuntimeError(
RuntimeError: Error(s) in loading state_dict for GCN:
	Missing key(s) in state_dict: "convs.1.bias", "convs.1.lin.weight". 
	Unexpected key(s) in state_dict: "bns.0.module.weight", "bns.0.module.bias", "bns.0.module.running_mean", "bns.0.module.running_var", "bns.0.module.num_batches_tracked", "conv_out.bias", "conv_out.lin.weight". 

2025-03-10 00:08:34,244 - __main__ - INFO - Global model - Test Accuracy: 0.2647
2025-03-10 00:08:34,244 - __main__ - INFO - Round 21 - Avg Train Loss: 1.5686, Avg Train Acc: 0.4969, Avg Val Acc: 0.4969, Avg Test Acc: 0.4467, Global Test Acc: 0.2647
2025-03-10 00:08:34,370 - __main__ - INFO - Round 22/50
2025-03-10 00:08:34,370 - __main__ - INFO - CPU Memory Usage: 0.94 GB
2025-03-10 00:08:34,370 - __main__ - INFO - GPU 0 Memory: 0.00 GB allocated, 0.00 GB reserved
2025-03-10 00:08:34,479 - __main__ - INFO - Starting client training for global round 21
2025-03-10 00:08:34,717 - __main__ - INFO - Average metrics - Train Loss: 1.5557, Train Acc: 0.5117, Val Acc: 0.5117, Test Acc: 0.4593
2025-03-10 00:08:34,717 - __main__ - INFO - Collecting client parameters for aggregation
2025-03-10 00:08:34,741 - __main__ - ERROR - Error in parameter aggregation: Error(s) in loading state_dict for GCN:
	Missing key(s) in state_dict: "convs.1.bias", "convs.1.lin.weight". 
	Unexpected key(s) in state_dict: "bns.0.module.weight", "bns.0.module.bias", "bns.0.module.running_mean", "bns.0.module.running_var", "bns.0.module.num_batches_tracked", "conv_out.bias", "conv_out.lin.weight". 
2025-03-10 00:08:34,742 - __main__ - ERROR - Traceback (most recent call last):
  File "/home/brian_bosho/FP/FP/src/run_enhanced.py", line 626, in run_federated_learning
    server_model.load_state_dict(avg_state_dict)
  File "/home/brian_bosho/miniconda3/lib/python3.12/site-packages/torch/nn/modules/module.py", line 2584, in load_state_dict
    raise RuntimeError(
RuntimeError: Error(s) in loading state_dict for GCN:
	Missing key(s) in state_dict: "convs.1.bias", "convs.1.lin.weight". 
	Unexpected key(s) in state_dict: "bns.0.module.weight", "bns.0.module.bias", "bns.0.module.running_mean", "bns.0.module.running_var", "bns.0.module.num_batches_tracked", "conv_out.bias", "conv_out.lin.weight". 

2025-03-10 00:08:34,743 - __main__ - INFO - Global model - Test Accuracy: 0.2647
2025-03-10 00:08:34,743 - __main__ - INFO - Round 22 - Avg Train Loss: 1.5557, Avg Train Acc: 0.5117, Avg Val Acc: 0.5117, Avg Test Acc: 0.4593, Global Test Acc: 0.2647
2025-03-10 00:08:34,867 - __main__ - INFO - Round 23/50
2025-03-10 00:08:34,867 - __main__ - INFO - CPU Memory Usage: 0.94 GB
2025-03-10 00:08:34,868 - __main__ - INFO - GPU 0 Memory: 0.00 GB allocated, 0.00 GB reserved
2025-03-10 00:08:34,977 - __main__ - INFO - Starting client training for global round 22
2025-03-10 00:08:35,220 - __main__ - INFO - Average metrics - Train Loss: 1.5433, Train Acc: 0.5089, Val Acc: 0.5089, Test Acc: 0.4681
2025-03-10 00:08:35,220 - __main__ - INFO - Collecting client parameters for aggregation
2025-03-10 00:08:35,245 - __main__ - ERROR - Error in parameter aggregation: Error(s) in loading state_dict for GCN:
	Missing key(s) in state_dict: "convs.1.bias", "convs.1.lin.weight". 
	Unexpected key(s) in state_dict: "bns.0.module.weight", "bns.0.module.bias", "bns.0.module.running_mean", "bns.0.module.running_var", "bns.0.module.num_batches_tracked", "conv_out.bias", "conv_out.lin.weight". 
2025-03-10 00:08:35,246 - __main__ - ERROR - Traceback (most recent call last):
  File "/home/brian_bosho/FP/FP/src/run_enhanced.py", line 626, in run_federated_learning
    server_model.load_state_dict(avg_state_dict)
  File "/home/brian_bosho/miniconda3/lib/python3.12/site-packages/torch/nn/modules/module.py", line 2584, in load_state_dict
    raise RuntimeError(
RuntimeError: Error(s) in loading state_dict for GCN:
	Missing key(s) in state_dict: "convs.1.bias", "convs.1.lin.weight". 
	Unexpected key(s) in state_dict: "bns.0.module.weight", "bns.0.module.bias", "bns.0.module.running_mean", "bns.0.module.running_var", "bns.0.module.num_batches_tracked", "conv_out.bias", "conv_out.lin.weight". 

2025-03-10 00:08:35,248 - __main__ - INFO - Global model - Test Accuracy: 0.2647
2025-03-10 00:08:35,248 - __main__ - INFO - Round 23 - Avg Train Loss: 1.5433, Avg Train Acc: 0.5089, Avg Val Acc: 0.5089, Avg Test Acc: 0.4681, Global Test Acc: 0.2647
2025-03-10 00:08:35,373 - __main__ - INFO - Round 24/50
2025-03-10 00:08:35,373 - __main__ - INFO - CPU Memory Usage: 0.94 GB
2025-03-10 00:08:35,374 - __main__ - INFO - GPU 0 Memory: 0.00 GB allocated, 0.00 GB reserved
2025-03-10 00:08:35,478 - __main__ - INFO - Starting client training for global round 23
2025-03-10 00:08:35,718 - __main__ - INFO - Average metrics - Train Loss: 1.5309, Train Acc: 0.5237, Val Acc: 0.5237, Test Acc: 0.4730
2025-03-10 00:08:35,718 - __main__ - INFO - Collecting client parameters for aggregation
2025-03-10 00:08:35,743 - __main__ - ERROR - Error in parameter aggregation: Error(s) in loading state_dict for GCN:
	Missing key(s) in state_dict: "convs.1.bias", "convs.1.lin.weight". 
	Unexpected key(s) in state_dict: "bns.0.module.weight", "bns.0.module.bias", "bns.0.module.running_mean", "bns.0.module.running_var", "bns.0.module.num_batches_tracked", "conv_out.bias", "conv_out.lin.weight". 
2025-03-10 00:08:35,743 - __main__ - ERROR - Traceback (most recent call last):
  File "/home/brian_bosho/FP/FP/src/run_enhanced.py", line 626, in run_federated_learning
    server_model.load_state_dict(avg_state_dict)
  File "/home/brian_bosho/miniconda3/lib/python3.12/site-packages/torch/nn/modules/module.py", line 2584, in load_state_dict
    raise RuntimeError(
RuntimeError: Error(s) in loading state_dict for GCN:
	Missing key(s) in state_dict: "convs.1.bias", "convs.1.lin.weight". 
	Unexpected key(s) in state_dict: "bns.0.module.weight", "bns.0.module.bias", "bns.0.module.running_mean", "bns.0.module.running_var", "bns.0.module.num_batches_tracked", "conv_out.bias", "conv_out.lin.weight". 

2025-03-10 00:08:35,754 - __main__ - INFO - Global model - Test Accuracy: 0.3235
2025-03-10 00:08:35,754 - __main__ - INFO - Round 24 - Avg Train Loss: 1.5309, Avg Train Acc: 0.5237, Avg Val Acc: 0.5237, Avg Test Acc: 0.4730, Global Test Acc: 0.3235
2025-03-10 00:08:35,880 - __main__ - INFO - Round 25/50
2025-03-10 00:08:35,880 - __main__ - INFO - CPU Memory Usage: 0.94 GB
2025-03-10 00:08:35,880 - __main__ - INFO - GPU 0 Memory: 0.00 GB allocated, 0.00 GB reserved
2025-03-10 00:08:35,992 - __main__ - INFO - Starting client training for global round 24
2025-03-10 00:08:36,237 - __main__ - INFO - Average metrics - Train Loss: 1.5179, Train Acc: 0.5220, Val Acc: 0.5220, Test Acc: 0.4842
2025-03-10 00:08:36,238 - __main__ - INFO - Collecting client parameters for aggregation
2025-03-10 00:08:36,262 - __main__ - ERROR - Error in parameter aggregation: Error(s) in loading state_dict for GCN:
	Missing key(s) in state_dict: "convs.1.bias", "convs.1.lin.weight". 
	Unexpected key(s) in state_dict: "bns.0.module.weight", "bns.0.module.bias", "bns.0.module.running_mean", "bns.0.module.running_var", "bns.0.module.num_batches_tracked", "conv_out.bias", "conv_out.lin.weight". 
2025-03-10 00:08:36,262 - __main__ - ERROR - Traceback (most recent call last):
  File "/home/brian_bosho/FP/FP/src/run_enhanced.py", line 626, in run_federated_learning
    server_model.load_state_dict(avg_state_dict)
  File "/home/brian_bosho/miniconda3/lib/python3.12/site-packages/torch/nn/modules/module.py", line 2584, in load_state_dict
    raise RuntimeError(
RuntimeError: Error(s) in loading state_dict for GCN:
	Missing key(s) in state_dict: "convs.1.bias", "convs.1.lin.weight". 
	Unexpected key(s) in state_dict: "bns.0.module.weight", "bns.0.module.bias", "bns.0.module.running_mean", "bns.0.module.running_var", "bns.0.module.num_batches_tracked", "conv_out.bias", "conv_out.lin.weight". 

2025-03-10 00:08:36,263 - __main__ - INFO - Global model - Test Accuracy: 0.3235
2025-03-10 00:08:36,264 - __main__ - INFO - Round 25 - Avg Train Loss: 1.5179, Avg Train Acc: 0.5220, Avg Val Acc: 0.5220, Avg Test Acc: 0.4842, Global Test Acc: 0.3235
2025-03-10 00:08:36,386 - __main__ - INFO - Round 26/50
2025-03-10 00:08:36,386 - __main__ - INFO - CPU Memory Usage: 0.94 GB
2025-03-10 00:08:36,386 - __main__ - INFO - GPU 0 Memory: 0.00 GB allocated, 0.00 GB reserved
2025-03-10 00:08:36,496 - __main__ - INFO - Starting client training for global round 25
2025-03-10 00:08:36,740 - __main__ - INFO - Average metrics - Train Loss: 1.5041, Train Acc: 0.5253, Val Acc: 0.5253, Test Acc: 0.4828
2025-03-10 00:08:36,740 - __main__ - INFO - Collecting client parameters for aggregation
2025-03-10 00:08:36,765 - __main__ - ERROR - Error in parameter aggregation: Error(s) in loading state_dict for GCN:
	Missing key(s) in state_dict: "convs.1.bias", "convs.1.lin.weight". 
	Unexpected key(s) in state_dict: "bns.0.module.weight", "bns.0.module.bias", "bns.0.module.running_mean", "bns.0.module.running_var", "bns.0.module.num_batches_tracked", "conv_out.bias", "conv_out.lin.weight". 
2025-03-10 00:08:36,765 - __main__ - ERROR - Traceback (most recent call last):
  File "/home/brian_bosho/FP/FP/src/run_enhanced.py", line 626, in run_federated_learning
    server_model.load_state_dict(avg_state_dict)
  File "/home/brian_bosho/miniconda3/lib/python3.12/site-packages/torch/nn/modules/module.py", line 2584, in load_state_dict
    raise RuntimeError(
RuntimeError: Error(s) in loading state_dict for GCN:
	Missing key(s) in state_dict: "convs.1.bias", "convs.1.lin.weight". 
	Unexpected key(s) in state_dict: "bns.0.module.weight", "bns.0.module.bias", "bns.0.module.running_mean", "bns.0.module.running_var", "bns.0.module.num_batches_tracked", "conv_out.bias", "conv_out.lin.weight". 

2025-03-10 00:08:36,767 - __main__ - INFO - Global model - Test Accuracy: 0.3235
2025-03-10 00:08:36,767 - __main__ - INFO - Round 26 - Avg Train Loss: 1.5041, Avg Train Acc: 0.5253, Avg Val Acc: 0.5253, Avg Test Acc: 0.4828, Global Test Acc: 0.3235
2025-03-10 00:08:36,894 - __main__ - INFO - Round 27/50
2025-03-10 00:08:36,894 - __main__ - INFO - CPU Memory Usage: 0.94 GB
2025-03-10 00:08:36,894 - __main__ - INFO - GPU 0 Memory: 0.00 GB allocated, 0.00 GB reserved
2025-03-10 00:08:37,003 - __main__ - INFO - Starting client training for global round 26
2025-03-10 00:08:37,243 - __main__ - INFO - Average metrics - Train Loss: 1.4898, Train Acc: 0.5330, Val Acc: 0.5330, Test Acc: 0.4800
2025-03-10 00:08:37,243 - __main__ - INFO - Collecting client parameters for aggregation
2025-03-10 00:08:37,267 - __main__ - ERROR - Error in parameter aggregation: Error(s) in loading state_dict for GCN:
	Missing key(s) in state_dict: "convs.1.bias", "convs.1.lin.weight". 
	Unexpected key(s) in state_dict: "bns.0.module.weight", "bns.0.module.bias", "bns.0.module.running_mean", "bns.0.module.running_var", "bns.0.module.num_batches_tracked", "conv_out.bias", "conv_out.lin.weight". 
2025-03-10 00:08:37,268 - __main__ - ERROR - Traceback (most recent call last):
  File "/home/brian_bosho/FP/FP/src/run_enhanced.py", line 626, in run_federated_learning
    server_model.load_state_dict(avg_state_dict)
  File "/home/brian_bosho/miniconda3/lib/python3.12/site-packages/torch/nn/modules/module.py", line 2584, in load_state_dict
    raise RuntimeError(
RuntimeError: Error(s) in loading state_dict for GCN:
	Missing key(s) in state_dict: "convs.1.bias", "convs.1.lin.weight". 
	Unexpected key(s) in state_dict: "bns.0.module.weight", "bns.0.module.bias", "bns.0.module.running_mean", "bns.0.module.running_var", "bns.0.module.num_batches_tracked", "conv_out.bias", "conv_out.lin.weight". 

2025-03-10 00:08:37,273 - __main__ - INFO - Global model - Test Accuracy: 0.3235
2025-03-10 00:08:37,273 - __main__ - INFO - Round 27 - Avg Train Loss: 1.4898, Avg Train Acc: 0.5330, Avg Val Acc: 0.5330, Avg Test Acc: 0.4800, Global Test Acc: 0.3235
2025-03-10 00:08:37,400 - __main__ - INFO - Round 28/50
2025-03-10 00:08:37,400 - __main__ - INFO - CPU Memory Usage: 0.94 GB
2025-03-10 00:08:37,400 - __main__ - INFO - GPU 0 Memory: 0.00 GB allocated, 0.00 GB reserved
2025-03-10 00:08:37,508 - __main__ - INFO - Starting client training for global round 27
2025-03-10 00:08:37,748 - __main__ - INFO - Average metrics - Train Loss: 1.4738, Train Acc: 0.5341, Val Acc: 0.5341, Test Acc: 0.4786
2025-03-10 00:08:37,749 - __main__ - INFO - Collecting client parameters for aggregation
2025-03-10 00:08:37,774 - __main__ - ERROR - Error in parameter aggregation: Error(s) in loading state_dict for GCN:
	Missing key(s) in state_dict: "convs.1.bias", "convs.1.lin.weight". 
	Unexpected key(s) in state_dict: "bns.0.module.weight", "bns.0.module.bias", "bns.0.module.running_mean", "bns.0.module.running_var", "bns.0.module.num_batches_tracked", "conv_out.bias", "conv_out.lin.weight". 
2025-03-10 00:08:37,775 - __main__ - ERROR - Traceback (most recent call last):
  File "/home/brian_bosho/FP/FP/src/run_enhanced.py", line 626, in run_federated_learning
    server_model.load_state_dict(avg_state_dict)
  File "/home/brian_bosho/miniconda3/lib/python3.12/site-packages/torch/nn/modules/module.py", line 2584, in load_state_dict
    raise RuntimeError(
RuntimeError: Error(s) in loading state_dict for GCN:
	Missing key(s) in state_dict: "convs.1.bias", "convs.1.lin.weight". 
	Unexpected key(s) in state_dict: "bns.0.module.weight", "bns.0.module.bias", "bns.0.module.running_mean", "bns.0.module.running_var", "bns.0.module.num_batches_tracked", "conv_out.bias", "conv_out.lin.weight". 

2025-03-10 00:08:37,776 - __main__ - INFO - Global model - Test Accuracy: 0.3235
2025-03-10 00:08:37,776 - __main__ - INFO - Round 28 - Avg Train Loss: 1.4738, Avg Train Acc: 0.5341, Avg Val Acc: 0.5341, Avg Test Acc: 0.4786, Global Test Acc: 0.3235
2025-03-10 00:08:37,898 - __main__ - INFO - Round 29/50
2025-03-10 00:08:37,898 - __main__ - INFO - CPU Memory Usage: 0.94 GB
2025-03-10 00:08:37,898 - __main__ - INFO - GPU 0 Memory: 0.00 GB allocated, 0.00 GB reserved
2025-03-10 00:08:38,013 - __main__ - INFO - Starting client training for global round 28
2025-03-10 00:08:38,254 - __main__ - INFO - Average metrics - Train Loss: 1.4558, Train Acc: 0.5368, Val Acc: 0.5368, Test Acc: 0.4793
2025-03-10 00:08:38,254 - __main__ - INFO - Collecting client parameters for aggregation
2025-03-10 00:08:38,280 - __main__ - ERROR - Error in parameter aggregation: Error(s) in loading state_dict for GCN:
	Missing key(s) in state_dict: "convs.1.bias", "convs.1.lin.weight". 
	Unexpected key(s) in state_dict: "bns.0.module.weight", "bns.0.module.bias", "bns.0.module.running_mean", "bns.0.module.running_var", "bns.0.module.num_batches_tracked", "conv_out.bias", "conv_out.lin.weight". 
2025-03-10 00:08:38,281 - __main__ - ERROR - Traceback (most recent call last):
  File "/home/brian_bosho/FP/FP/src/run_enhanced.py", line 626, in run_federated_learning
    server_model.load_state_dict(avg_state_dict)
  File "/home/brian_bosho/miniconda3/lib/python3.12/site-packages/torch/nn/modules/module.py", line 2584, in load_state_dict
    raise RuntimeError(
RuntimeError: Error(s) in loading state_dict for GCN:
	Missing key(s) in state_dict: "convs.1.bias", "convs.1.lin.weight". 
	Unexpected key(s) in state_dict: "bns.0.module.weight", "bns.0.module.bias", "bns.0.module.running_mean", "bns.0.module.running_var", "bns.0.module.num_batches_tracked", "conv_out.bias", "conv_out.lin.weight". 

2025-03-10 00:08:38,282 - __main__ - INFO - Global model - Test Accuracy: 0.2941
2025-03-10 00:08:38,282 - __main__ - INFO - Round 29 - Avg Train Loss: 1.4558, Avg Train Acc: 0.5368, Avg Val Acc: 0.5368, Avg Test Acc: 0.4793, Global Test Acc: 0.2941
2025-03-10 00:08:38,405 - __main__ - INFO - Round 30/50
2025-03-10 00:08:38,405 - __main__ - INFO - CPU Memory Usage: 0.94 GB
2025-03-10 00:08:38,406 - __main__ - INFO - GPU 0 Memory: 0.00 GB allocated, 0.00 GB reserved
2025-03-10 00:08:38,528 - __main__ - INFO - Starting client training for global round 29
2025-03-10 00:08:38,773 - __main__ - INFO - Average metrics - Train Loss: 1.4361, Train Acc: 0.5485, Val Acc: 0.5485, Test Acc: 0.4922
2025-03-10 00:08:38,773 - __main__ - INFO - Collecting client parameters for aggregation
2025-03-10 00:08:38,798 - __main__ - ERROR - Error in parameter aggregation: Error(s) in loading state_dict for GCN:
	Missing key(s) in state_dict: "convs.1.bias", "convs.1.lin.weight". 
	Unexpected key(s) in state_dict: "bns.0.module.weight", "bns.0.module.bias", "bns.0.module.running_mean", "bns.0.module.running_var", "bns.0.module.num_batches_tracked", "conv_out.bias", "conv_out.lin.weight". 
2025-03-10 00:08:38,799 - __main__ - ERROR - Traceback (most recent call last):
  File "/home/brian_bosho/FP/FP/src/run_enhanced.py", line 626, in run_federated_learning
    server_model.load_state_dict(avg_state_dict)
  File "/home/brian_bosho/miniconda3/lib/python3.12/site-packages/torch/nn/modules/module.py", line 2584, in load_state_dict
    raise RuntimeError(
RuntimeError: Error(s) in loading state_dict for GCN:
	Missing key(s) in state_dict: "convs.1.bias", "convs.1.lin.weight". 
	Unexpected key(s) in state_dict: "bns.0.module.weight", "bns.0.module.bias", "bns.0.module.running_mean", "bns.0.module.running_var", "bns.0.module.num_batches_tracked", "conv_out.bias", "conv_out.lin.weight". 

2025-03-10 00:08:38,807 - __main__ - INFO - Global model - Test Accuracy: 0.2941
2025-03-10 00:08:38,807 - __main__ - INFO - Round 30 - Avg Train Loss: 1.4361, Avg Train Acc: 0.5485, Avg Val Acc: 0.5485, Avg Test Acc: 0.4922, Global Test Acc: 0.2941
2025-03-10 00:08:38,937 - __main__ - INFO - Round 31/50
2025-03-10 00:08:38,938 - __main__ - INFO - CPU Memory Usage: 0.94 GB
2025-03-10 00:08:38,938 - __main__ - INFO - GPU 0 Memory: 0.00 GB allocated, 0.00 GB reserved
2025-03-10 00:08:39,051 - __main__ - INFO - Starting client training for global round 30
2025-03-10 00:08:39,294 - __main__ - INFO - Average metrics - Train Loss: 1.4140, Train Acc: 0.5587, Val Acc: 0.5587, Test Acc: 0.5000
2025-03-10 00:08:39,294 - __main__ - INFO - Collecting client parameters for aggregation
2025-03-10 00:08:39,319 - __main__ - ERROR - Error in parameter aggregation: Error(s) in loading state_dict for GCN:
	Missing key(s) in state_dict: "convs.1.bias", "convs.1.lin.weight". 
	Unexpected key(s) in state_dict: "bns.0.module.weight", "bns.0.module.bias", "bns.0.module.running_mean", "bns.0.module.running_var", "bns.0.module.num_batches_tracked", "conv_out.bias", "conv_out.lin.weight". 
2025-03-10 00:08:39,320 - __main__ - ERROR - Traceback (most recent call last):
  File "/home/brian_bosho/FP/FP/src/run_enhanced.py", line 626, in run_federated_learning
    server_model.load_state_dict(avg_state_dict)
  File "/home/brian_bosho/miniconda3/lib/python3.12/site-packages/torch/nn/modules/module.py", line 2584, in load_state_dict
    raise RuntimeError(
RuntimeError: Error(s) in loading state_dict for GCN:
	Missing key(s) in state_dict: "convs.1.bias", "convs.1.lin.weight". 
	Unexpected key(s) in state_dict: "bns.0.module.weight", "bns.0.module.bias", "bns.0.module.running_mean", "bns.0.module.running_var", "bns.0.module.num_batches_tracked", "conv_out.bias", "conv_out.lin.weight". 

2025-03-10 00:08:39,321 - __main__ - INFO - Global model - Test Accuracy: 0.2941
2025-03-10 00:08:39,321 - __main__ - INFO - Round 31 - Avg Train Loss: 1.4140, Avg Train Acc: 0.5587, Avg Val Acc: 0.5587, Avg Test Acc: 0.5000, Global Test Acc: 0.2941
2025-03-10 00:08:39,445 - __main__ - INFO - Round 32/50
2025-03-10 00:08:39,445 - __main__ - INFO - CPU Memory Usage: 0.94 GB
2025-03-10 00:08:39,445 - __main__ - INFO - GPU 0 Memory: 0.00 GB allocated, 0.00 GB reserved
2025-03-10 00:08:39,561 - __main__ - INFO - Starting client training for global round 31
2025-03-10 00:08:39,804 - __main__ - INFO - Average metrics - Train Loss: 1.4015, Train Acc: 0.5636, Val Acc: 0.5636, Test Acc: 0.5140
2025-03-10 00:08:39,804 - __main__ - INFO - Collecting client parameters for aggregation
2025-03-10 00:08:39,829 - __main__ - ERROR - Error in parameter aggregation: Error(s) in loading state_dict for GCN:
	Missing key(s) in state_dict: "convs.1.bias", "convs.1.lin.weight". 
	Unexpected key(s) in state_dict: "bns.0.module.weight", "bns.0.module.bias", "bns.0.module.running_mean", "bns.0.module.running_var", "bns.0.module.num_batches_tracked", "conv_out.bias", "conv_out.lin.weight". 
2025-03-10 00:08:39,829 - __main__ - ERROR - Traceback (most recent call last):
  File "/home/brian_bosho/FP/FP/src/run_enhanced.py", line 626, in run_federated_learning
    server_model.load_state_dict(avg_state_dict)
  File "/home/brian_bosho/miniconda3/lib/python3.12/site-packages/torch/nn/modules/module.py", line 2584, in load_state_dict
    raise RuntimeError(
RuntimeError: Error(s) in loading state_dict for GCN:
	Missing key(s) in state_dict: "convs.1.bias", "convs.1.lin.weight". 
	Unexpected key(s) in state_dict: "bns.0.module.weight", "bns.0.module.bias", "bns.0.module.running_mean", "bns.0.module.running_var", "bns.0.module.num_batches_tracked", "conv_out.bias", "conv_out.lin.weight". 

2025-03-10 00:08:39,832 - __main__ - INFO - Global model - Test Accuracy: 0.2941
2025-03-10 00:08:39,832 - __main__ - INFO - Round 32 - Avg Train Loss: 1.4015, Avg Train Acc: 0.5636, Avg Val Acc: 0.5636, Avg Test Acc: 0.5140, Global Test Acc: 0.2941
2025-03-10 00:08:39,978 - __main__ - INFO - Round 33/50
2025-03-10 00:08:39,979 - __main__ - INFO - CPU Memory Usage: 0.94 GB
2025-03-10 00:08:39,979 - __main__ - INFO - GPU 0 Memory: 0.00 GB allocated, 0.00 GB reserved
2025-03-10 00:08:40,101 - __main__ - INFO - Starting client training for global round 32
2025-03-10 00:08:40,344 - __main__ - INFO - Average metrics - Train Loss: 1.3860, Train Acc: 0.5569, Val Acc: 0.5569, Test Acc: 0.5123
2025-03-10 00:08:40,345 - __main__ - INFO - Collecting client parameters for aggregation
2025-03-10 00:08:40,370 - __main__ - ERROR - Error in parameter aggregation: Error(s) in loading state_dict for GCN:
	Missing key(s) in state_dict: "convs.1.bias", "convs.1.lin.weight". 
	Unexpected key(s) in state_dict: "bns.0.module.weight", "bns.0.module.bias", "bns.0.module.running_mean", "bns.0.module.running_var", "bns.0.module.num_batches_tracked", "conv_out.bias", "conv_out.lin.weight". 
2025-03-10 00:08:40,371 - __main__ - ERROR - Traceback (most recent call last):
  File "/home/brian_bosho/FP/FP/src/run_enhanced.py", line 626, in run_federated_learning
    server_model.load_state_dict(avg_state_dict)
  File "/home/brian_bosho/miniconda3/lib/python3.12/site-packages/torch/nn/modules/module.py", line 2584, in load_state_dict
    raise RuntimeError(
RuntimeError: Error(s) in loading state_dict for GCN:
	Missing key(s) in state_dict: "convs.1.bias", "convs.1.lin.weight". 
	Unexpected key(s) in state_dict: "bns.0.module.weight", "bns.0.module.bias", "bns.0.module.running_mean", "bns.0.module.running_var", "bns.0.module.num_batches_tracked", "conv_out.bias", "conv_out.lin.weight". 

2025-03-10 00:08:40,375 - __main__ - INFO - Global model - Test Accuracy: 0.2941
2025-03-10 00:08:40,375 - __main__ - INFO - Round 33 - Avg Train Loss: 1.3860, Avg Train Acc: 0.5569, Avg Val Acc: 0.5569, Avg Test Acc: 0.5123, Global Test Acc: 0.2941
2025-03-10 00:08:40,500 - __main__ - INFO - Round 34/50
2025-03-10 00:08:40,500 - __main__ - INFO - CPU Memory Usage: 0.94 GB
2025-03-10 00:08:40,501 - __main__ - INFO - GPU 0 Memory: 0.00 GB allocated, 0.00 GB reserved
2025-03-10 00:08:40,608 - __main__ - INFO - Starting client training for global round 33
2025-03-10 00:08:40,851 - __main__ - INFO - Average metrics - Train Loss: 1.3694, Train Acc: 0.5550, Val Acc: 0.5550, Test Acc: 0.5161
2025-03-10 00:08:40,851 - __main__ - INFO - Collecting client parameters for aggregation
2025-03-10 00:08:40,874 - __main__ - ERROR - Error in parameter aggregation: Error(s) in loading state_dict for GCN:
	Missing key(s) in state_dict: "convs.1.bias", "convs.1.lin.weight". 
	Unexpected key(s) in state_dict: "bns.0.module.weight", "bns.0.module.bias", "bns.0.module.running_mean", "bns.0.module.running_var", "bns.0.module.num_batches_tracked", "conv_out.bias", "conv_out.lin.weight". 
2025-03-10 00:08:40,875 - __main__ - ERROR - Traceback (most recent call last):
  File "/home/brian_bosho/FP/FP/src/run_enhanced.py", line 626, in run_federated_learning
    server_model.load_state_dict(avg_state_dict)
  File "/home/brian_bosho/miniconda3/lib/python3.12/site-packages/torch/nn/modules/module.py", line 2584, in load_state_dict
    raise RuntimeError(
RuntimeError: Error(s) in loading state_dict for GCN:
	Missing key(s) in state_dict: "convs.1.bias", "convs.1.lin.weight". 
	Unexpected key(s) in state_dict: "bns.0.module.weight", "bns.0.module.bias", "bns.0.module.running_mean", "bns.0.module.running_var", "bns.0.module.num_batches_tracked", "conv_out.bias", "conv_out.lin.weight". 

2025-03-10 00:08:40,876 - __main__ - INFO - Global model - Test Accuracy: 0.2941
2025-03-10 00:08:40,876 - __main__ - INFO - Round 34 - Avg Train Loss: 1.3694, Avg Train Acc: 0.5550, Avg Val Acc: 0.5550, Avg Test Acc: 0.5161, Global Test Acc: 0.2941
2025-03-10 00:08:41,005 - __main__ - INFO - Round 35/50
2025-03-10 00:08:41,006 - __main__ - INFO - CPU Memory Usage: 0.94 GB
2025-03-10 00:08:41,006 - __main__ - INFO - GPU 0 Memory: 0.00 GB allocated, 0.00 GB reserved
2025-03-10 00:08:41,118 - __main__ - INFO - Starting client training for global round 34
2025-03-10 00:08:41,363 - __main__ - INFO - Average metrics - Train Loss: 1.3531, Train Acc: 0.5626, Val Acc: 0.5626, Test Acc: 0.5189
2025-03-10 00:08:41,363 - __main__ - INFO - Collecting client parameters for aggregation
2025-03-10 00:08:41,387 - __main__ - ERROR - Error in parameter aggregation: Error(s) in loading state_dict for GCN:
	Missing key(s) in state_dict: "convs.1.bias", "convs.1.lin.weight". 
	Unexpected key(s) in state_dict: "bns.0.module.weight", "bns.0.module.bias", "bns.0.module.running_mean", "bns.0.module.running_var", "bns.0.module.num_batches_tracked", "conv_out.bias", "conv_out.lin.weight". 
2025-03-10 00:08:41,387 - __main__ - ERROR - Traceback (most recent call last):
  File "/home/brian_bosho/FP/FP/src/run_enhanced.py", line 626, in run_federated_learning
    server_model.load_state_dict(avg_state_dict)
  File "/home/brian_bosho/miniconda3/lib/python3.12/site-packages/torch/nn/modules/module.py", line 2584, in load_state_dict
    raise RuntimeError(
RuntimeError: Error(s) in loading state_dict for GCN:
	Missing key(s) in state_dict: "convs.1.bias", "convs.1.lin.weight". 
	Unexpected key(s) in state_dict: "bns.0.module.weight", "bns.0.module.bias", "bns.0.module.running_mean", "bns.0.module.running_var", "bns.0.module.num_batches_tracked", "conv_out.bias", "conv_out.lin.weight". 

2025-03-10 00:08:41,388 - __main__ - INFO - Global model - Test Accuracy: 0.2941
2025-03-10 00:08:41,388 - __main__ - INFO - Round 35 - Avg Train Loss: 1.3531, Avg Train Acc: 0.5626, Avg Val Acc: 0.5626, Avg Test Acc: 0.5189, Global Test Acc: 0.2941
2025-03-10 00:08:41,512 - __main__ - INFO - Round 36/50
2025-03-10 00:08:41,512 - __main__ - INFO - CPU Memory Usage: 0.94 GB
2025-03-10 00:08:41,512 - __main__ - INFO - GPU 0 Memory: 0.00 GB allocated, 0.00 GB reserved
2025-03-10 00:08:41,621 - __main__ - INFO - Starting client training for global round 35
2025-03-10 00:08:41,861 - __main__ - INFO - Average metrics - Train Loss: 1.3371, Train Acc: 0.5569, Val Acc: 0.5569, Test Acc: 0.5264
2025-03-10 00:08:41,861 - __main__ - INFO - Collecting client parameters for aggregation
2025-03-10 00:08:41,886 - __main__ - ERROR - Error in parameter aggregation: Error(s) in loading state_dict for GCN:
	Missing key(s) in state_dict: "convs.1.bias", "convs.1.lin.weight". 
	Unexpected key(s) in state_dict: "bns.0.module.weight", "bns.0.module.bias", "bns.0.module.running_mean", "bns.0.module.running_var", "bns.0.module.num_batches_tracked", "conv_out.bias", "conv_out.lin.weight". 
2025-03-10 00:08:41,886 - __main__ - ERROR - Traceback (most recent call last):
  File "/home/brian_bosho/FP/FP/src/run_enhanced.py", line 626, in run_federated_learning
    server_model.load_state_dict(avg_state_dict)
  File "/home/brian_bosho/miniconda3/lib/python3.12/site-packages/torch/nn/modules/module.py", line 2584, in load_state_dict
    raise RuntimeError(
RuntimeError: Error(s) in loading state_dict for GCN:
	Missing key(s) in state_dict: "convs.1.bias", "convs.1.lin.weight". 
	Unexpected key(s) in state_dict: "bns.0.module.weight", "bns.0.module.bias", "bns.0.module.running_mean", "bns.0.module.running_var", "bns.0.module.num_batches_tracked", "conv_out.bias", "conv_out.lin.weight". 

2025-03-10 00:08:41,887 - __main__ - INFO - Global model - Test Accuracy: 0.2941
2025-03-10 00:08:41,887 - __main__ - INFO - Round 36 - Avg Train Loss: 1.3371, Avg Train Acc: 0.5569, Avg Val Acc: 0.5569, Avg Test Acc: 0.5264, Global Test Acc: 0.2941
2025-03-10 00:08:42,014 - __main__ - INFO - Round 37/50
2025-03-10 00:08:42,014 - __main__ - INFO - CPU Memory Usage: 0.94 GB
2025-03-10 00:08:42,015 - __main__ - INFO - GPU 0 Memory: 0.00 GB allocated, 0.00 GB reserved
2025-03-10 00:08:42,122 - __main__ - INFO - Starting client training for global round 36
2025-03-10 00:08:42,363 - __main__ - INFO - Average metrics - Train Loss: 1.3192, Train Acc: 0.5685, Val Acc: 0.5685, Test Acc: 0.5368
2025-03-10 00:08:42,363 - __main__ - INFO - Collecting client parameters for aggregation
2025-03-10 00:08:42,388 - __main__ - ERROR - Error in parameter aggregation: Error(s) in loading state_dict for GCN:
	Missing key(s) in state_dict: "convs.1.bias", "convs.1.lin.weight". 
	Unexpected key(s) in state_dict: "bns.0.module.weight", "bns.0.module.bias", "bns.0.module.running_mean", "bns.0.module.running_var", "bns.0.module.num_batches_tracked", "conv_out.bias", "conv_out.lin.weight". 
2025-03-10 00:08:42,389 - __main__ - ERROR - Traceback (most recent call last):
  File "/home/brian_bosho/FP/FP/src/run_enhanced.py", line 626, in run_federated_learning
    server_model.load_state_dict(avg_state_dict)
  File "/home/brian_bosho/miniconda3/lib/python3.12/site-packages/torch/nn/modules/module.py", line 2584, in load_state_dict
    raise RuntimeError(
RuntimeError: Error(s) in loading state_dict for GCN:
	Missing key(s) in state_dict: "convs.1.bias", "convs.1.lin.weight". 
	Unexpected key(s) in state_dict: "bns.0.module.weight", "bns.0.module.bias", "bns.0.module.running_mean", "bns.0.module.running_var", "bns.0.module.num_batches_tracked", "conv_out.bias", "conv_out.lin.weight". 

2025-03-10 00:08:42,390 - __main__ - INFO - Global model - Test Accuracy: 0.2941
2025-03-10 00:08:42,390 - __main__ - INFO - Round 37 - Avg Train Loss: 1.3192, Avg Train Acc: 0.5685, Avg Val Acc: 0.5685, Avg Test Acc: 0.5368, Global Test Acc: 0.2941
2025-03-10 00:08:42,518 - __main__ - INFO - Round 38/50
2025-03-10 00:08:42,518 - __main__ - INFO - CPU Memory Usage: 0.94 GB
2025-03-10 00:08:42,519 - __main__ - INFO - GPU 0 Memory: 0.00 GB allocated, 0.00 GB reserved
2025-03-10 00:08:42,628 - __main__ - INFO - Starting client training for global round 37
2025-03-10 00:08:42,868 - __main__ - INFO - Average metrics - Train Loss: 1.3005, Train Acc: 0.5858, Val Acc: 0.5858, Test Acc: 0.5490
2025-03-10 00:08:42,868 - __main__ - INFO - Collecting client parameters for aggregation
2025-03-10 00:08:42,893 - __main__ - ERROR - Error in parameter aggregation: Error(s) in loading state_dict for GCN:
	Missing key(s) in state_dict: "convs.1.bias", "convs.1.lin.weight". 
	Unexpected key(s) in state_dict: "bns.0.module.weight", "bns.0.module.bias", "bns.0.module.running_mean", "bns.0.module.running_var", "bns.0.module.num_batches_tracked", "conv_out.bias", "conv_out.lin.weight". 
2025-03-10 00:08:42,893 - __main__ - ERROR - Traceback (most recent call last):
  File "/home/brian_bosho/FP/FP/src/run_enhanced.py", line 626, in run_federated_learning
    server_model.load_state_dict(avg_state_dict)
  File "/home/brian_bosho/miniconda3/lib/python3.12/site-packages/torch/nn/modules/module.py", line 2584, in load_state_dict
    raise RuntimeError(
RuntimeError: Error(s) in loading state_dict for GCN:
	Missing key(s) in state_dict: "convs.1.bias", "convs.1.lin.weight". 
	Unexpected key(s) in state_dict: "bns.0.module.weight", "bns.0.module.bias", "bns.0.module.running_mean", "bns.0.module.running_var", "bns.0.module.num_batches_tracked", "conv_out.bias", "conv_out.lin.weight". 

2025-03-10 00:08:42,894 - __main__ - INFO - Global model - Test Accuracy: 0.2941
2025-03-10 00:08:42,894 - __main__ - INFO - Round 38 - Avg Train Loss: 1.3005, Avg Train Acc: 0.5858, Avg Val Acc: 0.5858, Avg Test Acc: 0.5490, Global Test Acc: 0.2941
2025-03-10 00:08:43,020 - __main__ - INFO - Round 39/50
2025-03-10 00:08:43,021 - __main__ - INFO - CPU Memory Usage: 0.94 GB
2025-03-10 00:08:43,021 - __main__ - INFO - GPU 0 Memory: 0.00 GB allocated, 0.00 GB reserved
2025-03-10 00:08:43,134 - __main__ - INFO - Starting client training for global round 38
2025-03-10 00:08:43,374 - __main__ - INFO - Average metrics - Train Loss: 1.2817, Train Acc: 0.6016, Val Acc: 0.6016, Test Acc: 0.5526
2025-03-10 00:08:43,374 - __main__ - INFO - Collecting client parameters for aggregation
2025-03-10 00:08:43,399 - __main__ - ERROR - Error in parameter aggregation: Error(s) in loading state_dict for GCN:
	Missing key(s) in state_dict: "convs.1.bias", "convs.1.lin.weight". 
	Unexpected key(s) in state_dict: "bns.0.module.weight", "bns.0.module.bias", "bns.0.module.running_mean", "bns.0.module.running_var", "bns.0.module.num_batches_tracked", "conv_out.bias", "conv_out.lin.weight". 
2025-03-10 00:08:43,400 - __main__ - ERROR - Traceback (most recent call last):
  File "/home/brian_bosho/FP/FP/src/run_enhanced.py", line 626, in run_federated_learning
    server_model.load_state_dict(avg_state_dict)
  File "/home/brian_bosho/miniconda3/lib/python3.12/site-packages/torch/nn/modules/module.py", line 2584, in load_state_dict
    raise RuntimeError(
RuntimeError: Error(s) in loading state_dict for GCN:
	Missing key(s) in state_dict: "convs.1.bias", "convs.1.lin.weight". 
	Unexpected key(s) in state_dict: "bns.0.module.weight", "bns.0.module.bias", "bns.0.module.running_mean", "bns.0.module.running_var", "bns.0.module.num_batches_tracked", "conv_out.bias", "conv_out.lin.weight". 

2025-03-10 00:08:43,401 - __main__ - INFO - Global model - Test Accuracy: 0.2941
2025-03-10 00:08:43,401 - __main__ - INFO - Round 39 - Avg Train Loss: 1.2817, Avg Train Acc: 0.6016, Avg Val Acc: 0.6016, Avg Test Acc: 0.5526, Global Test Acc: 0.2941
2025-03-10 00:08:43,524 - __main__ - INFO - Round 40/50
2025-03-10 00:08:43,525 - __main__ - INFO - CPU Memory Usage: 0.94 GB
2025-03-10 00:08:43,525 - __main__ - INFO - GPU 0 Memory: 0.00 GB allocated, 0.00 GB reserved
2025-03-10 00:08:43,638 - __main__ - INFO - Starting client training for global round 39
2025-03-10 00:08:43,884 - __main__ - INFO - Average metrics - Train Loss: 1.2640, Train Acc: 0.5925, Val Acc: 0.5925, Test Acc: 0.5544
2025-03-10 00:08:43,884 - __main__ - INFO - Collecting client parameters for aggregation
2025-03-10 00:08:43,909 - __main__ - ERROR - Error in parameter aggregation: Error(s) in loading state_dict for GCN:
	Missing key(s) in state_dict: "convs.1.bias", "convs.1.lin.weight". 
	Unexpected key(s) in state_dict: "bns.0.module.weight", "bns.0.module.bias", "bns.0.module.running_mean", "bns.0.module.running_var", "bns.0.module.num_batches_tracked", "conv_out.bias", "conv_out.lin.weight". 
2025-03-10 00:08:43,909 - __main__ - ERROR - Traceback (most recent call last):
  File "/home/brian_bosho/FP/FP/src/run_enhanced.py", line 626, in run_federated_learning
    server_model.load_state_dict(avg_state_dict)
  File "/home/brian_bosho/miniconda3/lib/python3.12/site-packages/torch/nn/modules/module.py", line 2584, in load_state_dict
    raise RuntimeError(
RuntimeError: Error(s) in loading state_dict for GCN:
	Missing key(s) in state_dict: "convs.1.bias", "convs.1.lin.weight". 
	Unexpected key(s) in state_dict: "bns.0.module.weight", "bns.0.module.bias", "bns.0.module.running_mean", "bns.0.module.running_var", "bns.0.module.num_batches_tracked", "conv_out.bias", "conv_out.lin.weight". 

2025-03-10 00:08:43,910 - __main__ - INFO - Global model - Test Accuracy: 0.2941
2025-03-10 00:08:43,910 - __main__ - INFO - Round 40 - Avg Train Loss: 1.2640, Avg Train Acc: 0.5925, Avg Val Acc: 0.5925, Avg Test Acc: 0.5544, Global Test Acc: 0.2941
2025-03-10 00:08:44,041 - __main__ - INFO - Round 41/50
2025-03-10 00:08:44,041 - __main__ - INFO - CPU Memory Usage: 0.94 GB
2025-03-10 00:08:44,041 - __main__ - INFO - GPU 0 Memory: 0.00 GB allocated, 0.00 GB reserved
2025-03-10 00:08:44,152 - __main__ - INFO - Starting client training for global round 40
2025-03-10 00:08:44,397 - __main__ - INFO - Average metrics - Train Loss: 1.2469, Train Acc: 0.5977, Val Acc: 0.5977, Test Acc: 0.5480
2025-03-10 00:08:44,397 - __main__ - INFO - Collecting client parameters for aggregation
2025-03-10 00:08:44,422 - __main__ - ERROR - Error in parameter aggregation: Error(s) in loading state_dict for GCN:
	Missing key(s) in state_dict: "convs.1.bias", "convs.1.lin.weight". 
	Unexpected key(s) in state_dict: "bns.0.module.weight", "bns.0.module.bias", "bns.0.module.running_mean", "bns.0.module.running_var", "bns.0.module.num_batches_tracked", "conv_out.bias", "conv_out.lin.weight". 
2025-03-10 00:08:44,423 - __main__ - ERROR - Traceback (most recent call last):
  File "/home/brian_bosho/FP/FP/src/run_enhanced.py", line 626, in run_federated_learning
    server_model.load_state_dict(avg_state_dict)
  File "/home/brian_bosho/miniconda3/lib/python3.12/site-packages/torch/nn/modules/module.py", line 2584, in load_state_dict
    raise RuntimeError(
RuntimeError: Error(s) in loading state_dict for GCN:
	Missing key(s) in state_dict: "convs.1.bias", "convs.1.lin.weight". 
	Unexpected key(s) in state_dict: "bns.0.module.weight", "bns.0.module.bias", "bns.0.module.running_mean", "bns.0.module.running_var", "bns.0.module.num_batches_tracked", "conv_out.bias", "conv_out.lin.weight". 

2025-03-10 00:08:44,443 - __main__ - INFO - Global model - Test Accuracy: 0.2941
2025-03-10 00:08:44,444 - __main__ - INFO - Round 41 - Avg Train Loss: 1.2469, Avg Train Acc: 0.5977, Avg Val Acc: 0.5977, Avg Test Acc: 0.5480, Global Test Acc: 0.2941
2025-03-10 00:08:44,566 - __main__ - INFO - Round 42/50
2025-03-10 00:08:44,566 - __main__ - INFO - CPU Memory Usage: 0.94 GB
2025-03-10 00:08:44,567 - __main__ - INFO - GPU 0 Memory: 0.00 GB allocated, 0.00 GB reserved
2025-03-10 00:08:44,678 - __main__ - INFO - Starting client training for global round 41
2025-03-10 00:08:44,921 - __main__ - INFO - Average metrics - Train Loss: 1.2288, Train Acc: 0.6000, Val Acc: 0.6000, Test Acc: 0.5430
2025-03-10 00:08:44,921 - __main__ - INFO - Collecting client parameters for aggregation
2025-03-10 00:08:44,948 - __main__ - ERROR - Error in parameter aggregation: Error(s) in loading state_dict for GCN:
	Missing key(s) in state_dict: "convs.1.bias", "convs.1.lin.weight". 
	Unexpected key(s) in state_dict: "bns.0.module.weight", "bns.0.module.bias", "bns.0.module.running_mean", "bns.0.module.running_var", "bns.0.module.num_batches_tracked", "conv_out.bias", "conv_out.lin.weight". 
2025-03-10 00:08:44,948 - __main__ - ERROR - Traceback (most recent call last):
  File "/home/brian_bosho/FP/FP/src/run_enhanced.py", line 626, in run_federated_learning
    server_model.load_state_dict(avg_state_dict)
  File "/home/brian_bosho/miniconda3/lib/python3.12/site-packages/torch/nn/modules/module.py", line 2584, in load_state_dict
    raise RuntimeError(
RuntimeError: Error(s) in loading state_dict for GCN:
	Missing key(s) in state_dict: "convs.1.bias", "convs.1.lin.weight". 
	Unexpected key(s) in state_dict: "bns.0.module.weight", "bns.0.module.bias", "bns.0.module.running_mean", "bns.0.module.running_var", "bns.0.module.num_batches_tracked", "conv_out.bias", "conv_out.lin.weight". 

2025-03-10 00:08:44,949 - __main__ - INFO - Global model - Test Accuracy: 0.2941
2025-03-10 00:08:44,949 - __main__ - INFO - Round 42 - Avg Train Loss: 1.2288, Avg Train Acc: 0.6000, Avg Val Acc: 0.6000, Avg Test Acc: 0.5430, Global Test Acc: 0.2941
2025-03-10 00:08:45,076 - __main__ - INFO - Round 43/50
2025-03-10 00:08:45,077 - __main__ - INFO - CPU Memory Usage: 0.94 GB
2025-03-10 00:08:45,077 - __main__ - INFO - GPU 0 Memory: 0.00 GB allocated, 0.00 GB reserved
2025-03-10 00:08:45,193 - __main__ - INFO - Starting client training for global round 42
2025-03-10 00:08:45,434 - __main__ - INFO - Average metrics - Train Loss: 1.2155, Train Acc: 0.5893, Val Acc: 0.5893, Test Acc: 0.5500
2025-03-10 00:08:45,434 - __main__ - INFO - Collecting client parameters for aggregation
2025-03-10 00:08:45,459 - __main__ - ERROR - Error in parameter aggregation: Error(s) in loading state_dict for GCN:
	Missing key(s) in state_dict: "convs.1.bias", "convs.1.lin.weight". 
	Unexpected key(s) in state_dict: "bns.0.module.weight", "bns.0.module.bias", "bns.0.module.running_mean", "bns.0.module.running_var", "bns.0.module.num_batches_tracked", "conv_out.bias", "conv_out.lin.weight". 
2025-03-10 00:08:45,459 - __main__ - ERROR - Traceback (most recent call last):
  File "/home/brian_bosho/FP/FP/src/run_enhanced.py", line 626, in run_federated_learning
    server_model.load_state_dict(avg_state_dict)
  File "/home/brian_bosho/miniconda3/lib/python3.12/site-packages/torch/nn/modules/module.py", line 2584, in load_state_dict
    raise RuntimeError(
RuntimeError: Error(s) in loading state_dict for GCN:
	Missing key(s) in state_dict: "convs.1.bias", "convs.1.lin.weight". 
	Unexpected key(s) in state_dict: "bns.0.module.weight", "bns.0.module.bias", "bns.0.module.running_mean", "bns.0.module.running_var", "bns.0.module.num_batches_tracked", "conv_out.bias", "conv_out.lin.weight". 

2025-03-10 00:08:45,464 - __main__ - INFO - Global model - Test Accuracy: 0.2941
2025-03-10 00:08:45,464 - __main__ - INFO - Round 43 - Avg Train Loss: 1.2155, Avg Train Acc: 0.5893, Avg Val Acc: 0.5893, Avg Test Acc: 0.5500, Global Test Acc: 0.2941
2025-03-10 00:08:45,589 - __main__ - INFO - Round 44/50
2025-03-10 00:08:45,590 - __main__ - INFO - CPU Memory Usage: 0.94 GB
2025-03-10 00:08:45,590 - __main__ - INFO - GPU 0 Memory: 0.00 GB allocated, 0.00 GB reserved
2025-03-10 00:08:45,692 - __main__ - INFO - Starting client training for global round 43
2025-03-10 00:08:45,932 - __main__ - INFO - Average metrics - Train Loss: 1.2077, Train Acc: 0.5898, Val Acc: 0.5898, Test Acc: 0.5577
2025-03-10 00:08:45,932 - __main__ - INFO - Collecting client parameters for aggregation
2025-03-10 00:08:45,957 - __main__ - ERROR - Error in parameter aggregation: Error(s) in loading state_dict for GCN:
	Missing key(s) in state_dict: "convs.1.bias", "convs.1.lin.weight". 
	Unexpected key(s) in state_dict: "bns.0.module.weight", "bns.0.module.bias", "bns.0.module.running_mean", "bns.0.module.running_var", "bns.0.module.num_batches_tracked", "conv_out.bias", "conv_out.lin.weight". 
2025-03-10 00:08:45,957 - __main__ - ERROR - Traceback (most recent call last):
  File "/home/brian_bosho/FP/FP/src/run_enhanced.py", line 626, in run_federated_learning
    server_model.load_state_dict(avg_state_dict)
  File "/home/brian_bosho/miniconda3/lib/python3.12/site-packages/torch/nn/modules/module.py", line 2584, in load_state_dict
    raise RuntimeError(
RuntimeError: Error(s) in loading state_dict for GCN:
	Missing key(s) in state_dict: "convs.1.bias", "convs.1.lin.weight". 
	Unexpected key(s) in state_dict: "bns.0.module.weight", "bns.0.module.bias", "bns.0.module.running_mean", "bns.0.module.running_var", "bns.0.module.num_batches_tracked", "conv_out.bias", "conv_out.lin.weight". 

2025-03-10 00:08:45,958 - __main__ - INFO - Global model - Test Accuracy: 0.2941
2025-03-10 00:08:45,959 - __main__ - INFO - Round 44 - Avg Train Loss: 1.2077, Avg Train Acc: 0.5898, Avg Val Acc: 0.5898, Avg Test Acc: 0.5577, Global Test Acc: 0.2941
2025-03-10 00:08:46,081 - __main__ - INFO - Round 45/50
2025-03-10 00:08:46,082 - __main__ - INFO - CPU Memory Usage: 0.94 GB
2025-03-10 00:08:46,082 - __main__ - INFO - GPU 0 Memory: 0.00 GB allocated, 0.00 GB reserved
2025-03-10 00:08:46,196 - __main__ - INFO - Starting client training for global round 44
2025-03-10 00:08:46,438 - __main__ - INFO - Average metrics - Train Loss: 1.1997, Train Acc: 0.5923, Val Acc: 0.5923, Test Acc: 0.5692
2025-03-10 00:08:46,438 - __main__ - INFO - Collecting client parameters for aggregation
2025-03-10 00:08:46,462 - __main__ - ERROR - Error in parameter aggregation: Error(s) in loading state_dict for GCN:
	Missing key(s) in state_dict: "convs.1.bias", "convs.1.lin.weight". 
	Unexpected key(s) in state_dict: "bns.0.module.weight", "bns.0.module.bias", "bns.0.module.running_mean", "bns.0.module.running_var", "bns.0.module.num_batches_tracked", "conv_out.bias", "conv_out.lin.weight". 
2025-03-10 00:08:46,463 - __main__ - ERROR - Traceback (most recent call last):
  File "/home/brian_bosho/FP/FP/src/run_enhanced.py", line 626, in run_federated_learning
    server_model.load_state_dict(avg_state_dict)
  File "/home/brian_bosho/miniconda3/lib/python3.12/site-packages/torch/nn/modules/module.py", line 2584, in load_state_dict
    raise RuntimeError(
RuntimeError: Error(s) in loading state_dict for GCN:
	Missing key(s) in state_dict: "convs.1.bias", "convs.1.lin.weight". 
	Unexpected key(s) in state_dict: "bns.0.module.weight", "bns.0.module.bias", "bns.0.module.running_mean", "bns.0.module.running_var", "bns.0.module.num_batches_tracked", "conv_out.bias", "conv_out.lin.weight". 

2025-03-10 00:08:46,466 - __main__ - INFO - Global model - Test Accuracy: 0.2941
2025-03-10 00:08:46,466 - __main__ - INFO - Round 45 - Avg Train Loss: 1.1997, Avg Train Acc: 0.5923, Avg Val Acc: 0.5923, Avg Test Acc: 0.5692, Global Test Acc: 0.2941
2025-03-10 00:08:46,588 - __main__ - INFO - Round 46/50
2025-03-10 00:08:46,588 - __main__ - INFO - CPU Memory Usage: 0.94 GB
2025-03-10 00:08:46,589 - __main__ - INFO - GPU 0 Memory: 0.00 GB allocated, 0.00 GB reserved
2025-03-10 00:08:46,691 - __main__ - INFO - Starting client training for global round 45
2025-03-10 00:08:46,931 - __main__ - INFO - Average metrics - Train Loss: 1.1912, Train Acc: 0.6068, Val Acc: 0.6068, Test Acc: 0.5748
2025-03-10 00:08:46,931 - __main__ - INFO - Collecting client parameters for aggregation
2025-03-10 00:08:46,955 - __main__ - ERROR - Error in parameter aggregation: Error(s) in loading state_dict for GCN:
	Missing key(s) in state_dict: "convs.1.bias", "convs.1.lin.weight". 
	Unexpected key(s) in state_dict: "bns.0.module.weight", "bns.0.module.bias", "bns.0.module.running_mean", "bns.0.module.running_var", "bns.0.module.num_batches_tracked", "conv_out.bias", "conv_out.lin.weight". 
2025-03-10 00:08:46,956 - __main__ - ERROR - Traceback (most recent call last):
  File "/home/brian_bosho/FP/FP/src/run_enhanced.py", line 626, in run_federated_learning
    server_model.load_state_dict(avg_state_dict)
  File "/home/brian_bosho/miniconda3/lib/python3.12/site-packages/torch/nn/modules/module.py", line 2584, in load_state_dict
    raise RuntimeError(
RuntimeError: Error(s) in loading state_dict for GCN:
	Missing key(s) in state_dict: "convs.1.bias", "convs.1.lin.weight". 
	Unexpected key(s) in state_dict: "bns.0.module.weight", "bns.0.module.bias", "bns.0.module.running_mean", "bns.0.module.running_var", "bns.0.module.num_batches_tracked", "conv_out.bias", "conv_out.lin.weight". 

2025-03-10 00:08:46,957 - __main__ - INFO - Global model - Test Accuracy: 0.2941
2025-03-10 00:08:46,957 - __main__ - INFO - Round 46 - Avg Train Loss: 1.1912, Avg Train Acc: 0.6068, Avg Val Acc: 0.6068, Avg Test Acc: 0.5748, Global Test Acc: 0.2941
2025-03-10 00:08:47,087 - __main__ - INFO - Round 47/50
2025-03-10 00:08:47,087 - __main__ - INFO - CPU Memory Usage: 0.94 GB
2025-03-10 00:08:47,087 - __main__ - INFO - GPU 0 Memory: 0.00 GB allocated, 0.00 GB reserved
2025-03-10 00:08:47,194 - __main__ - INFO - Starting client training for global round 46
2025-03-10 00:08:47,439 - __main__ - INFO - Average metrics - Train Loss: 1.1942, Train Acc: 0.6034, Val Acc: 0.6034, Test Acc: 0.5762
2025-03-10 00:08:47,439 - __main__ - INFO - Collecting client parameters for aggregation
2025-03-10 00:08:47,463 - __main__ - ERROR - Error in parameter aggregation: Error(s) in loading state_dict for GCN:
	Missing key(s) in state_dict: "convs.1.bias", "convs.1.lin.weight". 
	Unexpected key(s) in state_dict: "bns.0.module.weight", "bns.0.module.bias", "bns.0.module.running_mean", "bns.0.module.running_var", "bns.0.module.num_batches_tracked", "conv_out.bias", "conv_out.lin.weight". 
2025-03-10 00:08:47,464 - __main__ - ERROR - Traceback (most recent call last):
  File "/home/brian_bosho/FP/FP/src/run_enhanced.py", line 626, in run_federated_learning
    server_model.load_state_dict(avg_state_dict)
  File "/home/brian_bosho/miniconda3/lib/python3.12/site-packages/torch/nn/modules/module.py", line 2584, in load_state_dict
    raise RuntimeError(
RuntimeError: Error(s) in loading state_dict for GCN:
	Missing key(s) in state_dict: "convs.1.bias", "convs.1.lin.weight". 
	Unexpected key(s) in state_dict: "bns.0.module.weight", "bns.0.module.bias", "bns.0.module.running_mean", "bns.0.module.running_var", "bns.0.module.num_batches_tracked", "conv_out.bias", "conv_out.lin.weight". 

2025-03-10 00:08:47,465 - __main__ - INFO - Global model - Test Accuracy: 0.3235
2025-03-10 00:08:47,465 - __main__ - INFO - Round 47 - Avg Train Loss: 1.1942, Avg Train Acc: 0.6034, Avg Val Acc: 0.6034, Avg Test Acc: 0.5762, Global Test Acc: 0.3235
2025-03-10 00:08:47,586 - __main__ - INFO - Round 48/50
2025-03-10 00:08:47,587 - __main__ - INFO - CPU Memory Usage: 0.94 GB
2025-03-10 00:08:47,587 - __main__ - INFO - GPU 0 Memory: 0.00 GB allocated, 0.00 GB reserved
2025-03-10 00:08:47,696 - __main__ - INFO - Starting client training for global round 47
2025-03-10 00:08:47,937 - __main__ - INFO - Average metrics - Train Loss: 1.2032, Train Acc: 0.5981, Val Acc: 0.5981, Test Acc: 0.5738
2025-03-10 00:08:47,938 - __main__ - INFO - Collecting client parameters for aggregation
2025-03-10 00:08:47,962 - __main__ - ERROR - Error in parameter aggregation: Error(s) in loading state_dict for GCN:
	Missing key(s) in state_dict: "convs.1.bias", "convs.1.lin.weight". 
	Unexpected key(s) in state_dict: "bns.0.module.weight", "bns.0.module.bias", "bns.0.module.running_mean", "bns.0.module.running_var", "bns.0.module.num_batches_tracked", "conv_out.bias", "conv_out.lin.weight". 
2025-03-10 00:08:47,963 - __main__ - ERROR - Traceback (most recent call last):
  File "/home/brian_bosho/FP/FP/src/run_enhanced.py", line 626, in run_federated_learning
    server_model.load_state_dict(avg_state_dict)
  File "/home/brian_bosho/miniconda3/lib/python3.12/site-packages/torch/nn/modules/module.py", line 2584, in load_state_dict
    raise RuntimeError(
RuntimeError: Error(s) in loading state_dict for GCN:
	Missing key(s) in state_dict: "convs.1.bias", "convs.1.lin.weight". 
	Unexpected key(s) in state_dict: "bns.0.module.weight", "bns.0.module.bias", "bns.0.module.running_mean", "bns.0.module.running_var", "bns.0.module.num_batches_tracked", "conv_out.bias", "conv_out.lin.weight". 

2025-03-10 00:08:47,964 - __main__ - INFO - Global model - Test Accuracy: 0.3235
2025-03-10 00:08:47,964 - __main__ - INFO - Round 48 - Avg Train Loss: 1.2032, Avg Train Acc: 0.5981, Avg Val Acc: 0.5981, Avg Test Acc: 0.5738, Global Test Acc: 0.3235
2025-03-10 00:08:48,088 - __main__ - INFO - Round 49/50
2025-03-10 00:08:48,088 - __main__ - INFO - CPU Memory Usage: 0.94 GB
2025-03-10 00:08:48,088 - __main__ - INFO - GPU 0 Memory: 0.00 GB allocated, 0.00 GB reserved
2025-03-10 00:08:48,192 - __main__ - INFO - Starting client training for global round 48
2025-03-10 00:08:48,434 - __main__ - INFO - Average metrics - Train Loss: 1.2111, Train Acc: 0.5979, Val Acc: 0.5979, Test Acc: 0.5722
2025-03-10 00:08:48,434 - __main__ - INFO - Collecting client parameters for aggregation
2025-03-10 00:08:48,458 - __main__ - ERROR - Error in parameter aggregation: Error(s) in loading state_dict for GCN:
	Missing key(s) in state_dict: "convs.1.bias", "convs.1.lin.weight". 
	Unexpected key(s) in state_dict: "bns.0.module.weight", "bns.0.module.bias", "bns.0.module.running_mean", "bns.0.module.running_var", "bns.0.module.num_batches_tracked", "conv_out.bias", "conv_out.lin.weight". 
2025-03-10 00:08:48,459 - __main__ - ERROR - Traceback (most recent call last):
  File "/home/brian_bosho/FP/FP/src/run_enhanced.py", line 626, in run_federated_learning
    server_model.load_state_dict(avg_state_dict)
  File "/home/brian_bosho/miniconda3/lib/python3.12/site-packages/torch/nn/modules/module.py", line 2584, in load_state_dict
    raise RuntimeError(
RuntimeError: Error(s) in loading state_dict for GCN:
	Missing key(s) in state_dict: "convs.1.bias", "convs.1.lin.weight". 
	Unexpected key(s) in state_dict: "bns.0.module.weight", "bns.0.module.bias", "bns.0.module.running_mean", "bns.0.module.running_var", "bns.0.module.num_batches_tracked", "conv_out.bias", "conv_out.lin.weight". 

2025-03-10 00:08:48,460 - __main__ - INFO - Global model - Test Accuracy: 0.3235
2025-03-10 00:08:48,460 - __main__ - INFO - Round 49 - Avg Train Loss: 1.2111, Avg Train Acc: 0.5979, Avg Val Acc: 0.5979, Avg Test Acc: 0.5722, Global Test Acc: 0.3235
2025-03-10 00:08:48,586 - __main__ - INFO - Round 50/50
2025-03-10 00:08:48,587 - __main__ - INFO - CPU Memory Usage: 0.94 GB
2025-03-10 00:08:48,587 - __main__ - INFO - GPU 0 Memory: 0.00 GB allocated, 0.00 GB reserved
2025-03-10 00:08:48,693 - __main__ - INFO - Starting client training for global round 49
2025-03-10 00:08:48,941 - __main__ - INFO - Average metrics - Train Loss: 1.2179, Train Acc: 0.5944, Val Acc: 0.5944, Test Acc: 0.5694
2025-03-10 00:08:48,941 - __main__ - INFO - Collecting client parameters for aggregation
2025-03-10 00:08:48,965 - __main__ - ERROR - Error in parameter aggregation: Error(s) in loading state_dict for GCN:
	Missing key(s) in state_dict: "convs.1.bias", "convs.1.lin.weight". 
	Unexpected key(s) in state_dict: "bns.0.module.weight", "bns.0.module.bias", "bns.0.module.running_mean", "bns.0.module.running_var", "bns.0.module.num_batches_tracked", "conv_out.bias", "conv_out.lin.weight". 
2025-03-10 00:08:48,966 - __main__ - ERROR - Traceback (most recent call last):
  File "/home/brian_bosho/FP/FP/src/run_enhanced.py", line 626, in run_federated_learning
    server_model.load_state_dict(avg_state_dict)
  File "/home/brian_bosho/miniconda3/lib/python3.12/site-packages/torch/nn/modules/module.py", line 2584, in load_state_dict
    raise RuntimeError(
RuntimeError: Error(s) in loading state_dict for GCN:
	Missing key(s) in state_dict: "convs.1.bias", "convs.1.lin.weight". 
	Unexpected key(s) in state_dict: "bns.0.module.weight", "bns.0.module.bias", "bns.0.module.running_mean", "bns.0.module.running_var", "bns.0.module.num_batches_tracked", "conv_out.bias", "conv_out.lin.weight". 

2025-03-10 00:08:48,967 - __main__ - INFO - Global model - Test Accuracy: 0.2941
2025-03-10 00:08:48,967 - __main__ - INFO - Round 50 - Avg Train Loss: 1.2179, Avg Train Acc: 0.5944, Avg Val Acc: 0.5944, Avg Test Acc: 0.5694, Global Test Acc: 0.2941
2025-03-10 00:08:49,110 - __main__ - INFO - Results saved to JSON: results/results_Cora_zero_auto_20250310_000849.json
2025-03-10 00:08:49,111 - __main__ - INFO - Text results saved to: results/results_Cora_zero_auto_20250310_000849.txt
2025-03-10 00:08:49,114 - __main__ - INFO - Rounds data saved to: results/rounds_Cora_zero_auto_20250310_000849.csv
2025-03-10 00:08:49,115 - __main__ - INFO - Summary data saved to: results/summary_Cora_zero_auto_20250310_000849.csv
2025-03-10 00:08:49,116 - __main__ - INFO - Results arrays saved to: results/results_arrays_Cora_zero_auto_20250310_000849.csv
2025-03-10 00:08:49,116 - __main__ - INFO - Training completed successfully
