2025-03-09 23:54:33,534 - __main__ - INFO - Starting enhanced federated learning with Cora dataset
2025-03-09 23:54:33,535 - __main__ - INFO - Random seed set to 42
2025-03-09 23:54:33,535 - __main__ - INFO - Using memory-efficient models
2025-03-09 23:54:35,369 - __main__ - INFO - Ray initialized successfully
2025-03-09 23:54:35,369 - __main__ - INFO - Using CPU
2025-03-09 23:54:35,517 - __main__ - INFO - CPU Memory Usage: 0.67 GB
2025-03-09 23:54:35,563 - __main__ - INFO - GPU 0 Memory: 0.00 GB allocated, 0.00 GB reserved
2025-03-09 23:54:35,564 - __main__ - INFO - Loading dataset: Cora
2025-03-09 23:54:35,626 - __main__ - INFO - Dataset: Cora
2025-03-09 23:54:35,626 - __main__ - INFO - Number of nodes: 2708
2025-03-09 23:54:35,626 - __main__ - INFO - Number of features: 1433
2025-03-09 23:54:35,628 - __main__ - INFO - Number of classes: 7
2025-03-09 23:54:35,628 - __main__ - INFO - Number of edges: 10556
2025-03-09 23:54:35,629 - __main__ - INFO - CPU Memory Usage: 0.76 GB
2025-03-09 23:54:35,629 - __main__ - INFO - GPU 0 Memory: 0.00 GB allocated, 0.00 GB reserved
2025-03-09 23:54:35,630 - __main__ - INFO - Using standard GCN model for cora
2025-03-09 23:54:35,661 - __main__ - INFO - Global model type: EnhancedGCN
2025-03-09 23:54:35,661 - __main__ - INFO - Total model parameters: 23095
2025-03-09 23:54:35,661 - __main__ - INFO - Training for 50 rounds with 3 local epochs per round
2025-03-09 23:54:35,662 - __main__ - INFO - Initializing 10 clients with 2 epochs per round
2025-03-09 23:54:35,755 - __main__ - INFO - Initialized 10 clients
2025-03-09 23:54:35,758 - __main__ - INFO - Starting federated training for 50 rounds
2025-03-09 23:54:35,758 - __main__ - INFO - Round 1/50
2025-03-09 23:54:35,758 - __main__ - INFO - CPU Memory Usage: 0.82 GB
2025-03-09 23:54:35,758 - __main__ - INFO - GPU 0 Memory: 0.00 GB allocated, 0.00 GB reserved
2025-03-09 23:54:35,936 - __main__ - INFO - Starting client training for global round 0
2025-03-09 23:54:39,025 - __main__ - INFO - Average metrics - Train Loss: 1.8984, Train Acc: 0.6960, Val Acc: 0.6960, Test Acc: 0.7420
2025-03-09 23:54:39,025 - __main__ - INFO - Collecting client parameters for aggregation
2025-03-09 23:54:39,059 - __main__ - INFO - Completed global round 0
2025-03-09 23:54:39,062 - __main__ - INFO - Global model - Test Accuracy: 0.0065
2025-03-09 23:54:39,063 - __main__ - INFO - Round 1 - Avg Train Loss: 1.8984, Avg Train Acc: 0.6960, Avg Val Acc: 0.6960, Avg Test Acc: 0.7420, Global Test Acc: 0.0065
2025-03-09 23:54:39,190 - __main__ - INFO - Round 2/50
2025-03-09 23:54:39,190 - __main__ - INFO - CPU Memory Usage: 0.82 GB
2025-03-09 23:54:39,190 - __main__ - INFO - GPU 0 Memory: 0.00 GB allocated, 0.00 GB reserved
2025-03-09 23:54:39,302 - __main__ - INFO - Starting client training for global round 1
2025-03-09 23:54:39,455 - __main__ - INFO - Average metrics - Train Loss: 1.9135, Train Acc: 0.6564, Val Acc: 0.6564, Test Acc: 0.7001
2025-03-09 23:54:39,455 - __main__ - INFO - Collecting client parameters for aggregation
2025-03-09 23:54:39,486 - __main__ - INFO - Completed global round 1
2025-03-09 23:54:39,488 - __main__ - INFO - Global model - Test Accuracy: 0.0000
2025-03-09 23:54:39,489 - __main__ - INFO - Round 2 - Avg Train Loss: 1.9135, Avg Train Acc: 0.6564, Avg Val Acc: 0.6564, Avg Test Acc: 0.7001, Global Test Acc: 0.0000
2025-03-09 23:54:39,613 - __main__ - INFO - Round 3/50
2025-03-09 23:54:39,613 - __main__ - INFO - CPU Memory Usage: 0.82 GB
2025-03-09 23:54:39,613 - __main__ - INFO - GPU 0 Memory: 0.00 GB allocated, 0.00 GB reserved
2025-03-09 23:54:39,718 - __main__ - INFO - Starting client training for global round 2
2025-03-09 23:54:39,869 - __main__ - INFO - Average metrics - Train Loss: 1.9117, Train Acc: 0.6662, Val Acc: 0.6662, Test Acc: 0.7188
2025-03-09 23:54:39,869 - __main__ - INFO - Collecting client parameters for aggregation
2025-03-09 23:54:39,899 - __main__ - INFO - Completed global round 2
2025-03-09 23:54:39,902 - __main__ - INFO - Global model - Test Accuracy: 0.0000
2025-03-09 23:54:39,902 - __main__ - INFO - Round 3 - Avg Train Loss: 1.9117, Avg Train Acc: 0.6662, Avg Val Acc: 0.6662, Avg Test Acc: 0.7188, Global Test Acc: 0.0000
2025-03-09 23:54:40,036 - __main__ - INFO - Round 4/50
2025-03-09 23:54:40,036 - __main__ - INFO - CPU Memory Usage: 0.82 GB
2025-03-09 23:54:40,036 - __main__ - INFO - GPU 0 Memory: 0.00 GB allocated, 0.00 GB reserved
2025-03-09 23:54:40,146 - __main__ - INFO - Starting client training for global round 3
2025-03-09 23:54:40,302 - __main__ - INFO - Average metrics - Train Loss: 1.9090, Train Acc: 0.6185, Val Acc: 0.6185, Test Acc: 0.6798
2025-03-09 23:54:40,302 - __main__ - INFO - Collecting client parameters for aggregation
2025-03-09 23:54:40,334 - __main__ - INFO - Completed global round 3
2025-03-09 23:54:40,337 - __main__ - INFO - Global model - Test Accuracy: 0.0000
2025-03-09 23:54:40,337 - __main__ - INFO - Round 4 - Avg Train Loss: 1.9090, Avg Train Acc: 0.6185, Avg Val Acc: 0.6185, Avg Test Acc: 0.6798, Global Test Acc: 0.0000
2025-03-09 23:54:40,472 - __main__ - INFO - Round 5/50
2025-03-09 23:54:40,473 - __main__ - INFO - CPU Memory Usage: 0.82 GB
2025-03-09 23:54:40,473 - __main__ - INFO - GPU 0 Memory: 0.00 GB allocated, 0.00 GB reserved
2025-03-09 23:54:40,583 - __main__ - INFO - Starting client training for global round 4
2025-03-09 23:54:40,734 - __main__ - INFO - Average metrics - Train Loss: 1.9058, Train Acc: 0.5584, Val Acc: 0.5584, Test Acc: 0.6280
2025-03-09 23:54:40,734 - __main__ - INFO - Collecting client parameters for aggregation
2025-03-09 23:54:40,765 - __main__ - INFO - Completed global round 4
2025-03-09 23:54:40,796 - __main__ - INFO - Global model - Test Accuracy: 0.0000
2025-03-09 23:54:40,797 - __main__ - INFO - Round 5 - Avg Train Loss: 1.9058, Avg Train Acc: 0.5584, Avg Val Acc: 0.5584, Avg Test Acc: 0.6280, Global Test Acc: 0.0000
2025-03-09 23:54:40,918 - __main__ - INFO - Round 6/50
2025-03-09 23:54:40,918 - __main__ - INFO - CPU Memory Usage: 0.82 GB
2025-03-09 23:54:40,918 - __main__ - INFO - GPU 0 Memory: 0.00 GB allocated, 0.00 GB reserved
2025-03-09 23:54:41,028 - __main__ - INFO - Starting client training for global round 5
2025-03-09 23:54:41,179 - __main__ - INFO - Average metrics - Train Loss: 1.9018, Train Acc: 0.5205, Val Acc: 0.5205, Test Acc: 0.5463
2025-03-09 23:54:41,179 - __main__ - INFO - Collecting client parameters for aggregation
2025-03-09 23:54:41,211 - __main__ - INFO - Completed global round 5
2025-03-09 23:54:41,213 - __main__ - INFO - Global model - Test Accuracy: 0.0000
2025-03-09 23:54:41,213 - __main__ - INFO - Round 6 - Avg Train Loss: 1.9018, Avg Train Acc: 0.5205, Avg Val Acc: 0.5205, Avg Test Acc: 0.5463, Global Test Acc: 0.0000
2025-03-09 23:54:41,342 - __main__ - INFO - Round 7/50
2025-03-09 23:54:41,342 - __main__ - INFO - CPU Memory Usage: 0.82 GB
2025-03-09 23:54:41,343 - __main__ - INFO - GPU 0 Memory: 0.00 GB allocated, 0.00 GB reserved
2025-03-09 23:54:41,447 - __main__ - INFO - Starting client training for global round 6
2025-03-09 23:54:41,599 - __main__ - INFO - Average metrics - Train Loss: 1.8984, Train Acc: 0.3684, Val Acc: 0.3684, Test Acc: 0.4235
2025-03-09 23:54:41,599 - __main__ - INFO - Collecting client parameters for aggregation
2025-03-09 23:54:41,629 - __main__ - INFO - Completed global round 6
2025-03-09 23:54:41,631 - __main__ - INFO - Global model - Test Accuracy: 0.0000
2025-03-09 23:54:41,631 - __main__ - INFO - Round 7 - Avg Train Loss: 1.8984, Avg Train Acc: 0.3684, Avg Val Acc: 0.3684, Avg Test Acc: 0.4235, Global Test Acc: 0.0000
2025-03-09 23:54:41,752 - __main__ - INFO - Round 8/50
2025-03-09 23:54:41,752 - __main__ - INFO - CPU Memory Usage: 0.82 GB
2025-03-09 23:54:41,753 - __main__ - INFO - GPU 0 Memory: 0.00 GB allocated, 0.00 GB reserved
2025-03-09 23:54:41,854 - __main__ - INFO - Starting client training for global round 7
2025-03-09 23:54:42,004 - __main__ - INFO - Average metrics - Train Loss: 1.8961, Train Acc: 0.3217, Val Acc: 0.3217, Test Acc: 0.3734
2025-03-09 23:54:42,004 - __main__ - INFO - Collecting client parameters for aggregation
2025-03-09 23:54:42,034 - __main__ - INFO - Completed global round 7
2025-03-09 23:54:42,036 - __main__ - INFO - Global model - Test Accuracy: 0.0000
2025-03-09 23:54:42,036 - __main__ - INFO - Round 8 - Avg Train Loss: 1.8961, Avg Train Acc: 0.3217, Avg Val Acc: 0.3217, Avg Test Acc: 0.3734, Global Test Acc: 0.0000
2025-03-09 23:54:42,156 - __main__ - INFO - Round 9/50
2025-03-09 23:54:42,156 - __main__ - INFO - CPU Memory Usage: 0.82 GB
2025-03-09 23:54:42,157 - __main__ - INFO - GPU 0 Memory: 0.00 GB allocated, 0.00 GB reserved
2025-03-09 23:54:42,270 - __main__ - INFO - Starting client training for global round 8
2025-03-09 23:54:42,419 - __main__ - INFO - Average metrics - Train Loss: 1.8930, Train Acc: 0.3031, Val Acc: 0.3031, Test Acc: 0.3489
2025-03-09 23:54:42,419 - __main__ - INFO - Collecting client parameters for aggregation
2025-03-09 23:54:42,450 - __main__ - INFO - Completed global round 8
2025-03-09 23:54:42,478 - __main__ - INFO - Global model - Test Accuracy: 0.0000
2025-03-09 23:54:42,478 - __main__ - INFO - Round 9 - Avg Train Loss: 1.8930, Avg Train Acc: 0.3031, Avg Val Acc: 0.3031, Avg Test Acc: 0.3489, Global Test Acc: 0.0000
2025-03-09 23:54:42,600 - __main__ - INFO - Round 10/50
2025-03-09 23:54:42,600 - __main__ - INFO - CPU Memory Usage: 0.82 GB
2025-03-09 23:54:42,600 - __main__ - INFO - GPU 0 Memory: 0.00 GB allocated, 0.00 GB reserved
2025-03-09 23:54:42,701 - __main__ - INFO - Starting client training for global round 9
2025-03-09 23:54:42,851 - __main__ - INFO - Average metrics - Train Loss: 1.8881, Train Acc: 0.2943, Val Acc: 0.2943, Test Acc: 0.3388
2025-03-09 23:54:42,851 - __main__ - INFO - Collecting client parameters for aggregation
2025-03-09 23:54:42,882 - __main__ - INFO - Completed global round 9
2025-03-09 23:54:42,884 - __main__ - INFO - Global model - Test Accuracy: 0.0000
2025-03-09 23:54:42,884 - __main__ - INFO - Round 10 - Avg Train Loss: 1.8881, Avg Train Acc: 0.2943, Avg Val Acc: 0.2943, Avg Test Acc: 0.3388, Global Test Acc: 0.0000
2025-03-09 23:54:43,004 - __main__ - INFO - Round 11/50
2025-03-09 23:54:43,005 - __main__ - INFO - CPU Memory Usage: 0.82 GB
2025-03-09 23:54:43,005 - __main__ - INFO - GPU 0 Memory: 0.00 GB allocated, 0.00 GB reserved
2025-03-09 23:54:43,109 - __main__ - INFO - Starting client training for global round 10
2025-03-09 23:54:43,259 - __main__ - INFO - Average metrics - Train Loss: 1.8851, Train Acc: 0.2848, Val Acc: 0.2848, Test Acc: 0.3262
2025-03-09 23:54:43,259 - __main__ - INFO - Collecting client parameters for aggregation
2025-03-09 23:54:43,290 - __main__ - INFO - Completed global round 10
2025-03-09 23:54:43,293 - __main__ - INFO - Global model - Test Accuracy: 0.0000
2025-03-09 23:54:43,293 - __main__ - INFO - Round 11 - Avg Train Loss: 1.8851, Avg Train Acc: 0.2848, Avg Val Acc: 0.2848, Avg Test Acc: 0.3262, Global Test Acc: 0.0000
2025-03-09 23:54:43,420 - __main__ - INFO - Round 12/50
2025-03-09 23:54:43,420 - __main__ - INFO - CPU Memory Usage: 0.82 GB
2025-03-09 23:54:43,421 - __main__ - INFO - GPU 0 Memory: 0.00 GB allocated, 0.00 GB reserved
2025-03-09 23:54:43,526 - __main__ - INFO - Starting client training for global round 11
2025-03-09 23:54:43,676 - __main__ - INFO - Average metrics - Train Loss: 1.8829, Train Acc: 0.2813, Val Acc: 0.2813, Test Acc: 0.3257
2025-03-09 23:54:43,676 - __main__ - INFO - Collecting client parameters for aggregation
2025-03-09 23:54:43,707 - __main__ - INFO - Completed global round 11
2025-03-09 23:54:43,711 - __main__ - INFO - Global model - Test Accuracy: 0.0000
2025-03-09 23:54:43,711 - __main__ - INFO - Round 12 - Avg Train Loss: 1.8829, Avg Train Acc: 0.2813, Avg Val Acc: 0.2813, Avg Test Acc: 0.3257, Global Test Acc: 0.0000
2025-03-09 23:54:43,831 - __main__ - INFO - Round 13/50
2025-03-09 23:54:43,832 - __main__ - INFO - CPU Memory Usage: 0.82 GB
2025-03-09 23:54:43,832 - __main__ - INFO - GPU 0 Memory: 0.00 GB allocated, 0.00 GB reserved
2025-03-09 23:54:43,935 - __main__ - INFO - Starting client training for global round 12
2025-03-09 23:54:44,083 - __main__ - INFO - Average metrics - Train Loss: 1.8813, Train Acc: 0.2666, Val Acc: 0.2666, Test Acc: 0.3226
2025-03-09 23:54:44,083 - __main__ - INFO - Collecting client parameters for aggregation
2025-03-09 23:54:44,114 - __main__ - INFO - Completed global round 12
2025-03-09 23:54:44,116 - __main__ - INFO - Global model - Test Accuracy: 0.0000
2025-03-09 23:54:44,116 - __main__ - INFO - Round 13 - Avg Train Loss: 1.8813, Avg Train Acc: 0.2666, Avg Val Acc: 0.2666, Avg Test Acc: 0.3226, Global Test Acc: 0.0000
2025-03-09 23:54:44,241 - __main__ - INFO - Round 14/50
2025-03-09 23:54:44,242 - __main__ - INFO - CPU Memory Usage: 0.82 GB
2025-03-09 23:54:44,242 - __main__ - INFO - GPU 0 Memory: 0.00 GB allocated, 0.00 GB reserved
2025-03-09 23:54:44,356 - __main__ - INFO - Starting client training for global round 13
2025-03-09 23:54:44,506 - __main__ - INFO - Average metrics - Train Loss: 1.8789, Train Acc: 0.2577, Val Acc: 0.2577, Test Acc: 0.3191
2025-03-09 23:54:44,506 - __main__ - INFO - Collecting client parameters for aggregation
2025-03-09 23:54:44,539 - __main__ - INFO - Completed global round 13
2025-03-09 23:54:44,550 - __main__ - INFO - Global model - Test Accuracy: 0.0000
2025-03-09 23:54:44,550 - __main__ - INFO - Round 14 - Avg Train Loss: 1.8789, Avg Train Acc: 0.2577, Avg Val Acc: 0.2577, Avg Test Acc: 0.3191, Global Test Acc: 0.0000
2025-03-09 23:54:44,677 - __main__ - INFO - Round 15/50
2025-03-09 23:54:44,677 - __main__ - INFO - CPU Memory Usage: 0.83 GB
2025-03-09 23:54:44,677 - __main__ - INFO - GPU 0 Memory: 0.00 GB allocated, 0.00 GB reserved
2025-03-09 23:54:44,780 - __main__ - INFO - Starting client training for global round 14
2025-03-09 23:54:44,929 - __main__ - INFO - Average metrics - Train Loss: 1.8757, Train Acc: 0.2307, Val Acc: 0.2307, Test Acc: 0.3047
2025-03-09 23:54:44,929 - __main__ - INFO - Collecting client parameters for aggregation
2025-03-09 23:54:44,959 - __main__ - INFO - Completed global round 14
2025-03-09 23:54:44,977 - __main__ - INFO - Global model - Test Accuracy: 0.0000
2025-03-09 23:54:44,977 - __main__ - INFO - Round 15 - Avg Train Loss: 1.8757, Avg Train Acc: 0.2307, Avg Val Acc: 0.2307, Avg Test Acc: 0.3047, Global Test Acc: 0.0000
2025-03-09 23:54:45,099 - __main__ - INFO - Round 16/50
2025-03-09 23:54:45,099 - __main__ - INFO - CPU Memory Usage: 0.83 GB
2025-03-09 23:54:45,099 - __main__ - INFO - GPU 0 Memory: 0.00 GB allocated, 0.00 GB reserved
2025-03-09 23:54:45,214 - __main__ - INFO - Starting client training for global round 15
2025-03-09 23:54:45,366 - __main__ - INFO - Average metrics - Train Loss: 1.8733, Train Acc: 0.2113, Val Acc: 0.2113, Test Acc: 0.2753
2025-03-09 23:54:45,366 - __main__ - INFO - Collecting client parameters for aggregation
2025-03-09 23:54:45,397 - __main__ - INFO - Completed global round 15
2025-03-09 23:54:45,407 - __main__ - INFO - Global model - Test Accuracy: 0.0000
2025-03-09 23:54:45,407 - __main__ - INFO - Round 16 - Avg Train Loss: 1.8733, Avg Train Acc: 0.2113, Avg Val Acc: 0.2113, Avg Test Acc: 0.2753, Global Test Acc: 0.0000
2025-03-09 23:54:45,546 - __main__ - INFO - Round 17/50
2025-03-09 23:54:45,546 - __main__ - INFO - CPU Memory Usage: 0.83 GB
2025-03-09 23:54:45,547 - __main__ - INFO - GPU 0 Memory: 0.00 GB allocated, 0.00 GB reserved
2025-03-09 23:54:45,673 - __main__ - INFO - Starting client training for global round 16
2025-03-09 23:54:45,821 - __main__ - INFO - Average metrics - Train Loss: 1.8724, Train Acc: 0.1997, Val Acc: 0.1997, Test Acc: 0.2537
2025-03-09 23:54:45,821 - __main__ - INFO - Collecting client parameters for aggregation
2025-03-09 23:54:45,851 - __main__ - INFO - Completed global round 16
2025-03-09 23:54:45,862 - __main__ - INFO - Global model - Test Accuracy: 0.0000
2025-03-09 23:54:45,862 - __main__ - INFO - Round 17 - Avg Train Loss: 1.8724, Avg Train Acc: 0.1997, Avg Val Acc: 0.1997, Avg Test Acc: 0.2537, Global Test Acc: 0.0000
2025-03-09 23:54:45,987 - __main__ - INFO - Round 18/50
2025-03-09 23:54:45,987 - __main__ - INFO - CPU Memory Usage: 0.83 GB
2025-03-09 23:54:45,988 - __main__ - INFO - GPU 0 Memory: 0.00 GB allocated, 0.00 GB reserved
2025-03-09 23:54:46,091 - __main__ - INFO - Starting client training for global round 17
2025-03-09 23:54:46,244 - __main__ - INFO - Average metrics - Train Loss: 1.8679, Train Acc: 0.2148, Val Acc: 0.2148, Test Acc: 0.2787
2025-03-09 23:54:46,244 - __main__ - INFO - Collecting client parameters for aggregation
2025-03-09 23:54:46,275 - __main__ - INFO - Completed global round 17
2025-03-09 23:54:46,276 - __main__ - INFO - Global model - Test Accuracy: 0.0000
2025-03-09 23:54:46,276 - __main__ - INFO - Round 18 - Avg Train Loss: 1.8679, Avg Train Acc: 0.2148, Avg Val Acc: 0.2148, Avg Test Acc: 0.2787, Global Test Acc: 0.0000
2025-03-09 23:54:46,404 - __main__ - INFO - Round 19/50
2025-03-09 23:54:46,405 - __main__ - INFO - CPU Memory Usage: 0.83 GB
2025-03-09 23:54:46,405 - __main__ - INFO - GPU 0 Memory: 0.00 GB allocated, 0.00 GB reserved
2025-03-09 23:54:46,515 - __main__ - INFO - Starting client training for global round 18
2025-03-09 23:54:46,663 - __main__ - INFO - Average metrics - Train Loss: 1.8641, Train Acc: 0.2402, Val Acc: 0.2402, Test Acc: 0.2941
2025-03-09 23:54:46,663 - __main__ - INFO - Collecting client parameters for aggregation
2025-03-09 23:54:46,697 - __main__ - INFO - Completed global round 18
2025-03-09 23:54:46,701 - __main__ - INFO - Global model - Test Accuracy: 0.0000
2025-03-09 23:54:46,702 - __main__ - INFO - Round 19 - Avg Train Loss: 1.8641, Avg Train Acc: 0.2402, Avg Val Acc: 0.2402, Avg Test Acc: 0.2941, Global Test Acc: 0.0000
2025-03-09 23:54:46,826 - __main__ - INFO - Round 20/50
2025-03-09 23:54:46,826 - __main__ - INFO - CPU Memory Usage: 0.83 GB
2025-03-09 23:54:46,827 - __main__ - INFO - GPU 0 Memory: 0.00 GB allocated, 0.00 GB reserved
2025-03-09 23:54:46,930 - __main__ - INFO - Starting client training for global round 19
2025-03-09 23:54:47,081 - __main__ - INFO - Average metrics - Train Loss: 1.8592, Train Acc: 0.2316, Val Acc: 0.2316, Test Acc: 0.2966
2025-03-09 23:54:47,081 - __main__ - INFO - Collecting client parameters for aggregation
2025-03-09 23:54:47,111 - __main__ - INFO - Completed global round 19
2025-03-09 23:54:47,121 - __main__ - INFO - Global model - Test Accuracy: 0.0000
2025-03-09 23:54:47,121 - __main__ - INFO - Round 20 - Avg Train Loss: 1.8592, Avg Train Acc: 0.2316, Avg Val Acc: 0.2316, Avg Test Acc: 0.2966, Global Test Acc: 0.0000
2025-03-09 23:54:47,247 - __main__ - INFO - Round 21/50
2025-03-09 23:54:47,247 - __main__ - INFO - CPU Memory Usage: 0.83 GB
2025-03-09 23:54:47,248 - __main__ - INFO - GPU 0 Memory: 0.00 GB allocated, 0.00 GB reserved
2025-03-09 23:54:47,359 - __main__ - INFO - Starting client training for global round 20
2025-03-09 23:54:47,508 - __main__ - INFO - Average metrics - Train Loss: 1.8565, Train Acc: 0.2270, Val Acc: 0.2270, Test Acc: 0.2967
2025-03-09 23:54:47,508 - __main__ - INFO - Collecting client parameters for aggregation
2025-03-09 23:54:47,538 - __main__ - INFO - Completed global round 20
2025-03-09 23:54:47,540 - __main__ - INFO - Global model - Test Accuracy: 0.0065
2025-03-09 23:54:47,540 - __main__ - INFO - Round 21 - Avg Train Loss: 1.8565, Avg Train Acc: 0.2270, Avg Val Acc: 0.2270, Avg Test Acc: 0.2967, Global Test Acc: 0.0065
2025-03-09 23:54:47,668 - __main__ - INFO - Round 22/50
2025-03-09 23:54:47,669 - __main__ - INFO - CPU Memory Usage: 0.83 GB
2025-03-09 23:54:47,669 - __main__ - INFO - GPU 0 Memory: 0.00 GB allocated, 0.00 GB reserved
2025-03-09 23:54:47,778 - __main__ - INFO - Starting client training for global round 21
2025-03-09 23:54:47,926 - __main__ - INFO - Average metrics - Train Loss: 1.8547, Train Acc: 0.2407, Val Acc: 0.2407, Test Acc: 0.3044
2025-03-09 23:54:47,926 - __main__ - INFO - Collecting client parameters for aggregation
2025-03-09 23:54:47,957 - __main__ - INFO - Completed global round 21
2025-03-09 23:54:47,960 - __main__ - INFO - Global model - Test Accuracy: 0.0065
2025-03-09 23:54:47,960 - __main__ - INFO - Round 22 - Avg Train Loss: 1.8547, Avg Train Acc: 0.2407, Avg Val Acc: 0.2407, Avg Test Acc: 0.3044, Global Test Acc: 0.0065
2025-03-09 23:54:48,082 - __main__ - INFO - Round 23/50
2025-03-09 23:54:48,083 - __main__ - INFO - CPU Memory Usage: 0.83 GB
2025-03-09 23:54:48,083 - __main__ - INFO - GPU 0 Memory: 0.00 GB allocated, 0.00 GB reserved
2025-03-09 23:54:48,188 - __main__ - INFO - Starting client training for global round 22
2025-03-09 23:54:48,342 - __main__ - INFO - Average metrics - Train Loss: 1.8497, Train Acc: 0.2722, Val Acc: 0.2722, Test Acc: 0.3356
2025-03-09 23:54:48,342 - __main__ - INFO - Collecting client parameters for aggregation
2025-03-09 23:54:48,374 - __main__ - INFO - Completed global round 22
2025-03-09 23:54:48,376 - __main__ - INFO - Global model - Test Accuracy: 0.0194
2025-03-09 23:54:48,376 - __main__ - INFO - Round 23 - Avg Train Loss: 1.8497, Avg Train Acc: 0.2722, Avg Val Acc: 0.2722, Avg Test Acc: 0.3356, Global Test Acc: 0.0194
2025-03-09 23:54:48,498 - __main__ - INFO - Round 24/50
2025-03-09 23:54:48,499 - __main__ - INFO - CPU Memory Usage: 0.83 GB
2025-03-09 23:54:48,499 - __main__ - INFO - GPU 0 Memory: 0.00 GB allocated, 0.00 GB reserved
2025-03-09 23:54:48,609 - __main__ - INFO - Starting client training for global round 23
2025-03-09 23:54:48,759 - __main__ - INFO - Average metrics - Train Loss: 1.8447, Train Acc: 0.2905, Val Acc: 0.2905, Test Acc: 0.3674
2025-03-09 23:54:48,759 - __main__ - INFO - Collecting client parameters for aggregation
2025-03-09 23:54:48,789 - __main__ - INFO - Completed global round 23
2025-03-09 23:54:48,790 - __main__ - INFO - Global model - Test Accuracy: 0.0258
2025-03-09 23:54:48,790 - __main__ - INFO - Round 24 - Avg Train Loss: 1.8447, Avg Train Acc: 0.2905, Avg Val Acc: 0.2905, Avg Test Acc: 0.3674, Global Test Acc: 0.0258
2025-03-09 23:54:48,916 - __main__ - INFO - Round 25/50
2025-03-09 23:54:48,917 - __main__ - INFO - CPU Memory Usage: 0.83 GB
2025-03-09 23:54:48,917 - __main__ - INFO - GPU 0 Memory: 0.00 GB allocated, 0.00 GB reserved
2025-03-09 23:54:49,020 - __main__ - INFO - Starting client training for global round 24
2025-03-09 23:54:49,171 - __main__ - INFO - Average metrics - Train Loss: 1.8336, Train Acc: 0.3036, Val Acc: 0.3036, Test Acc: 0.3932
2025-03-09 23:54:49,171 - __main__ - INFO - Collecting client parameters for aggregation
2025-03-09 23:54:49,202 - __main__ - INFO - Completed global round 24
2025-03-09 23:54:49,203 - __main__ - INFO - Global model - Test Accuracy: 0.0581
2025-03-09 23:54:49,203 - __main__ - INFO - Round 25 - Avg Train Loss: 1.8336, Avg Train Acc: 0.3036, Avg Val Acc: 0.3036, Avg Test Acc: 0.3932, Global Test Acc: 0.0581
2025-03-09 23:54:49,328 - __main__ - INFO - Round 26/50
2025-03-09 23:54:49,329 - __main__ - INFO - CPU Memory Usage: 0.83 GB
2025-03-09 23:54:49,329 - __main__ - INFO - GPU 0 Memory: 0.00 GB allocated, 0.00 GB reserved
2025-03-09 23:54:49,436 - __main__ - INFO - Starting client training for global round 25
2025-03-09 23:54:49,587 - __main__ - INFO - Average metrics - Train Loss: 1.8360, Train Acc: 0.3029, Val Acc: 0.3029, Test Acc: 0.3652
2025-03-09 23:54:49,587 - __main__ - INFO - Collecting client parameters for aggregation
2025-03-09 23:54:49,618 - __main__ - INFO - Completed global round 25
2025-03-09 23:54:49,619 - __main__ - INFO - Global model - Test Accuracy: 0.0903
2025-03-09 23:54:49,620 - __main__ - INFO - Round 26 - Avg Train Loss: 1.8360, Avg Train Acc: 0.3029, Avg Val Acc: 0.3029, Avg Test Acc: 0.3652, Global Test Acc: 0.0903
2025-03-09 23:54:49,743 - __main__ - INFO - Round 27/50
2025-03-09 23:54:49,744 - __main__ - INFO - CPU Memory Usage: 0.83 GB
2025-03-09 23:54:49,744 - __main__ - INFO - GPU 0 Memory: 0.00 GB allocated, 0.00 GB reserved
2025-03-09 23:54:49,855 - __main__ - INFO - Starting client training for global round 26
2025-03-09 23:54:50,015 - __main__ - INFO - Average metrics - Train Loss: 1.8336, Train Acc: 0.2923, Val Acc: 0.2923, Test Acc: 0.3910
2025-03-09 23:54:50,015 - __main__ - INFO - Collecting client parameters for aggregation
2025-03-09 23:54:50,046 - __main__ - INFO - Completed global round 26
2025-03-09 23:54:50,047 - __main__ - INFO - Global model - Test Accuracy: 0.1290
2025-03-09 23:54:50,048 - __main__ - INFO - Round 27 - Avg Train Loss: 1.8336, Avg Train Acc: 0.2923, Avg Val Acc: 0.2923, Avg Test Acc: 0.3910, Global Test Acc: 0.1290
2025-03-09 23:54:50,171 - __main__ - INFO - Round 28/50
2025-03-09 23:54:50,172 - __main__ - INFO - CPU Memory Usage: 0.83 GB
2025-03-09 23:54:50,172 - __main__ - INFO - GPU 0 Memory: 0.00 GB allocated, 0.00 GB reserved
2025-03-09 23:54:50,282 - __main__ - INFO - Starting client training for global round 27
2025-03-09 23:54:50,435 - __main__ - INFO - Average metrics - Train Loss: 1.8320, Train Acc: 0.3391, Val Acc: 0.3391, Test Acc: 0.3794
2025-03-09 23:54:50,435 - __main__ - INFO - Collecting client parameters for aggregation
2025-03-09 23:54:50,465 - __main__ - INFO - Completed global round 27
2025-03-09 23:54:50,467 - __main__ - INFO - Global model - Test Accuracy: 0.1677
2025-03-09 23:54:50,467 - __main__ - INFO - Round 28 - Avg Train Loss: 1.8320, Avg Train Acc: 0.3391, Avg Val Acc: 0.3391, Avg Test Acc: 0.3794, Global Test Acc: 0.1677
2025-03-09 23:54:50,589 - __main__ - INFO - Round 29/50
2025-03-09 23:54:50,589 - __main__ - INFO - CPU Memory Usage: 0.83 GB
2025-03-09 23:54:50,590 - __main__ - INFO - GPU 0 Memory: 0.00 GB allocated, 0.00 GB reserved
2025-03-09 23:54:50,712 - __main__ - INFO - Starting client training for global round 28
2025-03-09 23:54:50,863 - __main__ - INFO - Average metrics - Train Loss: 1.8271, Train Acc: 0.3428, Val Acc: 0.3428, Test Acc: 0.4067
2025-03-09 23:54:50,863 - __main__ - INFO - Collecting client parameters for aggregation
2025-03-09 23:54:50,893 - __main__ - INFO - Completed global round 28
2025-03-09 23:54:50,895 - __main__ - INFO - Global model - Test Accuracy: 0.1871
2025-03-09 23:54:50,895 - __main__ - INFO - Round 29 - Avg Train Loss: 1.8271, Avg Train Acc: 0.3428, Avg Val Acc: 0.3428, Avg Test Acc: 0.4067, Global Test Acc: 0.1871
2025-03-09 23:54:51,023 - __main__ - INFO - Round 30/50
2025-03-09 23:54:51,023 - __main__ - INFO - CPU Memory Usage: 0.83 GB
2025-03-09 23:54:51,024 - __main__ - INFO - GPU 0 Memory: 0.00 GB allocated, 0.00 GB reserved
2025-03-09 23:54:51,130 - __main__ - INFO - Starting client training for global round 29
2025-03-09 23:54:51,283 - __main__ - INFO - Average metrics - Train Loss: 1.8153, Train Acc: 0.3627, Val Acc: 0.3627, Test Acc: 0.4308
2025-03-09 23:54:51,283 - __main__ - INFO - Collecting client parameters for aggregation
2025-03-09 23:54:51,314 - __main__ - INFO - Completed global round 29
2025-03-09 23:54:51,316 - __main__ - INFO - Global model - Test Accuracy: 0.2129
2025-03-09 23:54:51,316 - __main__ - INFO - Round 30 - Avg Train Loss: 1.8153, Avg Train Acc: 0.3627, Avg Val Acc: 0.3627, Avg Test Acc: 0.4308, Global Test Acc: 0.2129
2025-03-09 23:54:51,439 - __main__ - INFO - Round 31/50
2025-03-09 23:54:51,440 - __main__ - INFO - CPU Memory Usage: 0.83 GB
2025-03-09 23:54:51,440 - __main__ - INFO - GPU 0 Memory: 0.00 GB allocated, 0.00 GB reserved
2025-03-09 23:54:51,542 - __main__ - INFO - Starting client training for global round 30
2025-03-09 23:54:51,695 - __main__ - INFO - Average metrics - Train Loss: 1.8036, Train Acc: 0.3600, Val Acc: 0.3600, Test Acc: 0.4414
2025-03-09 23:54:51,695 - __main__ - INFO - Collecting client parameters for aggregation
2025-03-09 23:54:51,727 - __main__ - INFO - Completed global round 30
2025-03-09 23:54:51,729 - __main__ - INFO - Global model - Test Accuracy: 0.2387
2025-03-09 23:54:51,729 - __main__ - INFO - Round 31 - Avg Train Loss: 1.8036, Avg Train Acc: 0.3600, Avg Val Acc: 0.3600, Avg Test Acc: 0.4414, Global Test Acc: 0.2387
2025-03-09 23:54:51,850 - __main__ - INFO - Round 32/50
2025-03-09 23:54:51,851 - __main__ - INFO - CPU Memory Usage: 0.83 GB
2025-03-09 23:54:51,851 - __main__ - INFO - GPU 0 Memory: 0.00 GB allocated, 0.00 GB reserved
2025-03-09 23:54:51,961 - __main__ - INFO - Starting client training for global round 31
2025-03-09 23:54:52,108 - __main__ - INFO - Average metrics - Train Loss: 1.7992, Train Acc: 0.3727, Val Acc: 0.3727, Test Acc: 0.4518
2025-03-09 23:54:52,108 - __main__ - INFO - Collecting client parameters for aggregation
2025-03-09 23:54:52,139 - __main__ - INFO - Completed global round 31
2025-03-09 23:54:52,140 - __main__ - INFO - Global model - Test Accuracy: 0.2645
2025-03-09 23:54:52,140 - __main__ - INFO - Round 32 - Avg Train Loss: 1.7992, Avg Train Acc: 0.3727, Avg Val Acc: 0.3727, Avg Test Acc: 0.4518, Global Test Acc: 0.2645
2025-03-09 23:54:52,270 - __main__ - INFO - Round 33/50
2025-03-09 23:54:52,270 - __main__ - INFO - CPU Memory Usage: 0.83 GB
2025-03-09 23:54:52,271 - __main__ - INFO - GPU 0 Memory: 0.00 GB allocated, 0.00 GB reserved
2025-03-09 23:54:52,376 - __main__ - INFO - Starting client training for global round 32
2025-03-09 23:54:52,526 - __main__ - INFO - Average metrics - Train Loss: 1.7995, Train Acc: 0.3810, Val Acc: 0.3810, Test Acc: 0.4355
2025-03-09 23:54:52,526 - __main__ - INFO - Collecting client parameters for aggregation
2025-03-09 23:54:52,557 - __main__ - INFO - Completed global round 32
2025-03-09 23:54:52,558 - __main__ - INFO - Global model - Test Accuracy: 0.2968
2025-03-09 23:54:52,559 - __main__ - INFO - Round 33 - Avg Train Loss: 1.7995, Avg Train Acc: 0.3810, Avg Val Acc: 0.3810, Avg Test Acc: 0.4355, Global Test Acc: 0.2968
2025-03-09 23:54:52,679 - __main__ - INFO - Round 34/50
2025-03-09 23:54:52,680 - __main__ - INFO - CPU Memory Usage: 0.83 GB
2025-03-09 23:54:52,680 - __main__ - INFO - GPU 0 Memory: 0.00 GB allocated, 0.00 GB reserved
2025-03-09 23:54:52,783 - __main__ - INFO - Starting client training for global round 33
2025-03-09 23:54:52,933 - __main__ - INFO - Average metrics - Train Loss: 1.7866, Train Acc: 0.3870, Val Acc: 0.3870, Test Acc: 0.4530
2025-03-09 23:54:52,933 - __main__ - INFO - Collecting client parameters for aggregation
2025-03-09 23:54:52,964 - __main__ - INFO - Completed global round 33
2025-03-09 23:54:52,965 - __main__ - INFO - Global model - Test Accuracy: 0.2968
2025-03-09 23:54:52,965 - __main__ - INFO - Round 34 - Avg Train Loss: 1.7866, Avg Train Acc: 0.3870, Avg Val Acc: 0.3870, Avg Test Acc: 0.4530, Global Test Acc: 0.2968
2025-03-09 23:54:53,087 - __main__ - INFO - Round 35/50
2025-03-09 23:54:53,087 - __main__ - INFO - CPU Memory Usage: 0.83 GB
2025-03-09 23:54:53,088 - __main__ - INFO - GPU 0 Memory: 0.00 GB allocated, 0.00 GB reserved
2025-03-09 23:54:53,198 - __main__ - INFO - Starting client training for global round 34
2025-03-09 23:54:53,348 - __main__ - INFO - Average metrics - Train Loss: 1.7654, Train Acc: 0.4001, Val Acc: 0.4001, Test Acc: 0.4713
2025-03-09 23:54:53,348 - __main__ - INFO - Collecting client parameters for aggregation
2025-03-09 23:54:53,380 - __main__ - INFO - Completed global round 34
2025-03-09 23:54:53,386 - __main__ - INFO - Global model - Test Accuracy: 0.3097
2025-03-09 23:54:53,386 - __main__ - INFO - Round 35 - Avg Train Loss: 1.7654, Avg Train Acc: 0.4001, Avg Val Acc: 0.4001, Avg Test Acc: 0.4713, Global Test Acc: 0.3097
2025-03-09 23:54:53,509 - __main__ - INFO - Round 36/50
2025-03-09 23:54:53,509 - __main__ - INFO - CPU Memory Usage: 0.83 GB
2025-03-09 23:54:53,510 - __main__ - INFO - GPU 0 Memory: 0.00 GB allocated, 0.00 GB reserved
2025-03-09 23:54:53,614 - __main__ - INFO - Starting client training for global round 35
2025-03-09 23:54:53,763 - __main__ - INFO - Average metrics - Train Loss: 1.7578, Train Acc: 0.4218, Val Acc: 0.4218, Test Acc: 0.4681
2025-03-09 23:54:53,764 - __main__ - INFO - Collecting client parameters for aggregation
2025-03-09 23:54:53,793 - __main__ - INFO - Completed global round 35
2025-03-09 23:54:53,795 - __main__ - INFO - Global model - Test Accuracy: 0.3355
2025-03-09 23:54:53,795 - __main__ - INFO - Round 36 - Avg Train Loss: 1.7578, Avg Train Acc: 0.4218, Avg Val Acc: 0.4218, Avg Test Acc: 0.4681, Global Test Acc: 0.3355
2025-03-09 23:54:53,918 - __main__ - INFO - Round 37/50
2025-03-09 23:54:53,918 - __main__ - INFO - CPU Memory Usage: 0.83 GB
2025-03-09 23:54:53,918 - __main__ - INFO - GPU 0 Memory: 0.00 GB allocated, 0.00 GB reserved
2025-03-09 23:54:54,027 - __main__ - INFO - Starting client training for global round 36
2025-03-09 23:54:54,177 - __main__ - INFO - Average metrics - Train Loss: 1.7563, Train Acc: 0.4356, Val Acc: 0.4356, Test Acc: 0.4701
2025-03-09 23:54:54,177 - __main__ - INFO - Collecting client parameters for aggregation
2025-03-09 23:54:54,207 - __main__ - INFO - Completed global round 36
2025-03-09 23:54:54,209 - __main__ - INFO - Global model - Test Accuracy: 0.3548
2025-03-09 23:54:54,209 - __main__ - INFO - Round 37 - Avg Train Loss: 1.7563, Avg Train Acc: 0.4356, Avg Val Acc: 0.4356, Avg Test Acc: 0.4701, Global Test Acc: 0.3548
2025-03-09 23:54:54,337 - __main__ - INFO - Round 38/50
2025-03-09 23:54:54,338 - __main__ - INFO - CPU Memory Usage: 0.83 GB
2025-03-09 23:54:54,338 - __main__ - INFO - GPU 0 Memory: 0.00 GB allocated, 0.00 GB reserved
2025-03-09 23:54:54,447 - __main__ - INFO - Starting client training for global round 37
2025-03-09 23:54:54,596 - __main__ - INFO - Average metrics - Train Loss: 1.7749, Train Acc: 0.4110, Val Acc: 0.4110, Test Acc: 0.4148
2025-03-09 23:54:54,597 - __main__ - INFO - Collecting client parameters for aggregation
2025-03-09 23:54:54,627 - __main__ - INFO - Completed global round 37
2025-03-09 23:54:54,629 - __main__ - INFO - Global model - Test Accuracy: 0.3548
2025-03-09 23:54:54,629 - __main__ - INFO - Round 38 - Avg Train Loss: 1.7749, Avg Train Acc: 0.4110, Avg Val Acc: 0.4110, Avg Test Acc: 0.4148, Global Test Acc: 0.3548
2025-03-09 23:54:54,751 - __main__ - INFO - Round 39/50
2025-03-09 23:54:54,751 - __main__ - INFO - CPU Memory Usage: 0.83 GB
2025-03-09 23:54:54,751 - __main__ - INFO - GPU 0 Memory: 0.00 GB allocated, 0.00 GB reserved
2025-03-09 23:54:54,853 - __main__ - INFO - Starting client training for global round 38
2025-03-09 23:54:55,003 - __main__ - INFO - Average metrics - Train Loss: 1.7630, Train Acc: 0.3994, Val Acc: 0.3994, Test Acc: 0.4340
2025-03-09 23:54:55,003 - __main__ - INFO - Collecting client parameters for aggregation
2025-03-09 23:54:55,033 - __main__ - INFO - Completed global round 38
2025-03-09 23:54:55,037 - __main__ - INFO - Global model - Test Accuracy: 0.3613
2025-03-09 23:54:55,037 - __main__ - INFO - Round 39 - Avg Train Loss: 1.7630, Avg Train Acc: 0.3994, Avg Val Acc: 0.3994, Avg Test Acc: 0.4340, Global Test Acc: 0.3613
2025-03-09 23:54:55,160 - __main__ - INFO - Round 40/50
2025-03-09 23:54:55,160 - __main__ - INFO - CPU Memory Usage: 0.83 GB
2025-03-09 23:54:55,161 - __main__ - INFO - GPU 0 Memory: 0.00 GB allocated, 0.00 GB reserved
2025-03-09 23:54:55,277 - __main__ - INFO - Starting client training for global round 39
2025-03-09 23:54:55,430 - __main__ - INFO - Average metrics - Train Loss: 1.7520, Train Acc: 0.4064, Val Acc: 0.4064, Test Acc: 0.4441
2025-03-09 23:54:55,430 - __main__ - INFO - Collecting client parameters for aggregation
2025-03-09 23:54:55,460 - __main__ - INFO - Completed global round 39
2025-03-09 23:54:55,462 - __main__ - INFO - Global model - Test Accuracy: 0.3742
2025-03-09 23:54:55,462 - __main__ - INFO - Round 40 - Avg Train Loss: 1.7520, Avg Train Acc: 0.4064, Avg Val Acc: 0.4064, Avg Test Acc: 0.4441, Global Test Acc: 0.3742
2025-03-09 23:54:55,587 - __main__ - INFO - Round 41/50
2025-03-09 23:54:55,588 - __main__ - INFO - CPU Memory Usage: 0.83 GB
2025-03-09 23:54:55,588 - __main__ - INFO - GPU 0 Memory: 0.00 GB allocated, 0.00 GB reserved
2025-03-09 23:54:55,694 - __main__ - INFO - Starting client training for global round 40
2025-03-09 23:54:55,846 - __main__ - INFO - Average metrics - Train Loss: 1.7416, Train Acc: 0.4347, Val Acc: 0.4347, Test Acc: 0.4485
2025-03-09 23:54:55,846 - __main__ - INFO - Collecting client parameters for aggregation
2025-03-09 23:54:55,879 - __main__ - INFO - Completed global round 40
2025-03-09 23:54:55,991 - __main__ - INFO - Global model - Test Accuracy: 0.3871
2025-03-09 23:54:55,991 - __main__ - INFO - Round 41 - Avg Train Loss: 1.7416, Avg Train Acc: 0.4347, Avg Val Acc: 0.4347, Avg Test Acc: 0.4485, Global Test Acc: 0.3871
2025-03-09 23:54:56,117 - __main__ - INFO - Round 42/50
2025-03-09 23:54:56,117 - __main__ - INFO - CPU Memory Usage: 0.83 GB
2025-03-09 23:54:56,117 - __main__ - INFO - GPU 0 Memory: 0.00 GB allocated, 0.00 GB reserved
2025-03-09 23:54:56,232 - __main__ - INFO - Starting client training for global round 41
2025-03-09 23:54:56,380 - __main__ - INFO - Average metrics - Train Loss: 1.7610, Train Acc: 0.3922, Val Acc: 0.3922, Test Acc: 0.4200
2025-03-09 23:54:56,380 - __main__ - INFO - Collecting client parameters for aggregation
2025-03-09 23:54:56,411 - __main__ - INFO - Completed global round 41
2025-03-09 23:54:56,414 - __main__ - INFO - Global model - Test Accuracy: 0.4000
2025-03-09 23:54:56,414 - __main__ - INFO - Round 42 - Avg Train Loss: 1.7610, Avg Train Acc: 0.3922, Avg Val Acc: 0.3922, Avg Test Acc: 0.4200, Global Test Acc: 0.4000
2025-03-09 23:54:56,538 - __main__ - INFO - Round 43/50
2025-03-09 23:54:56,538 - __main__ - INFO - CPU Memory Usage: 0.83 GB
2025-03-09 23:54:56,539 - __main__ - INFO - GPU 0 Memory: 0.00 GB allocated, 0.00 GB reserved
2025-03-09 23:54:56,642 - __main__ - INFO - Starting client training for global round 42
2025-03-09 23:54:56,796 - __main__ - INFO - Average metrics - Train Loss: 1.7841, Train Acc: 0.3669, Val Acc: 0.3669, Test Acc: 0.4056
2025-03-09 23:54:56,796 - __main__ - INFO - Collecting client parameters for aggregation
2025-03-09 23:54:56,827 - __main__ - INFO - Completed global round 42
2025-03-09 23:54:56,866 - __main__ - INFO - Global model - Test Accuracy: 0.3806
2025-03-09 23:54:56,866 - __main__ - INFO - Round 43 - Avg Train Loss: 1.7841, Avg Train Acc: 0.3669, Avg Val Acc: 0.3669, Avg Test Acc: 0.4056, Global Test Acc: 0.3806
2025-03-09 23:54:56,989 - __main__ - INFO - Round 44/50
2025-03-09 23:54:56,990 - __main__ - INFO - CPU Memory Usage: 0.83 GB
2025-03-09 23:54:56,990 - __main__ - INFO - GPU 0 Memory: 0.00 GB allocated, 0.00 GB reserved
2025-03-09 23:54:57,100 - __main__ - INFO - Starting client training for global round 43
2025-03-09 23:54:57,252 - __main__ - INFO - Average metrics - Train Loss: 1.7890, Train Acc: 0.3762, Val Acc: 0.3762, Test Acc: 0.4161
2025-03-09 23:54:57,252 - __main__ - INFO - Collecting client parameters for aggregation
2025-03-09 23:54:57,283 - __main__ - INFO - Completed global round 43
2025-03-09 23:54:57,284 - __main__ - INFO - Global model - Test Accuracy: 0.4194
2025-03-09 23:54:57,284 - __main__ - INFO - Round 44 - Avg Train Loss: 1.7890, Avg Train Acc: 0.3762, Avg Val Acc: 0.3762, Avg Test Acc: 0.4161, Global Test Acc: 0.4194
2025-03-09 23:54:57,413 - __main__ - INFO - Round 45/50
2025-03-09 23:54:57,413 - __main__ - INFO - CPU Memory Usage: 0.83 GB
2025-03-09 23:54:57,414 - __main__ - INFO - GPU 0 Memory: 0.00 GB allocated, 0.00 GB reserved
2025-03-09 23:54:57,519 - __main__ - INFO - Starting client training for global round 44
2025-03-09 23:54:57,669 - __main__ - INFO - Average metrics - Train Loss: 1.7811, Train Acc: 0.4062, Val Acc: 0.4062, Test Acc: 0.4074
2025-03-09 23:54:57,669 - __main__ - INFO - Collecting client parameters for aggregation
2025-03-09 23:54:57,700 - __main__ - INFO - Completed global round 44
2025-03-09 23:54:57,718 - __main__ - INFO - Global model - Test Accuracy: 0.4452
2025-03-09 23:54:57,719 - __main__ - INFO - Round 45 - Avg Train Loss: 1.7811, Avg Train Acc: 0.4062, Avg Val Acc: 0.4062, Avg Test Acc: 0.4074, Global Test Acc: 0.4452
2025-03-09 23:54:57,840 - __main__ - INFO - Round 46/50
2025-03-09 23:54:57,841 - __main__ - INFO - CPU Memory Usage: 0.83 GB
2025-03-09 23:54:57,841 - __main__ - INFO - GPU 0 Memory: 0.00 GB allocated, 0.00 GB reserved
2025-03-09 23:54:57,945 - __main__ - INFO - Starting client training for global round 45
2025-03-09 23:54:58,093 - __main__ - INFO - Average metrics - Train Loss: 1.7658, Train Acc: 0.4209, Val Acc: 0.4209, Test Acc: 0.4317
2025-03-09 23:54:58,093 - __main__ - INFO - Collecting client parameters for aggregation
2025-03-09 23:54:58,123 - __main__ - INFO - Completed global round 45
2025-03-09 23:54:58,130 - __main__ - INFO - Global model - Test Accuracy: 0.4387
2025-03-09 23:54:58,130 - __main__ - INFO - Round 46 - Avg Train Loss: 1.7658, Avg Train Acc: 0.4209, Avg Val Acc: 0.4209, Avg Test Acc: 0.4317, Global Test Acc: 0.4387
2025-03-09 23:54:58,258 - __main__ - INFO - Round 47/50
2025-03-09 23:54:58,259 - __main__ - INFO - CPU Memory Usage: 0.83 GB
2025-03-09 23:54:58,259 - __main__ - INFO - GPU 0 Memory: 0.00 GB allocated, 0.00 GB reserved
2025-03-09 23:54:58,372 - __main__ - INFO - Starting client training for global round 46
2025-03-09 23:54:58,523 - __main__ - INFO - Average metrics - Train Loss: 1.7420, Train Acc: 0.4155, Val Acc: 0.4155, Test Acc: 0.4312
2025-03-09 23:54:58,523 - __main__ - INFO - Collecting client parameters for aggregation
2025-03-09 23:54:58,553 - __main__ - INFO - Completed global round 46
2025-03-09 23:54:58,555 - __main__ - INFO - Global model - Test Accuracy: 0.4129
2025-03-09 23:54:58,555 - __main__ - INFO - Round 47 - Avg Train Loss: 1.7420, Avg Train Acc: 0.4155, Avg Val Acc: 0.4155, Avg Test Acc: 0.4312, Global Test Acc: 0.4129
2025-03-09 23:54:58,678 - __main__ - INFO - Round 48/50
2025-03-09 23:54:58,679 - __main__ - INFO - CPU Memory Usage: 0.83 GB
2025-03-09 23:54:58,679 - __main__ - INFO - GPU 0 Memory: 0.00 GB allocated, 0.00 GB reserved
2025-03-09 23:54:58,781 - __main__ - INFO - Starting client training for global round 47
2025-03-09 23:54:58,929 - __main__ - INFO - Average metrics - Train Loss: 1.7406, Train Acc: 0.4105, Val Acc: 0.4105, Test Acc: 0.4265
2025-03-09 23:54:58,930 - __main__ - INFO - Collecting client parameters for aggregation
2025-03-09 23:54:58,959 - __main__ - INFO - Completed global round 47
2025-03-09 23:54:58,961 - __main__ - INFO - Global model - Test Accuracy: 0.3806
2025-03-09 23:54:58,961 - __main__ - INFO - Round 48 - Avg Train Loss: 1.7406, Avg Train Acc: 0.4105, Avg Val Acc: 0.4105, Avg Test Acc: 0.4265, Global Test Acc: 0.3806
2025-03-09 23:54:59,082 - __main__ - INFO - Round 49/50
2025-03-09 23:54:59,083 - __main__ - INFO - CPU Memory Usage: 0.83 GB
2025-03-09 23:54:59,083 - __main__ - INFO - GPU 0 Memory: 0.00 GB allocated, 0.00 GB reserved
2025-03-09 23:54:59,193 - __main__ - INFO - Starting client training for global round 48
2025-03-09 23:54:59,343 - __main__ - INFO - Average metrics - Train Loss: 1.7513, Train Acc: 0.4329, Val Acc: 0.4329, Test Acc: 0.4288
2025-03-09 23:54:59,344 - __main__ - INFO - Collecting client parameters for aggregation
2025-03-09 23:54:59,374 - __main__ - INFO - Completed global round 48
2025-03-09 23:54:59,375 - __main__ - INFO - Global model - Test Accuracy: 0.4065
2025-03-09 23:54:59,375 - __main__ - INFO - Round 49 - Avg Train Loss: 1.7513, Avg Train Acc: 0.4329, Avg Val Acc: 0.4329, Avg Test Acc: 0.4288, Global Test Acc: 0.4065
2025-03-09 23:54:59,502 - __main__ - INFO - Round 50/50
2025-03-09 23:54:59,503 - __main__ - INFO - CPU Memory Usage: 0.83 GB
2025-03-09 23:54:59,503 - __main__ - INFO - GPU 0 Memory: 0.00 GB allocated, 0.00 GB reserved
2025-03-09 23:54:59,607 - __main__ - INFO - Starting client training for global round 49
2025-03-09 23:54:59,756 - __main__ - INFO - Average metrics - Train Loss: 1.7310, Train Acc: 0.4356, Val Acc: 0.4356, Test Acc: 0.4567
2025-03-09 23:54:59,756 - __main__ - INFO - Collecting client parameters for aggregation
2025-03-09 23:54:59,786 - __main__ - INFO - Completed global round 49
2025-03-09 23:54:59,789 - __main__ - INFO - Global model - Test Accuracy: 0.3935
2025-03-09 23:54:59,790 - __main__ - INFO - Round 50 - Avg Train Loss: 1.7310, Avg Train Acc: 0.4356, Avg Val Acc: 0.4356, Avg Test Acc: 0.4567, Global Test Acc: 0.3935
2025-03-09 23:54:59,939 - __main__ - INFO - Results saved to JSON: results/results_20250309_235324/Cora_full_auto/results_Cora_full_auto_20250309_235459.json
2025-03-09 23:54:59,940 - __main__ - INFO - Text results saved to: results/results_20250309_235324/Cora_full_auto/results_Cora_full_auto_20250309_235459.txt
2025-03-09 23:54:59,944 - __main__ - INFO - Rounds data saved to: results/results_20250309_235324/Cora_full_auto/rounds_Cora_full_auto_20250309_235459.csv
2025-03-09 23:54:59,945 - __main__ - INFO - Summary data saved to: results/results_20250309_235324/Cora_full_auto/summary_Cora_full_auto_20250309_235459.csv
2025-03-09 23:54:59,947 - __main__ - INFO - Results arrays saved to: results/results_20250309_235324/Cora_full_auto/results_arrays_Cora_full_auto_20250309_235459.csv
2025-03-09 23:54:59,947 - __main__ - INFO - Training completed successfully
