2025-03-09 23:56:16,530 - __main__ - INFO - Starting enhanced federated learning with Cora dataset
2025-03-09 23:56:16,531 - __main__ - INFO - Random seed set to 42
2025-03-09 23:56:16,531 - __main__ - INFO - Using memory-efficient models
2025-03-09 23:56:18,444 - __main__ - INFO - Ray initialized successfully
2025-03-09 23:56:18,445 - __main__ - INFO - Using CPU
2025-03-09 23:56:18,587 - __main__ - INFO - CPU Memory Usage: 0.67 GB
2025-03-09 23:56:18,633 - __main__ - INFO - GPU 0 Memory: 0.00 GB allocated, 0.00 GB reserved
2025-03-09 23:56:18,633 - __main__ - INFO - Loading dataset: Cora
2025-03-09 23:56:20,049 - __main__ - INFO - Dataset: Cora
2025-03-09 23:56:20,049 - __main__ - INFO - Number of nodes: 2708
2025-03-09 23:56:20,050 - __main__ - INFO - Number of features: 1433
2025-03-09 23:56:20,051 - __main__ - INFO - Number of classes: 7
2025-03-09 23:56:20,051 - __main__ - INFO - Number of edges: 10556
2025-03-09 23:56:20,051 - __main__ - INFO - CPU Memory Usage: 0.84 GB
2025-03-09 23:56:20,052 - __main__ - INFO - GPU 0 Memory: 0.00 GB allocated, 0.00 GB reserved
2025-03-09 23:56:20,052 - __main__ - INFO - Using standard GCN model for cora
2025-03-09 23:56:20,088 - __main__ - INFO - Global model type: EnhancedGCN
2025-03-09 23:56:20,089 - __main__ - INFO - Total model parameters: 23095
2025-03-09 23:56:20,089 - __main__ - INFO - Training for 50 rounds with 3 local epochs per round
2025-03-09 23:56:20,091 - __main__ - INFO - Initializing 10 clients with 2 epochs per round
2025-03-09 23:56:20,190 - __main__ - INFO - Initialized 10 clients
2025-03-09 23:56:20,193 - __main__ - INFO - Starting federated training for 50 rounds
2025-03-09 23:56:20,193 - __main__ - INFO - Round 1/50
2025-03-09 23:56:20,193 - __main__ - INFO - CPU Memory Usage: 0.88 GB
2025-03-09 23:56:20,193 - __main__ - INFO - GPU 0 Memory: 0.00 GB allocated, 0.00 GB reserved
2025-03-09 23:56:20,372 - __main__ - INFO - Starting client training for global round 0
2025-03-09 23:56:23,472 - __main__ - INFO - Average metrics - Train Loss: 1.9029, Train Acc: 0.6315, Val Acc: 0.6315, Test Acc: 0.6911
2025-03-09 23:56:23,472 - __main__ - INFO - Collecting client parameters for aggregation
2025-03-09 23:56:23,506 - __main__ - INFO - Completed global round 0
2025-03-09 23:56:23,535 - __main__ - INFO - Global model - Test Accuracy: 0.0000
2025-03-09 23:56:23,535 - __main__ - INFO - Round 1 - Avg Train Loss: 1.9029, Avg Train Acc: 0.6315, Avg Val Acc: 0.6315, Avg Test Acc: 0.6911, Global Test Acc: 0.0000
2025-03-09 23:56:23,657 - __main__ - INFO - Round 2/50
2025-03-09 23:56:23,657 - __main__ - INFO - CPU Memory Usage: 0.88 GB
2025-03-09 23:56:23,658 - __main__ - INFO - GPU 0 Memory: 0.00 GB allocated, 0.00 GB reserved
2025-03-09 23:56:23,768 - __main__ - INFO - Starting client training for global round 1
2025-03-09 23:56:23,919 - __main__ - INFO - Average metrics - Train Loss: 1.9155, Train Acc: 0.6687, Val Acc: 0.6687, Test Acc: 0.7281
2025-03-09 23:56:23,919 - __main__ - INFO - Collecting client parameters for aggregation
2025-03-09 23:56:23,951 - __main__ - INFO - Completed global round 1
2025-03-09 23:56:23,994 - __main__ - INFO - Global model - Test Accuracy: 0.0000
2025-03-09 23:56:23,994 - __main__ - INFO - Round 2 - Avg Train Loss: 1.9155, Avg Train Acc: 0.6687, Avg Val Acc: 0.6687, Avg Test Acc: 0.7281, Global Test Acc: 0.0000
2025-03-09 23:56:24,116 - __main__ - INFO - Round 3/50
2025-03-09 23:56:24,116 - __main__ - INFO - CPU Memory Usage: 0.88 GB
2025-03-09 23:56:24,116 - __main__ - INFO - GPU 0 Memory: 0.00 GB allocated, 0.00 GB reserved
2025-03-09 23:56:24,224 - __main__ - INFO - Starting client training for global round 2
2025-03-09 23:56:24,375 - __main__ - INFO - Average metrics - Train Loss: 1.9129, Train Acc: 0.6683, Val Acc: 0.6683, Test Acc: 0.7114
2025-03-09 23:56:24,375 - __main__ - INFO - Collecting client parameters for aggregation
2025-03-09 23:56:24,407 - __main__ - INFO - Completed global round 2
2025-03-09 23:56:24,408 - __main__ - INFO - Global model - Test Accuracy: 0.0000
2025-03-09 23:56:24,408 - __main__ - INFO - Round 3 - Avg Train Loss: 1.9129, Avg Train Acc: 0.6683, Avg Val Acc: 0.6683, Avg Test Acc: 0.7114, Global Test Acc: 0.0000
2025-03-09 23:56:24,531 - __main__ - INFO - Round 4/50
2025-03-09 23:56:24,531 - __main__ - INFO - CPU Memory Usage: 0.89 GB
2025-03-09 23:56:24,531 - __main__ - INFO - GPU 0 Memory: 0.00 GB allocated, 0.00 GB reserved
2025-03-09 23:56:24,639 - __main__ - INFO - Starting client training for global round 3
2025-03-09 23:56:24,788 - __main__ - INFO - Average metrics - Train Loss: 1.9097, Train Acc: 0.6357, Val Acc: 0.6357, Test Acc: 0.6887
2025-03-09 23:56:24,788 - __main__ - INFO - Collecting client parameters for aggregation
2025-03-09 23:56:24,819 - __main__ - INFO - Completed global round 3
2025-03-09 23:56:24,821 - __main__ - INFO - Global model - Test Accuracy: 0.0000
2025-03-09 23:56:24,821 - __main__ - INFO - Round 4 - Avg Train Loss: 1.9097, Avg Train Acc: 0.6357, Avg Val Acc: 0.6357, Avg Test Acc: 0.6887, Global Test Acc: 0.0000
2025-03-09 23:56:24,948 - __main__ - INFO - Round 5/50
2025-03-09 23:56:24,949 - __main__ - INFO - CPU Memory Usage: 0.89 GB
2025-03-09 23:56:24,949 - __main__ - INFO - GPU 0 Memory: 0.00 GB allocated, 0.00 GB reserved
2025-03-09 23:56:25,055 - __main__ - INFO - Starting client training for global round 4
2025-03-09 23:56:25,209 - __main__ - INFO - Average metrics - Train Loss: 1.9065, Train Acc: 0.6055, Val Acc: 0.6055, Test Acc: 0.6426
2025-03-09 23:56:25,209 - __main__ - INFO - Collecting client parameters for aggregation
2025-03-09 23:56:25,240 - __main__ - INFO - Completed global round 4
2025-03-09 23:56:25,242 - __main__ - INFO - Global model - Test Accuracy: 0.0000
2025-03-09 23:56:25,242 - __main__ - INFO - Round 5 - Avg Train Loss: 1.9065, Avg Train Acc: 0.6055, Avg Val Acc: 0.6055, Avg Test Acc: 0.6426, Global Test Acc: 0.0000
2025-03-09 23:56:25,365 - __main__ - INFO - Round 6/50
2025-03-09 23:56:25,365 - __main__ - INFO - CPU Memory Usage: 0.89 GB
2025-03-09 23:56:25,366 - __main__ - INFO - GPU 0 Memory: 0.00 GB allocated, 0.00 GB reserved
2025-03-09 23:56:25,471 - __main__ - INFO - Starting client training for global round 5
2025-03-09 23:56:25,618 - __main__ - INFO - Average metrics - Train Loss: 1.9032, Train Acc: 0.4906, Val Acc: 0.4906, Test Acc: 0.5277
2025-03-09 23:56:25,618 - __main__ - INFO - Collecting client parameters for aggregation
2025-03-09 23:56:25,648 - __main__ - INFO - Completed global round 5
2025-03-09 23:56:25,650 - __main__ - INFO - Global model - Test Accuracy: 0.0000
2025-03-09 23:56:25,650 - __main__ - INFO - Round 6 - Avg Train Loss: 1.9032, Avg Train Acc: 0.4906, Avg Val Acc: 0.4906, Avg Test Acc: 0.5277, Global Test Acc: 0.0000
2025-03-09 23:56:25,771 - __main__ - INFO - Round 7/50
2025-03-09 23:56:25,772 - __main__ - INFO - CPU Memory Usage: 0.89 GB
2025-03-09 23:56:25,772 - __main__ - INFO - GPU 0 Memory: 0.00 GB allocated, 0.00 GB reserved
2025-03-09 23:56:25,885 - __main__ - INFO - Starting client training for global round 6
2025-03-09 23:56:26,034 - __main__ - INFO - Average metrics - Train Loss: 1.8996, Train Acc: 0.3859, Val Acc: 0.3859, Test Acc: 0.4275
2025-03-09 23:56:26,034 - __main__ - INFO - Collecting client parameters for aggregation
2025-03-09 23:56:26,064 - __main__ - INFO - Completed global round 6
2025-03-09 23:56:26,066 - __main__ - INFO - Global model - Test Accuracy: 0.0000
2025-03-09 23:56:26,066 - __main__ - INFO - Round 7 - Avg Train Loss: 1.8996, Avg Train Acc: 0.3859, Avg Val Acc: 0.3859, Avg Test Acc: 0.4275, Global Test Acc: 0.0000
2025-03-09 23:56:26,195 - __main__ - INFO - Round 8/50
2025-03-09 23:56:26,196 - __main__ - INFO - CPU Memory Usage: 0.89 GB
2025-03-09 23:56:26,196 - __main__ - INFO - GPU 0 Memory: 0.00 GB allocated, 0.00 GB reserved
2025-03-09 23:56:26,304 - __main__ - INFO - Starting client training for global round 7
2025-03-09 23:56:26,454 - __main__ - INFO - Average metrics - Train Loss: 1.8957, Train Acc: 0.3500, Val Acc: 0.3500, Test Acc: 0.3945
2025-03-09 23:56:26,454 - __main__ - INFO - Collecting client parameters for aggregation
2025-03-09 23:56:26,484 - __main__ - INFO - Completed global round 7
2025-03-09 23:56:26,486 - __main__ - INFO - Global model - Test Accuracy: 0.0000
2025-03-09 23:56:26,486 - __main__ - INFO - Round 8 - Avg Train Loss: 1.8957, Avg Train Acc: 0.3500, Avg Val Acc: 0.3500, Avg Test Acc: 0.3945, Global Test Acc: 0.0000
2025-03-09 23:56:26,611 - __main__ - INFO - Round 9/50
2025-03-09 23:56:26,611 - __main__ - INFO - CPU Memory Usage: 0.89 GB
2025-03-09 23:56:26,611 - __main__ - INFO - GPU 0 Memory: 0.00 GB allocated, 0.00 GB reserved
2025-03-09 23:56:26,719 - __main__ - INFO - Starting client training for global round 8
2025-03-09 23:56:26,866 - __main__ - INFO - Average metrics - Train Loss: 1.8914, Train Acc: 0.3173, Val Acc: 0.3173, Test Acc: 0.3575
2025-03-09 23:56:26,867 - __main__ - INFO - Collecting client parameters for aggregation
2025-03-09 23:56:26,895 - __main__ - INFO - Completed global round 8
2025-03-09 23:56:26,901 - __main__ - INFO - Global model - Test Accuracy: 0.0000
2025-03-09 23:56:26,901 - __main__ - INFO - Round 9 - Avg Train Loss: 1.8914, Avg Train Acc: 0.3173, Avg Val Acc: 0.3173, Avg Test Acc: 0.3575, Global Test Acc: 0.0000
2025-03-09 23:56:27,026 - __main__ - INFO - Round 10/50
2025-03-09 23:56:27,027 - __main__ - INFO - CPU Memory Usage: 0.89 GB
2025-03-09 23:56:27,027 - __main__ - INFO - GPU 0 Memory: 0.00 GB allocated, 0.00 GB reserved
2025-03-09 23:56:27,136 - __main__ - INFO - Starting client training for global round 9
2025-03-09 23:56:27,286 - __main__ - INFO - Average metrics - Train Loss: 1.8876, Train Acc: 0.2889, Val Acc: 0.2889, Test Acc: 0.3297
2025-03-09 23:56:27,286 - __main__ - INFO - Collecting client parameters for aggregation
2025-03-09 23:56:27,318 - __main__ - INFO - Completed global round 9
2025-03-09 23:56:27,319 - __main__ - INFO - Global model - Test Accuracy: 0.0000
2025-03-09 23:56:27,320 - __main__ - INFO - Round 10 - Avg Train Loss: 1.8876, Avg Train Acc: 0.2889, Avg Val Acc: 0.2889, Avg Test Acc: 0.3297, Global Test Acc: 0.0000
2025-03-09 23:56:27,444 - __main__ - INFO - Round 11/50
2025-03-09 23:56:27,444 - __main__ - INFO - CPU Memory Usage: 0.89 GB
2025-03-09 23:56:27,444 - __main__ - INFO - GPU 0 Memory: 0.00 GB allocated, 0.00 GB reserved
2025-03-09 23:56:27,549 - __main__ - INFO - Starting client training for global round 10
2025-03-09 23:56:27,703 - __main__ - INFO - Average metrics - Train Loss: 1.8843, Train Acc: 0.2678, Val Acc: 0.2678, Test Acc: 0.3056
2025-03-09 23:56:27,703 - __main__ - INFO - Collecting client parameters for aggregation
2025-03-09 23:56:27,733 - __main__ - INFO - Completed global round 10
2025-03-09 23:56:27,734 - __main__ - INFO - Global model - Test Accuracy: 0.0000
2025-03-09 23:56:27,735 - __main__ - INFO - Round 11 - Avg Train Loss: 1.8843, Avg Train Acc: 0.2678, Avg Val Acc: 0.2678, Avg Test Acc: 0.3056, Global Test Acc: 0.0000
2025-03-09 23:56:27,859 - __main__ - INFO - Round 12/50
2025-03-09 23:56:27,859 - __main__ - INFO - CPU Memory Usage: 0.89 GB
2025-03-09 23:56:27,859 - __main__ - INFO - GPU 0 Memory: 0.00 GB allocated, 0.00 GB reserved
2025-03-09 23:56:27,969 - __main__ - INFO - Starting client training for global round 11
2025-03-09 23:56:28,118 - __main__ - INFO - Average metrics - Train Loss: 1.8821, Train Acc: 0.2326, Val Acc: 0.2326, Test Acc: 0.2805
2025-03-09 23:56:28,118 - __main__ - INFO - Collecting client parameters for aggregation
2025-03-09 23:56:28,149 - __main__ - INFO - Completed global round 11
2025-03-09 23:56:28,151 - __main__ - INFO - Global model - Test Accuracy: 0.0000
2025-03-09 23:56:28,151 - __main__ - INFO - Round 12 - Avg Train Loss: 1.8821, Avg Train Acc: 0.2326, Avg Val Acc: 0.2326, Avg Test Acc: 0.2805, Global Test Acc: 0.0000
2025-03-09 23:56:28,285 - __main__ - INFO - Round 13/50
2025-03-09 23:56:28,285 - __main__ - INFO - CPU Memory Usage: 0.89 GB
2025-03-09 23:56:28,286 - __main__ - INFO - GPU 0 Memory: 0.00 GB allocated, 0.00 GB reserved
2025-03-09 23:56:28,400 - __main__ - INFO - Starting client training for global round 12
2025-03-09 23:56:28,550 - __main__ - INFO - Average metrics - Train Loss: 1.8804, Train Acc: 0.2290, Val Acc: 0.2290, Test Acc: 0.2799
2025-03-09 23:56:28,550 - __main__ - INFO - Collecting client parameters for aggregation
2025-03-09 23:56:28,581 - __main__ - INFO - Completed global round 12
2025-03-09 23:56:28,593 - __main__ - INFO - Global model - Test Accuracy: 0.0000
2025-03-09 23:56:28,593 - __main__ - INFO - Round 13 - Avg Train Loss: 1.8804, Avg Train Acc: 0.2290, Avg Val Acc: 0.2290, Avg Test Acc: 0.2799, Global Test Acc: 0.0000
2025-03-09 23:56:28,718 - __main__ - INFO - Round 14/50
2025-03-09 23:56:28,718 - __main__ - INFO - CPU Memory Usage: 0.89 GB
2025-03-09 23:56:28,719 - __main__ - INFO - GPU 0 Memory: 0.00 GB allocated, 0.00 GB reserved
2025-03-09 23:56:28,823 - __main__ - INFO - Starting client training for global round 13
2025-03-09 23:56:28,972 - __main__ - INFO - Average metrics - Train Loss: 1.8766, Train Acc: 0.2418, Val Acc: 0.2418, Test Acc: 0.2885
2025-03-09 23:56:28,972 - __main__ - INFO - Collecting client parameters for aggregation
2025-03-09 23:56:29,002 - __main__ - INFO - Completed global round 13
2025-03-09 23:56:29,007 - __main__ - INFO - Global model - Test Accuracy: 0.0000
2025-03-09 23:56:29,007 - __main__ - INFO - Round 14 - Avg Train Loss: 1.8766, Avg Train Acc: 0.2418, Avg Val Acc: 0.2418, Avg Test Acc: 0.2885, Global Test Acc: 0.0000
2025-03-09 23:56:29,140 - __main__ - INFO - Round 15/50
2025-03-09 23:56:29,140 - __main__ - INFO - CPU Memory Usage: 0.89 GB
2025-03-09 23:56:29,141 - __main__ - INFO - GPU 0 Memory: 0.00 GB allocated, 0.00 GB reserved
2025-03-09 23:56:29,264 - __main__ - INFO - Starting client training for global round 14
2025-03-09 23:56:29,413 - __main__ - INFO - Average metrics - Train Loss: 1.8733, Train Acc: 0.2290, Val Acc: 0.2290, Test Acc: 0.2827
2025-03-09 23:56:29,414 - __main__ - INFO - Collecting client parameters for aggregation
2025-03-09 23:56:29,444 - __main__ - INFO - Completed global round 14
2025-03-09 23:56:29,449 - __main__ - INFO - Global model - Test Accuracy: 0.0000
2025-03-09 23:56:29,450 - __main__ - INFO - Round 15 - Avg Train Loss: 1.8733, Avg Train Acc: 0.2290, Avg Val Acc: 0.2290, Avg Test Acc: 0.2827, Global Test Acc: 0.0000
2025-03-09 23:56:29,573 - __main__ - INFO - Round 16/50
2025-03-09 23:56:29,574 - __main__ - INFO - CPU Memory Usage: 0.89 GB
2025-03-09 23:56:29,574 - __main__ - INFO - GPU 0 Memory: 0.00 GB allocated, 0.00 GB reserved
2025-03-09 23:56:29,678 - __main__ - INFO - Starting client training for global round 15
2025-03-09 23:56:29,826 - __main__ - INFO - Average metrics - Train Loss: 1.8718, Train Acc: 0.2016, Val Acc: 0.2016, Test Acc: 0.2515
2025-03-09 23:56:29,826 - __main__ - INFO - Collecting client parameters for aggregation
2025-03-09 23:56:29,859 - __main__ - INFO - Completed global round 15
2025-03-09 23:56:29,866 - __main__ - INFO - Global model - Test Accuracy: 0.0000
2025-03-09 23:56:29,867 - __main__ - INFO - Round 16 - Avg Train Loss: 1.8718, Avg Train Acc: 0.2016, Avg Val Acc: 0.2016, Avg Test Acc: 0.2515, Global Test Acc: 0.0000
2025-03-09 23:56:30,008 - __main__ - INFO - Round 17/50
2025-03-09 23:56:30,008 - __main__ - INFO - CPU Memory Usage: 0.89 GB
2025-03-09 23:56:30,008 - __main__ - INFO - GPU 0 Memory: 0.00 GB allocated, 0.00 GB reserved
2025-03-09 23:56:30,123 - __main__ - INFO - Starting client training for global round 16
2025-03-09 23:56:30,274 - __main__ - INFO - Average metrics - Train Loss: 1.8675, Train Acc: 0.2063, Val Acc: 0.2063, Test Acc: 0.2511
2025-03-09 23:56:30,274 - __main__ - INFO - Collecting client parameters for aggregation
2025-03-09 23:56:30,305 - __main__ - INFO - Completed global round 16
2025-03-09 23:56:30,311 - __main__ - INFO - Global model - Test Accuracy: 0.0000
2025-03-09 23:56:30,311 - __main__ - INFO - Round 17 - Avg Train Loss: 1.8675, Avg Train Acc: 0.2063, Avg Val Acc: 0.2063, Avg Test Acc: 0.2511, Global Test Acc: 0.0000
2025-03-09 23:56:30,439 - __main__ - INFO - Round 18/50
2025-03-09 23:56:30,439 - __main__ - INFO - CPU Memory Usage: 0.89 GB
2025-03-09 23:56:30,439 - __main__ - INFO - GPU 0 Memory: 0.00 GB allocated, 0.00 GB reserved
2025-03-09 23:56:30,544 - __main__ - INFO - Starting client training for global round 17
2025-03-09 23:56:30,692 - __main__ - INFO - Average metrics - Train Loss: 1.8643, Train Acc: 0.2186, Val Acc: 0.2186, Test Acc: 0.2547
2025-03-09 23:56:30,692 - __main__ - INFO - Collecting client parameters for aggregation
2025-03-09 23:56:30,722 - __main__ - INFO - Completed global round 17
2025-03-09 23:56:30,723 - __main__ - INFO - Global model - Test Accuracy: 0.0000
2025-03-09 23:56:30,724 - __main__ - INFO - Round 18 - Avg Train Loss: 1.8643, Avg Train Acc: 0.2186, Avg Val Acc: 0.2186, Avg Test Acc: 0.2547, Global Test Acc: 0.0000
2025-03-09 23:56:30,844 - __main__ - INFO - Round 19/50
2025-03-09 23:56:30,845 - __main__ - INFO - CPU Memory Usage: 0.89 GB
2025-03-09 23:56:30,845 - __main__ - INFO - GPU 0 Memory: 0.00 GB allocated, 0.00 GB reserved
2025-03-09 23:56:30,950 - __main__ - INFO - Starting client training for global round 18
2025-03-09 23:56:31,099 - __main__ - INFO - Average metrics - Train Loss: 1.8629, Train Acc: 0.2315, Val Acc: 0.2315, Test Acc: 0.2683
2025-03-09 23:56:31,099 - __main__ - INFO - Collecting client parameters for aggregation
2025-03-09 23:56:31,129 - __main__ - INFO - Completed global round 18
2025-03-09 23:56:31,182 - __main__ - INFO - Global model - Test Accuracy: 0.0000
2025-03-09 23:56:31,183 - __main__ - INFO - Round 19 - Avg Train Loss: 1.8629, Avg Train Acc: 0.2315, Avg Val Acc: 0.2315, Avg Test Acc: 0.2683, Global Test Acc: 0.0000
2025-03-09 23:56:31,310 - __main__ - INFO - Round 20/50
2025-03-09 23:56:31,311 - __main__ - INFO - CPU Memory Usage: 0.89 GB
2025-03-09 23:56:31,311 - __main__ - INFO - GPU 0 Memory: 0.00 GB allocated, 0.00 GB reserved
2025-03-09 23:56:31,417 - __main__ - INFO - Starting client training for global round 19
2025-03-09 23:56:31,565 - __main__ - INFO - Average metrics - Train Loss: 1.8628, Train Acc: 0.2482, Val Acc: 0.2482, Test Acc: 0.2829
2025-03-09 23:56:31,565 - __main__ - INFO - Collecting client parameters for aggregation
2025-03-09 23:56:31,595 - __main__ - INFO - Completed global round 19
2025-03-09 23:56:31,597 - __main__ - INFO - Global model - Test Accuracy: 0.0000
2025-03-09 23:56:31,598 - __main__ - INFO - Round 20 - Avg Train Loss: 1.8628, Avg Train Acc: 0.2482, Avg Val Acc: 0.2482, Avg Test Acc: 0.2829, Global Test Acc: 0.0000
2025-03-09 23:56:31,719 - __main__ - INFO - Round 21/50
2025-03-09 23:56:31,720 - __main__ - INFO - CPU Memory Usage: 0.89 GB
2025-03-09 23:56:31,720 - __main__ - INFO - GPU 0 Memory: 0.00 GB allocated, 0.00 GB reserved
2025-03-09 23:56:31,823 - __main__ - INFO - Starting client training for global round 20
2025-03-09 23:56:31,973 - __main__ - INFO - Average metrics - Train Loss: 1.8594, Train Acc: 0.2482, Val Acc: 0.2482, Test Acc: 0.2835
2025-03-09 23:56:31,973 - __main__ - INFO - Collecting client parameters for aggregation
2025-03-09 23:56:32,003 - __main__ - INFO - Completed global round 20
2025-03-09 23:56:32,005 - __main__ - INFO - Global model - Test Accuracy: 0.0000
2025-03-09 23:56:32,005 - __main__ - INFO - Round 21 - Avg Train Loss: 1.8594, Avg Train Acc: 0.2482, Avg Val Acc: 0.2482, Avg Test Acc: 0.2835, Global Test Acc: 0.0000
2025-03-09 23:56:32,124 - __main__ - INFO - Round 22/50
2025-03-09 23:56:32,125 - __main__ - INFO - CPU Memory Usage: 0.89 GB
2025-03-09 23:56:32,125 - __main__ - INFO - GPU 0 Memory: 0.00 GB allocated, 0.00 GB reserved
2025-03-09 23:56:32,236 - __main__ - INFO - Starting client training for global round 21
2025-03-09 23:56:32,385 - __main__ - INFO - Average metrics - Train Loss: 1.8580, Train Acc: 0.2456, Val Acc: 0.2456, Test Acc: 0.2897
2025-03-09 23:56:32,385 - __main__ - INFO - Collecting client parameters for aggregation
2025-03-09 23:56:32,415 - __main__ - INFO - Completed global round 21
2025-03-09 23:56:32,417 - __main__ - INFO - Global model - Test Accuracy: 0.0000
2025-03-09 23:56:32,417 - __main__ - INFO - Round 22 - Avg Train Loss: 1.8580, Avg Train Acc: 0.2456, Avg Val Acc: 0.2456, Avg Test Acc: 0.2897, Global Test Acc: 0.0000
2025-03-09 23:56:32,543 - __main__ - INFO - Round 23/50
2025-03-09 23:56:32,543 - __main__ - INFO - CPU Memory Usage: 0.89 GB
2025-03-09 23:56:32,544 - __main__ - INFO - GPU 0 Memory: 0.00 GB allocated, 0.00 GB reserved
2025-03-09 23:56:32,646 - __main__ - INFO - Starting client training for global round 22
2025-03-09 23:56:32,794 - __main__ - INFO - Average metrics - Train Loss: 1.8549, Train Acc: 0.2794, Val Acc: 0.2794, Test Acc: 0.3203
2025-03-09 23:56:32,795 - __main__ - INFO - Collecting client parameters for aggregation
2025-03-09 23:56:32,825 - __main__ - INFO - Completed global round 22
2025-03-09 23:56:32,829 - __main__ - INFO - Global model - Test Accuracy: 0.0000
2025-03-09 23:56:32,830 - __main__ - INFO - Round 23 - Avg Train Loss: 1.8549, Avg Train Acc: 0.2794, Avg Val Acc: 0.2794, Avg Test Acc: 0.3203, Global Test Acc: 0.0000
2025-03-09 23:56:32,950 - __main__ - INFO - Round 24/50
2025-03-09 23:56:32,950 - __main__ - INFO - CPU Memory Usage: 0.89 GB
2025-03-09 23:56:32,951 - __main__ - INFO - GPU 0 Memory: 0.00 GB allocated, 0.00 GB reserved
2025-03-09 23:56:33,054 - __main__ - INFO - Starting client training for global round 23
2025-03-09 23:56:33,209 - __main__ - INFO - Average metrics - Train Loss: 1.8518, Train Acc: 0.2829, Val Acc: 0.2829, Test Acc: 0.3273
2025-03-09 23:56:33,209 - __main__ - INFO - Collecting client parameters for aggregation
2025-03-09 23:56:33,243 - __main__ - INFO - Completed global round 23
2025-03-09 23:56:33,245 - __main__ - INFO - Global model - Test Accuracy: 0.0065
2025-03-09 23:56:33,245 - __main__ - INFO - Round 24 - Avg Train Loss: 1.8518, Avg Train Acc: 0.2829, Avg Val Acc: 0.2829, Avg Test Acc: 0.3273, Global Test Acc: 0.0065
2025-03-09 23:56:33,368 - __main__ - INFO - Round 25/50
2025-03-09 23:56:33,368 - __main__ - INFO - CPU Memory Usage: 0.89 GB
2025-03-09 23:56:33,369 - __main__ - INFO - GPU 0 Memory: 0.00 GB allocated, 0.00 GB reserved
2025-03-09 23:56:33,479 - __main__ - INFO - Starting client training for global round 24
2025-03-09 23:56:33,630 - __main__ - INFO - Average metrics - Train Loss: 1.8474, Train Acc: 0.3048, Val Acc: 0.3048, Test Acc: 0.3497
2025-03-09 23:56:33,630 - __main__ - INFO - Collecting client parameters for aggregation
2025-03-09 23:56:33,661 - __main__ - INFO - Completed global round 24
2025-03-09 23:56:33,663 - __main__ - INFO - Global model - Test Accuracy: 0.0065
2025-03-09 23:56:33,663 - __main__ - INFO - Round 25 - Avg Train Loss: 1.8474, Avg Train Acc: 0.3048, Avg Val Acc: 0.3048, Avg Test Acc: 0.3497, Global Test Acc: 0.0065
2025-03-09 23:56:33,785 - __main__ - INFO - Round 26/50
2025-03-09 23:56:33,785 - __main__ - INFO - CPU Memory Usage: 0.89 GB
2025-03-09 23:56:33,785 - __main__ - INFO - GPU 0 Memory: 0.00 GB allocated, 0.00 GB reserved
2025-03-09 23:56:33,887 - __main__ - INFO - Starting client training for global round 25
2025-03-09 23:56:34,036 - __main__ - INFO - Average metrics - Train Loss: 1.8447, Train Acc: 0.3173, Val Acc: 0.3173, Test Acc: 0.3655
2025-03-09 23:56:34,037 - __main__ - INFO - Collecting client parameters for aggregation
2025-03-09 23:56:34,067 - __main__ - INFO - Completed global round 25
2025-03-09 23:56:34,068 - __main__ - INFO - Global model - Test Accuracy: 0.0065
2025-03-09 23:56:34,069 - __main__ - INFO - Round 26 - Avg Train Loss: 1.8447, Avg Train Acc: 0.3173, Avg Val Acc: 0.3173, Avg Test Acc: 0.3655, Global Test Acc: 0.0065
2025-03-09 23:56:34,199 - __main__ - INFO - Round 27/50
2025-03-09 23:56:34,200 - __main__ - INFO - CPU Memory Usage: 0.89 GB
2025-03-09 23:56:34,200 - __main__ - INFO - GPU 0 Memory: 0.00 GB allocated, 0.00 GB reserved
2025-03-09 23:56:34,329 - __main__ - INFO - Starting client training for global round 26
2025-03-09 23:56:34,479 - __main__ - INFO - Average metrics - Train Loss: 1.8435, Train Acc: 0.3276, Val Acc: 0.3276, Test Acc: 0.3858
2025-03-09 23:56:34,479 - __main__ - INFO - Collecting client parameters for aggregation
2025-03-09 23:56:34,509 - __main__ - INFO - Completed global round 26
2025-03-09 23:56:34,523 - __main__ - INFO - Global model - Test Accuracy: 0.0258
2025-03-09 23:56:34,524 - __main__ - INFO - Round 27 - Avg Train Loss: 1.8435, Avg Train Acc: 0.3276, Avg Val Acc: 0.3276, Avg Test Acc: 0.3858, Global Test Acc: 0.0258
2025-03-09 23:56:34,650 - __main__ - INFO - Round 28/50
2025-03-09 23:56:34,650 - __main__ - INFO - CPU Memory Usage: 0.89 GB
2025-03-09 23:56:34,651 - __main__ - INFO - GPU 0 Memory: 0.00 GB allocated, 0.00 GB reserved
2025-03-09 23:56:34,754 - __main__ - INFO - Starting client training for global round 27
2025-03-09 23:56:34,902 - __main__ - INFO - Average metrics - Train Loss: 1.8469, Train Acc: 0.3357, Val Acc: 0.3357, Test Acc: 0.3474
2025-03-09 23:56:34,902 - __main__ - INFO - Collecting client parameters for aggregation
2025-03-09 23:56:34,933 - __main__ - INFO - Completed global round 27
2025-03-09 23:56:34,934 - __main__ - INFO - Global model - Test Accuracy: 0.1097
2025-03-09 23:56:34,935 - __main__ - INFO - Round 28 - Avg Train Loss: 1.8469, Avg Train Acc: 0.3357, Avg Val Acc: 0.3357, Avg Test Acc: 0.3474, Global Test Acc: 0.1097
2025-03-09 23:56:35,056 - __main__ - INFO - Round 29/50
2025-03-09 23:56:35,057 - __main__ - INFO - CPU Memory Usage: 0.89 GB
2025-03-09 23:56:35,057 - __main__ - INFO - GPU 0 Memory: 0.00 GB allocated, 0.00 GB reserved
2025-03-09 23:56:35,161 - __main__ - INFO - Starting client training for global round 28
2025-03-09 23:56:35,311 - __main__ - INFO - Average metrics - Train Loss: 1.8455, Train Acc: 0.3456, Val Acc: 0.3456, Test Acc: 0.3728
2025-03-09 23:56:35,311 - __main__ - INFO - Collecting client parameters for aggregation
2025-03-09 23:56:35,341 - __main__ - INFO - Completed global round 28
2025-03-09 23:56:35,343 - __main__ - INFO - Global model - Test Accuracy: 0.2000
2025-03-09 23:56:35,343 - __main__ - INFO - Round 29 - Avg Train Loss: 1.8455, Avg Train Acc: 0.3456, Avg Val Acc: 0.3456, Avg Test Acc: 0.3728, Global Test Acc: 0.2000
2025-03-09 23:56:35,467 - __main__ - INFO - Round 30/50
2025-03-09 23:56:35,467 - __main__ - INFO - CPU Memory Usage: 0.89 GB
2025-03-09 23:56:35,468 - __main__ - INFO - GPU 0 Memory: 0.00 GB allocated, 0.00 GB reserved
2025-03-09 23:56:35,578 - __main__ - INFO - Starting client training for global round 29
2025-03-09 23:56:35,726 - __main__ - INFO - Average metrics - Train Loss: 1.8409, Train Acc: 0.3383, Val Acc: 0.3383, Test Acc: 0.3451
2025-03-09 23:56:35,726 - __main__ - INFO - Collecting client parameters for aggregation
2025-03-09 23:56:35,756 - __main__ - INFO - Completed global round 29
2025-03-09 23:56:35,758 - __main__ - INFO - Global model - Test Accuracy: 0.2645
2025-03-09 23:56:35,758 - __main__ - INFO - Round 30 - Avg Train Loss: 1.8409, Avg Train Acc: 0.3383, Avg Val Acc: 0.3383, Avg Test Acc: 0.3451, Global Test Acc: 0.2645
2025-03-09 23:56:35,883 - __main__ - INFO - Round 31/50
2025-03-09 23:56:35,883 - __main__ - INFO - CPU Memory Usage: 0.89 GB
2025-03-09 23:56:35,884 - __main__ - INFO - GPU 0 Memory: 0.00 GB allocated, 0.00 GB reserved
2025-03-09 23:56:35,988 - __main__ - INFO - Starting client training for global round 30
2025-03-09 23:56:36,137 - __main__ - INFO - Average metrics - Train Loss: 1.8267, Train Acc: 0.3273, Val Acc: 0.3273, Test Acc: 0.3749
2025-03-09 23:56:36,137 - __main__ - INFO - Collecting client parameters for aggregation
2025-03-09 23:56:36,167 - __main__ - INFO - Completed global round 30
2025-03-09 23:56:36,170 - __main__ - INFO - Global model - Test Accuracy: 0.2839
2025-03-09 23:56:36,170 - __main__ - INFO - Round 31 - Avg Train Loss: 1.8267, Avg Train Acc: 0.3273, Avg Val Acc: 0.3273, Avg Test Acc: 0.3749, Global Test Acc: 0.2839
2025-03-09 23:56:36,294 - __main__ - INFO - Round 32/50
2025-03-09 23:56:36,294 - __main__ - INFO - CPU Memory Usage: 0.89 GB
2025-03-09 23:56:36,295 - __main__ - INFO - GPU 0 Memory: 0.00 GB allocated, 0.00 GB reserved
2025-03-09 23:56:36,402 - __main__ - INFO - Starting client training for global round 31
2025-03-09 23:56:36,551 - __main__ - INFO - Average metrics - Train Loss: 1.7973, Train Acc: 0.4284, Val Acc: 0.4284, Test Acc: 0.4306
2025-03-09 23:56:36,551 - __main__ - INFO - Collecting client parameters for aggregation
2025-03-09 23:56:36,581 - __main__ - INFO - Completed global round 31
2025-03-09 23:56:36,583 - __main__ - INFO - Global model - Test Accuracy: 0.3484
2025-03-09 23:56:36,583 - __main__ - INFO - Round 32 - Avg Train Loss: 1.7973, Avg Train Acc: 0.4284, Avg Val Acc: 0.4284, Avg Test Acc: 0.4306, Global Test Acc: 0.3484
2025-03-09 23:56:36,711 - __main__ - INFO - Round 33/50
2025-03-09 23:56:36,712 - __main__ - INFO - CPU Memory Usage: 0.89 GB
2025-03-09 23:56:36,712 - __main__ - INFO - GPU 0 Memory: 0.00 GB allocated, 0.00 GB reserved
2025-03-09 23:56:36,823 - __main__ - INFO - Starting client training for global round 32
2025-03-09 23:56:36,971 - __main__ - INFO - Average metrics - Train Loss: 1.7897, Train Acc: 0.4767, Val Acc: 0.4767, Test Acc: 0.4547
2025-03-09 23:56:36,971 - __main__ - INFO - Collecting client parameters for aggregation
2025-03-09 23:56:37,001 - __main__ - INFO - Completed global round 32
2025-03-09 23:56:37,006 - __main__ - INFO - Global model - Test Accuracy: 0.3548
2025-03-09 23:56:37,006 - __main__ - INFO - Round 33 - Avg Train Loss: 1.7897, Avg Train Acc: 0.4767, Avg Val Acc: 0.4767, Avg Test Acc: 0.4547, Global Test Acc: 0.3548
2025-03-09 23:56:37,128 - __main__ - INFO - Round 34/50
2025-03-09 23:56:37,129 - __main__ - INFO - CPU Memory Usage: 0.89 GB
2025-03-09 23:56:37,129 - __main__ - INFO - GPU 0 Memory: 0.00 GB allocated, 0.00 GB reserved
2025-03-09 23:56:37,238 - __main__ - INFO - Starting client training for global round 33
2025-03-09 23:56:37,387 - __main__ - INFO - Average metrics - Train Loss: 1.8106, Train Acc: 0.4518, Val Acc: 0.4518, Test Acc: 0.4468
2025-03-09 23:56:37,387 - __main__ - INFO - Collecting client parameters for aggregation
2025-03-09 23:56:37,417 - __main__ - INFO - Completed global round 33
2025-03-09 23:56:37,426 - __main__ - INFO - Global model - Test Accuracy: 0.3806
2025-03-09 23:56:37,427 - __main__ - INFO - Round 34 - Avg Train Loss: 1.8106, Avg Train Acc: 0.4518, Avg Val Acc: 0.4518, Avg Test Acc: 0.4468, Global Test Acc: 0.3806
2025-03-09 23:56:37,551 - __main__ - INFO - Round 35/50
2025-03-09 23:56:37,552 - __main__ - INFO - CPU Memory Usage: 0.89 GB
2025-03-09 23:56:37,552 - __main__ - INFO - GPU 0 Memory: 0.00 GB allocated, 0.00 GB reserved
2025-03-09 23:56:37,665 - __main__ - INFO - Starting client training for global round 34
2025-03-09 23:56:37,815 - __main__ - INFO - Average metrics - Train Loss: 1.8103, Train Acc: 0.4222, Val Acc: 0.4222, Test Acc: 0.3980
2025-03-09 23:56:37,815 - __main__ - INFO - Collecting client parameters for aggregation
2025-03-09 23:56:37,847 - __main__ - INFO - Completed global round 34
2025-03-09 23:56:37,849 - __main__ - INFO - Global model - Test Accuracy: 0.3935
2025-03-09 23:56:37,849 - __main__ - INFO - Round 35 - Avg Train Loss: 1.8103, Avg Train Acc: 0.4222, Avg Val Acc: 0.4222, Avg Test Acc: 0.3980, Global Test Acc: 0.3935
2025-03-09 23:56:37,980 - __main__ - INFO - Round 36/50
2025-03-09 23:56:37,981 - __main__ - INFO - CPU Memory Usage: 0.89 GB
2025-03-09 23:56:37,981 - __main__ - INFO - GPU 0 Memory: 0.00 GB allocated, 0.00 GB reserved
2025-03-09 23:56:38,087 - __main__ - INFO - Starting client training for global round 35
2025-03-09 23:56:38,244 - __main__ - INFO - Average metrics - Train Loss: 1.7935, Train Acc: 0.3975, Val Acc: 0.3975, Test Acc: 0.3870
2025-03-09 23:56:38,244 - __main__ - INFO - Collecting client parameters for aggregation
2025-03-09 23:56:38,276 - __main__ - INFO - Completed global round 35
2025-03-09 23:56:38,278 - __main__ - INFO - Global model - Test Accuracy: 0.3806
2025-03-09 23:56:38,278 - __main__ - INFO - Round 36 - Avg Train Loss: 1.7935, Avg Train Acc: 0.3975, Avg Val Acc: 0.3975, Avg Test Acc: 0.3870, Global Test Acc: 0.3806
2025-03-09 23:56:38,402 - __main__ - INFO - Round 37/50
2025-03-09 23:56:38,403 - __main__ - INFO - CPU Memory Usage: 0.89 GB
2025-03-09 23:56:38,403 - __main__ - INFO - GPU 0 Memory: 0.00 GB allocated, 0.00 GB reserved
2025-03-09 23:56:38,510 - __main__ - INFO - Starting client training for global round 36
2025-03-09 23:56:38,658 - __main__ - INFO - Average metrics - Train Loss: 1.7885, Train Acc: 0.4177, Val Acc: 0.4177, Test Acc: 0.3945
2025-03-09 23:56:38,658 - __main__ - INFO - Collecting client parameters for aggregation
2025-03-09 23:56:38,689 - __main__ - INFO - Completed global round 36
2025-03-09 23:56:38,691 - __main__ - INFO - Global model - Test Accuracy: 0.4000
2025-03-09 23:56:38,691 - __main__ - INFO - Round 37 - Avg Train Loss: 1.7885, Avg Train Acc: 0.4177, Avg Val Acc: 0.4177, Avg Test Acc: 0.3945, Global Test Acc: 0.4000
2025-03-09 23:56:38,815 - __main__ - INFO - Round 38/50
2025-03-09 23:56:38,816 - __main__ - INFO - CPU Memory Usage: 0.89 GB
2025-03-09 23:56:38,816 - __main__ - INFO - GPU 0 Memory: 0.00 GB allocated, 0.00 GB reserved
2025-03-09 23:56:38,926 - __main__ - INFO - Starting client training for global round 37
2025-03-09 23:56:39,074 - __main__ - INFO - Average metrics - Train Loss: 1.7877, Train Acc: 0.4242, Val Acc: 0.4242, Test Acc: 0.4035
2025-03-09 23:56:39,074 - __main__ - INFO - Collecting client parameters for aggregation
2025-03-09 23:56:39,104 - __main__ - INFO - Completed global round 37
2025-03-09 23:56:39,109 - __main__ - INFO - Global model - Test Accuracy: 0.4387
2025-03-09 23:56:39,109 - __main__ - INFO - Round 38 - Avg Train Loss: 1.7877, Avg Train Acc: 0.4242, Avg Val Acc: 0.4242, Avg Test Acc: 0.4035, Global Test Acc: 0.4387
2025-03-09 23:56:39,237 - __main__ - INFO - Round 39/50
2025-03-09 23:56:39,237 - __main__ - INFO - CPU Memory Usage: 0.89 GB
2025-03-09 23:56:39,237 - __main__ - INFO - GPU 0 Memory: 0.00 GB allocated, 0.00 GB reserved
2025-03-09 23:56:39,345 - __main__ - INFO - Starting client training for global round 38
2025-03-09 23:56:39,496 - __main__ - INFO - Average metrics - Train Loss: 1.8023, Train Acc: 0.3796, Val Acc: 0.3796, Test Acc: 0.3691
2025-03-09 23:56:39,497 - __main__ - INFO - Collecting client parameters for aggregation
2025-03-09 23:56:39,530 - __main__ - INFO - Completed global round 38
2025-03-09 23:56:39,532 - __main__ - INFO - Global model - Test Accuracy: 0.4194
2025-03-09 23:56:39,532 - __main__ - INFO - Round 39 - Avg Train Loss: 1.8023, Avg Train Acc: 0.3796, Avg Val Acc: 0.3796, Avg Test Acc: 0.3691, Global Test Acc: 0.4194
2025-03-09 23:56:39,656 - __main__ - INFO - Round 40/50
2025-03-09 23:56:39,656 - __main__ - INFO - CPU Memory Usage: 0.89 GB
2025-03-09 23:56:39,657 - __main__ - INFO - GPU 0 Memory: 0.00 GB allocated, 0.00 GB reserved
2025-03-09 23:56:39,766 - __main__ - INFO - Starting client training for global round 39
2025-03-09 23:56:39,918 - __main__ - INFO - Average metrics - Train Loss: 1.8008, Train Acc: 0.3555, Val Acc: 0.3555, Test Acc: 0.3748
2025-03-09 23:56:39,918 - __main__ - INFO - Collecting client parameters for aggregation
2025-03-09 23:56:39,954 - __main__ - INFO - Completed global round 39
2025-03-09 23:56:39,959 - __main__ - INFO - Global model - Test Accuracy: 0.4387
2025-03-09 23:56:39,959 - __main__ - INFO - Round 40 - Avg Train Loss: 1.8008, Avg Train Acc: 0.3555, Avg Val Acc: 0.3555, Avg Test Acc: 0.3748, Global Test Acc: 0.4387
2025-03-09 23:56:40,088 - __main__ - INFO - Round 41/50
2025-03-09 23:56:40,089 - __main__ - INFO - CPU Memory Usage: 0.89 GB
2025-03-09 23:56:40,089 - __main__ - INFO - GPU 0 Memory: 0.00 GB allocated, 0.00 GB reserved
2025-03-09 23:56:40,198 - __main__ - INFO - Starting client training for global round 40
2025-03-09 23:56:40,349 - __main__ - INFO - Average metrics - Train Loss: 1.7955, Train Acc: 0.3546, Val Acc: 0.3546, Test Acc: 0.3871
2025-03-09 23:56:40,350 - __main__ - INFO - Collecting client parameters for aggregation
2025-03-09 23:56:40,380 - __main__ - INFO - Completed global round 40
2025-03-09 23:56:40,382 - __main__ - INFO - Global model - Test Accuracy: 0.4581
2025-03-09 23:56:40,382 - __main__ - INFO - Round 41 - Avg Train Loss: 1.7955, Avg Train Acc: 0.3546, Avg Val Acc: 0.3546, Avg Test Acc: 0.3871, Global Test Acc: 0.4581
2025-03-09 23:56:40,508 - __main__ - INFO - Round 42/50
2025-03-09 23:56:40,509 - __main__ - INFO - CPU Memory Usage: 0.89 GB
2025-03-09 23:56:40,509 - __main__ - INFO - GPU 0 Memory: 0.00 GB allocated, 0.00 GB reserved
2025-03-09 23:56:40,615 - __main__ - INFO - Starting client training for global round 41
2025-03-09 23:56:40,764 - __main__ - INFO - Average metrics - Train Loss: 1.7724, Train Acc: 0.3683, Val Acc: 0.3683, Test Acc: 0.3863
2025-03-09 23:56:40,764 - __main__ - INFO - Collecting client parameters for aggregation
2025-03-09 23:56:40,795 - __main__ - INFO - Completed global round 41
2025-03-09 23:56:40,805 - __main__ - INFO - Global model - Test Accuracy: 0.4774
2025-03-09 23:56:40,805 - __main__ - INFO - Round 42 - Avg Train Loss: 1.7724, Avg Train Acc: 0.3683, Avg Val Acc: 0.3683, Avg Test Acc: 0.3863, Global Test Acc: 0.4774
2025-03-09 23:56:40,928 - __main__ - INFO - Round 43/50
2025-03-09 23:56:40,928 - __main__ - INFO - CPU Memory Usage: 0.89 GB
2025-03-09 23:56:40,929 - __main__ - INFO - GPU 0 Memory: 0.00 GB allocated, 0.00 GB reserved
2025-03-09 23:56:41,039 - __main__ - INFO - Starting client training for global round 42
2025-03-09 23:56:41,189 - __main__ - INFO - Average metrics - Train Loss: 1.7758, Train Acc: 0.3892, Val Acc: 0.3892, Test Acc: 0.4013
2025-03-09 23:56:41,189 - __main__ - INFO - Collecting client parameters for aggregation
2025-03-09 23:56:41,219 - __main__ - INFO - Completed global round 42
2025-03-09 23:56:41,221 - __main__ - INFO - Global model - Test Accuracy: 0.4387
2025-03-09 23:56:41,222 - __main__ - INFO - Round 43 - Avg Train Loss: 1.7758, Avg Train Acc: 0.3892, Avg Val Acc: 0.3892, Avg Test Acc: 0.4013, Global Test Acc: 0.4387
2025-03-09 23:56:41,347 - __main__ - INFO - Round 44/50
2025-03-09 23:56:41,347 - __main__ - INFO - CPU Memory Usage: 0.89 GB
2025-03-09 23:56:41,348 - __main__ - INFO - GPU 0 Memory: 0.00 GB allocated, 0.00 GB reserved
2025-03-09 23:56:41,453 - __main__ - INFO - Starting client training for global round 43
2025-03-09 23:56:41,603 - __main__ - INFO - Average metrics - Train Loss: 1.7865, Train Acc: 0.3782, Val Acc: 0.3782, Test Acc: 0.3907
2025-03-09 23:56:41,603 - __main__ - INFO - Collecting client parameters for aggregation
2025-03-09 23:56:41,633 - __main__ - INFO - Completed global round 43
2025-03-09 23:56:41,635 - __main__ - INFO - Global model - Test Accuracy: 0.4387
2025-03-09 23:56:41,635 - __main__ - INFO - Round 44 - Avg Train Loss: 1.7865, Avg Train Acc: 0.3782, Avg Val Acc: 0.3782, Avg Test Acc: 0.3907, Global Test Acc: 0.4387
2025-03-09 23:56:41,761 - __main__ - INFO - Round 45/50
2025-03-09 23:56:41,762 - __main__ - INFO - CPU Memory Usage: 0.89 GB
2025-03-09 23:56:41,762 - __main__ - INFO - GPU 0 Memory: 0.00 GB allocated, 0.00 GB reserved
2025-03-09 23:56:41,871 - __main__ - INFO - Starting client training for global round 44
2025-03-09 23:56:42,020 - __main__ - INFO - Average metrics - Train Loss: 1.8250, Train Acc: 0.3564, Val Acc: 0.3564, Test Acc: 0.3702
2025-03-09 23:56:42,020 - __main__ - INFO - Collecting client parameters for aggregation
2025-03-09 23:56:42,051 - __main__ - INFO - Completed global round 44
2025-03-09 23:56:42,060 - __main__ - INFO - Global model - Test Accuracy: 0.4516
2025-03-09 23:56:42,060 - __main__ - INFO - Round 45 - Avg Train Loss: 1.8250, Avg Train Acc: 0.3564, Avg Val Acc: 0.3564, Avg Test Acc: 0.3702, Global Test Acc: 0.4516
2025-03-09 23:56:42,192 - __main__ - INFO - Round 46/50
2025-03-09 23:56:42,192 - __main__ - INFO - CPU Memory Usage: 0.89 GB
2025-03-09 23:56:42,192 - __main__ - INFO - GPU 0 Memory: 0.00 GB allocated, 0.00 GB reserved
2025-03-09 23:56:42,305 - __main__ - INFO - Starting client training for global round 45
2025-03-09 23:56:42,454 - __main__ - INFO - Average metrics - Train Loss: 1.8214, Train Acc: 0.3686, Val Acc: 0.3686, Test Acc: 0.3803
2025-03-09 23:56:42,454 - __main__ - INFO - Collecting client parameters for aggregation
2025-03-09 23:56:42,484 - __main__ - INFO - Completed global round 45
2025-03-09 23:56:42,486 - __main__ - INFO - Global model - Test Accuracy: 0.4645
2025-03-09 23:56:42,486 - __main__ - INFO - Round 46 - Avg Train Loss: 1.8214, Avg Train Acc: 0.3686, Avg Val Acc: 0.3686, Avg Test Acc: 0.3803, Global Test Acc: 0.4645
2025-03-09 23:56:42,609 - __main__ - INFO - Round 47/50
2025-03-09 23:56:42,610 - __main__ - INFO - CPU Memory Usage: 0.89 GB
2025-03-09 23:56:42,610 - __main__ - INFO - GPU 0 Memory: 0.00 GB allocated, 0.00 GB reserved
2025-03-09 23:56:42,714 - __main__ - INFO - Starting client training for global round 46
2025-03-09 23:56:42,863 - __main__ - INFO - Average metrics - Train Loss: 1.8085, Train Acc: 0.3697, Val Acc: 0.3697, Test Acc: 0.4017
2025-03-09 23:56:42,863 - __main__ - INFO - Collecting client parameters for aggregation
2025-03-09 23:56:42,892 - __main__ - INFO - Completed global round 46
2025-03-09 23:56:42,896 - __main__ - INFO - Global model - Test Accuracy: 0.4645
2025-03-09 23:56:42,896 - __main__ - INFO - Round 47 - Avg Train Loss: 1.8085, Avg Train Acc: 0.3697, Avg Val Acc: 0.3697, Avg Test Acc: 0.4017, Global Test Acc: 0.4645
2025-03-09 23:56:43,019 - __main__ - INFO - Round 48/50
2025-03-09 23:56:43,019 - __main__ - INFO - CPU Memory Usage: 0.89 GB
2025-03-09 23:56:43,019 - __main__ - INFO - GPU 0 Memory: 0.00 GB allocated, 0.00 GB reserved
2025-03-09 23:56:43,130 - __main__ - INFO - Starting client training for global round 47
2025-03-09 23:56:43,280 - __main__ - INFO - Average metrics - Train Loss: 1.8181, Train Acc: 0.3740, Val Acc: 0.3740, Test Acc: 0.3992
2025-03-09 23:56:43,280 - __main__ - INFO - Collecting client parameters for aggregation
2025-03-09 23:56:43,310 - __main__ - INFO - Completed global round 47
2025-03-09 23:56:43,312 - __main__ - INFO - Global model - Test Accuracy: 0.4452
2025-03-09 23:56:43,312 - __main__ - INFO - Round 48 - Avg Train Loss: 1.8181, Avg Train Acc: 0.3740, Avg Val Acc: 0.3740, Avg Test Acc: 0.3992, Global Test Acc: 0.4452
2025-03-09 23:56:43,440 - __main__ - INFO - Round 49/50
2025-03-09 23:56:43,441 - __main__ - INFO - CPU Memory Usage: 0.89 GB
2025-03-09 23:56:43,441 - __main__ - INFO - GPU 0 Memory: 0.00 GB allocated, 0.00 GB reserved
2025-03-09 23:56:43,546 - __main__ - INFO - Starting client training for global round 48
2025-03-09 23:56:43,698 - __main__ - INFO - Average metrics - Train Loss: 1.8425, Train Acc: 0.3932, Val Acc: 0.3932, Test Acc: 0.3914
2025-03-09 23:56:43,698 - __main__ - INFO - Collecting client parameters for aggregation
2025-03-09 23:56:43,729 - __main__ - INFO - Completed global round 48
2025-03-09 23:56:43,740 - __main__ - INFO - Global model - Test Accuracy: 0.4387
2025-03-09 23:56:43,740 - __main__ - INFO - Round 49 - Avg Train Loss: 1.8425, Avg Train Acc: 0.3932, Avg Val Acc: 0.3932, Avg Test Acc: 0.3914, Global Test Acc: 0.4387
2025-03-09 23:56:43,860 - __main__ - INFO - Round 50/50
2025-03-09 23:56:43,860 - __main__ - INFO - CPU Memory Usage: 0.89 GB
2025-03-09 23:56:43,860 - __main__ - INFO - GPU 0 Memory: 0.00 GB allocated, 0.00 GB reserved
2025-03-09 23:56:43,964 - __main__ - INFO - Starting client training for global round 49
2025-03-09 23:56:44,113 - __main__ - INFO - Average metrics - Train Loss: 1.8562, Train Acc: 0.3754, Val Acc: 0.3754, Test Acc: 0.4035
2025-03-09 23:56:44,113 - __main__ - INFO - Collecting client parameters for aggregation
2025-03-09 23:56:44,142 - __main__ - INFO - Completed global round 49
2025-03-09 23:56:44,144 - __main__ - INFO - Global model - Test Accuracy: 0.4839
2025-03-09 23:56:44,144 - __main__ - INFO - Round 50 - Avg Train Loss: 1.8562, Avg Train Acc: 0.3754, Avg Val Acc: 0.3754, Avg Test Acc: 0.4035, Global Test Acc: 0.4839
2025-03-09 23:56:44,286 - __main__ - INFO - Results saved to JSON: results/results_20250309_235324/Cora_random_walk_auto/results_Cora_random_walk_auto_20250309_235644.json
2025-03-09 23:56:44,287 - __main__ - INFO - Text results saved to: results/results_20250309_235324/Cora_random_walk_auto/results_Cora_random_walk_auto_20250309_235644.txt
2025-03-09 23:56:44,291 - __main__ - INFO - Rounds data saved to: results/results_20250309_235324/Cora_random_walk_auto/rounds_Cora_random_walk_auto_20250309_235644.csv
2025-03-09 23:56:44,292 - __main__ - INFO - Summary data saved to: results/results_20250309_235324/Cora_random_walk_auto/summary_Cora_random_walk_auto_20250309_235644.csv
2025-03-09 23:56:44,293 - __main__ - INFO - Results arrays saved to: results/results_20250309_235324/Cora_random_walk_auto/results_arrays_Cora_random_walk_auto_20250309_235644.csv
2025-03-09 23:56:44,293 - __main__ - INFO - Training completed successfully
