2025-03-09 22:42:08,016 - __main__ - INFO - Starting enhanced federated learning with Cora dataset
2025-03-09 22:42:08,017 - __main__ - INFO - Random seed set to 42
2025-03-09 22:42:08,017 - __main__ - INFO - Using memory-efficient models
2025-03-09 22:42:10,023 - __main__ - INFO - Ray initialized successfully
2025-03-09 22:42:10,023 - __main__ - INFO - Using CPU
2025-03-09 22:42:10,167 - __main__ - INFO - CPU Memory Usage: 0.66 GB
2025-03-09 22:42:10,212 - __main__ - INFO - GPU 0 Memory: 0.00 GB allocated, 0.00 GB reserved
2025-03-09 22:42:10,213 - __main__ - INFO - Loading dataset: Cora
2025-03-09 22:42:10,235 - __main__ - INFO - Dataset: Cora
2025-03-09 22:42:10,235 - __main__ - INFO - Number of nodes: 2708
2025-03-09 22:42:10,236 - __main__ - INFO - Number of features: 1433
2025-03-09 22:42:10,238 - __main__ - INFO - Number of classes: 7
2025-03-09 22:42:10,238 - __main__ - INFO - Number of edges: 10556
2025-03-09 22:42:10,238 - __main__ - INFO - CPU Memory Usage: 0.71 GB
2025-03-09 22:42:10,238 - __main__ - INFO - GPU 0 Memory: 0.00 GB allocated, 0.00 GB reserved
2025-03-09 22:42:10,240 - __main__ - INFO - Using standard GCN model for cora
2025-03-09 22:42:10,271 - __main__ - INFO - Global model type: EnhancedGCN
2025-03-09 22:42:10,271 - __main__ - INFO - Total model parameters: 23095
2025-03-09 22:42:10,271 - __main__ - INFO - Training for 20 rounds with 2 local epochs per round
2025-03-09 22:42:10,272 - __main__ - INFO - Initializing 10 clients with 2 epochs per round
2025-03-09 22:42:10,345 - __main__ - INFO - Initialized 10 clients
2025-03-09 22:42:10,348 - __main__ - INFO - Starting federated training for 20 rounds
2025-03-09 22:42:10,349 - __main__ - INFO - Round 1/20
2025-03-09 22:42:10,349 - __main__ - INFO - CPU Memory Usage: 0.75 GB
2025-03-09 22:42:10,349 - __main__ - INFO - GPU 0 Memory: 0.00 GB allocated, 0.00 GB reserved
2025-03-09 22:42:10,525 - __main__ - INFO - Starting client training for global round 0
2025-03-09 22:42:13,630 - __main__ - INFO - Average metrics - Train Loss: 1.9197, Train Acc: 0.5049, Val Acc: 0.5049, Test Acc: 0.4625
2025-03-09 22:42:13,630 - __main__ - INFO - Collecting client parameters for aggregation
2025-03-09 22:42:13,663 - __main__ - INFO - Completed global round 0
2025-03-09 22:42:13,666 - __main__ - INFO - Global model - Test Accuracy: 0.0000
2025-03-09 22:42:13,666 - __main__ - INFO - Round 1 - Avg Train Loss: 1.9197, Avg Train Acc: 0.5049, Avg Val Acc: 0.5049, Avg Test Acc: 0.4625, Global Test Acc: 0.0000
2025-03-09 22:42:13,791 - __main__ - INFO - Round 2/20
2025-03-09 22:42:13,791 - __main__ - INFO - CPU Memory Usage: 0.75 GB
2025-03-09 22:42:13,791 - __main__ - INFO - GPU 0 Memory: 0.00 GB allocated, 0.00 GB reserved
2025-03-09 22:42:13,899 - __main__ - INFO - Starting client training for global round 1
2025-03-09 22:42:14,011 - __main__ - INFO - Average metrics - Train Loss: 1.9300, Train Acc: 0.2393, Val Acc: 0.2393, Test Acc: 0.2168
2025-03-09 22:42:14,011 - __main__ - INFO - Collecting client parameters for aggregation
2025-03-09 22:42:14,042 - __main__ - INFO - Completed global round 1
2025-03-09 22:42:14,044 - __main__ - INFO - Global model - Test Accuracy: 0.0000
2025-03-09 22:42:14,044 - __main__ - INFO - Round 2 - Avg Train Loss: 1.9300, Avg Train Acc: 0.2393, Avg Val Acc: 0.2393, Avg Test Acc: 0.2168, Global Test Acc: 0.0000
2025-03-09 22:42:14,164 - __main__ - INFO - Round 3/20
2025-03-09 22:42:14,164 - __main__ - INFO - CPU Memory Usage: 0.75 GB
2025-03-09 22:42:14,164 - __main__ - INFO - GPU 0 Memory: 0.00 GB allocated, 0.00 GB reserved
2025-03-09 22:42:14,266 - __main__ - INFO - Starting client training for global round 2
2025-03-09 22:42:14,377 - __main__ - INFO - Average metrics - Train Loss: 1.9291, Train Acc: 0.2658, Val Acc: 0.2658, Test Acc: 0.2755
2025-03-09 22:42:14,377 - __main__ - INFO - Collecting client parameters for aggregation
2025-03-09 22:42:14,411 - __main__ - INFO - Completed global round 2
2025-03-09 22:42:14,413 - __main__ - INFO - Global model - Test Accuracy: 0.0000
2025-03-09 22:42:14,413 - __main__ - INFO - Round 3 - Avg Train Loss: 1.9291, Avg Train Acc: 0.2658, Avg Val Acc: 0.2658, Avg Test Acc: 0.2755, Global Test Acc: 0.0000
2025-03-09 22:42:14,532 - __main__ - INFO - Round 4/20
2025-03-09 22:42:14,532 - __main__ - INFO - CPU Memory Usage: 0.75 GB
2025-03-09 22:42:14,532 - __main__ - INFO - GPU 0 Memory: 0.00 GB allocated, 0.00 GB reserved
2025-03-09 22:42:14,639 - __main__ - INFO - Starting client training for global round 3
2025-03-09 22:42:14,749 - __main__ - INFO - Average metrics - Train Loss: 1.9295, Train Acc: 0.2427, Val Acc: 0.2427, Test Acc: 0.2636
2025-03-09 22:42:14,750 - __main__ - INFO - Collecting client parameters for aggregation
2025-03-09 22:42:14,779 - __main__ - INFO - Completed global round 3
2025-03-09 22:42:14,796 - __main__ - INFO - Global model - Test Accuracy: 0.0000
2025-03-09 22:42:14,797 - __main__ - INFO - Round 4 - Avg Train Loss: 1.9295, Avg Train Acc: 0.2427, Avg Val Acc: 0.2427, Avg Test Acc: 0.2636, Global Test Acc: 0.0000
2025-03-09 22:42:14,923 - __main__ - INFO - Round 5/20
2025-03-09 22:42:14,923 - __main__ - INFO - CPU Memory Usage: 0.75 GB
2025-03-09 22:42:14,923 - __main__ - INFO - GPU 0 Memory: 0.00 GB allocated, 0.00 GB reserved
2025-03-09 22:42:15,034 - __main__ - INFO - Starting client training for global round 4
2025-03-09 22:42:15,144 - __main__ - INFO - Average metrics - Train Loss: 1.9290, Train Acc: 0.2346, Val Acc: 0.2346, Test Acc: 0.2525
2025-03-09 22:42:15,144 - __main__ - INFO - Collecting client parameters for aggregation
2025-03-09 22:42:15,174 - __main__ - INFO - Completed global round 4
2025-03-09 22:42:15,187 - __main__ - INFO - Global model - Test Accuracy: 0.0000
2025-03-09 22:42:15,187 - __main__ - INFO - Round 5 - Avg Train Loss: 1.9290, Avg Train Acc: 0.2346, Avg Val Acc: 0.2346, Avg Test Acc: 0.2525, Global Test Acc: 0.0000
2025-03-09 22:42:15,312 - __main__ - INFO - Round 6/20
2025-03-09 22:42:15,312 - __main__ - INFO - CPU Memory Usage: 0.75 GB
2025-03-09 22:42:15,312 - __main__ - INFO - GPU 0 Memory: 0.00 GB allocated, 0.00 GB reserved
2025-03-09 22:42:15,416 - __main__ - INFO - Starting client training for global round 5
2025-03-09 22:42:15,528 - __main__ - INFO - Average metrics - Train Loss: 1.9289, Train Acc: 0.2407, Val Acc: 0.2407, Test Acc: 0.2483
2025-03-09 22:42:15,529 - __main__ - INFO - Collecting client parameters for aggregation
2025-03-09 22:42:15,562 - __main__ - INFO - Completed global round 5
2025-03-09 22:42:15,568 - __main__ - INFO - Global model - Test Accuracy: 0.0000
2025-03-09 22:42:15,568 - __main__ - INFO - Round 6 - Avg Train Loss: 1.9289, Avg Train Acc: 0.2407, Avg Val Acc: 0.2407, Avg Test Acc: 0.2483, Global Test Acc: 0.0000
2025-03-09 22:42:15,700 - __main__ - INFO - Round 7/20
2025-03-09 22:42:15,701 - __main__ - INFO - CPU Memory Usage: 0.75 GB
2025-03-09 22:42:15,701 - __main__ - INFO - GPU 0 Memory: 0.00 GB allocated, 0.00 GB reserved
2025-03-09 22:42:15,819 - __main__ - INFO - Starting client training for global round 6
2025-03-09 22:42:15,931 - __main__ - INFO - Average metrics - Train Loss: 1.9284, Train Acc: 0.2100, Val Acc: 0.2100, Test Acc: 0.2083
2025-03-09 22:42:15,932 - __main__ - INFO - Collecting client parameters for aggregation
2025-03-09 22:42:15,964 - __main__ - INFO - Completed global round 6
2025-03-09 22:42:15,970 - __main__ - INFO - Global model - Test Accuracy: 0.0000
2025-03-09 22:42:15,970 - __main__ - INFO - Round 7 - Avg Train Loss: 1.9284, Avg Train Acc: 0.2100, Avg Val Acc: 0.2100, Avg Test Acc: 0.2083, Global Test Acc: 0.0000
2025-03-09 22:42:16,094 - __main__ - INFO - Round 8/20
2025-03-09 22:42:16,094 - __main__ - INFO - CPU Memory Usage: 0.75 GB
2025-03-09 22:42:16,095 - __main__ - INFO - GPU 0 Memory: 0.00 GB allocated, 0.00 GB reserved
2025-03-09 22:42:16,207 - __main__ - INFO - Starting client training for global round 7
2025-03-09 22:42:16,318 - __main__ - INFO - Average metrics - Train Loss: 1.9275, Train Acc: 0.2265, Val Acc: 0.2265, Test Acc: 0.2203
2025-03-09 22:42:16,318 - __main__ - INFO - Collecting client parameters for aggregation
2025-03-09 22:42:16,347 - __main__ - INFO - Completed global round 7
2025-03-09 22:42:16,360 - __main__ - INFO - Global model - Test Accuracy: 0.0000
2025-03-09 22:42:16,360 - __main__ - INFO - Round 8 - Avg Train Loss: 1.9275, Avg Train Acc: 0.2265, Avg Val Acc: 0.2265, Avg Test Acc: 0.2203, Global Test Acc: 0.0000
2025-03-09 22:42:16,486 - __main__ - INFO - Round 9/20
2025-03-09 22:42:16,487 - __main__ - INFO - CPU Memory Usage: 0.75 GB
2025-03-09 22:42:16,487 - __main__ - INFO - GPU 0 Memory: 0.00 GB allocated, 0.00 GB reserved
2025-03-09 22:42:16,602 - __main__ - INFO - Starting client training for global round 8
2025-03-09 22:42:16,714 - __main__ - INFO - Average metrics - Train Loss: 1.9265, Train Acc: 0.2302, Val Acc: 0.2302, Test Acc: 0.2280
2025-03-09 22:42:16,714 - __main__ - INFO - Collecting client parameters for aggregation
2025-03-09 22:42:16,745 - __main__ - INFO - Completed global round 8
2025-03-09 22:42:16,749 - __main__ - INFO - Global model - Test Accuracy: 0.0000
2025-03-09 22:42:16,749 - __main__ - INFO - Round 9 - Avg Train Loss: 1.9265, Avg Train Acc: 0.2302, Avg Val Acc: 0.2302, Avg Test Acc: 0.2280, Global Test Acc: 0.0000
2025-03-09 22:42:16,879 - __main__ - INFO - Round 10/20
2025-03-09 22:42:16,879 - __main__ - INFO - CPU Memory Usage: 0.75 GB
2025-03-09 22:42:16,880 - __main__ - INFO - GPU 0 Memory: 0.00 GB allocated, 0.00 GB reserved
2025-03-09 22:42:16,989 - __main__ - INFO - Starting client training for global round 9
2025-03-09 22:42:17,102 - __main__ - INFO - Average metrics - Train Loss: 1.9251, Train Acc: 0.2449, Val Acc: 0.2449, Test Acc: 0.2386
2025-03-09 22:42:17,102 - __main__ - INFO - Collecting client parameters for aggregation
2025-03-09 22:42:17,132 - __main__ - INFO - Completed global round 9
2025-03-09 22:42:17,140 - __main__ - INFO - Global model - Test Accuracy: 0.0000
2025-03-09 22:42:17,140 - __main__ - INFO - Round 10 - Avg Train Loss: 1.9251, Avg Train Acc: 0.2449, Avg Val Acc: 0.2449, Avg Test Acc: 0.2386, Global Test Acc: 0.0000
2025-03-09 22:42:17,263 - __main__ - INFO - Round 11/20
2025-03-09 22:42:17,264 - __main__ - INFO - CPU Memory Usage: 0.75 GB
2025-03-09 22:42:17,264 - __main__ - INFO - GPU 0 Memory: 0.00 GB allocated, 0.00 GB reserved
2025-03-09 22:42:17,373 - __main__ - INFO - Starting client training for global round 10
2025-03-09 22:42:17,483 - __main__ - INFO - Average metrics - Train Loss: 1.9255, Train Acc: 0.2683, Val Acc: 0.2683, Test Acc: 0.2550
2025-03-09 22:42:17,483 - __main__ - INFO - Collecting client parameters for aggregation
2025-03-09 22:42:17,513 - __main__ - INFO - Completed global round 10
2025-03-09 22:42:17,536 - __main__ - INFO - Global model - Test Accuracy: 0.0000
2025-03-09 22:42:17,536 - __main__ - INFO - Round 11 - Avg Train Loss: 1.9255, Avg Train Acc: 0.2683, Avg Val Acc: 0.2683, Avg Test Acc: 0.2550, Global Test Acc: 0.0000
2025-03-09 22:42:17,660 - __main__ - INFO - Round 12/20
2025-03-09 22:42:17,660 - __main__ - INFO - CPU Memory Usage: 0.75 GB
2025-03-09 22:42:17,661 - __main__ - INFO - GPU 0 Memory: 0.00 GB allocated, 0.00 GB reserved
2025-03-09 22:42:17,766 - __main__ - INFO - Starting client training for global round 11
2025-03-09 22:42:17,879 - __main__ - INFO - Average metrics - Train Loss: 1.9249, Train Acc: 0.3283, Val Acc: 0.3283, Test Acc: 0.3139
2025-03-09 22:42:17,879 - __main__ - INFO - Collecting client parameters for aggregation
2025-03-09 22:42:17,914 - __main__ - INFO - Completed global round 11
2025-03-09 22:42:17,917 - __main__ - INFO - Global model - Test Accuracy: 0.0000
2025-03-09 22:42:17,917 - __main__ - INFO - Round 12 - Avg Train Loss: 1.9249, Avg Train Acc: 0.3283, Avg Val Acc: 0.3283, Avg Test Acc: 0.3139, Global Test Acc: 0.0000
2025-03-09 22:42:18,040 - __main__ - INFO - Round 13/20
2025-03-09 22:42:18,040 - __main__ - INFO - CPU Memory Usage: 0.75 GB
2025-03-09 22:42:18,040 - __main__ - INFO - GPU 0 Memory: 0.00 GB allocated, 0.00 GB reserved
2025-03-09 22:42:18,143 - __main__ - INFO - Starting client training for global round 12
2025-03-09 22:42:18,254 - __main__ - INFO - Average metrics - Train Loss: 1.9228, Train Acc: 0.3636, Val Acc: 0.3636, Test Acc: 0.3494
2025-03-09 22:42:18,254 - __main__ - INFO - Collecting client parameters for aggregation
2025-03-09 22:42:18,285 - __main__ - INFO - Completed global round 12
2025-03-09 22:42:18,293 - __main__ - INFO - Global model - Test Accuracy: 0.0294
2025-03-09 22:42:18,293 - __main__ - INFO - Round 13 - Avg Train Loss: 1.9228, Avg Train Acc: 0.3636, Avg Val Acc: 0.3636, Avg Test Acc: 0.3494, Global Test Acc: 0.0294
2025-03-09 22:42:18,414 - __main__ - INFO - Round 14/20
2025-03-09 22:42:18,415 - __main__ - INFO - CPU Memory Usage: 0.76 GB
2025-03-09 22:42:18,415 - __main__ - INFO - GPU 0 Memory: 0.00 GB allocated, 0.00 GB reserved
2025-03-09 22:42:18,517 - __main__ - INFO - Starting client training for global round 13
2025-03-09 22:42:18,628 - __main__ - INFO - Average metrics - Train Loss: 1.9217, Train Acc: 0.3420, Val Acc: 0.3420, Test Acc: 0.3442
2025-03-09 22:42:18,629 - __main__ - INFO - Collecting client parameters for aggregation
2025-03-09 22:42:18,658 - __main__ - INFO - Completed global round 13
2025-03-09 22:42:18,660 - __main__ - INFO - Global model - Test Accuracy: 0.0588
2025-03-09 22:42:18,660 - __main__ - INFO - Round 14 - Avg Train Loss: 1.9217, Avg Train Acc: 0.3420, Avg Val Acc: 0.3420, Avg Test Acc: 0.3442, Global Test Acc: 0.0588
2025-03-09 22:42:18,784 - __main__ - INFO - Round 15/20
2025-03-09 22:42:18,784 - __main__ - INFO - CPU Memory Usage: 0.76 GB
2025-03-09 22:42:18,784 - __main__ - INFO - GPU 0 Memory: 0.00 GB allocated, 0.00 GB reserved
2025-03-09 22:42:18,901 - __main__ - INFO - Starting client training for global round 14
2025-03-09 22:42:19,011 - __main__ - INFO - Average metrics - Train Loss: 1.9207, Train Acc: 0.3499, Val Acc: 0.3499, Test Acc: 0.3483
2025-03-09 22:42:19,011 - __main__ - INFO - Collecting client parameters for aggregation
2025-03-09 22:42:19,042 - __main__ - INFO - Completed global round 14
2025-03-09 22:42:19,044 - __main__ - INFO - Global model - Test Accuracy: 0.0882
2025-03-09 22:42:19,044 - __main__ - INFO - Round 15 - Avg Train Loss: 1.9207, Avg Train Acc: 0.3499, Avg Val Acc: 0.3499, Avg Test Acc: 0.3483, Global Test Acc: 0.0882
2025-03-09 22:42:19,171 - __main__ - INFO - Round 16/20
2025-03-09 22:42:19,171 - __main__ - INFO - CPU Memory Usage: 0.76 GB
2025-03-09 22:42:19,171 - __main__ - INFO - GPU 0 Memory: 0.00 GB allocated, 0.00 GB reserved
2025-03-09 22:42:19,279 - __main__ - INFO - Starting client training for global round 15
2025-03-09 22:42:19,391 - __main__ - INFO - Average metrics - Train Loss: 1.9194, Train Acc: 0.3436, Val Acc: 0.3436, Test Acc: 0.3562
2025-03-09 22:42:19,391 - __main__ - INFO - Collecting client parameters for aggregation
2025-03-09 22:42:19,421 - __main__ - INFO - Completed global round 15
2025-03-09 22:42:19,422 - __main__ - INFO - Global model - Test Accuracy: 0.1765
2025-03-09 22:42:19,422 - __main__ - INFO - Round 16 - Avg Train Loss: 1.9194, Avg Train Acc: 0.3436, Avg Val Acc: 0.3436, Avg Test Acc: 0.3562, Global Test Acc: 0.1765
2025-03-09 22:42:19,545 - __main__ - INFO - Round 17/20
2025-03-09 22:42:19,546 - __main__ - INFO - CPU Memory Usage: 0.76 GB
2025-03-09 22:42:19,546 - __main__ - INFO - GPU 0 Memory: 0.00 GB allocated, 0.00 GB reserved
2025-03-09 22:42:19,649 - __main__ - INFO - Starting client training for global round 16
2025-03-09 22:42:19,760 - __main__ - INFO - Average metrics - Train Loss: 1.9203, Train Acc: 0.3496, Val Acc: 0.3496, Test Acc: 0.3532
2025-03-09 22:42:19,760 - __main__ - INFO - Collecting client parameters for aggregation
2025-03-09 22:42:19,792 - __main__ - INFO - Completed global round 16
2025-03-09 22:42:19,794 - __main__ - INFO - Global model - Test Accuracy: 0.2941
2025-03-09 22:42:19,794 - __main__ - INFO - Round 17 - Avg Train Loss: 1.9203, Avg Train Acc: 0.3496, Avg Val Acc: 0.3496, Avg Test Acc: 0.3532, Global Test Acc: 0.2941
2025-03-09 22:42:19,931 - __main__ - INFO - Round 18/20
2025-03-09 22:42:19,931 - __main__ - INFO - CPU Memory Usage: 0.76 GB
2025-03-09 22:42:19,932 - __main__ - INFO - GPU 0 Memory: 0.00 GB allocated, 0.00 GB reserved
2025-03-09 22:42:20,057 - __main__ - INFO - Starting client training for global round 17
2025-03-09 22:42:20,169 - __main__ - INFO - Average metrics - Train Loss: 1.9215, Train Acc: 0.3479, Val Acc: 0.3479, Test Acc: 0.3466
2025-03-09 22:42:20,169 - __main__ - INFO - Collecting client parameters for aggregation
2025-03-09 22:42:20,198 - __main__ - INFO - Completed global round 17
2025-03-09 22:42:20,202 - __main__ - INFO - Global model - Test Accuracy: 0.3529
2025-03-09 22:42:20,202 - __main__ - INFO - Round 18 - Avg Train Loss: 1.9215, Avg Train Acc: 0.3479, Avg Val Acc: 0.3479, Avg Test Acc: 0.3466, Global Test Acc: 0.3529
2025-03-09 22:42:20,325 - __main__ - INFO - Round 19/20
2025-03-09 22:42:20,326 - __main__ - INFO - CPU Memory Usage: 0.76 GB
2025-03-09 22:42:20,326 - __main__ - INFO - GPU 0 Memory: 0.00 GB allocated, 0.00 GB reserved
2025-03-09 22:42:20,444 - __main__ - INFO - Starting client training for global round 18
2025-03-09 22:42:20,554 - __main__ - INFO - Average metrics - Train Loss: 1.9188, Train Acc: 0.3492, Val Acc: 0.3492, Test Acc: 0.3421
2025-03-09 22:42:20,554 - __main__ - INFO - Collecting client parameters for aggregation
2025-03-09 22:42:20,584 - __main__ - INFO - Completed global round 18
2025-03-09 22:42:20,591 - __main__ - INFO - Global model - Test Accuracy: 0.3529
2025-03-09 22:42:20,591 - __main__ - INFO - Round 19 - Avg Train Loss: 1.9188, Avg Train Acc: 0.3492, Avg Val Acc: 0.3492, Avg Test Acc: 0.3421, Global Test Acc: 0.3529
2025-03-09 22:42:20,727 - __main__ - INFO - Round 20/20
2025-03-09 22:42:20,727 - __main__ - INFO - CPU Memory Usage: 0.76 GB
2025-03-09 22:42:20,728 - __main__ - INFO - GPU 0 Memory: 0.00 GB allocated, 0.00 GB reserved
2025-03-09 22:42:20,859 - __main__ - INFO - Starting client training for global round 19
2025-03-09 22:42:20,972 - __main__ - INFO - Average metrics - Train Loss: 1.9096, Train Acc: 0.3561, Val Acc: 0.3561, Test Acc: 0.3457
2025-03-09 22:42:20,972 - __main__ - INFO - Collecting client parameters for aggregation
2025-03-09 22:42:21,002 - __main__ - INFO - Completed global round 19
2025-03-09 22:42:21,009 - __main__ - INFO - Global model - Test Accuracy: 0.4118
2025-03-09 22:42:21,009 - __main__ - INFO - Round 20 - Avg Train Loss: 1.9096, Avg Train Acc: 0.3561, Avg Val Acc: 0.3561, Avg Test Acc: 0.3457, Global Test Acc: 0.4118
