2025-03-09 23:01:18,716 - __main__ - INFO - Starting enhanced federated learning with ogbn-products dataset
2025-03-09 23:01:18,717 - __main__ - INFO - Random seed set to 42
2025-03-09 23:01:18,717 - __main__ - INFO - Using memory-efficient models
2025-03-09 23:01:18,717 - __main__ - INFO - Using mini-batch training with batch size 1024
2025-03-09 23:01:18,717 - __main__ - INFO - Neighbor sampling: None
2025-03-09 23:01:20,591 - __main__ - INFO - Ray initialized successfully
2025-03-09 23:01:20,592 - __main__ - INFO - Using CPU
2025-03-09 23:01:20,742 - __main__ - INFO - CPU Memory Usage: 0.67 GB
2025-03-09 23:01:20,788 - __main__ - INFO - GPU 0 Memory: 0.00 GB allocated, 0.00 GB reserved
2025-03-09 23:01:20,788 - __main__ - INFO - Memory optimization for OGBN-Products dataset
2025-03-09 23:01:20,788 - __main__ - WARNING - Reducing number of clients from 10 to 2 for OGBN-Products dataset to save memory
2025-03-09 23:01:20,788 - __main__ - INFO - Loading dataset: ogbn-products
2025-03-09 23:01:31,437 - __main__ - INFO - Dataset: ogbn-products
2025-03-09 23:01:31,437 - __main__ - INFO - Number of nodes: 2449029
2025-03-09 23:01:31,437 - __main__ - INFO - Number of features: 100
2025-03-09 23:01:31,437 - __main__ - INFO - Number of classes: 47
2025-03-09 23:01:31,437 - __main__ - INFO - Number of edges: 123718152
2025-03-09 23:01:31,438 - __main__ - INFO - CPU Memory Usage: 7.58 GB
2025-03-09 23:01:31,438 - __main__ - INFO - GPU 0 Memory: 0.00 GB allocated, 0.00 GB reserved
2025-03-09 23:01:31,438 - __main__ - INFO - Using specialized SAGE_Products model for OGBN-Products dataset
2025-03-09 23:01:31,469 - __main__ - INFO - Global model type: SAGE_Products
2025-03-09 23:01:31,469 - __main__ - INFO - Total model parameters: 76079
2025-03-09 23:01:31,469 - __main__ - INFO - Training for 3 rounds with 2 local epochs per round
2025-03-09 23:01:31,470 - __main__ - INFO - Initializing 2 clients with 2 epochs per round
2025-03-09 23:01:35,466 - __main__ - INFO - Initialized 2 clients
2025-03-09 23:01:35,469 - __main__ - INFO - Starting federated training for 3 rounds
2025-03-09 23:01:35,469 - __main__ - INFO - Round 1/3
2025-03-09 23:01:35,469 - __main__ - INFO - CPU Memory Usage: 9.77 GB
2025-03-09 23:01:35,469 - __main__ - INFO - GPU 0 Memory: 0.00 GB allocated, 0.00 GB reserved
2025-03-09 23:01:35,623 - __main__ - INFO - Starting client training for global round 0
2025-03-09 23:02:03,018 - __main__ - INFO - Completed training for client 1/2
2025-03-09 23:02:25,250 - __main__ - INFO - Completed training for client 2/2
2025-03-09 23:02:25,250 - __main__ - INFO - Average metrics - Train Loss: 1.2237, Train Acc: 0.6982, Val Acc: 0.5883, Test Acc: 0.5864
2025-03-09 23:02:25,250 - __main__ - INFO - Collecting client parameters for aggregation
2025-03-09 23:02:25,261 - __main__ - INFO - Completed global round 0
2025-03-09 23:02:25,380 - root - INFO - Using mini-batch testing for OGBN-Products dataset
2025-03-09 23:02:25,494 - root - INFO - Using a subset of test nodes: 5000 out of 1068232
2025-03-09 23:02:25,494 - root - INFO - Using 1 neighbor sampling step with 5 neighbors for 2-layer model during testing
2025-03-09 23:02:25,494 - root - INFO - Testing with batch size: 512, Neighbor sampling: [5]
2025-03-09 23:02:27,216 - __main__ - INFO - Global model - Test Accuracy: 0.3496
2025-03-09 23:02:27,217 - __main__ - INFO - Round 1 - Avg Train Loss: 1.2237, Avg Train Acc: 0.6982, Avg Val Acc: 0.5883, Avg Test Acc: 0.5864, Global Test Acc: 0.3496
2025-03-09 23:02:27,338 - __main__ - INFO - Round 2/3
2025-03-09 23:02:27,338 - __main__ - INFO - CPU Memory Usage: 9.78 GB
2025-03-09 23:02:27,338 - __main__ - INFO - GPU 0 Memory: 0.00 GB allocated, 0.00 GB reserved
2025-03-09 23:02:27,445 - __main__ - INFO - Starting client training for global round 1
2025-03-09 23:02:52,889 - __main__ - INFO - Completed training for client 1/2
2025-03-09 23:03:15,326 - __main__ - INFO - Completed training for client 2/2
2025-03-09 23:03:15,327 - __main__ - INFO - Average metrics - Train Loss: 0.9820, Train Acc: 0.7514, Val Acc: 0.6114, Test Acc: 0.6121
2025-03-09 23:03:15,327 - __main__ - INFO - Collecting client parameters for aggregation
2025-03-09 23:03:15,338 - __main__ - INFO - Completed global round 1
2025-03-09 23:03:15,453 - root - INFO - Using mini-batch testing for OGBN-Products dataset
2025-03-09 23:03:15,569 - root - INFO - Using a subset of test nodes: 5000 out of 1068232
2025-03-09 23:03:15,569 - root - INFO - Using 1 neighbor sampling step with 5 neighbors for 2-layer model during testing
2025-03-09 23:03:15,569 - root - INFO - Testing with batch size: 512, Neighbor sampling: [5]
2025-03-09 23:03:17,308 - __main__ - INFO - Global model - Test Accuracy: 0.4446
2025-03-09 23:03:17,308 - __main__ - INFO - Round 2 - Avg Train Loss: 0.9820, Avg Train Acc: 0.7514, Avg Val Acc: 0.6114, Avg Test Acc: 0.6121, Global Test Acc: 0.4446
2025-03-09 23:03:17,429 - __main__ - INFO - Round 3/3
2025-03-09 23:03:17,430 - __main__ - INFO - CPU Memory Usage: 9.78 GB
2025-03-09 23:03:17,430 - __main__ - INFO - GPU 0 Memory: 0.00 GB allocated, 0.00 GB reserved
2025-03-09 23:03:17,543 - __main__ - INFO - Starting client training for global round 2
2025-03-09 23:03:43,058 - __main__ - INFO - Completed training for client 1/2
2025-03-09 23:04:05,311 - __main__ - INFO - Completed training for client 2/2
2025-03-09 23:04:05,312 - __main__ - INFO - Average metrics - Train Loss: 0.8930, Train Acc: 0.7744, Val Acc: 0.6293, Test Acc: 0.6308
2025-03-09 23:04:05,312 - __main__ - INFO - Collecting client parameters for aggregation
2025-03-09 23:04:05,324 - __main__ - INFO - Completed global round 2
2025-03-09 23:04:05,443 - root - INFO - Using mini-batch testing for OGBN-Products dataset
2025-03-09 23:04:05,556 - root - INFO - Using a subset of test nodes: 5000 out of 1068232
2025-03-09 23:04:05,556 - root - INFO - Using 1 neighbor sampling step with 5 neighbors for 2-layer model during testing
2025-03-09 23:04:05,556 - root - INFO - Testing with batch size: 512, Neighbor sampling: [5]
2025-03-09 23:04:07,256 - __main__ - INFO - Global model - Test Accuracy: 0.4978
2025-03-09 23:04:07,256 - __main__ - INFO - Round 3 - Avg Train Loss: 0.8930, Avg Train Acc: 0.7744, Avg Val Acc: 0.6293, Avg Test Acc: 0.6308, Global Test Acc: 0.4978
2025-03-09 23:04:07,696 - __main__ - INFO - Experiment summary saved to results/ogbn-products_zero_hop_summary_20250309_230407.csv
2025-03-09 23:04:07,697 - __main__ - INFO - Training completed successfully
