2025-03-09 22:59:35,711 - __main__ - INFO - Starting enhanced federated learning with ogbn-arxiv dataset
2025-03-09 22:59:35,712 - __main__ - INFO - Random seed set to 42
2025-03-09 22:59:35,712 - __main__ - INFO - Using memory-efficient models
2025-03-09 22:59:37,572 - __main__ - INFO - Ray initialized successfully
2025-03-09 22:59:37,572 - __main__ - INFO - Using CPU
2025-03-09 22:59:37,719 - __main__ - INFO - CPU Memory Usage: 0.67 GB
2025-03-09 22:59:37,769 - __main__ - INFO - GPU 0 Memory: 0.00 GB allocated, 0.00 GB reserved
2025-03-09 22:59:37,769 - __main__ - INFO - Loading dataset: ogbn-arxiv
2025-03-09 22:59:38,098 - __main__ - INFO - Dataset: ogbn-arxiv
2025-03-09 22:59:38,098 - __main__ - INFO - Number of nodes: 169343
2025-03-09 22:59:38,098 - __main__ - INFO - Number of features: 128
2025-03-09 22:59:38,098 - __main__ - INFO - Number of classes: 40
2025-03-09 22:59:38,098 - __main__ - INFO - Number of edges: 2484941
2025-03-09 22:59:38,098 - __main__ - INFO - CPU Memory Usage: 0.93 GB
2025-03-09 22:59:38,099 - __main__ - INFO - GPU 0 Memory: 0.00 GB allocated, 0.00 GB reserved
2025-03-09 22:59:38,099 - __main__ - INFO - Using specialized GCN_Arxiv model for OGBN-Arxiv dataset
2025-03-09 22:59:38,131 - __main__ - INFO - Global model type: GCN_Arxiv
2025-03-09 22:59:38,131 - __main__ - INFO - Total model parameters: 110120
2025-03-09 22:59:38,132 - __main__ - INFO - Training for 3 rounds with 2 local epochs per round
2025-03-09 22:59:38,132 - __main__ - INFO - Initializing 10 clients with 2 epochs per round
2025-03-09 22:59:38,287 - __main__ - INFO - Initialized 10 clients
2025-03-09 22:59:38,290 - __main__ - INFO - Starting federated training for 3 rounds
2025-03-09 22:59:38,290 - __main__ - INFO - Round 1/3
2025-03-09 22:59:38,290 - __main__ - INFO - CPU Memory Usage: 1.05 GB
2025-03-09 22:59:38,290 - __main__ - INFO - GPU 0 Memory: 0.00 GB allocated, 0.00 GB reserved
2025-03-09 22:59:38,468 - __main__ - INFO - Starting client training for global round 0
2025-03-09 22:59:55,857 - __main__ - INFO - Average metrics - Train Loss: 3.3295, Train Acc: 0.4869, Val Acc: 0.4869, Test Acc: 0.5007
2025-03-09 22:59:55,857 - __main__ - INFO - Collecting client parameters for aggregation
2025-03-09 22:59:55,928 - __main__ - INFO - Completed global round 0
2025-03-09 22:59:55,995 - __main__ - INFO - Global model - Test Accuracy: 0.4763
2025-03-09 22:59:55,995 - __main__ - INFO - Round 1 - Avg Train Loss: 3.3295, Avg Train Acc: 0.4869, Avg Val Acc: 0.4869, Avg Test Acc: 0.5007, Global Test Acc: 0.4763
2025-03-09 22:59:56,122 - __main__ - INFO - Round 2/3
2025-03-09 22:59:56,122 - __main__ - INFO - CPU Memory Usage: 1.11 GB
2025-03-09 22:59:56,122 - __main__ - INFO - GPU 0 Memory: 0.00 GB allocated, 0.00 GB reserved
2025-03-09 22:59:56,226 - __main__ - INFO - Starting client training for global round 1
2025-03-09 23:00:09,091 - __main__ - INFO - Average metrics - Train Loss: 3.5614, Train Acc: 0.3998, Val Acc: 0.3998, Test Acc: 0.4044
2025-03-09 23:00:09,091 - __main__ - INFO - Collecting client parameters for aggregation
2025-03-09 23:00:09,158 - __main__ - INFO - Completed global round 1
2025-03-09 23:00:09,228 - __main__ - INFO - Global model - Test Accuracy: 0.5386
2025-03-09 23:00:09,228 - __main__ - INFO - Round 2 - Avg Train Loss: 3.5614, Avg Train Acc: 0.3998, Avg Val Acc: 0.3998, Avg Test Acc: 0.4044, Global Test Acc: 0.5386
2025-03-09 23:00:09,357 - __main__ - INFO - Round 3/3
2025-03-09 23:00:09,358 - __main__ - INFO - CPU Memory Usage: 1.09 GB
2025-03-09 23:00:09,358 - __main__ - INFO - GPU 0 Memory: 0.00 GB allocated, 0.00 GB reserved
2025-03-09 23:00:09,475 - __main__ - INFO - Starting client training for global round 2
2025-03-09 23:00:22,273 - __main__ - INFO - Average metrics - Train Loss: 3.4343, Train Acc: 0.3746, Val Acc: 0.3746, Test Acc: 0.3826
2025-03-09 23:00:22,273 - __main__ - INFO - Collecting client parameters for aggregation
2025-03-09 23:00:22,345 - __main__ - INFO - Completed global round 2
2025-03-09 23:00:22,417 - __main__ - INFO - Global model - Test Accuracy: 0.5290
2025-03-09 23:00:22,417 - __main__ - INFO - Round 3 - Avg Train Loss: 3.4343, Avg Train Acc: 0.3746, Avg Val Acc: 0.3746, Avg Test Acc: 0.3826, Global Test Acc: 0.5290
2025-03-09 23:00:22,565 - __main__ - INFO - Experiment summary saved to results/ogbn-arxiv_zero_hop_summary_20250309_230022.csv
2025-03-09 23:00:22,565 - __main__ - INFO - Training completed successfully
