2025-03-09 21:32:44,394 - __main__ - INFO - Starting enhanced federated learning with ogbn-products dataset
2025-03-09 21:32:44,395 - __main__ - INFO - Random seed set to 42
2025-03-09 21:32:44,395 - __main__ - INFO - Using memory-efficient models
2025-03-09 21:32:44,395 - __main__ - INFO - Using mini-batch training with batch size 1024
2025-03-09 21:32:44,395 - __main__ - INFO - Neighbor sampling: [10, 10]
2025-03-09 21:32:46,258 - __main__ - INFO - Ray initialized successfully
2025-03-09 21:32:46,259 - __main__ - INFO - Using CPU
2025-03-09 21:32:46,262 - __main__ - INFO - CPU Memory Usage: 0.67 GB
2025-03-09 21:32:46,310 - __main__ - INFO - GPU 0 Memory: 0.00 GB allocated, 0.00 GB reserved
2025-03-09 21:32:46,310 - __main__ - INFO - Loading dataset: ogbn-products
2025-03-09 21:32:46,448 - __main__ - INFO - Cleared memory before loading large dataset
2025-03-09 21:32:46,448 - __main__ - INFO - Loading OGBN-Products dataset - this is a very large dataset
2025-03-09 21:32:46,448 - __main__ - INFO - Ensuring system has enough memory...
2025-03-09 21:32:46,448 - __main__ - INFO - Available system memory: 53.07 GB
2025-03-09 21:32:56,864 - __main__ - INFO - Dataset: ogbn-products
2025-03-09 21:32:56,864 - __main__ - INFO - Number of nodes: 2449029
2025-03-09 21:32:56,864 - __main__ - INFO - Number of features: 100
2025-03-09 21:32:56,864 - __main__ - INFO - Number of classes: 47
2025-03-09 21:32:56,864 - __main__ - INFO - Number of edges: 123718152
2025-03-09 21:32:56,865 - __main__ - INFO - CPU Memory Usage: 7.51 GB
2025-03-09 21:32:56,865 - __main__ - INFO - GPU 0 Memory: 0.00 GB allocated, 0.00 GB reserved
2025-03-09 21:32:56,865 - __main__ - INFO - Using specialized SAGE_Products model for OGBN-Products dataset
2025-03-09 21:32:56,865 - __main__ - INFO - Using 2-layer GraphSAGE with 256 hidden units
2025-03-09 21:32:56,894 - __main__ - INFO - Global model type: GCN
2025-03-09 21:32:56,894 - __main__ - INFO - Total model parameters: 76079
2025-03-09 21:32:56,894 - __main__ - INFO - Training for 20 rounds with 2 local epochs per round
2025-03-09 21:32:56,894 - __main__ - INFO - Using mini-batch training for OGBN-Products with batch size 1024
2025-03-09 21:33:14,371 - __main__ - INFO - Initialized 3 clients
2025-03-09 21:33:14,374 - __main__ - INFO - Starting federated training for 20 rounds
2025-03-09 21:33:14,374 - __main__ - INFO - Round 1/20
2025-03-09 21:33:14,375 - __main__ - INFO - CPU Memory Usage: 15.17 GB
2025-03-09 21:33:14,375 - __main__ - INFO - GPU 0 Memory: 0.00 GB allocated, 0.00 GB reserved
2025-03-09 21:33:14,375 - __main__ - INFO - Starting client training for global round 0
2025-03-09 21:33:18,661 - __main__ - ERROR - Error training client: [36mray::EnhancedFLClient.train_client()[39m (pid=1922573, ip=172.29.98.248, actor_id=b61da2b47cba23aeced2ad5901000000, repr=<enhanced_client.EnhancedFLClient object at 0x7f8fae0d1250>)
           ^^^^^^^^^^^^^^^^^^^^^^^^^^^^^^^^^^^^
           ^^^^^^^^^^^^^^^^^^^^^^^^^^^^^^^
  File "/home/brian_bosho/FP/FP/src/enhanced_client.py", line 145, in train_client
    loss, acc, loss_list, acc_list = enhanced_train(
                                     ^^^^^^^^^^^^^^^
  File "/home/brian_bosho/FP/FP/src/enhanced_training.py", line 374, in enhanced_train
    return enhanced_train_minibatch(
           ^^^^^^^^^^^^^^^^^^^^^^^^^
  File "/home/brian_bosho/FP/FP/src/enhanced_training.py", line 124, in enhanced_train_minibatch
    raise e
  File "/home/brian_bosho/FP/FP/src/enhanced_training.py", line 120, in enhanced_train_minibatch
    raise ValueError(f"Unexpected adj structure: {type(adj)}")
ValueError: Unexpected adj structure: <class 'torch.Tensor'>
2025-03-09 21:33:18,663 - __main__ - ERROR - Traceback (most recent call last):
  File "/home/brian_bosho/FP/FP/src/run_enhanced.py", line 447, in run_federated_learning
    train_result = ray.get(client.train_client.remote())
                   ^^^^^^^^^^^^^^^^^^^^^^^^^^^^^^^^^^^^^
  File "/home/brian_bosho/miniconda3/lib/python3.12/site-packages/ray/_private/auto_init_hook.py", line 21, in auto_init_wrapper
    return fn(*args, **kwargs)
           ^^^^^^^^^^^^^^^^^^^
  File "/home/brian_bosho/miniconda3/lib/python3.12/site-packages/ray/_private/client_mode_hook.py", line 103, in wrapper
    return func(*args, **kwargs)
           ^^^^^^^^^^^^^^^^^^^^^
  File "/home/brian_bosho/miniconda3/lib/python3.12/site-packages/ray/_private/worker.py", line 2745, in get
    values, debugger_breakpoint = worker.get_objects(object_refs, timeout=timeout)
                                  ^^^^^^^^^^^^^^^^^^^^^^^^^^^^^^^^^^^^^^^^^^^^^^^^
  File "/home/brian_bosho/miniconda3/lib/python3.12/site-packages/ray/_private/worker.py", line 901, in get_objects
    raise value.as_instanceof_cause()
ray.exceptions.RayTaskError(ValueError): [36mray::EnhancedFLClient.train_client()[39m (pid=1922573, ip=172.29.98.248, actor_id=b61da2b47cba23aeced2ad5901000000, repr=<enhanced_client.EnhancedFLClient object at 0x7f8fae0d1250>)
           ^^^^^^^^^^^^^^^^^^^^^^^^^^^^^^^^^^^^
           ^^^^^^^^^^^^^^^^^^^^^^^^^^^^^^^
  File "/home/brian_bosho/FP/FP/src/enhanced_client.py", line 145, in train_client
    loss, acc, loss_list, acc_list = enhanced_train(
                                     ^^^^^^^^^^^^^^^
  File "/home/brian_bosho/FP/FP/src/enhanced_training.py", line 374, in enhanced_train
    return enhanced_train_minibatch(
           ^^^^^^^^^^^^^^^^^^^^^^^^^
  File "/home/brian_bosho/FP/FP/src/enhanced_training.py", line 124, in enhanced_train_minibatch
    raise e
  File "/home/brian_bosho/FP/FP/src/enhanced_training.py", line 120, in enhanced_train_minibatch
    raise ValueError(f"Unexpected adj structure: {type(adj)}")
ValueError: Unexpected adj structure: <class 'torch.Tensor'>

2025-03-09 21:33:22,672 - __main__ - ERROR - Error training client: [36mray::EnhancedFLClient.train_client()[39m (pid=1922583, ip=172.29.98.248, actor_id=c0066f2be1fd60d71ce4a98e01000000, repr=<enhanced_client.EnhancedFLClient object at 0x7effb25d2a50>)
           ^^^^^^^^^^^^^^^^^^^^^^^^^^^^^^^^^^^^
           ^^^^^^^^^^^^^^^^^^^^^^^^^^^^^^^
  File "/home/brian_bosho/FP/FP/src/enhanced_client.py", line 145, in train_client
    loss, acc, loss_list, acc_list = enhanced_train(
                                     ^^^^^^^^^^^^^^^
  File "/home/brian_bosho/FP/FP/src/enhanced_training.py", line 374, in enhanced_train
    return enhanced_train_minibatch(
           ^^^^^^^^^^^^^^^^^^^^^^^^^
  File "/home/brian_bosho/FP/FP/src/enhanced_training.py", line 124, in enhanced_train_minibatch
    raise e
  File "/home/brian_bosho/FP/FP/src/enhanced_training.py", line 120, in enhanced_train_minibatch
    raise ValueError(f"Unexpected adj structure: {type(adj)}")
ValueError: Unexpected adj structure: <class 'torch.Tensor'>
2025-03-09 21:33:22,672 - __main__ - ERROR - Traceback (most recent call last):
  File "/home/brian_bosho/FP/FP/src/run_enhanced.py", line 447, in run_federated_learning
    train_result = ray.get(client.train_client.remote())
                   ^^^^^^^^^^^^^^^^^^^^^^^^^^^^^^^^^^^^^
  File "/home/brian_bosho/miniconda3/lib/python3.12/site-packages/ray/_private/auto_init_hook.py", line 21, in auto_init_wrapper
    return fn(*args, **kwargs)
           ^^^^^^^^^^^^^^^^^^^
  File "/home/brian_bosho/miniconda3/lib/python3.12/site-packages/ray/_private/client_mode_hook.py", line 103, in wrapper
    return func(*args, **kwargs)
           ^^^^^^^^^^^^^^^^^^^^^
  File "/home/brian_bosho/miniconda3/lib/python3.12/site-packages/ray/_private/worker.py", line 2745, in get
    values, debugger_breakpoint = worker.get_objects(object_refs, timeout=timeout)
                                  ^^^^^^^^^^^^^^^^^^^^^^^^^^^^^^^^^^^^^^^^^^^^^^^^
  File "/home/brian_bosho/miniconda3/lib/python3.12/site-packages/ray/_private/worker.py", line 901, in get_objects
    raise value.as_instanceof_cause()
ray.exceptions.RayTaskError(ValueError): [36mray::EnhancedFLClient.train_client()[39m (pid=1922583, ip=172.29.98.248, actor_id=c0066f2be1fd60d71ce4a98e01000000, repr=<enhanced_client.EnhancedFLClient object at 0x7effb25d2a50>)
           ^^^^^^^^^^^^^^^^^^^^^^^^^^^^^^^^^^^^
           ^^^^^^^^^^^^^^^^^^^^^^^^^^^^^^^
  File "/home/brian_bosho/FP/FP/src/enhanced_client.py", line 145, in train_client
    loss, acc, loss_list, acc_list = enhanced_train(
                                     ^^^^^^^^^^^^^^^
  File "/home/brian_bosho/FP/FP/src/enhanced_training.py", line 374, in enhanced_train
    return enhanced_train_minibatch(
           ^^^^^^^^^^^^^^^^^^^^^^^^^
  File "/home/brian_bosho/FP/FP/src/enhanced_training.py", line 124, in enhanced_train_minibatch
    raise e
  File "/home/brian_bosho/FP/FP/src/enhanced_training.py", line 120, in enhanced_train_minibatch
    raise ValueError(f"Unexpected adj structure: {type(adj)}")
ValueError: Unexpected adj structure: <class 'torch.Tensor'>

2025-03-09 21:33:27,582 - __main__ - ERROR - Error training client: [36mray::EnhancedFLClient.train_client()[39m (pid=1922584, ip=172.29.98.248, actor_id=d214243c4a2929bdfd4a385d01000000, repr=<enhanced_client.EnhancedFLClient object at 0x7f59c5f49e80>)
           ^^^^^^^^^^^^^^^^^^^^^^^^^^^^^^^^^^^^
           ^^^^^^^^^^^^^^^^^^^^^^^^^^^^^^^
  File "/home/brian_bosho/FP/FP/src/enhanced_client.py", line 145, in train_client
    loss, acc, loss_list, acc_list = enhanced_train(
                                     ^^^^^^^^^^^^^^^
  File "/home/brian_bosho/FP/FP/src/enhanced_training.py", line 374, in enhanced_train
    return enhanced_train_minibatch(
           ^^^^^^^^^^^^^^^^^^^^^^^^^
  File "/home/brian_bosho/FP/FP/src/enhanced_training.py", line 124, in enhanced_train_minibatch
    raise e
  File "/home/brian_bosho/FP/FP/src/enhanced_training.py", line 120, in enhanced_train_minibatch
    raise ValueError(f"Unexpected adj structure: {type(adj)}")
ValueError: Unexpected adj structure: <class 'torch.Tensor'>
2025-03-09 21:33:27,583 - __main__ - ERROR - Traceback (most recent call last):
  File "/home/brian_bosho/FP/FP/src/run_enhanced.py", line 447, in run_federated_learning
    train_result = ray.get(client.train_client.remote())
                   ^^^^^^^^^^^^^^^^^^^^^^^^^^^^^^^^^^^^^
  File "/home/brian_bosho/miniconda3/lib/python3.12/site-packages/ray/_private/auto_init_hook.py", line 21, in auto_init_wrapper
    return fn(*args, **kwargs)
           ^^^^^^^^^^^^^^^^^^^
  File "/home/brian_bosho/miniconda3/lib/python3.12/site-packages/ray/_private/client_mode_hook.py", line 103, in wrapper
    return func(*args, **kwargs)
           ^^^^^^^^^^^^^^^^^^^^^
  File "/home/brian_bosho/miniconda3/lib/python3.12/site-packages/ray/_private/worker.py", line 2745, in get
    values, debugger_breakpoint = worker.get_objects(object_refs, timeout=timeout)
                                  ^^^^^^^^^^^^^^^^^^^^^^^^^^^^^^^^^^^^^^^^^^^^^^^^
  File "/home/brian_bosho/miniconda3/lib/python3.12/site-packages/ray/_private/worker.py", line 901, in get_objects
    raise value.as_instanceof_cause()
ray.exceptions.RayTaskError(ValueError): [36mray::EnhancedFLClient.train_client()[39m (pid=1922584, ip=172.29.98.248, actor_id=d214243c4a2929bdfd4a385d01000000, repr=<enhanced_client.EnhancedFLClient object at 0x7f59c5f49e80>)
           ^^^^^^^^^^^^^^^^^^^^^^^^^^^^^^^^^^^^
           ^^^^^^^^^^^^^^^^^^^^^^^^^^^^^^^
  File "/home/brian_bosho/FP/FP/src/enhanced_client.py", line 145, in train_client
    loss, acc, loss_list, acc_list = enhanced_train(
                                     ^^^^^^^^^^^^^^^
  File "/home/brian_bosho/FP/FP/src/enhanced_training.py", line 374, in enhanced_train
    return enhanced_train_minibatch(
           ^^^^^^^^^^^^^^^^^^^^^^^^^
  File "/home/brian_bosho/FP/FP/src/enhanced_training.py", line 124, in enhanced_train_minibatch
    raise e
  File "/home/brian_bosho/FP/FP/src/enhanced_training.py", line 120, in enhanced_train_minibatch
    raise ValueError(f"Unexpected adj structure: {type(adj)}")
ValueError: Unexpected adj structure: <class 'torch.Tensor'>

2025-03-09 21:33:27,583 - __main__ - INFO - Collecting client parameters for aggregation
2025-03-09 21:33:27,600 - __main__ - INFO - Completed global round 0
2025-03-09 21:33:27,600 - root - INFO - Using mini-batch testing for OGBN-Products dataset
2025-03-09 21:33:27,621 - root - INFO - Using a subset of test nodes: 10000 out of 737653
2025-03-09 21:33:27,621 - root - INFO - Using 1 neighbor sampling step for 2-layer model during testing
2025-03-09 21:33:27,621 - root - INFO - Testing with batch size: 1024, Neighbor sampling: [10]
2025-03-09 21:33:28,329 - __main__ - ERROR - Error during evaluation: 'int' object has no attribute 'to'
2025-03-09 21:33:28,330 - __main__ - ERROR - Traceback (most recent call last):
  File "/home/brian_bosho/FP/FP/src/run_enhanced.py", line 520, in run_federated_learning
    global_test_acc = enhanced_test(server_model, test_data_item, dataset_type=dataset_type)
                      ^^^^^^^^^^^^^^^^^^^^^^^^^^^^^^^^^^^^^^^^^^^^^^^^^^^^^^^^^^^^^^^^^^^^^^
  File "/home/brian_bosho/FP/FP/src/enhanced_training.py", line 581, in enhanced_test
    return enhanced_test_minibatch(model, data, batch_size=1024, num_neighbors=None, dataset_type=dataset_type)
           ^^^^^^^^^^^^^^^^^^^^^^^^^^^^^^^^^^^^^^^^^^^^^^^^^^^^^^^^^^^^^^^^^^^^^^^^^^^^^^^^^^^^^^^^^^^^^^^^^^^^
  File "/home/brian_bosho/FP/FP/src/enhanced_training.py", line 306, in enhanced_test_minibatch
    edge_indices_and_sizes.append((edge_index.to(device), size))
                                   ^^^^^^^^^^^^^
AttributeError: 'int' object has no attribute 'to'

2025-03-09 21:33:28,330 - __main__ - INFO - Round 2/20
2025-03-09 21:33:28,330 - __main__ - INFO - CPU Memory Usage: 15.92 GB
2025-03-09 21:33:28,330 - __main__ - INFO - GPU 0 Memory: 0.00 GB allocated, 0.00 GB reserved
2025-03-09 21:33:28,330 - __main__ - INFO - Starting client training for global round 1
2025-03-09 21:33:32,433 - __main__ - ERROR - Error training client: [36mray::EnhancedFLClient.train_client()[39m (pid=1922573, ip=172.29.98.248, actor_id=b61da2b47cba23aeced2ad5901000000, repr=<enhanced_client.EnhancedFLClient object at 0x7f8fae0d1250>)
           ^^^^^^^^^^^^^^^^^^^^^^^^^^^^^^^^^^^^
           ^^^^^^^^^^^^^^^^^^^^^^^^^^^^^^^
  File "/home/brian_bosho/FP/FP/src/enhanced_client.py", line 145, in train_client
    loss, acc, loss_list, acc_list = enhanced_train(
                                     ^^^^^^^^^^^^^^^
  File "/home/brian_bosho/FP/FP/src/enhanced_training.py", line 374, in enhanced_train
    return enhanced_train_minibatch(
           ^^^^^^^^^^^^^^^^^^^^^^^^^
  File "/home/brian_bosho/FP/FP/src/enhanced_training.py", line 124, in enhanced_train_minibatch
    raise e
  File "/home/brian_bosho/FP/FP/src/enhanced_training.py", line 120, in enhanced_train_minibatch
    raise ValueError(f"Unexpected adj structure: {type(adj)}")
ValueError: Unexpected adj structure: <class 'torch.Tensor'>
2025-03-09 21:33:32,434 - __main__ - ERROR - Traceback (most recent call last):
  File "/home/brian_bosho/FP/FP/src/run_enhanced.py", line 447, in run_federated_learning
    train_result = ray.get(client.train_client.remote())
                   ^^^^^^^^^^^^^^^^^^^^^^^^^^^^^^^^^^^^^
  File "/home/brian_bosho/miniconda3/lib/python3.12/site-packages/ray/_private/auto_init_hook.py", line 21, in auto_init_wrapper
    return fn(*args, **kwargs)
           ^^^^^^^^^^^^^^^^^^^
  File "/home/brian_bosho/miniconda3/lib/python3.12/site-packages/ray/_private/client_mode_hook.py", line 103, in wrapper
    return func(*args, **kwargs)
           ^^^^^^^^^^^^^^^^^^^^^
  File "/home/brian_bosho/miniconda3/lib/python3.12/site-packages/ray/_private/worker.py", line 2745, in get
    values, debugger_breakpoint = worker.get_objects(object_refs, timeout=timeout)
                                  ^^^^^^^^^^^^^^^^^^^^^^^^^^^^^^^^^^^^^^^^^^^^^^^^
  File "/home/brian_bosho/miniconda3/lib/python3.12/site-packages/ray/_private/worker.py", line 901, in get_objects
    raise value.as_instanceof_cause()
ray.exceptions.RayTaskError(ValueError): [36mray::EnhancedFLClient.train_client()[39m (pid=1922573, ip=172.29.98.248, actor_id=b61da2b47cba23aeced2ad5901000000, repr=<enhanced_client.EnhancedFLClient object at 0x7f8fae0d1250>)
           ^^^^^^^^^^^^^^^^^^^^^^^^^^^^^^^^^^^^
           ^^^^^^^^^^^^^^^^^^^^^^^^^^^^^^^
  File "/home/brian_bosho/FP/FP/src/enhanced_client.py", line 145, in train_client
    loss, acc, loss_list, acc_list = enhanced_train(
                                     ^^^^^^^^^^^^^^^
  File "/home/brian_bosho/FP/FP/src/enhanced_training.py", line 374, in enhanced_train
    return enhanced_train_minibatch(
           ^^^^^^^^^^^^^^^^^^^^^^^^^
  File "/home/brian_bosho/FP/FP/src/enhanced_training.py", line 124, in enhanced_train_minibatch
    raise e
  File "/home/brian_bosho/FP/FP/src/enhanced_training.py", line 120, in enhanced_train_minibatch
    raise ValueError(f"Unexpected adj structure: {type(adj)}")
ValueError: Unexpected adj structure: <class 'torch.Tensor'>

2025-03-09 21:33:36,344 - __main__ - ERROR - Error training client: [36mray::EnhancedFLClient.train_client()[39m (pid=1922583, ip=172.29.98.248, actor_id=c0066f2be1fd60d71ce4a98e01000000, repr=<enhanced_client.EnhancedFLClient object at 0x7effb25d2a50>)
           ^^^^^^^^^^^^^^^^^^^^^^^^^^^^^^^^^^^^
           ^^^^^^^^^^^^^^^^^^^^^^^^^^^^^^^
  File "/home/brian_bosho/FP/FP/src/enhanced_client.py", line 145, in train_client
    loss, acc, loss_list, acc_list = enhanced_train(
                                     ^^^^^^^^^^^^^^^
  File "/home/brian_bosho/FP/FP/src/enhanced_training.py", line 374, in enhanced_train
    return enhanced_train_minibatch(
           ^^^^^^^^^^^^^^^^^^^^^^^^^
  File "/home/brian_bosho/FP/FP/src/enhanced_training.py", line 124, in enhanced_train_minibatch
    raise e
  File "/home/brian_bosho/FP/FP/src/enhanced_training.py", line 120, in enhanced_train_minibatch
    raise ValueError(f"Unexpected adj structure: {type(adj)}")
ValueError: Unexpected adj structure: <class 'torch.Tensor'>
2025-03-09 21:33:36,344 - __main__ - ERROR - Traceback (most recent call last):
  File "/home/brian_bosho/FP/FP/src/run_enhanced.py", line 447, in run_federated_learning
    train_result = ray.get(client.train_client.remote())
                   ^^^^^^^^^^^^^^^^^^^^^^^^^^^^^^^^^^^^^
  File "/home/brian_bosho/miniconda3/lib/python3.12/site-packages/ray/_private/auto_init_hook.py", line 21, in auto_init_wrapper
    return fn(*args, **kwargs)
           ^^^^^^^^^^^^^^^^^^^
  File "/home/brian_bosho/miniconda3/lib/python3.12/site-packages/ray/_private/client_mode_hook.py", line 103, in wrapper
    return func(*args, **kwargs)
           ^^^^^^^^^^^^^^^^^^^^^
  File "/home/brian_bosho/miniconda3/lib/python3.12/site-packages/ray/_private/worker.py", line 2745, in get
    values, debugger_breakpoint = worker.get_objects(object_refs, timeout=timeout)
                                  ^^^^^^^^^^^^^^^^^^^^^^^^^^^^^^^^^^^^^^^^^^^^^^^^
  File "/home/brian_bosho/miniconda3/lib/python3.12/site-packages/ray/_private/worker.py", line 901, in get_objects
    raise value.as_instanceof_cause()
ray.exceptions.RayTaskError(ValueError): [36mray::EnhancedFLClient.train_client()[39m (pid=1922583, ip=172.29.98.248, actor_id=c0066f2be1fd60d71ce4a98e01000000, repr=<enhanced_client.EnhancedFLClient object at 0x7effb25d2a50>)
           ^^^^^^^^^^^^^^^^^^^^^^^^^^^^^^^^^^^^
           ^^^^^^^^^^^^^^^^^^^^^^^^^^^^^^^
  File "/home/brian_bosho/FP/FP/src/enhanced_client.py", line 145, in train_client
    loss, acc, loss_list, acc_list = enhanced_train(
                                     ^^^^^^^^^^^^^^^
  File "/home/brian_bosho/FP/FP/src/enhanced_training.py", line 374, in enhanced_train
    return enhanced_train_minibatch(
           ^^^^^^^^^^^^^^^^^^^^^^^^^
  File "/home/brian_bosho/FP/FP/src/enhanced_training.py", line 124, in enhanced_train_minibatch
    raise e
  File "/home/brian_bosho/FP/FP/src/enhanced_training.py", line 120, in enhanced_train_minibatch
    raise ValueError(f"Unexpected adj structure: {type(adj)}")
ValueError: Unexpected adj structure: <class 'torch.Tensor'>

