2025-03-09 21:47:14,835 - __main__ - INFO - Starting enhanced federated learning with ogbn-products dataset
2025-03-09 21:47:14,835 - __main__ - INFO - Random seed set to 42
2025-03-09 21:47:14,836 - __main__ - INFO - Using memory-efficient models
2025-03-09 21:47:14,836 - __main__ - INFO - Using mini-batch training with batch size 1024
2025-03-09 21:47:14,836 - __main__ - INFO - Neighbor sampling: [10, 10]
2025-03-09 21:47:16,837 - __main__ - INFO - Ray initialized successfully
2025-03-09 21:47:16,837 - __main__ - INFO - Using CPU
2025-03-09 21:47:16,841 - __main__ - INFO - CPU Memory Usage: 0.66 GB
2025-03-09 21:47:16,886 - __main__ - INFO - GPU 0 Memory: 0.00 GB allocated, 0.00 GB reserved
2025-03-09 21:47:16,886 - __main__ - INFO - Loading dataset: ogbn-products
2025-03-09 21:47:17,029 - __main__ - INFO - Cleared memory before loading large dataset
2025-03-09 21:47:17,029 - __main__ - INFO - Loading OGBN-Products dataset - this is a very large dataset
2025-03-09 21:47:17,029 - __main__ - INFO - Ensuring system has enough memory...
2025-03-09 21:47:17,029 - __main__ - INFO - Available system memory: 53.09 GB
2025-03-09 21:47:27,509 - __main__ - INFO - Dataset: ogbn-products
2025-03-09 21:47:27,509 - __main__ - INFO - Number of nodes: 2449029
2025-03-09 21:47:27,509 - __main__ - INFO - Number of features: 100
2025-03-09 21:47:27,509 - __main__ - INFO - Number of classes: 47
2025-03-09 21:47:27,509 - __main__ - INFO - Number of edges: 123718152
2025-03-09 21:47:27,510 - __main__ - INFO - CPU Memory Usage: 7.50 GB
2025-03-09 21:47:27,510 - __main__ - INFO - GPU 0 Memory: 0.00 GB allocated, 0.00 GB reserved
2025-03-09 21:47:27,510 - __main__ - INFO - Using specialized SAGE_Products model for OGBN-Products dataset
2025-03-09 21:47:27,510 - __main__ - INFO - Using 2-layer GraphSAGE with 256 hidden units
2025-03-09 21:47:27,540 - __main__ - INFO - Global model type: GCN
2025-03-09 21:47:27,540 - __main__ - INFO - Total model parameters: 76079
2025-03-09 21:47:27,540 - __main__ - INFO - Training for 20 rounds with 2 local epochs per round
2025-03-09 21:47:27,540 - __main__ - INFO - Using mini-batch training for OGBN-Products with batch size 1024
2025-03-09 21:47:44,799 - __main__ - INFO - Initialized 3 clients
2025-03-09 21:47:44,802 - __main__ - INFO - Starting federated training for 20 rounds
2025-03-09 21:47:44,802 - __main__ - INFO - Round 1/20
2025-03-09 21:47:44,802 - __main__ - INFO - CPU Memory Usage: 15.17 GB
2025-03-09 21:47:44,803 - __main__ - INFO - GPU 0 Memory: 0.00 GB allocated, 0.00 GB reserved
2025-03-09 21:47:44,803 - __main__ - INFO - Starting client training for global round 0
2025-03-09 21:48:31,630 - __main__ - INFO - Collecting client parameters for aggregation
2025-03-09 21:48:31,646 - __main__ - INFO - Completed global round 0
2025-03-09 21:48:31,646 - root - INFO - Using mini-batch testing for OGBN-Products dataset
2025-03-09 21:48:31,648 - root - INFO - Using a subset of test nodes: 10000 out of 737653
2025-03-09 21:48:31,648 - root - INFO - Using 1 neighbor sampling step for 2-layer model during testing
2025-03-09 21:48:31,648 - root - INFO - Testing with batch size: 1024, Neighbor sampling: [10]
2025-03-09 21:48:32,595 - __main__ - INFO - Global model - Test Accuracy: 0.2344
2025-03-09 21:48:46,883 - __main__ - INFO - Average client - Test Accuracy: 0.0000
2025-03-09 21:48:46,883 - __main__ - INFO - Round 1 - Avg Train Loss: 0.7341, Avg Train Acc: 0.8163, Avg Test Acc: 0.0000
2025-03-09 21:48:46,884 - __main__ - INFO - Round 2/20
2025-03-09 21:48:46,884 - __main__ - INFO - CPU Memory Usage: 15.92 GB
2025-03-09 21:48:46,884 - __main__ - INFO - GPU 0 Memory: 0.00 GB allocated, 0.00 GB reserved
2025-03-09 21:48:46,884 - __main__ - INFO - Starting client training for global round 1
