2025-03-09 22:58:09,880 - __main__ - INFO - Starting enhanced federated learning with Pubmed dataset
2025-03-09 22:58:09,881 - __main__ - INFO - Random seed set to 42
2025-03-09 22:58:09,881 - __main__ - INFO - Using memory-efficient models
2025-03-09 22:58:11,769 - __main__ - INFO - Ray initialized successfully
2025-03-09 22:58:11,769 - __main__ - INFO - Using CPU
2025-03-09 22:58:11,914 - __main__ - INFO - CPU Memory Usage: 0.66 GB
2025-03-09 22:58:11,961 - __main__ - INFO - GPU 0 Memory: 0.00 GB allocated, 0.00 GB reserved
2025-03-09 22:58:11,961 - __main__ - INFO - Loading dataset: Pubmed
2025-03-09 22:58:12,055 - __main__ - INFO - Dataset: Pubmed
2025-03-09 22:58:12,055 - __main__ - INFO - Number of nodes: 19717
2025-03-09 22:58:12,055 - __main__ - INFO - Number of features: 500
2025-03-09 22:58:12,062 - __main__ - INFO - Number of classes: 3
2025-03-09 22:58:12,063 - __main__ - INFO - Number of edges: 88648
2025-03-09 22:58:12,063 - __main__ - INFO - CPU Memory Usage: 0.78 GB
2025-03-09 22:58:12,063 - __main__ - INFO - GPU 0 Memory: 0.00 GB allocated, 0.00 GB reserved
2025-03-09 22:58:12,069 - __main__ - INFO - Using standard GCN model for pubmed
2025-03-09 22:58:12,100 - __main__ - INFO - Global model type: EnhancedGCN
2025-03-09 22:58:12,100 - __main__ - INFO - Total model parameters: 8099
2025-03-09 22:58:12,101 - __main__ - INFO - Training for 3 rounds with 2 local epochs per round
2025-03-09 22:58:12,106 - __main__ - INFO - Initializing 10 clients with 2 epochs per round
2025-03-09 22:58:12,222 - __main__ - INFO - Initialized 10 clients
2025-03-09 22:58:12,226 - __main__ - INFO - Starting federated training for 3 rounds
2025-03-09 22:58:12,226 - __main__ - INFO - Round 1/3
2025-03-09 22:58:12,226 - __main__ - INFO - CPU Memory Usage: 0.83 GB
2025-03-09 22:58:12,227 - __main__ - INFO - GPU 0 Memory: 0.00 GB allocated, 0.00 GB reserved
2025-03-09 22:58:12,402 - __main__ - INFO - Starting client training for global round 0
2025-03-09 22:58:15,534 - __main__ - INFO - Average metrics - Train Loss: 1.0751, Train Acc: 0.6922, Val Acc: 0.6922, Test Acc: 0.6774
2025-03-09 22:58:15,534 - __main__ - INFO - Collecting client parameters for aggregation
2025-03-09 22:58:15,566 - __main__ - INFO - Completed global round 0
2025-03-09 22:58:15,569 - __main__ - INFO - Global model - Test Accuracy: 0.3000
2025-03-09 22:58:15,569 - __main__ - INFO - Round 1 - Avg Train Loss: 1.0751, Avg Train Acc: 0.6922, Avg Val Acc: 0.6922, Avg Test Acc: 0.6774, Global Test Acc: 0.3000
2025-03-09 22:58:15,692 - __main__ - INFO - Round 2/3
2025-03-09 22:58:15,692 - __main__ - INFO - CPU Memory Usage: 0.83 GB
2025-03-09 22:58:15,692 - __main__ - INFO - GPU 0 Memory: 0.00 GB allocated, 0.00 GB reserved
2025-03-09 22:58:15,805 - __main__ - INFO - Starting client training for global round 1
2025-03-09 22:58:15,965 - __main__ - INFO - Average metrics - Train Loss: 1.0803, Train Acc: 0.7624, Val Acc: 0.7624, Test Acc: 0.7095
2025-03-09 22:58:15,966 - __main__ - INFO - Collecting client parameters for aggregation
2025-03-09 22:58:15,995 - __main__ - INFO - Completed global round 1
2025-03-09 22:58:15,997 - __main__ - INFO - Global model - Test Accuracy: 0.3000
2025-03-09 22:58:15,997 - __main__ - INFO - Round 2 - Avg Train Loss: 1.0803, Avg Train Acc: 0.7624, Avg Val Acc: 0.7624, Avg Test Acc: 0.7095, Global Test Acc: 0.3000
2025-03-09 22:58:16,129 - __main__ - INFO - Round 3/3
2025-03-09 22:58:16,129 - __main__ - INFO - CPU Memory Usage: 0.83 GB
2025-03-09 22:58:16,130 - __main__ - INFO - GPU 0 Memory: 0.00 GB allocated, 0.00 GB reserved
2025-03-09 22:58:16,251 - __main__ - INFO - Starting client training for global round 2
2025-03-09 22:58:16,413 - __main__ - INFO - Average metrics - Train Loss: 1.0789, Train Acc: 0.7646, Val Acc: 0.7646, Test Acc: 0.7130
2025-03-09 22:58:16,413 - __main__ - INFO - Collecting client parameters for aggregation
2025-03-09 22:58:16,441 - __main__ - INFO - Completed global round 2
2025-03-09 22:58:16,443 - __main__ - INFO - Global model - Test Accuracy: 0.3000
2025-03-09 22:58:16,443 - __main__ - INFO - Round 3 - Avg Train Loss: 1.0789, Avg Train Acc: 0.7646, Avg Val Acc: 0.7646, Avg Test Acc: 0.7130, Global Test Acc: 0.3000
2025-03-09 22:58:16,588 - __main__ - INFO - Experiment summary saved to results/Pubmed_zero_hop_summary_20250309_225816.csv
2025-03-09 22:58:16,588 - __main__ - INFO - Training completed successfully
